Running RCM 01 for 205012_208011.
Setup complete
0
--- 6.4373016357421875e-06 seconds ---
1
--- 0.060160160064697266 seconds ---
2
--- 0.05928492546081543 seconds ---
3
--- 0.05811429023742676 seconds ---
4
--- 0.058795928955078125 seconds ---
5
--- 0.0568389892578125 seconds ---
6
--- 0.05068564414978027 seconds ---
7
--- 0.05119752883911133 seconds ---
8
--- 0.05246686935424805 seconds ---
9
--- 0.051491737365722656 seconds ---
1000
--- 51.60574460029602 seconds ---
2000
--- 51.95148777961731 seconds ---
3000
--- 51.57586312294006 seconds ---
4000
--- 51.74359607696533 seconds ---
5000
--- 52.01922273635864 seconds ---
6000
--- 52.22874474525452 seconds ---
7000
--- 52.404229402542114 seconds ---
8000
--- 52.521464824676514 seconds ---
9000
--- 52.63211417198181 seconds ---
10000
--- 53.04355573654175 seconds ---
11000
--- 53.349074840545654 seconds ---
12000
--- 53.6077880859375 seconds ---
13000
--- 53.83367848396301 seconds ---
14000
--- 54.127644300460815 seconds ---
15000
--- 54.43746256828308 seconds ---
16000
--- 54.666393518447876 seconds ---
17000
--- 54.934203147888184 seconds ---
18000
--- 55.170292377471924 seconds ---
19000
--- 55.21705961227417 seconds ---
20000
--- 55.66365718841553 seconds ---
21000
--- 55.90888476371765 seconds ---
22000
--- 56.271647930145264 seconds ---
23000
--- 56.60531449317932 seconds ---
24000
--- 57.63977932929993 seconds ---
--- 58.35752606391907 seconds ---
done
2021-09-23 07:52:39
Files saved and YAML updated. End.
