Running RCM 01 for 205012_208011.
Setup complete
0
--- 9.298324584960938e-06 seconds ---
1
--- 0.07020783424377441 seconds ---
2
--- 0.07172322273254395 seconds ---
3
--- 0.06974434852600098 seconds ---
4
--- 0.06918931007385254 seconds ---
5
--- 0.07041597366333008 seconds ---
6
--- 0.06928372383117676 seconds ---
7
--- 0.06966471672058105 seconds ---
8
--- 0.06946802139282227 seconds ---
9
--- 0.06911253929138184 seconds ---
--- 41.604676485061646 seconds ---
done
2021-09-22 15:24:11
Files saved and YAML updated. End.
