Running RCM 01 for 198012_201011.
Setup complete
0
--- 5.7220458984375e-06 seconds ---
1
--- 0.0524446964263916 seconds ---
2
--- 0.05230402946472168 seconds ---
3
--- 0.051952362060546875 seconds ---
4
--- 0.05211520195007324 seconds ---
5
--- 0.052695512771606445 seconds ---
6
--- 0.05204200744628906 seconds ---
7
--- 0.05261731147766113 seconds ---
8
--- 0.05248546600341797 seconds ---
9
--- 0.05242633819580078 seconds ---
1000
--- 53.25628113746643 seconds ---
2000
--- 53.411359786987305 seconds ---
3000
--- 53.71251440048218 seconds ---
4000
--- 53.980611085891724 seconds ---
5000
--- 54.234904527664185 seconds ---
6000
--- 54.35982298851013 seconds ---
7000
--- 54.6118905544281 seconds ---
8000
--- 55.00488615036011 seconds ---
9000
--- 55.26402044296265 seconds ---
10000
--- 55.544426679611206 seconds ---
11000
--- 55.84840393066406 seconds ---
12000
--- 56.103498697280884 seconds ---
13000
--- 56.37984275817871 seconds ---
14000
--- 56.6891655921936 seconds ---
15000
--- 56.900017738342285 seconds ---
16000
--- 57.19608664512634 seconds ---
17000
--- 57.26685309410095 seconds ---
18000
--- 57.52570199966431 seconds ---
19000
--- 57.803144693374634 seconds ---
20000
--- 58.09323310852051 seconds ---
21000
--- 58.40474200248718 seconds ---
22000
--- 58.8224983215332 seconds ---
23000
--- 59.68118762969971 seconds ---
24000
--- 60.02755093574524 seconds ---
--- 58.9697322845459 seconds ---
done
2021-09-23 07:54:08
Files saved and YAML updated. End.
