Running RCM 01 for 198012_201011.
Setup complete
0
--- 9.5367431640625e-06 seconds ---
1
--- 0.0673067569732666 seconds ---
2
--- 0.06763744354248047 seconds ---
3
--- 0.06749081611633301 seconds ---
4
--- 0.06671023368835449 seconds ---
5
--- 0.06715989112854004 seconds ---
6
--- 0.06675219535827637 seconds ---
7
--- 0.06725358963012695 seconds ---
8
--- 0.06625890731811523 seconds ---
9
--- 0.06708550453186035 seconds ---
--- 40.16645932197571 seconds ---
done
2021-09-22 15:24:27
Files saved and YAML updated. End.
