[1] "timeslice"
   user  system elapsed 
  0.128   0.011   0.139 
[1] "spaceslice"
   user  system elapsed 
  0.225   0.020   0.246 
[1] "timeslice"
   user  system elapsed 
  0.129   0.009   0.138 
[1] "spaceslice"
   user  system elapsed 
  0.228   0.016   0.244 
[1] "timeslice"
   user  system elapsed 
  0.135   0.004   0.138 
[1] "spaceslice"
   user  system elapsed 
  0.237   0.007   0.244 
[1] "timeslice"
   user  system elapsed 
  0.132   0.008   0.140 
[1] "spaceslice"
   user  system elapsed 
  0.233   0.021   0.254 
[1] "timeslice"
   user  system elapsed 
  0.124   0.004   0.128 
[1] "spaceslice"
   user  system elapsed 
  0.212   0.020   0.233 
[1] "timeslice"
   user  system elapsed 
  0.123   0.005   0.128 
[1] "spaceslice"
   user  system elapsed 
  0.197   0.014   0.211 
[1] "timeslice"
   user  system elapsed 
  0.128   0.001   0.128 
[1] "spaceslice"
   user  system elapsed 
  0.202   0.012   0.215 
[1] "timeslice"
   user  system elapsed 
  0.121   0.008   0.129 
[1] "spaceslice"
   user  system elapsed 
  0.205   0.007   0.211 
[1] "timeslice"
   user  system elapsed 
  0.125   0.002   0.128 
[1] "spaceslice"
   user  system elapsed 
  0.204   0.024   0.228 
[1] "timeslice"
   user  system elapsed 
  0.124   0.006   0.130 
[1] "spaceslice"
   user  system elapsed 
  0.121   0.011   0.133 
[1] 0.1269 0.0058 0.1326 0.0000 0.0000
[1] 0.2064 0.0152 0.2219 0.0000 0.0000
