01
present
108N running
Finished Setup
EC national events open.
national events closed.
variables defined
nc closed, EC
2021-10-08 11:12:50
108 finished, 01, 198012_201011
01
future
108N running
Finished Setup
EC national events open.
national events closed.
variables defined
nc closed, EC
2021-10-08 12:09:55
108 finished, 01, 205012_208011
04
present
108N running
Finished Setup
EC national events open.
national events closed.
variables defined
nc closed, EC
2021-10-08 12:58:43
108 finished, 04, 198012_201011
04
future
108N running
Finished Setup
EC national events open.
national events closed.
variables defined
nc closed, EC
2021-10-08 13:59:08
108 finished, 04, 205012_208011
05
present
108N running
Finished Setup
EC national events open.
national events closed.
variables defined
nc closed, EC
2021-10-08 14:48:10
108 finished, 05, 198012_201011
05
future
108N running
