01
present
113 EC event summary running
7
>>> 0.035483360290527344 seconds >>>
8
>>> 0.03541755676269531 seconds >>>
9
>>> 0.03566718101501465 seconds >>>
>>> 21.065632820129395 seconds >>>
vvec dvec done
2021-10-07 15:11:18
Files saved and YAML updated. End.
04
present
113 EC event summary running
7
>>> 0.03474998474121094 seconds >>>
8
>>> 0.03477168083190918 seconds >>>
9
>>> 0.034734249114990234 seconds >>>
>>> 20.380775213241577 seconds >>>
vvec dvec done
2021-10-07 15:12:29
Files saved and YAML updated. End.
05
present
113 EC event summary running
7
>>> 0.03453683853149414 seconds >>>
8
>>> 0.03488349914550781 seconds >>>
9
>>> 0.03468894958496094 seconds >>>
>>> 20.437859296798706 seconds >>>
vvec dvec done
2021-10-07 15:13:40
Files saved and YAML updated. End.
06
present
113 EC event summary running
7
>>> 0.0346224308013916 seconds >>>
8
>>> 0.0342717170715332 seconds >>>
9
>>> 0.03350234031677246 seconds >>>
>>> 17.985578536987305 seconds >>>
vvec dvec done
2021-10-07 15:14:44
Files saved and YAML updated. End.
07
present
113 EC event summary running
7
>>> 0.03604912757873535 seconds >>>
8
>>> 0.0355989933013916 seconds >>>
9
>>> 0.03572201728820801 seconds >>>
>>> 21.01691508293152 seconds >>>
vvec dvec done
2021-10-07 15:15:57
Files saved and YAML updated. End.
08
present
113 EC event summary running
7
>>> 0.03355693817138672 seconds >>>
8
>>> 0.03414654731750488 seconds >>>
9
>>> 0.03336524963378906 seconds >>>
>>> 19.913421154022217 seconds >>>
vvec dvec done
2021-10-07 15:17:08
Files saved and YAML updated. End.
09
present
113 EC event summary running
7
>>> 0.03486919403076172 seconds >>>
8
>>> 0.03474855422973633 seconds >>>
9
>>> 0.03507351875305176 seconds >>>
>>> 20.68292737007141 seconds >>>
vvec dvec done
2021-10-07 15:18:20
Files saved and YAML updated. End.
10
present
113 EC event summary running
7
>>> 0.03603959083557129 seconds >>>
8
>>> 0.036115407943725586 seconds >>>
9
>>> 0.03599834442138672 seconds >>>
>>> 21.184032201766968 seconds >>>
vvec dvec done
2021-10-07 15:19:34
Files saved and YAML updated. End.
11
present
113 EC event summary running
7
>>> 0.03468489646911621 seconds >>>
8
>>> 0.03440523147583008 seconds >>>
9
>>> 0.03466916084289551 seconds >>>
>>> 23.706413507461548 seconds >>>
vvec dvec done
2021-10-07 15:20:56
Files saved and YAML updated. End.
12
present
113 EC event summary running
7
>>> 0.03430533409118652 seconds >>>
8
>>> 0.03443455696105957 seconds >>>
9
>>> 0.03458213806152344 seconds >>>
>>> 19.692999362945557 seconds >>>
vvec dvec done
2021-10-07 15:22:06
Files saved and YAML updated. End.
13
present
113 EC event summary running
7
>>> 0.034502506256103516 seconds >>>
8
>>> 0.03433036804199219 seconds >>>
9
>>> 0.03435349464416504 seconds >>>
>>> 20.335424661636353 seconds >>>
vvec dvec done
2021-10-07 15:23:17
Files saved and YAML updated. End.
15
present
113 EC event summary running
7
>>> 0.03898477554321289 seconds >>>
8
>>> 0.039194583892822266 seconds >>>
9
>>> 0.03909754753112793 seconds >>>
>>> 23.686416387557983 seconds >>>
vvec dvec done
2021-10-07 15:24:38
Files saved and YAML updated. End.
Complete
