01
present
113 OBS event summary running
113 EC event summary running
04
present
113 OBS event summary running
113 EC event summary running
05
present
113 OBS event summary running
113 EC event summary running
06
present
113 OBS event summary running
113 EC event summary running
07
present
113 OBS event summary running
113 EC event summary running
08
present
113 OBS event summary running
113 EC event summary running
09
present
113 OBS event summary running
113 EC event summary running
10
present
113 OBS event summary running
113 EC event summary running
11
present
113 OBS event summary running
113 EC event summary running
12
present
113 OBS event summary running
113 EC event summary running
13
present
113 OBS event summary running
113 EC event summary running
15
present
113 OBS event summary running
113 EC event summary running
Complete
