nohup: ignoring input
running
  '/users/sgsys/adagri/R-3.6.1/bin/R --slave --no-restore --no-save --file=05_PoEestimation.R'

Loading required package: sp
Loading required package: spam
Loading required package: dotCall64
Loading required package: grid
Spam version 2.5-1 (2019-12-12) is loaded.
Type 'help( Spam)' or 'demo( spam)' for a short introduction 
and overview of this package.
Help for individual functions is also obtained by adding the
suffix '.spam' to the function name, e.g. 'help( chol.spam)'.

Attaching package: ‘spam’

The following objects are masked from ‘package:base’:

    backsolve, forwardsolve

Loading required package: maps
See https://github.com/NCAR/Fields for
 an extensive vignette, other supplements and source code 
Loading required package: Lmoments
Loading required package: distillery

Attaching package: ‘extRemes’

The following objects are masked from ‘package:stats’:

    qqnorm, qqplot

Parsed with column specification:
cols(
  .default = col_double()
)
See spec(...) for full column specifications.
Warning messages:
1: In fevd(x = tSlice, type = "GEV") :
  fevd: L-moments and Moment initial parameter estimates could not be calculated.  Using arbitrary starting values.
2: In fevd(x = tSlice, type = "GEV") :
  fevd: L-moments and Moment initial parameter estimates could not be calculated.  Using arbitrary starting values.
3: In fevd(x = tSlice, type = "GEV") :
  fevd: L-moments and Moment initial parameter estimates could not be calculated.  Using arbitrary starting values.
4: In fevd(x = tSlice, type = "GEV") :
  fevd: L-moments and Moment initial parameter estimates could not be calculated.  Using arbitrary starting values.
5: In fevd(x = tSlice, type = "GEV") :
  fevd: L-moments and Moment initial parameter estimates could not be calculated.  Using arbitrary starting values.
6: In fevd(x = tSlice, type = "GEV") :
  fevd: L-moments and Moment initial parameter estimates could not be calculated.  Using arbitrary starting values.
7: In fevd(x = tSlice, type = "GEV") :
  fevd: L-moments and Moment initial parameter estimates could not be calculated.  Using arbitrary starting values.
