102 01 present
tail: cannot open ‘pipe102_pr.out’ for reading: No such file or directory
\n
**********
\n
103 01 present
[1] "2020-12-11 15:52:05 GMT"
geos version: 0.5-5, (SVN revision 640)
 GEOS runtime version: 3.4.2-CAPI-1.8.2 
 Linking to sp version: 1.4-1 
 Polygon checking: TRUE 

Error: hasData_Regions already exists for 103. Proceeding to next job.
Execution halted
\n
**********
\n
104 01 present
tail: cannot open ‘pipe104_pr.out’ for reading: No such file or directory
\n
**********
\n
105 01 present
BASH/threepar_108.sh: line 33: 5_10_present_pr.out: command not found
[1] 225
[1] 250
[1] 275
[1] 300
[1] 325
[1] 350
[1] 375
[1] 400
[1] 425
[1] 450
\n
**********
\n
106 01 present
            axis: X
            units: GB National Grid
        Time  Size:10800   *** is unlimited ***
            standard_name: Time
            axis: T
            units: days since 1961-1-1 0:0:0
            calendar: 360_day
Time difference of 0 secs
[1] "loop start"
[1] 1
\n
**********
\n
107 01 present
    select

The following objects are masked from ‘package:raster’:

    area, select

Loading required package: survival
Error in readRDS(paste0(data_wd, subfold, "threshMat_RCM", RCM, suffix,  : 
  unused argument (stringsAsFactors = FALSE)
Execution halted
\n
**********
\n
108 01 present
Warning message:
In readOGR(dsn = paste0(data_wd, "hydrometricAreas"), layer = "hyd_areas",  :
  Z-dimension discarded
Parsed with column specification:
cols(
  .default = col_double()
)
See spec(...) for full column specifications.
Error: '/prj/aquacat/Data/RCM10_198012_201011/eventdpe_OBS_POT2_pc05_RCM10_198012_201011.csv' does not exist.
Execution halted
Complete
102 01 present
Loading required package: distillery

Attaching package: ‘extRemes’

The following objects are masked from ‘package:stats’:

    qqnorm, qqplot

Error: thresh* files already exist for 102. Proceeding to next job.
Execution halted
\n
**********
\n
103 01 present
[1] "2020-12-15 13:42:30 GMT"
geos version: 0.5-5, (SVN revision 640)
 GEOS runtime version: 3.4.2-CAPI-1.8.2 
 Linking to sp version: 1.4-1 
 Polygon checking: TRUE 

Error: hasData_Regions already exists for 103. Proceeding to next job.
Execution halted
\n
**********
\n
104 01 present
Error: eventLists alread exist for 104. Proceeding to next job.
Execution halted
\n
**********
\n
105 01 present
[1] 225
[1] 250
[1] 275
[1] 300
[1] 325
[1] 350
[1] 375
[1] 400
[1] 425
[1] 450
\n
**********
\n
106 01 present
            axis: T
            units: days since 1961-1-1 0:0:0
            calendar: 360_day
Time difference of 0 secs
[1] "loop start"
[1] 1
[1] "Percent remaining 100"
[1] "Time remaining 1164.03"
[1] "Since last readout: 0.06"
[1] "2020-12-15 14:18:02 GMT"
\n
**********
\n
107 01 present

    select

The following objects are masked from ‘package:raster’:

    area, select

Loading required package: survival
Error: '/prj/aquacat/Data/RCM10_198012_201011/eventdpe_OBS_POT2_pc05_RCM10_198012_201011.csv' does not exist.
Execution halted
\n
**********
\n
108 01 present
Warning message:
In readOGR(dsn = paste0(data_wd, "hydrometricAreas"), layer = "hyd_areas",  :
  Z-dimension discarded
Parsed with column specification:
cols(
  .default = col_double()
)
See spec(...) for full column specifications.
Error: '/prj/aquacat/Data/RCM10_198012_201011/eventdpe_OBS_POT2_pc05_RCM10_198012_201011.csv' does not exist.
Execution halted
Complete
102 01 present
Loading required package: distillery

Attaching package: ‘extRemes’

The following objects are masked from ‘package:stats’:

    qqnorm, qqplot

Error: thresh* files already exist for 102. Proceeding to next job.
Execution halted
\n
**********
\n
103 01 present
[1] "2020-12-15 15:51:22 GMT"
geos version: 0.5-5, (SVN revision 640)
 GEOS runtime version: 3.4.2-CAPI-1.8.2 
 Linking to sp version: 1.4-1 
 Polygon checking: TRUE 

Error: hasData_Regions already exists for 103. Proceeding to next job.
Execution halted
\n
**********
\n
104 01 present
Error: eventLists alread exist for 104. Proceeding to next job.
Execution halted
\n
**********
\n
105 01 present
[1] 225
[1] 250
[1] 275
[1] 300
[1] 325
[1] 350
[1] 375
[1] 400
[1] 425
[1] 450
\n
**********
\n
106 01 present
            axis: T
            units: days since 1961-1-1 0:0:0
            calendar: 360_day
Time difference of 0 secs
[1] "loop start"
[1] 1
[1] "Percent remaining 100"
[1] "Time remaining 1186.06"
[1] "Since last readout: 0.06"
[1] "2020-12-15 16:25:31 GMT"
\n
**********
\n
107 01 present

    select

The following objects are masked from ‘package:raster’:

    area, select

Loading required package: survival
Error: '/prj/aquacat/Data/RCM10_198012_201011/eventdpe_OBS_POT2_pc05_RCM10_198012_201011.csv' does not exist.
Execution halted
\n
**********
\n
108 01 present
Warning message:
In readOGR(dsn = paste0(data_wd, "hydrometricAreas"), layer = "hyd_areas",  :
  Z-dimension discarded
Parsed with column specification:
cols(
  .default = col_double()
)
See spec(...) for full column specifications.
Error: '/prj/aquacat/Data/RCM10_198012_201011/eventdpe_OBS_POT2_pc05_RCM10_198012_201011.csv' does not exist.
Execution halted
Complete
102 01 present
Error in library(ncdf4) : there is no package called ‘ncdf4’
Calls: source ... eval -> suppressMessages -> withCallingHandlers -> library
Execution halted
\n
**********
\n
103 01 present
Error in library(rgeos) : there is no package called ‘rgeos’
Execution halted
\n
**********
\n
104 01 present
Error in library(ncdf4) : there is no package called ‘ncdf4’
Calls: source ... eval -> suppressMessages -> withCallingHandlers -> library
Execution halted
\n
**********
\n
105 01 present
Error in library(ncdf4) : there is no package called ‘ncdf4’
Calls: source ... eval -> suppressMessages -> withCallingHandlers -> library
Execution halted
\n
**********
\n
106 01 present
Error in library(extRemes) : there is no package called ‘extRemes’
Execution halted
\n
**********
\n
107 01 present
Error in library(ncdf4) : there is no package called ‘ncdf4’
Calls: source ... eval -> suppressMessages -> withCallingHandlers -> library
Execution halted
\n
**********
\n
108 01 present
Error in library(ncdf4) : there is no package called ‘ncdf4’
Calls: source ... eval -> suppressMessages -> withCallingHandlers -> library
Execution halted
Complete
102 01 present
Loading required package: distillery

Attaching package: ‘extRemes’

The following objects are masked from ‘package:stats’:

    qqnorm, qqplot

Error: thresh* files already exist for 102. Proceeding to next job.
Execution halted
\n
**********
\n
103 01 present
[1] "2020-12-17 09:51:44 GMT"
geos version: 0.5-5, (SVN revision 640)
 GEOS runtime version: 3.4.2-CAPI-1.8.2 
 Linking to sp version: 1.4-1 
 Polygon checking: TRUE 

Error: hasData_Regions already exists for 103. Proceeding to next job.
Execution halted
\n
**********
\n
104 01 present
Error: eventLists alread exist for 104. Proceeding to next job.
Execution halted
\n
**********
\n
105 01 present
[1] 225
[1] 250
[1] 275
[1] 300
[1] 325
[1] 350
[1] 375
[1] 400
[1] 425
[1] 450
\n
**********
\n
106 01 present
[1] "Percent remaining 2"
[1] "Time remaining 46.66"
[1] "Since last readout: 29.68"
[1] "2020-12-17 11:14:11 GMT"
[1] 19800
[1] "Percent remaining 1"
[1] "Time remaining 16.94"
[1] "Since last readout: 29.73"
[1] "2020-12-17 11:14:41 GMT"
[1] "2020-12-17 11:15:08 GMT"
\n
**********
\n
107 01 present
    select

The following objects are masked from ‘package:raster’:

    area, select

Loading required package: survival
Error in flatten(obs_dpoe) : could not find function "flatten"
Calls: fitdist
Execution halted
\n
**********
\n
108 01 present
  .default = col_double()
)
See spec(...) for full column specifications.
Parsed with column specification:
cols(
  .default = col_double()
)
See spec(...) for full column specifications.
Error in REGIONS : object 'REGIONS' not found
Execution halted
Complete
