[1] "get started"
# A tibble: 3 x 6
    loc Northing Easting  rank     gpp   low
  <dbl>    <dbl>   <dbl> <int>   <dbl> <dbl>
1     1       31     303     2 0.0199   0.01
2     2       32     304     3 0.634    0.01
3     3       32     312     1 0.00581  0.01
[1] "dummyset"
[1] "fullset"
[1] "2020-07-09 10:21:12 BST"
aching package: ‘dplyr’

The following objects are masked from ‘package:stats’:

    filter, lag

The following objects are masked from ‘package:base’:

    intersect, setdiff, setequal, union

Loading required package: MASS

Attaching package: ‘MASS’

The following object is masked from ‘package:dplyr’:

    select

Loading required package: survival
Parsed with column specification:
cols(
  row = col_double(),
  col = col_double()
)
Parsed with column specification:
cols(
  X1 = col_double(),
  X2 = col_double(),
  X3 = col_double(),
  X4 = col_double(),
  X5 = col_double()
)
Parsed with column specification:
cols(
  .default = col_double()
)
See spec(...) for full column specifications.
Parsed with column specification:
cols(
  eventNo = col_double(),
  loc = col_double(),
  Easting = col_double(),
  Northing = col_double(),
  thresh = col_double(),
  DayS = col_double(),
  val = col_double(),
  gpp = col_double(),
  ecdf = col_double(),
  gev = col_double()
)
Parsed with column specification:
cols(
  eventNo = col_double(),
  loc = col_double(),
  Easting = col_double(),
  Northing = col_double(),
  thresh = col_double(),
  DayS = col_double(),
  val = col_double(),
  gpp = col_double(),
  ecdf = col_double(),
  gev = col_double()
)
