[1] "2021-01-06 14:53:11 GMT"
[1] "Running for threshold POT2 at pc05 minimum spread."
[1] "Determining tail distribution"
[1] "Simulating new events"
[1] 50
[1] 100
[1] 150
[1] 200
[1] 250
[1] 300
[1] 350
[1] 400
[1] 450
[1] 500
[1] 550
[1] 600
[1] 650
[1] 700
[1] 750
[1] 800
[1] 850
[1] 900
[1] 950
[1] 1000
[1] 1
[1] "Percent remaining 100"
[1] "Time remaining 7.07"
[1] "Since last readout: 0"
[1] "2021-01-06 15:01:32 GMT"
[1] 2
[1] "Percent remaining 100"
[1] "Time remaining 31947.35"
[1] "Since last readout: 3.21"
[1] "2021-01-06 15:01:35 GMT"
[1] 3
[1] "Percent remaining 100"
[1] "Time remaining 23191.49"
[1] "Since last readout: 0.28"
[1] "2021-01-06 15:01:36 GMT"
[1] 4
[1] "Percent remaining 100"
[1] "Time remaining 18816.56"
[1] "Since last readout: 0.29"
[1] "2021-01-06 15:01:36 GMT"
[1] 5
[1] "Percent remaining 100"
[1] "Time remaining 16216.01"
[1] "Since last readout: 0.29"
[1] "2021-01-06 15:01:36 GMT"
[1] 6
[1] "Percent remaining 100"
[1] "Time remaining 14464.45"
[1] "Since last readout: 0.29"
[1] "2021-01-06 15:01:37 GMT"
[1] 7
[1] "Percent remaining 100"
[1] "Time remaining 13194.9"
[1] "Since last readout: 0.28"
[1] "2021-01-06 15:01:37 GMT"
[1] 8
[1] "Percent remaining 100"
[1] "Time remaining 12217.76"
[1] "Since last readout: 0.27"
[1] "2021-01-06 15:01:37 GMT"
[1] 9
[1] "Percent remaining 100"
[1] "Time remaining 11444.1"
[1] "Since last readout: 0.26"
[1] "2021-01-06 15:01:37 GMT"
[1] 200
[1] "Percent remaining 99"
[1] "Time remaining 3960.47"
[1] "Since last readout: 35"
[1] "2021-01-06 15:02:12 GMT"
[1] 400
[1] "Percent remaining 98"
[1] "Time remaining 3856.52"
[1] "Since last readout: 38.87"
[1] "2021-01-06 15:02:51 GMT"
[1] 600
[1] "Percent remaining 97"
[1] "Time remaining 3625.73"
[1] "Since last readout: 33.58"
[1] "2021-01-06 15:03:25 GMT"
[1] 800
[1] "Percent remaining 96"
[1] "Time remaining 3430.28"
[1] "Since last readout: 30.94"
[1] "2021-01-06 15:03:56 GMT"
[1] 1000
[1] "Percent remaining 95"
[1] "Time remaining 3340.21"
[1] "Since last readout: 33.03"
[1] "2021-01-06 15:04:29 GMT"
[1] 1200
[1] "Percent remaining 94"
[1] "Time remaining 3338.41"
[1] "Since last readout: 37.47"
[1] "2021-01-06 15:05:06 GMT"
[1] 1400
[1] "Percent remaining 93"
[1] "Time remaining 3201.72"
[1] "Since last readout: 28.04"
[1] "2021-01-06 15:05:34 GMT"
[1] 1600
[1] "Percent remaining 92"
[1] "Time remaining 3188.3"
[1] "Since last readout: 36.44"
[1] "2021-01-06 15:06:11 GMT"
[1] 1800
[1] "Percent remaining 91"
[1] "Time remaining 3099.36"
[1] "Since last readout: 29.44"
[1] "2021-01-06 15:06:40 GMT"
[1] 2000
[1] "Percent remaining 90"
[1] "Time remaining 3072.67"
[1] "Since last readout: 35.06"
[1] "2021-01-06 15:07:15 GMT"
[1] 2200
[1] "Percent remaining 89"
[1] "Time remaining 3017.78"
[1] "Since last readout: 31.75"
[1] "2021-01-06 15:07:47 GMT"
[1] 2400
[1] "Percent remaining 88"
[1] "Time remaining 3189.82"
[1] "Since last readout: 62.32"
[1] "2021-01-06 15:08:49 GMT"
[1] 2600
[1] "Percent remaining 87"
[1] "Time remaining 3132.73"
[1] "Since last readout: 33.32"
[1] "2021-01-06 15:09:23 GMT"
[1] 2800
[1] "Percent remaining 86"
[1] "Time remaining 3217.37"
[1] "Since last readout: 55.96"
[1] "2021-01-06 15:10:19 GMT"
[1] 3000
[1] "Percent remaining 85"
[1] "Time remaining 3140.57"
[1] "Since last readout: 30.65"
[1] "2021-01-06 15:10:49 GMT"
[1] 3200
[1] "Percent remaining 84"
[1] "Time remaining 3071.03"
[1] "Since last readout: 30.93"
[1] "2021-01-06 15:11:20 GMT"
[1] 3400
[1] "Percent remaining 83"
[1] "Time remaining 3015.38"
[1] "Since last readout: 32.86"
[1] "2021-01-06 15:11:53 GMT"
[1] 3600
[1] "Percent remaining 82"
[1] "Time remaining 2956.17"
[1] "Since last readout: 31.51"
[1] "2021-01-06 15:12:25 GMT"
[1] 3800
[1] "Percent remaining 81"
[1] "Time remaining 2896.53"
[1] "Since last readout: 30.72"
[1] "2021-01-06 15:12:55 GMT"
[1] 4000
[1] "Percent remaining 80"
[1] "Time remaining 2842.81"
[1] "Since last readout: 31.48"
[1] "2021-01-06 15:13:27 GMT"
[1] 4200
[1] "Percent remaining 79"
[1] "Time remaining 2797.69"
[1] "Since last readout: 33.22"
[1] "2021-01-06 15:14:00 GMT"
[1] 4400
[1] "Percent remaining 78"
[1] "Time remaining 2769.16"
[1] "Since last readout: 37.61"
[1] "2021-01-06 15:14:38 GMT"
[1] 4600
[1] "Percent remaining 77"
[1] "Time remaining 2721.7"
[1] "Since last readout: 32.17"
[1] "2021-01-06 15:15:10 GMT"
[1] 4800
[1] "Percent remaining 76"
[1] "Time remaining 2707.81"
[1] "Since last readout: 42.42"
[1] "2021-01-06 15:15:52 GMT"
[1] 5000
[1] "Percent remaining 75"
[1] "Time remaining 2663.53"
[1] "Since last readout: 33"
[1] "2021-01-06 15:16:25 GMT"
[1] 5200
[1] "Percent remaining 74"
[1] "Time remaining 2646.31"
[1] "Since last readout: 42.26"
[1] "2021-01-06 15:17:07 GMT"
[1] 5400
[1] "Percent remaining 73"
[1] "Time remaining 2665.97"
[1] "Since last readout: 56.67"
[1] "2021-01-06 15:18:04 GMT"
[1] 5600
[1] "Percent remaining 72"
[1] "Time remaining 2618.47"
[1] "Since last readout: 32.52"
[1] "2021-01-06 15:18:37 GMT"
[1] 5800
[1] "Percent remaining 71"
[1] "Time remaining 2575.67"
[1] "Since last readout: 34.03"
[1] "2021-01-06 15:19:11 GMT"
[1] 6000
[1] "Percent remaining 70"
[1] "Time remaining 2533.83"
[1] "Since last readout: 34.2"
[1] "2021-01-06 15:19:45 GMT"
[1] 6200
[1] "Percent remaining 69"
[1] "Time remaining 2486.09"
[1] "Since last readout: 31.3"
[1] "2021-01-06 15:20:16 GMT"
[1] 6400
[1] "Percent remaining 68"
[1] "Time remaining 2447.66"
[1] "Since last readout: 35.23"
[1] "2021-01-06 15:20:51 GMT"
[1] 6600
[1] "Percent remaining 67"
[1] "Time remaining 2403.98"
[1] "Since last readout: 32.53"
[1] "2021-01-06 15:21:24 GMT"
[1] 6800
[1] "Percent remaining 66"
[1] "Time remaining 2358.74"
[1] "Since last readout: 31.38"
[1] "2021-01-06 15:21:55 GMT"
[1] 7000
[1] "Percent remaining 65"
[1] "Time remaining 2318.33"
[1] "Since last readout: 33.57"
[1] "2021-01-06 15:22:29 GMT"
[1] 7200
[1] "Percent remaining 64"
[1] "Time remaining 2275.1"
[1] "Since last readout: 31.76"
[1] "2021-01-06 15:23:01 GMT"
[1] 7400
[1] "Percent remaining 63"
[1] "Time remaining 2239.03"
[1] "Since last readout: 35.62"
[1] "2021-01-06 15:23:36 GMT"
[1] 7600
[1] "Percent remaining 62"
[1] "Time remaining 2215.49"
[1] "Since last readout: 43.34"
[1] "2021-01-06 15:24:20 GMT"
[1] 7800
[1] "Percent remaining 61"
[1] "Time remaining 2174.44"
[1] "Since last readout: 32.72"
[1] "2021-01-06 15:24:52 GMT"
[1] 8000
[1] "Percent remaining 60"
[1] "Time remaining 2140.08"
[1] "Since last readout: 36.93"
[1] "2021-01-06 15:25:29 GMT"
[1] 8200
[1] "Percent remaining 59"
[1] "Time remaining 2097.29"
[1] "Since last readout: 31.12"
[1] "2021-01-06 15:26:00 GMT"
[1] 8400
[1] "Percent remaining 58"
[1] "Time remaining 2056.07"
[1] "Since last readout: 31.86"
[1] "2021-01-06 15:26:32 GMT"
[1] 8600
[1] "Percent remaining 57"
[1] "Time remaining 2014.22"
[1] "Since last readout: 31.05"
[1] "2021-01-06 15:27:03 GMT"
[1] 8800
[1] "Percent remaining 56"
[1] "Time remaining 1972.7"
[1] "Since last readout: 30.92"
[1] "2021-01-06 15:27:34 GMT"
[1] 9000
[1] "Percent remaining 55"
[1] "Time remaining 1981.54"
[1] "Since last readout: 72.06"
[1] "2021-01-06 15:28:46 GMT"
[1] 9200
[1] "Percent remaining 54"
[1] "Time remaining 1942.31"
[1] "Since last readout: 33.81"
[1] "2021-01-06 15:29:20 GMT"
[1] 9400
[1] "Percent remaining 53"
[1] "Time remaining 1913.19"
[1] "Since last readout: 42.63"
[1] "2021-01-06 15:30:03 GMT"
[1] 9600
[1] "Percent remaining 52"
[1] "Time remaining 1875.51"
[1] "Since last readout: 35.2"
[1] "2021-01-06 15:30:38 GMT"
[1] 9800
[1] "Percent remaining 51"
[1] "Time remaining 1844.59"
[1] "Since last readout: 41.64"
[1] "2021-01-06 15:31:20 GMT"
[1] 10000
[1] "Percent remaining 50"
[1] "Time remaining 1806.78"
[1] "Since last readout: 35.13"
[1] "2021-01-06 15:31:55 GMT"
[1] 10200
[1] "Percent remaining 49"
[1] "Time remaining 1770.04"
[1] "Since last readout: 36.15"
[1] "2021-01-06 15:32:31 GMT"
[1] 10400
[1] "Percent remaining 48"
[1] "Time remaining 1785.6"
[1] "Since last readout: 93.29"
[1] "2021-01-06 15:34:04 GMT"
[1] 10600
[1] "Percent remaining 47"
[1] "Time remaining 1750.17"
[1] "Since last readout: 39.92"
[1] "2021-01-06 15:34:44 GMT"
[1] 10800
[1] "Percent remaining 46"
[1] "Time remaining 1710.77"
[1] "Since last readout: 35.43"
[1] "2021-01-06 15:35:19 GMT"
[1] 11000
[1] "Percent remaining 45"
[1] "Time remaining 1684.16"
[1] "Since last readout: 51.03"
[1] "2021-01-06 15:36:11 GMT"
[1] 11200
[1] "Percent remaining 44"
[1] "Time remaining 1644.02"
[1] "Since last readout: 34.76"
[1] "2021-01-06 15:36:45 GMT"
[1] 11400
[1] "Percent remaining 43"
[1] "Time remaining 1601.46"
[1] "Since last readout: 31.26"
[1] "2021-01-06 15:37:17 GMT"
[1] 11600
[1] "Percent remaining 42"
[1] "Time remaining 1559.76"
[1] "Since last readout: 31.93"
[1] "2021-01-06 15:37:48 GMT"
[1] 11800
[1] "Percent remaining 41"
[1] "Time remaining 1519.33"
[1] "Since last readout: 33.28"
[1] "2021-01-06 15:38:22 GMT"
[1] 12000
[1] "Percent remaining 40"
[1] "Time remaining 1477.77"
[1] "Since last readout: 31.22"
[1] "2021-01-06 15:38:53 GMT"
[1] 12200
[1] "Percent remaining 39"
[1] "Time remaining 1436.12"
[1] "Since last readout: 30.55"
[1] "2021-01-06 15:39:24 GMT"
[1] 12400
[1] "Percent remaining 38"
[1] "Time remaining 1396.7"
[1] "Since last readout: 33.61"
[1] "2021-01-06 15:39:57 GMT"
[1] 12600
[1] "Percent remaining 37"
[1] "Time remaining 1356.63"
[1] "Since last readout: 32.2"
[1] "2021-01-06 15:40:29 GMT"
[1] 12800
[1] "Percent remaining 36"
[1] "Time remaining 1315.8"
[1] "Since last readout: 30.37"
[1] "2021-01-06 15:41:00 GMT"
[1] 13000
[1] "Percent remaining 35"
[1] "Time remaining 1275.36"
[1] "Since last readout: 30.5"
[1] "2021-01-06 15:41:30 GMT"
[1] 13200
[1] "Percent remaining 34"
[1] "Time remaining 1235.36"
[1] "Since last readout: 30.78"
[1] "2021-01-06 15:42:01 GMT"
[1] 13400
[1] "Percent remaining 33"
[1] "Time remaining 1195.62"
[1] "Since last readout: 30.76"
[1] "2021-01-06 15:42:32 GMT"
[1] 13600
[1] "Percent remaining 32"
[1] "Time remaining 1156.56"
[1] "Since last readout: 31.65"
[1] "2021-01-06 15:43:03 GMT"
[1] 13800
[1] "Percent remaining 31"
[1] "Time remaining 1118.65"
[1] "Since last readout: 33.75"
[1] "2021-01-06 15:43:37 GMT"
[1] 14000
[1] "Percent remaining 30"
[1] "Time remaining 1092.78"
[1] "Since last readout: 61.98"
[1] "2021-01-06 15:44:39 GMT"
[1] 14200
[1] "Percent remaining 29"
[1] "Time remaining 1054.19"
[1] "Since last readout: 32.88"
[1] "2021-01-06 15:45:12 GMT"
[1] 14400
[1] "Percent remaining 28"
[1] "Time remaining 1015.6"
[1] "Since last readout: 32.48"
[1] "2021-01-06 15:45:45 GMT"
[1] 14600
[1] "Percent remaining 27"
[1] "Time remaining 977.26"
[1] "Since last readout: 32.7"
[1] "2021-01-06 15:46:17 GMT"
[1] 14800
[1] "Percent remaining 26"
[1] "Time remaining 960.52"
[1] "Since last readout: 94.77"
[1] "2021-01-06 15:47:52 GMT"
[1] 15000
[1] "Percent remaining 25"
[1] "Time remaining 924.42"
[1] "Since last readout: 42.04"
[1] "2021-01-06 15:48:34 GMT"
[1] 15200
[1] "Percent remaining 24"
[1] "Time remaining 885.73"
[1] "Since last readout: 34.18"
[1] "2021-01-06 15:49:08 GMT"
[1] 15400
[1] "Percent remaining 23"
[1] "Time remaining 849.59"
[1] "Since last readout: 42.5"
[1] "2021-01-06 15:49:51 GMT"
[1] 15600
[1] "Percent remaining 22"
[1] "Time remaining 811.4"
[1] "Since last readout: 35.67"
[1] "2021-01-06 15:50:26 GMT"
[1] 15800
[1] "Percent remaining 21"
[1] "Time remaining 772.46"
[1] "Since last readout: 32.53"
[1] "2021-01-06 15:50:59 GMT"
[1] 16000
[1] "Percent remaining 20"
[1] "Time remaining 734.43"
[1] "Since last readout: 35.59"
[1] "2021-01-06 15:51:35 GMT"
[1] 16200
[1] "Percent remaining 19"
[1] "Time remaining 697.38"
[1] "Since last readout: 39.63"
[1] "2021-01-06 15:52:14 GMT"
[1] 16400
[1] "Percent remaining 18"
[1] "Time remaining 660.31"
[1] "Since last readout: 39.82"
[1] "2021-01-06 15:52:54 GMT"
[1] 16600
[1] "Percent remaining 17"
[1] "Time remaining 622.27"
[1] "Since last readout: 35.26"
[1] "2021-01-06 15:53:29 GMT"
[1] 16800
[1] "Percent remaining 16"
[1] "Time remaining 583.93"
[1] "Since last readout: 33.31"
[1] "2021-01-06 15:54:03 GMT"
[1] 17000
[1] "Percent remaining 15"
[1] "Time remaining 546.6"
[1] "Since last readout: 38.51"
[1] "2021-01-06 15:54:41 GMT"
[1] 17200
[1] "Percent remaining 14"
[1] "Time remaining 508.86"
[1] "Since last readout: 36.13"
[1] "2021-01-06 15:55:17 GMT"
[1] 17400
[1] "Percent remaining 13"
[1] "Time remaining 470.67"
[1] "Since last readout: 32.67"
[1] "2021-01-06 15:55:50 GMT"
[1] 17600
[1] "Percent remaining 12"
[1] "Time remaining 432.9"
[1] "Since last readout: 34.99"
[1] "2021-01-06 15:56:25 GMT"
[1] 17800
[1] "Percent remaining 11"
[1] "Time remaining 394.74"
[1] "Since last readout: 31.16"
[1] "2021-01-06 15:56:56 GMT"
[1] 18000
[1] "Percent remaining 10"
[1] "Time remaining 356.86"
[1] "Since last readout: 32.34"
[1] "2021-01-06 15:57:28 GMT"
[1] 18200
[1] "Percent remaining 9"
[1] "Time remaining 319.09"
[1] "Since last readout: 32.17"
[1] "2021-01-06 15:58:01 GMT"
[1] 18400
[1] "Percent remaining 8"
[1] "Time remaining 281.31"
[1] "Since last readout: 30.54"
[1] "2021-01-06 15:58:31 GMT"
[1] 18600
[1] "Percent remaining 7"
[1] "Time remaining 243.58"
[1] "Since last readout: 29.12"
[1] "2021-01-06 15:59:00 GMT"
[1] 18800
[1] "Percent remaining 6"
[1] "Time remaining 206.12"
[1] "Since last readout: 30.61"
[1] "2021-01-06 15:59:31 GMT"
[1] 19000
[1] "Percent remaining 5"
[1] "Time remaining 168.74"
[1] "Since last readout: 29.18"
[1] "2021-01-06 16:00:00 GMT"
[1] 19200
[1] "Percent remaining 4"
[1] "Time remaining 131.58"
[1] "Since last readout: 30.48"
[1] "2021-01-06 16:00:30 GMT"
[1] 19400
[1] "Percent remaining 3"
[1] "Time remaining 94.58"
[1] "Since last readout: 31.41"
[1] "2021-01-06 16:01:02 GMT"
[1] 19600
[1] "Percent remaining 2"
[1] "Time remaining 57.69"
[1] "Since last readout: 31.17"
[1] "2021-01-06 16:01:33 GMT"
[1] 19800
[1] "Percent remaining 1"
[1] "Time remaining 20.93"
[1] "Since last readout: 34.96"
[1] "2021-01-06 16:02:08 GMT"
[1] "2021-01-06 16:03:21 GMT"
