nohup: ignoring input
Loading required package: Lmoments
Loading required package: distillery

Attaching package: ‘extRemes’

The following objects are masked from ‘package:stats’:

    qqnorm, qqplot


Attaching package: ‘dplyr’

The following objects are masked from ‘package:raster’:

    intersect, select, union

The following objects are masked from ‘package:stats’:

    filter, lag

The following objects are masked from ‘package:base’:

    intersect, setdiff, setequal, union

Loading required package: MASS

Attaching package: ‘MASS’

The following object is masked from ‘package:dplyr’:

    select

The following objects are masked from ‘package:raster’:

    area, select

Loading required package: survival
There were 50 or more warnings (use warnings() to see the first 50)
