Loading required package: sp
L[1] "Running for threshold POT2 at  pc05 minimum spread."
[1] "Determining tail distribution"
[1] "Simulating new events"
[1] "2020-10-16 12:18:09 BST"
Spam)' or 'demo( spam)' for a short introduction 
and overview of this package.
Help for individual functions is also obtained by adding the
suffix '.spam' to the function name, e.g. 'help( chol.spam)'.

Attaching package: ‘spam’

The following objects are masked from ‘package:base’:

    backsolve, forwardsolve

Loading required package: maps
See https://github.com/NCAR/Fields for
 an extensive vignette, other supplements and source code 
rgdal: version: 1.2-20, (SVN revision 725)
 Geospatial Data Abstraction Library extensions to R successfully loaded
 Loaded GDAL runtime: GDAL 1.11.3, released 2015/09/16
 Path to GDAL shared files: /usr/share/gdal
 GDAL binary built with GEOS: TRUE 
 Loaded PROJ.4 runtime: Rel. 4.8.0, 6 March 2012, [PJ_VERSION: 480]
 Path to PROJ.4 shared files: (autodetected)
 Linking to sp version: 1.4-1 
Loading required package: Lmoments
Loading required package: distillery

Attaching package: ‘extRemes’

The following objects are masked from ‘package:stats’:

    qqnorm, qqplot


Attaching package: ‘dplyr’

The following objects are masked from ‘package:raster’:

    intersect, select, union

The following objects are masked from ‘package:stats’:

    filter, lag

The following objects are masked from ‘package:base’:

    intersect, setdiff, setequal, union

Loading required package: MASS

Attaching package: ‘MASS’

The following object is masked from ‘package:dplyr’:

    select

The following objects are masked from ‘package:raster’:

    area, select

Loading required package: survival
Warning messages:
1: In read.table(file = file, header = header, sep = sep, quote = quote,  :
  line 2 appears to contain embedded nulls
2: In read.table(file = file, header = header, sep = sep, quote = quote,  :
  line 5 appears to contain embedded nulls
3: In scan(file = file, what = what, sep = sep, quote = quote, dec = dec,  :
  embedded nul(s) found in input
Parsed with column specification:
cols(
  .default = col_double()
)
See spec(...) for full column specifications.
Parsed with column specification:
cols(
  eventNo = col_double(),
  loc = col_double(),
  Easting = col_double(),
  Northing = col_double(),
  thresh = col_double(),
  DayS = col_double(),
  val = col_double(),
  gpp = col_double(),
  ecdf = col_double(),
  gev = col_double()
)
