Loading required package: Lmom[1] "Running for threshold POT2 at  pc05 minimum spread."
[1] "Determining tail distribution"
jects are masked from ‘package:stats’:

    qqnorm, qqplot


Attaching package: ‘dplyr’

The following objects are masked from ‘package:raster’:

    intersect, select, union

The following objects are masked from ‘package:stats’:

    filter, lag

The following objects are masked from ‘package:base’:

    intersect, setdiff, setequal, union

Loading required package: MASS

Attaching package: ‘MASS’

The following object is masked from ‘package:dplyr’:

    select

The following objects are masked from ‘package:raster’:

    area, select

Loading required package: survival
Error in flatten(obs_dpoe) : could not find function "flatten"
Calls: fitdist
Execution halted
