[1] "2020-09-25 09:42:33 BST"
Time difference of 0.01436543 secs
File /prj/aquacat/Data/RCM01_198012_201011/dmflow_copy_RCM01_198012_201011.nc (NC_FORMAT_NETCDF4):

     1 variables (excluding dimension variables):
        float dmflow[Easting,Northing,Time]   (Chunking: [700,1000,1])  (Compression: shuffle,level 5)
            units: m3 s-1
            standard_name: dmflow
            long_name: Daily mean river flow
            _FillValue: -999
            missing_value: -999

     3 dimensions:
        Northing  Size:1000
            standard_name: Northing
            axis: Y
            units: GB National Grid
        Easting  Size:700
            standard_name: Easting
            axis: X
            units: GB National Grid
        Time  Size:10800   *** is unlimited ***
            standard_name: Time
            axis: T
            units: days since 1961-1-1 0:0:0
            calendar: 360_day
[1] "loop start"
[1] "2020-09-25 09:42:39 BST"
[1] 1
[1] 2
[1] 3
[1] 4
[1] 5
[1] 6
[1] 7
[1] 8
[1] 9
[1] 10
[1] 11
[1] 12
[1] 13
[1] 14
[1] 15
[1] 16
[1] 17
[1] 18
[1] 19
[1] 20
[1] 21
[1] 22
[1] 23
[1] 24
[1] 25
[1] 26
[1] 27
[1] 28
[1] 29
[1] 30
[1] 31
[1] 32
[1] 33
[1] 34
[1] 35
[1] 36
[1] 37
[1] 38
[1] 39
[1] 40
[1] 41
[1] 42
[1] 43
[1] 44
[1] 45
[1] 46
[1] 47
[1] 48
[1] 49
[1] 50
[1] "Percent remaining 0.997489203575374"
[1] "Time remaining 850.958601792357"
[1] "Since last readout: 2.1419618117147"
[1] 51
[1] 52
[1] 53
[1] 54
[1] 55
[1] 56
[1] 57
[1] 58
[1] 59
[1] 60
[1] 61
[1] 62
[1] 63
[1] 64
[1] 65
[1] 66
[1] 67
[1] 68
[1] 69
[1] 70
[1] 71
[1] 72
[1] 73
[1] 74
[1] 75
[1] 76
[1] 77
[1] 78
[1] 79
[1] 80
[1] 81
[1] 82
[1] 83
[1] 84
[1] 85
[1] 86
[1] 87
[1] 88
[1] 89
[1] 90
[1] 91
[1] 92
[1] 93
[1] 94
[1] 95
[1] 96
[1] 97
[1] 98
[1] 99
[1] 100
[1] "Percent remaining 0.994978407150748"
[1] "Time remaining 857.561509292222"
[1] "Since last readout: 2.18609648903211"
[1] 101
[1] 102
[1] 103
[1] 104
[1] 105
[1] 106
[1] 107
[1] 108
[1] 109
[1] 110
[1] 111
[1] 112
[1] 113
[1] 114
[1] 115
[1] 116
[1] 117
[1] 118
[1] 119
[1] 120
[1] 121
[1] 122
[1] 123
[1] 124
[1] 125
[1] 126
[1] 127
[1] 128
[1] 129
[1] 130
[1] 131
[1] 132
[1] 133
[1] 134
[1] 135
[1] 136
[1] 137
