Loading required package: sp
L[1] "Running for threshold POT2 at  pc05 minimum spread."
OGR data source with driver: ESRI Shapefile 
Source: "/prj/aquacat/Data/hydrometricAreas", layer: "hyd_areas"
with 115 features
It has 2 fields
and overview of this package.
Help for individual functions is also obtained by adding the
suffix '.spam' to the function name, e.g. 'help( chol.spam)'.

Attaching package: ‘spam’

The following objects are masked from ‘package:base’:

    backsolve, forwardsolve

Loading required package: maps
See https://github.com/NCAR/Fields for
 an extensive vignette, other supplements and source code 
rgdal: version: 1.2-20, (SVN revision 725)
 Geospatial Data Abstraction Library extensions to R successfully loaded
 Loaded GDAL runtime: GDAL 1.11.3, released 2015/09/16
 Path to GDAL shared files: /usr/share/gdal
 GDAL binary built with GEOS: TRUE 
 Loaded PROJ.4 runtime: Rel. 4.8.0, 6 March 2012, [PJ_VERSION: 480]
 Path to PROJ.4 shared files: (autodetected)
 Linking to sp version: 1.4-1 

Attaching package: ‘dplyr’

The following objects are masked from ‘package:raster’:

    intersect, select, union

The following objects are masked from ‘package:stats’:

    filter, lag

The following objects are masked from ‘package:base’:

    intersect, setdiff, setequal, union

Loading required package: Lmoments
Loading required package: distillery

Attaching package: ‘extRemes’

The following objects are masked from ‘package:stats’:

    qqnorm, qqplot

── Attaching packages ─────────────────────────────────────── tidyverse 1.3.0 ──
✔ ggplot2 3.2.1     ✔ purrr   0.3.3
✔ tibble  3.0.3     ✔ stringr 1.4.0
✔ tidyr   1.1.1     ✔ forcats 0.5.0
── Conflicts ────────────────────────────────────────── tidyverse_conflicts() ──
✖ tidyr::extract() masks raster::extract()
✖ dplyr::filter()  masks stats::filter()
✖ dplyr::lag()     masks stats::lag()
✖ purrr::map()     masks maps::map()
✖ dplyr::select()  masks raster::select()
Warning message:
In readOGR(dsn = paste0(data_wd, "hydrometricAreas"), layer = "hyd_areas",  :
  Z-dimension discarded
Warning messages:
1: In read.table(file = file, header = header, sep = sep, quote = quote,  :
  line 2 appears to contain embedded nulls
2: In read.table(file = file, header = header, sep = sep, quote = quote,  :
  line 5 appears to contain embedded nulls
3: In scan(file = file, what = what, sep = sep, quote = quote, dec = dec,  :
  embedded nul(s) found in input
Error in `[.data.frame`(threshMat, "X2") : undefined columns selected
Calls: unlist -> [ -> [.data.frame
Execution halted
