Loading required package: Lmom[1] "Proceeding to job."
Time difference of 0.1050849 secs
File /prj/aquacat/Data/RCM01_205012_208011/dmflow_copy_RCM01_205012_208011.nc (NC_FORMAT_NETCDF4):
Error in gzfile(file, "rb") : cannot open the connection
Calls: readRDS -> gzfile
In addition: Warning message:
In gzfile(file, "rb") :
  cannot open compressed file '/prj/aquacat/Data/RCM01_198012_201011/threshGridList_RCM01_198012_201011.rds', probable reason 'No such file or directory'
Execution halted
lue: -999

     3 dimensions:
        Northing  Size:1000
            standard_name: Northing
            axis: Y
            units: GB National Grid
        Easting  Size:700
            standard_name: Easting
            axis: X
            units: GB National Grid
        Time  Size:10800   *** is unlimited ***
            standard_name: Time
            axis: T
            units: days since 1961-1-1 0:0:0
            calendar: 360_day
[1] "loop start"
[1] "2020-12-04 13:16:51 GMT"
[1] "NH = 19914"
