[1] "2020-12-17 10:25:30 GMT"
[1] "Running for threshold POT2 at  pc05 minimum spread."
[1] "2020-12-17 10:25:33 GMT"
File /prj/aquacat/run_hmfg2g/outputs/dmflow_RCM10_198012_201011_out.ncParsed with column specification:
cols(
  meanint = col_double(),
  threshold = col_double(),
  scale = col_double(),
  shape = col_double()
)
Compression: shuffle,level 5)
            units: m3 s-1
            standard_name: dmflow
            long_name: Daily mean river flow
            _FillValue: -999
            missing_value: -999

     3 dimensions:
        Northing  Size:1000
            standard_name: Northing
            axis: Y
            units: GB National Grid
        Easting  Size:700
            standard_name: Easting
            axis: X
            units: GB National Grid
        Time  Size:10800   *** is unlimited ***
            standard_name: Time
            axis: T
            units: days since 1961-1-1 0:0:0
            calendar: 360_day
Time difference of 0 secs
[1] "loop start"
[1] 1
[1] "Percent remaining 100"
[1] "Time remaining 1117.1"
[1] "Since last readout: 0.06"
[1] "2020-12-17 10:25:39 GMT"
[1] 2
[1] "Percent remaining 100"
[1] "Time remaining 59641.47"
[1] "Since last readout: 5.93"
[1] "2020-12-17 10:25:45 GMT"
[1] 3
[1] "Percent remaining 100"
[1] "Time remaining 41465.35"
[1] "Since last readout: 0.26"
[1] "2020-12-17 10:25:45 GMT"
[1] 4
[1] "Percent remaining 100"
[1] "Time remaining 32361.34"
[1] "Since last readout: 0.25"
[1] "2020-12-17 10:25:45 GMT"
[1] 5
[1] "Percent remaining 100"
[1] "Time remaining 26899.4"
[1] "Since last readout: 0.25"
[1] "2020-12-17 10:25:45 GMT"
[1] 6
[1] "Percent remaining 100"
[1] "Time remaining 23273.58"
[1] "Since last readout: 0.26"
[1] "2020-12-17 10:25:46 GMT"
[1] 7
[1] "Percent remaining 100"
[1] "Time remaining 20680.78"
[1] "Since last readout: 0.26"
[1] "2020-12-17 10:25:46 GMT"
[1] 8
[1] "Percent remaining 100"
[1] "Time remaining 18736.8"
[1] "Since last readout: 0.26"
[1] "2020-12-17 10:25:46 GMT"
[1] 9
[1] "Percent remaining 100"
[1] "Time remaining 17199.15"
[1] "Since last readout: 0.25"
[1] "2020-12-17 10:25:46 GMT"
[1] 200
[1] "Percent remaining 99"
[1] "Time remaining 3752.34"
[1] "Since last readout: 30.29"
[1] "2020-12-17 10:26:17 GMT"
[1] 400
[1] "Percent remaining 98"
[1] "Time remaining 3321.41"
[1] "Since last readout: 30.01"
[1] "2020-12-17 10:26:47 GMT"
[1] 600
[1] "Percent remaining 97"
[1] "Time remaining 3145.28"
[1] "Since last readout: 29.63"
[1] "2020-12-17 10:27:16 GMT"
[1] 800
[1] "Percent remaining 96"
[1] "Time remaining 3030.73"
[1] "Since last readout: 29.14"
[1] "2020-12-17 10:27:45 GMT"
[1] 1000
[1] "Percent remaining 95"
[1] "Time remaining 2965.71"
[1] "Since last readout: 29.95"
[1] "2020-12-17 10:28:15 GMT"
[1] 1200
[1] "Percent remaining 94"
[1] "Time remaining 2907.31"
[1] "Since last readout: 29.63"
[1] "2020-12-17 10:28:45 GMT"
[1] 1400
[1] "Percent remaining 93"
[1] "Time remaining 2829.03"
[1] "Since last readout: 27.5"
[1] "2020-12-17 10:29:13 GMT"
[1] 1600
[1] "Percent remaining 92"
[1] "Time remaining 2771.67"
[1] "Since last readout: 28.22"
[1] "2020-12-17 10:29:41 GMT"
[1] 1800
[1] "Percent remaining 91"
[1] "Time remaining 2720.13"
[1] "Since last readout: 28.15"
[1] "2020-12-17 10:30:09 GMT"
[1] 2000
[1] "Percent remaining 90"
[1] "Time remaining 2675.36"
[1] "Since last readout: 28.39"
[1] "2020-12-17 10:30:37 GMT"
[1] 2200
[1] "Percent remaining 89"
[1] "Time remaining 2626.57"
[1] "Since last readout: 27.52"
[1] "2020-12-17 10:31:05 GMT"
[1] 2400
[1] "Percent remaining 88"
[1] "Time remaining 2580.37"
[1] "Since last readout: 27.39"
[1] "2020-12-17 10:31:32 GMT"
[1] 2600
[1] "Percent remaining 87"
[1] "Time remaining 2537.2"
[1] "Since last readout: 27.41"
[1] "2020-12-17 10:32:00 GMT"
[1] 2800
[1] "Percent remaining 86"
[1] "Time remaining 2505.89"
[1] "Since last readout: 28.98"
[1] "2020-12-17 10:32:29 GMT"
[1] 3000
[1] "Percent remaining 85"
[1] "Time remaining 2469.54"
[1] "Since last readout: 28.03"
[1] "2020-12-17 10:32:57 GMT"
[1] 3200
[1] "Percent remaining 84"
[1] "Time remaining 2431.16"
[1] "Since last readout: 27.44"
[1] "2020-12-17 10:33:24 GMT"
[1] 3400
[1] "Percent remaining 83"
[1] "Time remaining 2397.16"
[1] "Since last readout: 28.08"
[1] "2020-12-17 10:33:52 GMT"
[1] 3600
[1] "Percent remaining 82"
[1] "Time remaining 2361.66"
[1] "Since last readout: 27.6"
[1] "2020-12-17 10:34:20 GMT"
[1] 3800
[1] "Percent remaining 81"
[1] "Time remaining 2328.9"
[1] "Since last readout: 28.06"
[1] "2020-12-17 10:34:48 GMT"
[1] 4000
[1] "Percent remaining 80"
[1] "Time remaining 2294.33"
[1] "Since last readout: 27.48"
[1] "2020-12-17 10:35:15 GMT"
[1] 4200
[1] "Percent remaining 79"
[1] "Time remaining 2265.34"
[1] "Since last readout: 28.79"
[1] "2020-12-17 10:35:44 GMT"
[1] 4400
[1] "Percent remaining 78"
[1] "Time remaining 2237.41"
[1] "Since last readout: 29.09"
[1] "2020-12-17 10:36:13 GMT"
[1] 4600
[1] "Percent remaining 77"
[1] "Time remaining 2205.65"
[1] "Since last readout: 27.97"
[1] "2020-12-17 10:36:41 GMT"
[1] 4800
[1] "Percent remaining 76"
[1] "Time remaining 2179.99"
[1] "Since last readout: 29.81"
[1] "2020-12-17 10:37:11 GMT"
[1] 5000
[1] "Percent remaining 75"
[1] "Time remaining 2152.53"
[1] "Since last readout: 29.31"
[1] "2020-12-17 10:37:40 GMT"
[1] 5200
[1] "Percent remaining 74"
[1] "Time remaining 2121.63"
[1] "Since last readout: 28.15"
[1] "2020-12-17 10:38:08 GMT"
[1] 5400
[1] "Percent remaining 73"
[1] "Time remaining 2090.57"
[1] "Since last readout: 28.01"
[1] "2020-12-17 10:38:36 GMT"
[1] 5600
[1] "Percent remaining 72"
[1] "Time remaining 2061.38"
[1] "Since last readout: 28.65"
[1] "2020-12-17 10:39:05 GMT"
[1] 5800
[1] "Percent remaining 71"
[1] "Time remaining 2032.02"
[1] "Since last readout: 28.57"
[1] "2020-12-17 10:39:34 GMT"
[1] 6000
[1] "Percent remaining 70"
[1] "Time remaining 2002.33"
[1] "Since last readout: 28.41"
[1] "2020-12-17 10:40:02 GMT"
[1] 6200
[1] "Percent remaining 69"
[1] "Time remaining 1972.09"
[1] "Since last readout: 28.12"
[1] "2020-12-17 10:40:30 GMT"
[1] 6400
[1] "Percent remaining 68"
[1] "Time remaining 1942.53"
[1] "Since last readout: 28.38"
[1] "2020-12-17 10:40:59 GMT"
[1] 6600
[1] "Percent remaining 67"
[1] "Time remaining 1913.88"
[1] "Since last readout: 28.8"
[1] "2020-12-17 10:41:27 GMT"
[1] 6800
[1] "Percent remaining 66"
[1] "Time remaining 1884.63"
[1] "Since last readout: 28.49"
[1] "2020-12-17 10:41:56 GMT"
[1] 7000
[1] "Percent remaining 65"
[1] "Time remaining 1854.13"
[1] "Since last readout: 27.79"
[1] "2020-12-17 10:42:24 GMT"
[1] 7200
[1] "Percent remaining 64"
[1] "Time remaining 1824"
[1] "Since last readout: 27.91"
[1] "2020-12-17 10:42:52 GMT"
[1] 7400
[1] "Percent remaining 63"
[1] "Time remaining 1794.14"
[1] "Since last readout: 28"
[1] "2020-12-17 10:43:20 GMT"
[1] 7600
[1] "Percent remaining 62"
[1] "Time remaining 1767.73"
[1] "Since last readout: 30.07"
[1] "2020-12-17 10:43:50 GMT"
[1] 7800
[1] "Percent remaining 61"
[1] "Time remaining 1743.72"
[1] "Since last readout: 31.74"
[1] "2020-12-17 10:44:21 GMT"
[1] 8000
[1] "Percent remaining 60"
[1] "Time remaining 1719.16"
[1] "Since last readout: 31.62"
[1] "2020-12-17 10:44:53 GMT"
[1] 8200
[1] "Percent remaining 59"
[1] "Time remaining 1690.09"
[1] "Since last readout: 28.71"
[1] "2020-12-17 10:45:22 GMT"
[1] 8400
[1] "Percent remaining 58"
[1] "Time remaining 1662.92"
[1] "Since last readout: 30.08"
[1] "2020-12-17 10:45:52 GMT"
[1] 8600
[1] "Percent remaining 57"
[1] "Time remaining 1637.89"
[1] "Since last readout: 31.82"
[1] "2020-12-17 10:46:24 GMT"
[1] 8800
[1] "Percent remaining 56"
[1] "Time remaining 1611.19"
[1] "Since last readout: 30.74"
[1] "2020-12-17 10:46:54 GMT"
[1] 9000
[1] "Percent remaining 55"
[1] "Time remaining 1586.9"
[1] "Since last readout: 32.87"
[1] "2020-12-17 10:47:27 GMT"
[1] 9200
[1] "Percent remaining 54"
[1] "Time remaining 1560.63"
[1] "Since last readout: 31.49"
[1] "2020-12-17 10:47:59 GMT"
[1] 9400
[1] "Percent remaining 53"
[1] "Time remaining 1532.41"
[1] "Since last readout: 29.94"
[1] "2020-12-17 10:48:29 GMT"
[1] 9600
[1] "Percent remaining 52"
[1] "Time remaining 1503.13"
[1] "Since last readout: 29.03"
[1] "2020-12-17 10:48:58 GMT"
[1] 9800
[1] "Percent remaining 51"
[1] "Time remaining 1473.61"
[1] "Since last readout: 28.78"
[1] "2020-12-17 10:49:26 GMT"
[1] 10000
[1] "Percent remaining 50"
[1] "Time remaining 1444.54"
[1] "Since last readout: 29.22"
[1] "2020-12-17 10:49:56 GMT"
[1] 10200
[1] "Percent remaining 49"
[1] "Time remaining 1415.77"
[1] "Since last readout: 29.53"
[1] "2020-12-17 10:50:25 GMT"
[1] 10400
[1] "Percent remaining 48"
[1] "Time remaining 1388.59"
[1] "Since last readout: 31.3"
[1] "2020-12-17 10:50:57 GMT"
[1] 10600
[1] "Percent remaining 47"
[1] "Time remaining 1359.86"
[1] "Since last readout: 29.72"
[1] "2020-12-17 10:51:26 GMT"
[1] 10800
[1] "Percent remaining 46"
[1] "Time remaining 1330.69"
[1] "Since last readout: 29.23"
[1] "2020-12-17 10:51:55 GMT"
[1] 11000
[1] "Percent remaining 45"
[1] "Time remaining 1303.46"
[1] "Since last readout: 31.64"
[1] "2020-12-17 10:52:27 GMT"
[1] 11200
[1] "Percent remaining 44"
[1] "Time remaining 1274.7"
[1] "Since last readout: 29.86"
[1] "2020-12-17 10:52:57 GMT"
[1] 11400
[1] "Percent remaining 43"
[1] "Time remaining 1245.99"
[1] "Since last readout: 29.99"
[1] "2020-12-17 10:53:27 GMT"
[1] 11600
[1] "Percent remaining 42"
[1] "Time remaining 1216.43"
[1] "Since last readout: 28.87"
[1] "2020-12-17 10:53:56 GMT"
[1] 11800
[1] "Percent remaining 41"
[1] "Time remaining 1188.19"
[1] "Since last readout: 30.75"
[1] "2020-12-17 10:54:27 GMT"
[1] 12000
[1] "Percent remaining 40"
[1] "Time remaining 1159.66"
[1] "Since last readout: 30.44"
[1] "2020-12-17 10:54:57 GMT"
[1] 12200
[1] "Percent remaining 39"
[1] "Time remaining 1130.57"
[1] "Since last readout: 29.64"
[1] "2020-12-17 10:55:27 GMT"
[1] 12400
[1] "Percent remaining 38"
[1] "Time remaining 1101.66"
[1] "Since last readout: 29.98"
[1] "2020-12-17 10:55:57 GMT"
[1] 12600
[1] "Percent remaining 37"
[1] "Time remaining 1072.39"
[1] "Since last readout: 29.42"
[1] "2020-12-17 10:56:26 GMT"
[1] 12800
[1] "Percent remaining 36"
[1] "Time remaining 1043.2"
[1] "Since last readout: 29.57"
[1] "2020-12-17 10:56:56 GMT"
[1] 13000
[1] "Percent remaining 35"
[1] "Time remaining 1014.01"
[1] "Since last readout: 29.58"
[1] "2020-12-17 10:57:25 GMT"
[1] 13200
[1] "Percent remaining 34"
[1] "Time remaining 984.39"
[1] "Since last readout: 28.77"
[1] "2020-12-17 10:57:54 GMT"
[1] 13400
[1] "Percent remaining 33"
[1] "Time remaining 955.43"
[1] "Since last readout: 30.06"
[1] "2020-12-17 10:58:24 GMT"
[1] 13600
[1] "Percent remaining 32"
[1] "Time remaining 926.77"
[1] "Since last readout: 30.79"
[1] "2020-12-17 10:58:55 GMT"
[1] 13800
[1] "Percent remaining 31"
[1] "Time remaining 897.86"
[1] "Since last readout: 30.37"
[1] "2020-12-17 10:59:25 GMT"
[1] 14000
[1] "Percent remaining 30"
[1] "Time remaining 868.64"
[1] "Since last readout: 29.73"
[1] "2020-12-17 10:59:55 GMT"
[1] 14200
[1] "Percent remaining 29"
[1] "Time remaining 840.23"
[1] "Since last readout: 31.77"
[1] "2020-12-17 11:00:27 GMT"
[1] 14400
[1] "Percent remaining 28"
[1] "Time remaining 811.08"
[1] "Since last readout: 30.07"
[1] "2020-12-17 11:00:57 GMT"
[1] 14600
[1] "Percent remaining 27"
[1] "Time remaining 783.09"
[1] "Since last readout: 33.35"
[1] "2020-12-17 11:01:30 GMT"
[1] 14800
[1] "Percent remaining 26"
[1] "Time remaining 754.55"
[1] "Since last readout: 32.19"
[1] "2020-12-17 11:02:02 GMT"
[1] 15000
[1] "Percent remaining 25"
[1] "Time remaining 726.89"
[1] "Since last readout: 35.15"
[1] "2020-12-17 11:02:37 GMT"
[1] 15200
[1] "Percent remaining 24"
[1] "Time remaining 698.09"
[1] "Since last readout: 32.11"
[1] "2020-12-17 11:03:10 GMT"
[1] 15400
[1] "Percent remaining 23"
[1] "Time remaining 668.36"
[1] "Since last readout: 29.22"
[1] "2020-12-17 11:03:39 GMT"
[1] 15600
[1] "Percent remaining 22"
[1] "Time remaining 638.74"
[1] "Since last readout: 29.58"
[1] "2020-12-17 11:04:08 GMT"
[1] 15800
[1] "Percent remaining 21"
[1] "Time remaining 609.34"
[1] "Since last readout: 30.44"
[1] "2020-12-17 11:04:39 GMT"
[1] 16000
[1] "Percent remaining 20"
[1] "Time remaining 580.44"
[1] "Since last readout: 32.57"
[1] "2020-12-17 11:05:11 GMT"
[1] 16200
[1] "Percent remaining 19"
[1] "Time remaining 551"
[1] "Since last readout: 30.65"
[1] "2020-12-17 11:05:42 GMT"
[1] 16400
[1] "Percent remaining 18"
[1] "Time remaining 521.41"
[1] "Since last readout: 30.02"
[1] "2020-12-17 11:06:12 GMT"
[1] 16600
[1] "Percent remaining 17"
[1] "Time remaining 491.94"
[1] "Since last readout: 30.73"
[1] "2020-12-17 11:06:43 GMT"
[1] 16800
[1] "Percent remaining 16"
[1] "Time remaining 462.55"
[1] "Since last readout: 31.29"
[1] "2020-12-17 11:07:14 GMT"
[1] 17000
[1] "Percent remaining 15"
[1] "Time remaining 432.96"
[1] "Since last readout: 30.37"
[1] "2020-12-17 11:07:44 GMT"
[1] 17200
[1] "Percent remaining 14"
[1] "Time remaining 403.4"
[1] "Since last readout: 30.74"
[1] "2020-12-17 11:08:15 GMT"
[1] 17400
[1] "Percent remaining 13"
[1] "Time remaining 373.71"
[1] "Since last readout: 29.94"
[1] "2020-12-17 11:08:45 GMT"
[1] 17600
[1] "Percent remaining 12"
[1] "Time remaining 343.85"
[1] "Since last readout: 28.75"
[1] "2020-12-17 11:09:14 GMT"
[1] 17800
[1] "Percent remaining 11"
[1] "Time remaining 314.07"
[1] "Since last readout: 29.19"
[1] "2020-12-17 11:09:43 GMT"
[1] 18000
[1] "Percent remaining 10"
[1] "Time remaining 284.44"
[1] "Since last readout: 30.53"
[1] "2020-12-17 11:10:14 GMT"
[1] 18200
[1] "Percent remaining 9"
[1] "Time remaining 254.67"
[1] "Since last readout: 29.23"
[1] "2020-12-17 11:10:43 GMT"
[1] 18400
[1] "Percent remaining 8"
[1] "Time remaining 225"
[1] "Since last readout: 30.3"
[1] "2020-12-17 11:11:13 GMT"
[1] 18600
[1] "Percent remaining 7"
[1] "Time remaining 195.19"
[1] "Since last readout: 28.46"
[1] "2020-12-17 11:11:42 GMT"
[1] 18800
[1] "Percent remaining 6"
[1] "Time remaining 165.49"
[1] "Since last readout: 29.78"
[1] "2020-12-17 11:12:11 GMT"
[1] 19000
[1] "Percent remaining 5"
[1] "Time remaining 135.8"
[1] "Since last readout: 30.26"
[1] "2020-12-17 11:12:42 GMT"
[1] 19200
[1] "Percent remaining 4"
[1] "Time remaining 106.09"
[1] "Since last readout: 29.81"
[1] "2020-12-17 11:13:11 GMT"
[1] 19400
[1] "Percent remaining 3"
[1] "Time remaining 76.39"
[1] "Since last readout: 30.3"
[1] "2020-12-17 11:13:42 GMT"
[1] 19600
[1] "Percent remaining 2"
[1] "Time remaining 46.66"
[1] "Since last readout: 29.68"
[1] "2020-12-17 11:14:11 GMT"
[1] 19800
[1] "Percent remaining 1"
[1] "Time remaining 16.94"
[1] "Since last readout: 29.73"
[1] "2020-12-17 11:14:41 GMT"
[1] "2020-12-17 11:15:08 GMT"
