[1] "2020-10-16 12:10:14 BST"
[1] "Running for threshold POT2 at  pc05 minimum spread."
ge: ‘extRemes’

The following objects are masked from ‘package:stats’:

    qqnorm, qqplot

Loading required package: sp
Loading required package: spam
Loading required package: dotCall64
Loading required package: grid
Spam version 2.5-1 (2019-12-12) is loaded.
Type 'help( Spam)' or 'demo( spam)' for a short introduction 
and overview of this package.
Help for individual functions is also obtained by adding the
suffix '.spam' to the function name, e.g. 'help( chol.spam)'.

Attaching package: ‘spam’

The following objects are masked from ‘package:base’:

    backsolve, forwardsolve

Loading required package: maps
See https://github.com/NCAR/Fields for
 an extensive vignette, other supplements and source code 
rgdal: version: 1.2-20, (SVN revision 725)
 Geospatial Data Abstraction Library extensions to R successfully loaded
 Loaded GDAL runtime: GDAL 1.11.3, released 2015/09/16
 Path to GDAL shared files: /usr/share/gdal
 GDAL binary built with GEOS: TRUE 
 Loaded PROJ.4 runtime: Rel. 4.8.0, 6 March 2012, [PJ_VERSION: 480]
 Path to PROJ.4 shared files: (autodetected)
 Linking to sp version: 1.4-1 
Error: returnlevels already exists. ending 106.
Execution halted
