Loading required package: sp
L[1] "POT5 events per grid-cell: 148"
[1] "POT2 events per grid-cell: 60"
[1] "POT1 events per grid-cell: 30"
[1] "Q5 events per grid-cell: 6"
[1] "Q10 events per grid-cell: 3"
for a short introduction 
and overview of this package.
Help for individual functions is also obtained by adding the
suffix '.spam' to the function name, e.g. 'help( chol.spam)'.

Attaching package: ‘spam’

The following objects are masked from ‘package:base’:

    backsolve, forwardsolve

Loading required package: maps
See https://github.com/NCAR/Fields for
 an extensive vignette, other supplements and source code 
rgdal: version: 1.2-20, (SVN revision 725)
 Geospatial Data Abstraction Library extensions to R successfully loaded
 Loaded GDAL runtime: GDAL 1.11.3, released 2015/09/16
 Path to GDAL shared files: /usr/share/gdal
 GDAL binary built with GEOS: TRUE 
 Loaded PROJ.4 runtime: Rel. 4.8.0, 6 March 2012, [PJ_VERSION: 480]
 Path to PROJ.4 shared files: (autodetected)
 Linking to sp version: 1.4-1 
Parsed with column specification:
cols(
  row = col_double(),
  col = col_double(),
  east = col_double(),
  nor = col_double()
)
Parsed with column specification:
cols(
  row = col_double(),
  col = col_double(),
  HA_NUM = col_double(),
  HA_NAME = col_character(),
  REGION = col_character()
)
