nohup: ignoring input
Loading required package: mvtnorm
Loading required package: ggplot2

Attaching package: ‘dplyr’

The following objects are masked from ‘package:stats’:

    filter, lag

The following objects are masked from ‘package:base’:

    intersect, setdiff, setequal, union

Loading required package: Lmoments
Loading required package: distillery
Registered S3 methods overwritten by 'extRemes':
  method            from  
  plot.declustered  texmex
  print.declustered texmex

Attaching package: ‘extRemes’

The following objects are masked from ‘package:stats’:

    qqnorm, qqplot

── Attaching packages ─────────────────────────────────────── tidyverse 1.3.0 ──
✔ tibble  3.0.3     ✔ stringr 1.4.0
✔ tidyr   1.1.1     ✔ forcats 0.5.0
✔ purrr   0.3.3     
── Conflicts ────────────────────────────────────────── tidyverse_conflicts() ──
✖ dplyr::filter() masks stats::filter()
✖ dplyr::lag()    masks stats::lag()
Parsed with column specification:
cols(
  row = col_double(),
  col = col_double()
)
Parsed with column specification:
cols(
  row = col_double(),
  col = col_double(),
  HA_NUM = col_double(),
  HA_NAME = col_character(),
  REGION = col_character()
)
Parsed with column specification:
cols(
  X1 = col_double(),
  X2 = col_double(),
  X3 = col_double(),
  X4 = col_double(),
  X5 = col_double()
)
Parsed with column specification:
cols(
  .default = col_double()
)
See spec(...) for full column specifications.
Parsed with column specification:
cols(
  eventNo = col_double(),
  loc = col_double(),
  Easting = col_double(),
  Northing = col_double(),
  thresh = col_double(),
  DayS = col_double(),
  val = col_double(),
  gpp = col_double(),
  ecdf = col_double(),
  gev = col_double()
)
