[1] "2020-09-04 09:43:44 BST"
[1] "SETUP DONE."
Time difference of 8.886905 secs
List of 3
 $ models:List of 1437
  ..$ L1   :List of 17
  .. ..- attr(*, "class")= chr "evmOpt"
  ..$ L2   :List of 17
  .. ..- attr(*, "class")= chr "evmOpt"
  ..$ L3   :List of 17
  .. ..- attr(*, "class")= chr "evmOpt"
  ..$ L4   :List of 17
  .. ..- attr(*, "class")= chr "evmOpt"
  ..$ L5   :List of 17
  .. ..- attr(*, "class")= chr "evmOpt"
  ..$ L6   :List of 17
  .. ..- attr(*, "class")= chr "evmOpt"
  ..$ L7   :List of 17
  .. ..- attr(*, "class")= chr "evmOpt"
  ..$ L8   :List of 17
  .. ..- attr(*, "class")= chr "evmOpt"
  ..$ L9   :List of 17
  .. ..- attr(*, "class")= chr "evmOpt"
  ..$ L10  :List of 17
  .. ..- attr(*, "class")= chr "evmOpt"
  ..$ L11  :List of 17
  .. ..- attr(*, "class")= chr "evmOpt"
  ..$ L12  :List of 17
  .. ..- attr(*, "class")= chr "evmOpt"
  ..$ L13  :List of 17
  .. ..- attr(*, "class")= chr "evmOpt"
  ..$ L14  :List of 17
  .. ..- attr(*, "class")= chr "evmOpt"
  ..$ L15  :List of 17
  .. ..- attr(*, "class")= chr "evmOpt"
  ..$ L16  :List of 17
  .. ..- attr(*, "class")= chr "evmOpt"
  ..$ L17  :List of 17
  .. ..- attr(*, "class")= chr "evmOpt"
  ..$ L18  :List of 17
  .. ..- attr(*, "class")= chr "evmOpt"
  ..$ L19  :List of 17
  .. ..- attr(*, "class")= chr "evmOpt"
  ..$ L20  :List of 17
  .. ..- attr(*, "class")= chr "evmOpt"
  ..$ L21  :List of 17
  .. ..- attr(*, "class")= chr "evmOpt"
  ..$ L22  :List of 17
  .. ..- attr(*, "class")= chr "evmOpt"
  ..$ L23  :List of 17
  .. ..- attr(*, "class")= chr "evmOpt"
  ..$ L24  :List of 17
  .. ..- attr(*, "class")= chr "evmOpt"
  ..$ L25  :List of 17
  .. ..- attr(*, "class")= chr "evmOpt"
  ..$ L26  :List of 17
  .. ..- attr(*, "class")= chr "evmOpt"
  ..$ L27  :List of 17
  .. ..- attr(*, "class")= chr "evmOpt"
  ..$ L28  :List of 17
  .. ..- attr(*, "class")= chr "evmOpt"
  ..$ L29  :List of 17
  .. ..- attr(*, "class")= chr "evmOpt"
  ..$ L30  :List of 17
  .. ..- attr(*, "class")= chr "evmOpt"
  ..$ L31  :List of 17
  .. ..- attr(*, "class")= chr "evmOpt"
  ..$ L32  :List of 17
  .. ..- attr(*, "class")= chr "evmOpt"
  ..$ L33  :List of 17
  .. ..- attr(*, "class")= chr "evmOpt"
  ..$ L34  :List of 17
  .. ..- attr(*, "class")= chr "evmOpt"
  ..$ L35  :List of 17
  .. ..- attr(*, "class")= chr "evmOpt"
  ..$ L36  :List of 17
  .. ..- attr(*, "class")= chr "evmOpt"
  ..$ L37  :List of 17
  .. ..- attr(*, "class")= chr "evmOpt"
  ..$ L38  :List of 17
  .. ..- attr(*, "class")= chr "evmOpt"
  ..$ L39  :List of 17
  .. ..- attr(*, "class")= chr "evmOpt"
  ..$ L40  :List of 17
  .. ..- attr(*, "class")= chr "evmOpt"
  ..$ L41  :List of 17
  .. ..- attr(*, "class")= chr "evmOpt"
  ..$ L42  :List of 17
  .. ..- attr(*, "class")= chr "evmOpt"
  ..$ L43  :List of 17
  .. ..- attr(*, "class")= chr "evmOpt"
  ..$ L44  :List of 17
  .. ..- attr(*, "class")= chr "evmOpt"
  ..$ L45  :List of 17
  .. ..- attr(*, "class")= chr "evmOpt"
  ..$ L46  :List of 17
  .. ..- attr(*, "class")= chr "evmOpt"
  ..$ L47  :List of 17
  .. ..- attr(*, "class")= chr "evmOpt"
  ..$ L48  :List of 17
  .. ..- attr(*, "class")= chr "evmOpt"
  ..$ L49  :List of 17
  .. ..- attr(*, "class")= chr "evmOpt"
  ..$ L50  :List of 17
  .. ..- attr(*, "class")= chr "evmOpt"
  ..$ L51  :List of 17
  .. ..- attr(*, "class")= chr "evmOpt"
  ..$ L52  :List of 17
  .. ..- attr(*, "class")= chr "evmOpt"
  ..$ L53  :List of 17
  .. ..- attr(*, "class")= chr "evmOpt"
  ..$ L54  :List of 17
  .. ..- attr(*, "class")= chr "evmOpt"
  ..$ L55  :List of 17
  .. ..- attr(*, "class")= chr "evmOpt"
  ..$ L56  :List of 17
  .. ..- attr(*, "class")= chr "evmOpt"
  ..$ L57  :List of 17
  .. ..- attr(*, "class")= chr "evmOpt"
  ..$ L58  :List of 17
  .. ..- attr(*, "class")= chr "evmOpt"
  ..$ L59  :List of 17
  .. ..- attr(*, "class")= chr "evmOpt"
  ..$ L60  :List of 17
  .. ..- attr(*, "class")= chr "evmOpt"
  ..$ L61  :List of 17
  .. ..- attr(*, "class")= chr "evmOpt"
  ..$ L62  :List of 17
  .. ..- attr(*, "class")= chr "evmOpt"
  ..$ L63  :List of 17
  .. ..- attr(*, "class")= chr "evmOpt"
  ..$ L64  :List of 17
  .. ..- attr(*, "class")= chr "evmOpt"
  ..$ L65  :List of 17
  .. ..- attr(*, "class")= chr "evmOpt"
  ..$ L66  :List of 17
  .. ..- attr(*, "class")= chr "evmOpt"
  ..$ L67  :List of 17
  .. ..- attr(*, "class")= chr "evmOpt"
  ..$ L68  :List of 17
  .. ..- attr(*, "class")= chr "evmOpt"
  ..$ L69  :List of 17
  .. ..- attr(*, "class")= chr "evmOpt"
  ..$ L70  :List of 17
  .. ..- attr(*, "class")= chr "evmOpt"
  ..$ L71  :List of 17
  .. ..- attr(*, "class")= chr "evmOpt"
  ..$ L72  :List of 17
  .. ..- attr(*, "class")= chr "evmOpt"
  ..$ L73  :List of 17
  .. ..- attr(*, "class")= chr "evmOpt"
  ..$ L74  :List of 17
  .. ..- attr(*, "class")= chr "evmOpt"
  ..$ L75  :List of 17
  .. ..- attr(*, "class")= chr "evmOpt"
  ..$ L76  :List of 17
  .. ..- attr(*, "class")= chr "evmOpt"
  ..$ L77  :List of 17
  .. ..- attr(*, "class")= chr "evmOpt"
  ..$ L78  :List of 17
  .. ..- attr(*, "class")= chr "evmOpt"
  ..$ L79  :List of 17
  .. ..- attr(*, "class")= chr "evmOpt"
  ..$ L80  :List of 17
  .. ..- attr(*, "class")= chr "evmOpt"
  ..$ L81  :List of 17
  .. ..- attr(*, "class")= chr "evmOpt"
  ..$ L82  :List of 17
  .. ..- attr(*, "class")= chr "evmOpt"
  ..$ L83  :List of 17
  .. ..- attr(*, "class")= chr "evmOpt"
  ..$ L84  :List of 17
  .. ..- attr(*, "class")= chr "evmOpt"
  ..$ L85  :List of 17
  .. ..- attr(*, "class")= chr "evmOpt"
  ..$ L86  :List of 17
  .. ..- attr(*, "class")= chr "evmOpt"
  ..$ L87  :List of 17
  .. ..- attr(*, "class")= chr "evmOpt"
  ..$ L88  :List of 17
  .. ..- attr(*, "class")= chr "evmOpt"
  ..$ L89  :List of 17
  .. ..- attr(*, "class")= chr "evmOpt"
  ..$ L90  :List of 17
  .. ..- attr(*, "class")= chr "evmOpt"
  ..$ L91  :List of 17
  .. ..- attr(*, "class")= chr "evmOpt"
  ..$ L92  :List of 17
  .. ..- attr(*, "class")= chr "evmOpt"
  ..$ L93  :List of 17
  .. ..- attr(*, "class")= chr "evmOpt"
  ..$ L94  :List of 17
  .. ..- attr(*, "class")= chr "evmOpt"
  ..$ L95  :List of 17
  .. ..- attr(*, "class")= chr "evmOpt"
  ..$ L96  :List of 17
  .. ..- attr(*, "class")= chr "evmOpt"
  ..$ L97  :List of 17
  .. ..- attr(*, "class")= chr "evmOpt"
  ..$ L98  :List of 17
  .. ..- attr(*, "class")= chr "evmOpt"
  ..$ L99  :List of 17
  .. ..- attr(*, "class")= chr "evmOpt"
  .. [list output truncated]
 $ mth   : Named num [1:1437] 11.5 12.2 15.1 16.5 17.5 ...
  ..- attr(*, "names")= chr [1:1437] "L1" "L2" "L3" "L4" ...
 $ mqu   : Named num [1:1437] 0.7 0.7 0.7 0.7 0.7 0.7 0.7 0.7 0.7 0.7 ...
  ..- attr(*, "names")= chr [1:1437] "L1" "L2" "L3" "L4" ...
 - attr(*, "class")= chr "migpd"
[1] "STEP 1 COMPLETE"
Time difference of 23.28508 secs
List of 1
 $ transformed: num [1:79, 1:1437] 2.002 -0.192 1.961 0.888 4.108 ...
  ..- attr(*, "dimnames")=List of 2
[1] "STEP 2 COMPLETE"
Time difference of 16.42064 secs
List of 2
 $ margins   :List of 1
  ..$ referenceMargin: NULL
 $ dependence:List of 8
  ..$ dth                 : num 0.501
  ..$ dqu                 : num 0.7
  ..$ which               : num 1
  ..$ conditioningVariable: chr "L1"
  ..$ loglik              : num [1:1436] 31.57 18.67 13.93 8.84 4 ...
  ..$ marginfns           :List of 3
  ..$ constrain           : logi TRUE
  ..$ v                   : num 10
List of 2
 $ margins   :List of 1
  ..$ referenceMargin: NULL
 $ dependence:List of 8
  ..$ dth                 : num 0.5
  ..$ dqu                 : num 0.7
  ..$ which               : num 2
  ..$ conditioningVariable: chr "L2"
  ..$ loglik              : num [1:1436] 30.5 30.5 24.3 17.1 10.3 ...
  ..$ marginfns           :List of 3
  ..$ constrain           : logi TRUE
  ..$ v                   : num 10
[1] "STEP 3 COMPLETE"
Time difference of 1.133979 mins
