[1] "2020-09-04 14:13:18 BST"
[1] "SETUP DONE."
Time difference of 8.764849 secs
List of 3
 $ models:List of 200
  ..$ L1  :List of 17
  .. ..- attr(*, "class")= chr "evmOpt"
  ..$ L2  :List of 17
  .. ..- attr(*, "class")= chr "evmOpt"
  ..$ L3  :List of 17
  .. ..- attr(*, "class")= chr "evmOpt"
  ..$ L4  :List of 17
  .. ..- attr(*, "class")= chr "evmOpt"
  ..$ L5  :List of 17
  .. ..- attr(*, "class")= chr "evmOpt"
  ..$ L6  :List of 17
  .. ..- attr(*, "class")= chr "evmOpt"
  ..$ L7  :List of 17
  .. ..- attr(*, "class")= chr "evmOpt"
  ..$ L8  :List of 17
  .. ..- attr(*, "class")= chr "evmOpt"
  ..$ L9  :List of 17
  .. ..- attr(*, "class")= chr "evmOpt"
  ..$ L10 :List of 17
  .. ..- attr(*, "class")= chr "evmOpt"
  ..$ L11 :List of 17
  .. ..- attr(*, "class")= chr "evmOpt"
  ..$ L12 :List of 17
  .. ..- attr(*, "class")= chr "evmOpt"
  ..$ L13 :List of 17
  .. ..- attr(*, "class")= chr "evmOpt"
  ..$ L14 :List of 17
  .. ..- attr(*, "class")= chr "evmOpt"
  ..$ L15 :List of 17
  .. ..- attr(*, "class")= chr "evmOpt"
  ..$ L16 :List of 17
  .. ..- attr(*, "class")= chr "evmOpt"
  ..$ L17 :List of 17
  .. ..- attr(*, "class")= chr "evmOpt"
  ..$ L18 :List of 17
  .. ..- attr(*, "class")= chr "evmOpt"
  ..$ L19 :List of 17
  .. ..- attr(*, "class")= chr "evmOpt"
  ..$ L20 :List of 17
  .. ..- attr(*, "class")= chr "evmOpt"
  ..$ L21 :List of 17
  .. ..- attr(*, "class")= chr "evmOpt"
  ..$ L22 :List of 17
  .. ..- attr(*, "class")= chr "evmOpt"
  ..$ L23 :List of 17
  .. ..- attr(*, "class")= chr "evmOpt"
  ..$ L24 :List of 17
  .. ..- attr(*, "class")= chr "evmOpt"
  ..$ L25 :List of 17
  .. ..- attr(*, "class")= chr "evmOpt"
  ..$ L26 :List of 17
  .. ..- attr(*, "class")= chr "evmOpt"
  ..$ L27 :List of 17
  .. ..- attr(*, "class")= chr "evmOpt"
  ..$ L28 :List of 17
  .. ..- attr(*, "class")= chr "evmOpt"
  ..$ L29 :List of 17
  .. ..- attr(*, "class")= chr "evmOpt"
  ..$ L30 :List of 17
  .. ..- attr(*, "class")= chr "evmOpt"
  ..$ L31 :List of 17
  .. ..- attr(*, "class")= chr "evmOpt"
  ..$ L32 :List of 17
  .. ..- attr(*, "class")= chr "evmOpt"
  ..$ L33 :List of 17
  .. ..- attr(*, "class")= chr "evmOpt"
  ..$ L34 :List of 17
  .. ..- attr(*, "class")= chr "evmOpt"
  ..$ L35 :List of 17
  .. ..- attr(*, "class")= chr "evmOpt"
  ..$ L36 :List of 17
  .. ..- attr(*, "class")= chr "evmOpt"
  ..$ L37 :List of 17
  .. ..- attr(*, "class")= chr "evmOpt"
  ..$ L38 :List of 17
  .. ..- attr(*, "class")= chr "evmOpt"
  ..$ L39 :List of 17
  .. ..- attr(*, "class")= chr "evmOpt"
  ..$ L40 :List of 17
  .. ..- attr(*, "class")= chr "evmOpt"
  ..$ L41 :List of 17
  .. ..- attr(*, "class")= chr "evmOpt"
  ..$ L42 :List of 17
  .. ..- attr(*, "class")= chr "evmOpt"
  ..$ L43 :List of 17
  .. ..- attr(*, "class")= chr "evmOpt"
  ..$ L44 :List of 17
  .. ..- attr(*, "class")= chr "evmOpt"
  ..$ L45 :List of 17
  .. ..- attr(*, "class")= chr "evmOpt"
  ..$ L46 :List of 17
  .. ..- attr(*, "class")= chr "evmOpt"
  ..$ L47 :List of 17
  .. ..- attr(*, "class")= chr "evmOpt"
  ..$ L48 :List of 17
  .. ..- attr(*, "class")= chr "evmOpt"
  ..$ L49 :List of 17
  .. ..- attr(*, "class")= chr "evmOpt"
  ..$ L50 :List of 17
  .. ..- attr(*, "class")= chr "evmOpt"
  ..$ L51 :List of 17
  .. ..- attr(*, "class")= chr "evmOpt"
  ..$ L52 :List of 17
  .. ..- attr(*, "class")= chr "evmOpt"
  ..$ L53 :List of 17
  .. ..- attr(*, "class")= chr "evmOpt"
  ..$ L54 :List of 17
  .. ..- attr(*, "class")= chr "evmOpt"
  ..$ L55 :List of 17
  .. ..- attr(*, "class")= chr "evmOpt"
  ..$ L56 :List of 17
  .. ..- attr(*, "class")= chr "evmOpt"
  ..$ L57 :List of 17
  .. ..- attr(*, "class")= chr "evmOpt"
  ..$ L58 :List of 17
  .. ..- attr(*, "class")= chr "evmOpt"
  ..$ L59 :List of 17
  .. ..- attr(*, "class")= chr "evmOpt"
  ..$ L60 :List of 17
  .. ..- attr(*, "class")= chr "evmOpt"
  ..$ L61 :List of 17
  .. ..- attr(*, "class")= chr "evmOpt"
  ..$ L62 :List of 17
  .. ..- attr(*, "class")= chr "evmOpt"
  ..$ L63 :List of 17
  .. ..- attr(*, "class")= chr "evmOpt"
  ..$ L64 :List of 17
  .. ..- attr(*, "class")= chr "evmOpt"
  ..$ L65 :List of 17
  .. ..- attr(*, "class")= chr "evmOpt"
  ..$ L66 :List of 17
  .. ..- attr(*, "class")= chr "evmOpt"
  ..$ L67 :List of 17
  .. ..- attr(*, "class")= chr "evmOpt"
  ..$ L68 :List of 17
  .. ..- attr(*, "class")= chr "evmOpt"
  ..$ L69 :List of 17
  .. ..- attr(*, "class")= chr "evmOpt"
  ..$ L70 :List of 17
  .. ..- attr(*, "class")= chr "evmOpt"
  ..$ L71 :List of 17
  .. ..- attr(*, "class")= chr "evmOpt"
  ..$ L72 :List of 17
  .. ..- attr(*, "class")= chr "evmOpt"
  ..$ L73 :List of 17
  .. ..- attr(*, "class")= chr "evmOpt"
  ..$ L74 :List of 17
  .. ..- attr(*, "class")= chr "evmOpt"
  ..$ L75 :List of 17
  .. ..- attr(*, "class")= chr "evmOpt"
  ..$ L76 :List of 17
  .. ..- attr(*, "class")= chr "evmOpt"
  ..$ L77 :List of 17
  .. ..- attr(*, "class")= chr "evmOpt"
  ..$ L78 :List of 17
  .. ..- attr(*, "class")= chr "evmOpt"
  ..$ L79 :List of 17
  .. ..- attr(*, "class")= chr "evmOpt"
  ..$ L80 :List of 17
  .. ..- attr(*, "class")= chr "evmOpt"
  ..$ L81 :List of 17
  .. ..- attr(*, "class")= chr "evmOpt"
  ..$ L82 :List of 17
  .. ..- attr(*, "class")= chr "evmOpt"
  ..$ L83 :List of 17
  .. ..- attr(*, "class")= chr "evmOpt"
  ..$ L84 :List of 17
  .. ..- attr(*, "class")= chr "evmOpt"
  ..$ L85 :List of 17
  .. ..- attr(*, "class")= chr "evmOpt"
  ..$ L86 :List of 17
  .. ..- attr(*, "class")= chr "evmOpt"
  ..$ L87 :List of 17
  .. ..- attr(*, "class")= chr "evmOpt"
  ..$ L88 :List of 17
  .. ..- attr(*, "class")= chr "evmOpt"
  ..$ L89 :List of 17
  .. ..- attr(*, "class")= chr "evmOpt"
  ..$ L90 :List of 17
  .. ..- attr(*, "class")= chr "evmOpt"
  ..$ L91 :List of 17
  .. ..- attr(*, "class")= chr "evmOpt"
  ..$ L92 :List of 17
  .. ..- attr(*, "class")= chr "evmOpt"
  ..$ L93 :List of 17
  .. ..- attr(*, "class")= chr "evmOpt"
  ..$ L94 :List of 17
  .. ..- attr(*, "class")= chr "evmOpt"
  ..$ L95 :List of 17
  .. ..- attr(*, "class")= chr "evmOpt"
  ..$ L96 :List of 17
  .. ..- attr(*, "class")= chr "evmOpt"
  ..$ L97 :List of 17
  .. ..- attr(*, "class")= chr "evmOpt"
  ..$ L98 :List of 17
  .. ..- attr(*, "class")= chr "evmOpt"
  ..$ L99 :List of 17
  .. ..- attr(*, "class")= chr "evmOpt"
  .. [list output truncated]
 $ mth   : Named num [1:200] 11.5 12.2 15.1 16.5 17.5 ...
  ..- attr(*, "names")= chr [1:200] "L1" "L2" "L3" "L4" ...
 $ mqu   : Named num [1:200] 0.7 0.7 0.7 0.7 0.7 0.7 0.7 0.7 0.7 0.7 ...
  ..- attr(*, "names")= chr [1:200] "L1" "L2" "L3" "L4" ...
 - attr(*, "class")= chr "migpd"
[1] "STEP 1 COMPLETE"
Time difference of 4.919514 secs
List of 1
 $ transformed: num [1:79, 1:200] 2.002 -0.192 1.961 0.888 4.108 ...
  ..- attr(*, "dimnames")=List of 2
[1] "STEP 2 COMPLETE"
Time difference of 2.500059 secs
List of 2
 $ margins   :List of 1
  ..$ referenceMargin: NULL
 $ dependence:List of 8
  ..$ dth                 : num 0.501
  ..$ dqu                 : num 0.7
  ..$ which               : num 1
  ..$ conditioningVariable: chr "L1"
  ..$ loglik              : num [1:199] 31.57 18.67 13.93 8.84 4 ...
  ..$ marginfns           :List of 3
  ..$ constrain           : logi TRUE
  ..$ v                   : num 10
List of 2
 $ margins   :List of 1
  ..$ referenceMargin: NULL
 $ dependence:List of 8
  ..$ dth                 : num 0.5
  ..$ dqu                 : num 0.7
  ..$ which               : num 2
  ..$ conditioningVariable: chr "L2"
  ..$ loglik              : num [1:199] 30.5 30.5 24.3 17.1 10.3 ...
  ..$ marginfns           :List of 3
  ..$ constrain           : logi TRUE
  ..$ v                   : num 10
[1] "STEP 3 COMPLETE"
Time difference of 13.62205 secs
[1] "Dependence at0.5%"
[1] "Dependence at1%"
[1] "Dependence at1.5%"
[1] "Dependence at2%"
[1] "Dependence at2.5%"
[1] "Dependence at3%"
[1] "Dependence at3.5%"
[1] "Dependence at4%"
[1] "Dependence at4.5%"
[1] "Dependence at5%"
[1] "Dependence at5.5%"
[1] "Dependence at6%"
[1] "Dependence at6.5%"
[1] "Dependence at7%"
[1] "Dependence at7.5%"
[1] "Dependence at8%"
[1] "Dependence at8.5%"
[1] "Dependence at9%"
[1] "Dependence at9.5%"
[1] "Dependence at10%"
[1] "Dependence at10.5%"
[1] "Dependence at11%"
[1] "Dependence at11.5%"
[1] "Dependence at12%"
[1] "Dependence at12.5%"
[1] "Dependence at13%"
[1] "Dependence at13.5%"
[1] "Dependence at14%"
[1] "Dependence at14.5%"
[1] "Dependence at15%"
[1] "Dependence at15.5%"
[1] "Dependence at16%"
[1] "Dependence at16.5%"
[1] "Dependence at17%"
[1] "Dependence at17.5%"
[1] "Dependence at18%"
[1] "Dependence at18.5%"
[1] "Dependence at19%"
[1] "Dependence at19.5%"
[1] "Dependence at20%"
[1] "Dependence at20.5%"
[1] "Dependence at21%"
[1] "Dependence at21.5%"
[1] "Dependence at22%"
[1] "Dependence at22.5%"
[1] "Dependence at23%"
[1] "Dependence at23.5%"
[1] "Dependence at24%"
[1] "Dependence at24.5%"
[1] "Dependence at25%"
[1] "Dependence at25.5%"
[1] "Dependence at26%"
[1] "Dependence at26.5%"
[1] "Dependence at27%"
[1] "Dependence at27.5%"
[1] "Dependence at28%"
[1] "Dependence at28.5%"
[1] "Dependence at29%"
[1] "Dependence at29.5%"
[1] "Dependence at30%"
[1] "Dependence at30.5%"
[1] "Dependence at31%"
[1] "Dependence at31.5%"
[1] "Dependence at32%"
[1] "Dependence at32.5%"
[1] "Dependence at33%"
[1] "Dependence at33.5%"
[1] "Dependence at34%"
[1] "Dependence at34.5%"
[1] "Dependence at35%"
[1] "Dependence at35.5%"
[1] "Dependence at36%"
[1] "Dependence at36.5%"
[1] "Dependence at37%"
[1] "Dependence at37.5%"
[1] "Dependence at38%"
[1] "Dependence at38.5%"
[1] "Dependence at39%"
[1] "Dependence at39.5%"
[1] "Dependence at40%"
[1] "Dependence at40.5%"
[1] "Dependence at41%"
[1] "Dependence at41.5%"
[1] "Dependence at42%"
[1] "Dependence at42.5%"
[1] "Dependence at43%"
[1] "Dependence at43.5%"
[1] "Dependence at44%"
[1] "Dependence at44.5%"
[1] "Dependence at45%"
[1] "Dependence at45.5%"
[1] "Dependence at46%"
[1] "Dependence at46.5%"
[1] "Dependence at47%"
[1] "Dependence at47.5%"
[1] "Dependence at48%"
[1] "Dependence at48.5%"
[1] "Dependence at49%"
[1] "Dependence at49.5%"
[1] "Dependence at50%"
[1] "Dependence at50.5%"
[1] "Dependence at51%"
[1] "Dependence at51.5%"
[1] "Dependence at52%"
[1] "Dependence at52.5%"
[1] "Dependence at53%"
[1] "Dependence at53.5%"
[1] "Dependence at54%"
[1] "Dependence at54.5%"
[1] "Dependence at55%"
[1] "Dependence at55.5%"
[1] "Dependence at56%"
[1] "Dependence at56.5%"
[1] "Dependence at57%"
[1] "Dependence at57.5%"
[1] "Dependence at58%"
[1] "Dependence at58.5%"
[1] "Dependence at59%"
[1] "Dependence at59.5%"
[1] "Dependence at60%"
[1] "Dependence at60.5%"
[1] "Dependence at61%"
[1] "Dependence at61.5%"
[1] "Dependence at62%"
[1] "Dependence at62.5%"
[1] "Dependence at63%"
[1] "Dependence at63.5%"
[1] "Dependence at64%"
[1] "Dependence at64.5%"
[1] "Dependence at65%"
[1] "Dependence at65.5%"
[1] "Dependence at66%"
[1] "Dependence at66.5%"
[1] "Dependence at67%"
[1] "Dependence at67.5%"
[1] "Dependence at68%"
[1] "Dependence at68.5%"
[1] "Dependence at69%"
[1] "Dependence at69.5%"
[1] "Dependence at70%"
[1] "Dependence at70.5%"
[1] "Dependence at71%"
[1] "Dependence at71.5%"
[1] "Dependence at72%"
[1] "Dependence at72.5%"
[1] "Dependence at73%"
[1] "Dependence at73.5%"
[1] "Dependence at74%"
[1] "Dependence at74.5%"
[1] "Dependence at75%"
[1] "Dependence at75.5%"
[1] "Dependence at76%"
[1] "Dependence at76.5%"
[1] "Dependence at77%"
[1] "Dependence at77.5%"
[1] "Dependence at78%"
[1] "Dependence at78.5%"
[1] "Dependence at79%"
[1] "Dependence at79.5%"
[1] "Dependence at80%"
[1] "Dependence at80.5%"
[1] "Dependence at81%"
[1] "Dependence at81.5%"
[1] "Dependence at82%"
[1] "Dependence at82.5%"
[1] "Dependence at83%"
[1] "Dependence at83.5%"
[1] "Dependence at84%"
[1] "Dependence at84.5%"
[1] "Dependence at85%"
[1] "Dependence at85.5%"
[1] "Dependence at86%"
[1] "Dependence at86.5%"
[1] "Dependence at87%"
[1] "Dependence at87.5%"
[1] "Dependence at88%"
[1] "Dependence at88.5%"
[1] "Dependence at89%"
[1] "Dependence at89.5%"
[1] "Dependence at90%"
[1] "Dependence at90.5%"
[1] "Dependence at91%"
[1] "Dependence at91.5%"
[1] "Dependence at92%"
[1] "Dependence at92.5%"
[1] "Dependence at93%"
[1] "Dependence at93.5%"
[1] "Dependence at94%"
[1] "Dependence at94.5%"
[1] "Dependence at95%"
[1] "Dependence at95.5%"
[1] "Dependence at96%"
[1] "Dependence at96.5%"
[1] "Dependence at97%"
[1] "Dependence at97.5%"
[1] "Dependence at98%"
[1] "Dependence at98.5%"
[1] "Dependence at99%"
[1] "Dependence at99.5%"
[1] "Dependence at100%"
List of 200
 $ :List of 2
  ..$ margins   :List of 1
  ..$ dependence:List of 8
 $ :List of 2
  ..$ margins   :List of 1
  ..$ dependence:List of 8
 $ :List of 2
  ..$ margins   :List of 1
  ..$ dependence:List of 8
 $ :List of 2
  ..$ margins   :List of 1
  ..$ dependence:List of 8
 $ :List of 2
  ..$ margins   :List of 1
  ..$ dependence:List of 8
 $ :List of 2
  ..$ margins   :List of 1
  ..$ dependence:List of 8
 $ :List of 2
  ..$ margins   :List of 1
  ..$ dependence:List of 8
 $ :List of 2
  ..$ margins   :List of 1
  ..$ dependence:List of 8
 $ :List of 2
  ..$ margins   :List of 1
  ..$ dependence:List of 8
 $ :List of 2
  ..$ margins   :List of 1
  ..$ dependence:List of 8
 $ :List of 2
  ..$ margins   :List of 1
  ..$ dependence:List of 8
 $ :List of 2
  ..$ margins   :List of 1
  ..$ dependence:List of 8
 $ :List of 2
  ..$ margins   :List of 1
  ..$ dependence:List of 8
 $ :List of 2
  ..$ margins   :List of 1
  ..$ dependence:List of 8
 $ :List of 2
  ..$ margins   :List of 1
  ..$ dependence:List of 8
 $ :List of 2
  ..$ margins   :List of 1
  ..$ dependence:List of 8
 $ :List of 2
  ..$ margins   :List of 1
  ..$ dependence:List of 8
 $ :List of 2
  ..$ margins   :List of 1
  ..$ dependence:List of 8
 $ :List of 2
  ..$ margins   :List of 1
  ..$ dependence:List of 8
 $ :List of 2
  ..$ margins   :List of 1
  ..$ dependence:List of 8
 $ :List of 2
  ..$ margins   :List of 1
  ..$ dependence:List of 8
 $ :List of 2
  ..$ margins   :List of 1
  ..$ dependence:List of 8
 $ :List of 2
  ..$ margins   :List of 1
  ..$ dependence:List of 8
 $ :List of 2
  ..$ margins   :List of 1
  ..$ dependence:List of 8
 $ :List of 2
  ..$ margins   :List of 1
  ..$ dependence:List of 8
 $ :List of 2
  ..$ margins   :List of 1
  ..$ dependence:List of 8
 $ :List of 2
  ..$ margins   :List of 1
  ..$ dependence:List of 8
 $ :List of 2
  ..$ margins   :List of 1
  ..$ dependence:List of 8
 $ :List of 2
  ..$ margins   :List of 1
  ..$ dependence:List of 8
 $ :List of 2
  ..$ margins   :List of 1
  ..$ dependence:List of 8
 $ :List of 2
  ..$ margins   :List of 1
  ..$ dependence:List of 8
 $ :List of 2
  ..$ margins   :List of 1
  ..$ dependence:List of 8
 $ :List of 2
  ..$ margins   :List of 1
  ..$ dependence:List of 8
 $ :List of 2
  ..$ margins   :List of 1
  ..$ dependence:List of 8
 $ :List of 2
  ..$ margins   :List of 1
  ..$ dependence:List of 8
 $ :List of 2
  ..$ margins   :List of 1
  ..$ dependence:List of 8
 $ :List of 2
  ..$ margins   :List of 1
  ..$ dependence:List of 8
 $ :List of 2
  ..$ margins   :List of 1
  ..$ dependence:List of 8
 $ :List of 2
  ..$ margins   :List of 1
  ..$ dependence:List of 8
 $ :List of 2
  ..$ margins   :List of 1
  ..$ dependence:List of 8
 $ :List of 2
  ..$ margins   :List of 1
  ..$ dependence:List of 8
 $ :List of 2
  ..$ margins   :List of 1
  ..$ dependence:List of 8
 $ :List of 2
  ..$ margins   :List of 1
  ..$ dependence:List of 8
 $ :List of 2
  ..$ margins   :List of 1
  ..$ dependence:List of 8
 $ :List of 2
  ..$ margins   :List of 1
  ..$ dependence:List of 8
 $ :List of 2
  ..$ margins   :List of 1
  ..$ dependence:List of 8
 $ :List of 2
  ..$ margins   :List of 1
  ..$ dependence:List of 8
 $ :List of 2
  ..$ margins   :List of 1
  ..$ dependence:List of 8
 $ :List of 2
  ..$ margins   :List of 1
  ..$ dependence:List of 8
 $ :List of 2
  ..$ margins   :List of 1
  ..$ dependence:List of 8
 $ :List of 2
  ..$ margins   :List of 1
  ..$ dependence:List of 8
 $ :List of 2
  ..$ margins   :List of 1
  ..$ dependence:List of 8
 $ :List of 2
  ..$ margins   :List of 1
  ..$ dependence:List of 8
 $ :List of 2
  ..$ margins   :List of 1
  ..$ dependence:List of 8
 $ :List of 2
  ..$ margins   :List of 1
  ..$ dependence:List of 8
 $ :List of 2
  ..$ margins   :List of 1
  ..$ dependence:List of 8
 $ :List of 2
  ..$ margins   :List of 1
  ..$ dependence:List of 8
 $ :List of 2
  ..$ margins   :List of 1
  ..$ dependence:List of 8
 $ :List of 2
  ..$ margins   :List of 1
  ..$ dependence:List of 8
 $ :List of 2
  ..$ margins   :List of 1
  ..$ dependence:List of 8
 $ :List of 2
  ..$ margins   :List of 1
  ..$ dependence:List of 8
 $ :List of 2
  ..$ margins   :List of 1
  ..$ dependence:List of 8
 $ :List of 2
  ..$ margins   :List of 1
  ..$ dependence:List of 8
 $ :List of 2
  ..$ margins   :List of 1
  ..$ dependence:List of 8
 $ :List of 2
  ..$ margins   :List of 1
  ..$ dependence:List of 8
 $ :List of 2
  ..$ margins   :List of 1
  ..$ dependence:List of 8
 $ :List of 2
  ..$ margins   :List of 1
  ..$ dependence:List of 8
 $ :List of 2
  ..$ margins   :List of 1
  ..$ dependence:List of 8
 $ :List of 2
  ..$ margins   :List of 1
  ..$ dependence:List of 8
 $ :List of 2
  ..$ margins   :List of 1
  ..$ dependence:List of 8
 $ :List of 2
  ..$ margins   :List of 1
  ..$ dependence:List of 8
 $ :List of 2
  ..$ margins   :List of 1
  ..$ dependence:List of 8
 $ :List of 2
  ..$ margins   :List of 1
  ..$ dependence:List of 8
 $ :List of 2
  ..$ margins   :List of 1
  ..$ dependence:List of 8
 $ :List of 2
  ..$ margins   :List of 1
  ..$ dependence:List of 8
 $ :List of 2
  ..$ margins   :List of 1
  ..$ dependence:List of 8
 $ :List of 2
  ..$ margins   :List of 1
  ..$ dependence:List of 8
 $ :List of 2
  ..$ margins   :List of 1
  ..$ dependence:List of 8
 $ :List of 2
  ..$ margins   :List of 1
  ..$ dependence:List of 8
 $ :List of 2
  ..$ margins   :List of 1
  ..$ dependence:List of 8
 $ :List of 2
  ..$ margins   :List of 1
  ..$ dependence:List of 8
 $ :List of 2
  ..$ margins   :List of 1
  ..$ dependence:List of 8
 $ :List of 2
  ..$ margins   :List of 1
  ..$ dependence:List of 8
 $ :List of 2
  ..$ margins   :List of 1
  ..$ dependence:List of 8
 $ :List of 2
  ..$ margins   :List of 1
  ..$ dependence:List of 8
 $ :List of 2
  ..$ margins   :List of 1
  ..$ dependence:List of 8
 $ :List of 2
  ..$ margins   :List of 1
  ..$ dependence:List of 8
 $ :List of 2
  ..$ margins   :List of 1
  ..$ dependence:List of 8
 $ :List of 2
  ..$ margins   :List of 1
  ..$ dependence:List of 8
 $ :List of 2
  ..$ margins   :List of 1
  ..$ dependence:List of 8
 $ :List of 2
  ..$ margins   :List of 1
  ..$ dependence:List of 8
 $ :List of 2
  ..$ margins   :List of 1
  ..$ dependence:List of 8
 $ :List of 2
  ..$ margins   :List of 1
  ..$ dependence:List of 8
 $ :List of 2
  ..$ margins   :List of 1
  ..$ dependence:List of 8
 $ :List of 2
  ..$ margins   :List of 1
  ..$ dependence:List of 8
 $ :List of 2
  ..$ margins   :List of 1
  ..$ dependence:List of 8
 $ :List of 2
  ..$ margins   :List of 1
  ..$ dependence:List of 8
 $ :List of 2
  ..$ margins   :List of 1
  ..$ dependence:List of 8
 $ :List of 2
  ..$ margins   :List of 1
  ..$ dependence:List of 8
  [list output truncated]
[1] "STEP 4 COMPLETE"
Time difference of 17.87664 mins
List of 1
 $ datafit:List of 2
  ..$ simulated  :'data.frame':	202000 obs. of  200 variables:
  ..$ CondLargest: logi [1:202000] FALSE FALSE FALSE FALSE FALSE FALSE ...
[1] "STEP 5 COMPLETE"
Time difference of 57.70877 secs
[1] "Currently simulated to 25%"
[1] "Currently simulated to 50%"
[1] "Currently simulated to 75%"
[1] "Currently simulated to 100%"
[1] "Currently processing at 25%"
[1] "Currently processing at 50%"
[1] "Currently processing at 75%"
[1] "Currently processing at 100%"
List of 4
 $ nR                 : Named num [1:200] 2 0 0 0 0 0 0 1 0 0 ...
  ..- attr(*, "names")= chr [1:200] "L1" "L2" "L3" "L4" ...
 $ MCsample           :'data.frame':	101 obs. of  200 variables:
  ..$ L1  : num [1:101] 3.86 11.88 13.58 30.04 4.15 ...
  ..$ L2  : num [1:101] 4.11 7.07 14.27 31.11 4.5 ...
  ..$ L3  : num [1:101] 5.11 16.76 18 39.11 5.51 ...
  ..$ L4  : num [1:101] 5.63 19.15 19.49 42.93 6.01 ...
  ..$ L5  : num [1:101] 6.08 20.64 20.78 45.64 6.49 ...
  ..$ L6  : num [1:101] 6.42 22.35 21.53 46.28 6.86 ...
  ..$ L7  : num [1:101] 3.2 8.19 8.29 11.16 2.42 ...
  ..$ L8  : num [1:101] 2.51 1.74 5.66 7.35 1.54 ...
  ..$ L9  : num [1:101] 6.72 23.74 21.86 47.13 7.21 ...
  ..$ L10 : num [1:101] 4.03 10.02 10.93 13.88 2.89 ...
  ..$ L11 : num [1:101] 2.68 3.91 2.89 7.96 1.69 ...
  ..$ L12 : num [1:101] 6.94 24.39 22.29 47.28 7.46 ...
  ..$ L13 : num [1:101] 4.28 10.7 11.61 14.62 3.09 ...
  ..$ L14 : num [1:101] 3.5 7.97 9.57 12.61 2.29 ...
  ..$ L15 : num [1:101] 7.16 24.92 22.56 47 7.73 ...
  ..$ L16 : num [1:101] 10.7 40.2 32 65.2 12.1 ...
  ..$ L17 : num [1:101] 2.61 6.3 6.42 8.81 1.91 ...
  ..$ L18 : num [1:101] 5.08 13.75 13.72 17.24 3.72 ...
  ..$ L19 : num [1:101] 4.57 11.61 12.27 15.47 3.32 ...
  ..$ L20 : num [1:101] 4.29 9.93 11.42 14.92 2.92 ...
  ..$ L21 : num [1:101] 3.84 8.69 10.46 13.56 2.57 ...
  ..$ L22 : num [1:101] 7.29 25.78 22.7 46.6 7.92 ...
  ..$ L23 : num [1:101] 10.4 38.8 31.5 64.3 11.7 ...
  ..$ L24 : num [1:101] 11 41.3 32.2 66.4 12.4 ...
  ..$ L25 : num [1:101] 11.4 43.3 33.4 68.4 12.9 ...
  ..$ L26 : num [1:101] 14.3 52.9 41.1 82 15.6 ...
  ..$ L27 : num [1:101] 3.04 7.22 7.34 10.06 2.23 ...
  ..$ L28 : num [1:101] 5.25 14.54 14.46 17.76 3.91 ...
  ..$ L29 : num [1:101] 4.48 10.59 12.05 15.27 3.13 ...
  ..$ L30 : num [1:101] 2.84 10.48 8.69 18.26 3.42 ...
  ..$ L31 : num [1:101] 14.8 54.3 41.7 83.7 16.1 ...
  ..$ L32 : num [1:101] 15.1 56.7 41.9 85 16.5 ...
  ..$ L33 : num [1:101] 3.51 8.46 8.31 11.49 2.59 ...
  ..$ L34 : num [1:101] 5.4 15.22 14.93 18.19 4.08 ...
  ..$ L35 : num [1:101] 4.81 11.67 13 16.12 3.4 ...
  ..$ L36 : num [1:101] 15.8 59.5 43.3 88 17.3 ...
  ..$ L37 : num [1:101] 3.79 9.5 9.24 12.25 2.85 ...
  ..$ L38 : num [1:101] 11.2 29.7 30.1 37 8.3 ...
  ..$ L39 : num [1:101] 5.13 12.16 13.96 16.98 3.67 ...
  ..$ L40 : num [1:101] 16.5 61.5 44.8 90.9 18 ...
  ..$ L41 : num [1:101] 17.1 64.1 46.3 92.8 18.6 ...
  ..$ L42 : num [1:101] 17.4 66.3 47.1 94.1 19 ...
  ..$ L43 : num [1:101] 4.05 10.07 9.86 12.89 3.1 ...
  ..$ L44 : num [1:101] 12.2 33.87 33.35 40.65 9.09 ...
  ..$ L45 : num [1:101] 17.7 68.6 48 95.2 19.4 ...
  ..$ L46 : num [1:101] 18 69.2 48.1 96.3 19.8 ...
  ..$ L47 : num [1:101] 4.34 10.68 10.45 13.64 3.29 ...
  ..$ L48 : num [1:101] 12.68 35.74 34.8 41.89 9.54 ...
  ..$ L49 : num [1:101] 18.3 69.3 49.8 96.9 20.1 ...
  ..$ L50 : num [1:101] 4.54 11.13 11.02 14.11 3.46 ...
  ..$ L51 : num [1:101] 13.5 38.7 37.5 44.1 10.2 ...
  ..$ L52 : num [1:101] 18.5 70.1 50.8 97.3 20.5 ...
  ..$ L53 : num [1:101] 4.8 11.61 11.47 14.64 3.64 ...
  ..$ L54 : num [1:101] 13.9 39.8 38.6 44.9 10.6 ...
  ..$ L55 : num [1:101] 26.4 94.2 67.5 124.1 26.5 ...
  ..$ L56 : num [1:101] 14.3 41.6 39.7 45.8 11 ...
  ..$ L57 : num [1:101] 26.9 95.2 68.5 125.6 27 ...
  ..$ L58 : num [1:101] 17.4 51.1 46.9 54.8 13.2 ...
  ..$ L59 : num [1:101] 27.2 93.6 69.6 126.2 27.4 ...
  ..$ L60 : num [1:101] 17.8 52.9 47.7 55.6 13.7 ...
  ..$ L61 : num [1:101] 27.6 94.2 71 126.7 27.8 ...
  ..$ L62 : num [1:101] 18.5 56.1 49.3 57.8 14.5 ...
  ..$ L63 : num [1:101] 18.2 55.2 48.8 56.8 14.1 ...
  ..$ L64 : num [1:101] 31.2 107.6 77.7 137.8 30.6 ...
  ..$ L65 : num [1:101] 18.8 56.7 50.2 58.8 14.9 ...
  ..$ L66 : num [1:101] 31.7 109.3 78.7 139.1 31.1 ...
  ..$ L67 : num [1:101] 20 60 52.5 61.9 16 ...
  ..$ L68 : num [1:101] 19.5 58.7 51.6 60.6 15.5 ...
  ..$ L69 : num [1:101] 32.2 112.9 79.8 140.3 31.7 ...
  ..$ L70 : num [1:101] 20.6 61.3 52.7 63.7 16.7 ...
  ..$ L71 : num [1:101] 20.3 60.8 52.7 62.8 16.4 ...
  ..$ L72 : num [1:101] 33.1 117.5 81.4 142.1 32.5 ...
  ..$ L73 : num [1:101] 21.1 62.8 53.4 64.7 17.2 ...
  ..$ L74 : num [1:101] 3.06 8.7 7.8 9.06 1.98 ...
  ..$ L75 : num [1:101] 33.5 119.4 82.3 142.9 33.1 ...
  ..$ L76 : num [1:101] 22.7 66.9 55.9 68.9 18.7 ...
  ..$ L77 : num [1:101] 21.5 62.7 53.6 65.7 17.6 ...
  ..$ L78 : num [1:101] 3.28 9.22 8.5 9.69 2.18 ...
  ..$ L79 : num [1:101] 3.36 2.56 6.63 7.65 2.45 ...
  ..$ L80 : num [1:101] 33.9 121.6 81.8 143.1 33.6 ...
  ..$ L81 : num [1:101] 23.4 68.2 55.7 70.3 19.5 ...
  ..$ L82 : num [1:101] 23.1 68 55.6 69.7 19.1 ...
  ..$ L83 : num [1:101] 3.91 11.31 10.19 11.65 2.7 ...
  ..$ L84 : num [1:101] 3.53 10.33 9.22 10.45 2.41 ...
  ..$ L85 : num [1:101] 3.56 2.73 7.23 8.12 2.61 ...
  ..$ L86 : num [1:101] 34.2 121.9 83.2 143.3 34 ...
  ..$ L87 : num [1:101] 23.8 70.1 55.9 70.8 19.9 ...
  ..$ L88 : num [1:101] 4.1 11.92 10.75 12 2.91 ...
  ..$ L89 : num [1:101] 3.7 2.92 7.55 8.42 2.75 ...
  ..$ L90 : num [1:101] 59.6 195.7 143.1 211.5 55.8 ...
  ..$ L91 : num [1:101] 59 198.2 142.8 211.5 54.9 ...
  ..$ L92 : num [1:101] 8.77 20.94 21.61 23.06 6.31 ...
  ..$ L93 : num [1:101] 4.22 8.76 9.87 10.15 2.98 ...
  ..$ L94 : num [1:101] 3.43 7.75 8.29 8.86 2.25 ...
  ..$ L95 : num [1:101] 3.17 7.48 7.67 8.16 2.02 ...
  ..$ L96 : num [1:101] 5.01 4.67 9.93 8.95 3.56 ...
  ..$ L97 : num [1:101] 3.29 8.94 7.24 11.33 2.64 ...
  ..$ L98 : num [1:101] 3.55 11.36 7.68 12.12 2.85 ...
  ..$ L99 : num [1:101] 61.2 201.6 144 213.7 57.4 ...
  .. [list output truncated]
 $ whichMax           : int [1:101] 191 130 199 194 170 194 103 50 22 194 ...
 $ whichMaxAboveThresh: Named logi [1:101] FALSE TRUE TRUE TRUE FALSE TRUE ...
  ..- attr(*, "names")= chr [1:101] "L191" "L130" "L199" "L194" ...
[1] "STEP 6 COMPLETE."
Time difference of 2.065909 hours
[1] "END"
[1] "2020-09-04 16:36:35 BST"
