nohup: ignoring input
Loading required package: mvtnorm
Loading required package: ggplot2

Attaching package: ‘dplyr’

The following objects are masked from ‘package:stats’:

    filter, lag

The following objects are masked from ‘package:base’:

    intersect, setdiff, setequal, union

Loading required package: Lmoments
Loading required package: distillery
Registered S3 methods overwritten by 'extRemes':
  method            from  
  plot.declustered  texmex
  print.declustered texmex

Attaching package: ‘extRemes’

The following objects are masked from ‘package:stats’:

    qqnorm, qqplot

── Attaching packages ─────────────────────────────────────── tidyverse 1.3.0 ──
✔ tibble  3.0.3     ✔ purrr   0.3.3
✔ tidyr   1.1.1     ✔ stringr 1.4.0
✔ readr   1.3.1     ✔ forcats 0.5.0
── Conflicts ────────────────────────────────────────── tidyverse_conflicts() ──
✖ dplyr::filter() masks stats::filter()
✖ dplyr::lag()    masks stats::lag()
Loading required package: sp

Attaching package: ‘raster’

The following object is masked from ‘package:tidyr’:

    extract

The following object is masked from ‘package:dplyr’:

    select

Loading required package: spam
Loading required package: dotCall64
Loading required package: grid
Spam version 2.5-1 (2019-12-12) is loaded.
Type 'help( Spam)' or 'demo( spam)' for a short introduction 
and overview of this package.
Help for individual functions is also obtained by adding the
suffix '.spam' to the function name, e.g. 'help( chol.spam)'.

Attaching package: ‘spam’

The following objects are masked from ‘package:base’:

    backsolve, forwardsolve

Loading required package: maps

Attaching package: ‘maps’

The following object is masked from ‘package:purrr’:

    map

See https://github.com/NCAR/Fields for
 an extensive vignette, other supplements and source code 
rgdal: version: 1.2-20, (SVN revision 725)
 Geospatial Data Abstraction Library extensions to R successfully loaded
 Loaded GDAL runtime: GDAL 1.11.3, released 2015/09/16
 Path to GDAL shared files: /usr/share/gdal
 GDAL binary built with GEOS: TRUE 
 Loaded PROJ.4 runtime: Rel. 4.8.0, 6 March 2012, [PJ_VERSION: 480]
 Path to PROJ.4 shared files: (autodetected)
 Linking to sp version: 1.4-1 
Parsed with column specification:
cols(
  row = col_double(),
  col = col_double(),
  east = col_double(),
  nor = col_double()
)
Parsed with column specification:
cols(
  row = col_double(),
  col = col_double(),
  HA_NUM = col_double(),
  HA_NAME = col_character(),
  REGION = col_character()
)
Parsed with column specification:
cols(
  X1 = col_double(),
  X2 = col_double(),
  X3 = col_double(),
  X4 = col_double(),
  X5 = col_double()
)
Parsed with column specification:
cols(
  .default = col_double()
)
See spec(...) for full column specifications.
Parsed with column specification:
cols(
  eventNo = col_double(),
  loc = col_double(),
  Easting = col_double(),
  Northing = col_double(),
  thresh = col_double(),
  DayS = col_double(),
  val = col_double(),
  gpp = col_double(),
  ecdf = col_double(),
  gev = col_double()
)
