Loading required package: mvtnorm
Loading required package: ggplot2

Attaching package: ‘dplyr’

The following objects are masked from ‘package:raster’:

    intersect, select, union

The following objects are masked from ‘package:stats’:

    filter, lag

The following objects are masked from ‘package:base’:

    intersect, setdiff, setequal, union

Loading required package: Lmoments
Loading required package: distillery
Registered S3 methods overwritten by 'extRemes':
  method            from  
  plot.declustered  texmex
  print.declustered texmex

Attaching package: ‘extRemes’

The following objects are masked from ‘package:stats’:

    qqnorm, qqplot

── Attaching packages ─────────────────────────────────────── tidyverse 1.3.0 ──
✔ tibble  3.0.3     ✔ stringr 1.4.0
✔ tidyr   1.1.1     ✔ forcats 0.5.0
✔ purrr   0.3.3     
── Conflicts ────────────────────────────────────────── tidyverse_conflicts() ──
✖ tidyr::extract() masks raster::extract()
✖ dplyr::filter()  masks stats::filter()
✖ dplyr::lag()     masks stats::lag()
✖ purrr::map()     masks maps::map()
✖ dplyr::select()  masks raster::select()
Fitted values of xi < -0.5
Fitted values of xi < -0.5
Fitted values of xi < -0.5
Fitted values of xi < -0.5
Fitted values of xi < -0.5
Fitted values of xi < -0.5
Fitted values of xi < -0.5
Fitted values of xi < -0.5
Fitted values of xi < -0.5
Fitted values of xi < -0.5
Fitted values of xi < -0.5
Fitted values of xi < -0.5
Fitted values of xi < -0.5
Fitted values of xi < -0.5
Fitted values of xi < -0.5
Fitted values of xi < -0.5
Fitted values of xi < -0.5
Fitted values of xi < -0.5
Fitted values of xi < -0.5
Fitted values of xi < -0.5
Fitted values of xi < -0.5
Error in write_delim(x, path, delim = ",", na = na, append = append, col_names = col_names,  : 
  is.data.frame(x) is not TRUE
Calls: <Anonymous> -> write_delim -> stopifnot
Execution halted
