Loading required package: Lmoments
Loading required package: distillery

Attaching package: ‘extRemes’

The following objects are masked from ‘package:stats’:

    qqnorm, qqplot


Attaching package: ‘pastecs’

The following object is masked from ‘package:raster’:

    extract


Attaching package: ‘dplyr’

The following objects are masked from ‘package:pastecs’:

    first, last

The following objects are masked from ‘package:raster’:

    intersect, select, union

The following objects are masked from ‘package:stats’:

    filter, lag

The following objects are masked from ‘package:base’:

    intersect, setdiff, setequal, union

Error in paste0(data_wd, subfold, "eventflow_HT_", REG, "_", thresh1,  : 
  object 'REG' not found
Calls: <Anonymous> ... read_delimited -> source_name -> is.connection -> paste0
Execution halted
