[1] "2021-09-17 16:00:26 BST"
[1] "Setup for threshold POT2 at pc01 minimum spread."
Time difference of 0.007751226 secs
[1] "1 out of 10800"
[1] "Percent remaining 100"
[1] "Time remaining 198.33"
[1] "Since last readout: 0.02"
[1] "2021-09-17 16:00:27 BST"
[1] "2 out of 10800"
[1] "Percent remaining 100"
[1] "Time remaining 938.82"
[1] "Since last readout: 0.16"
[1] "2021-09-17 16:00:27 BST"
[1] "3 out of 10800"
[1] "Percent remaining 100"
[1] "Time remaining 1164.46"
[1] "Since last readout: 0.15"
[1] "2021-09-17 16:00:28 BST"
[1] "4 out of 10800"
[1] "Percent remaining 100"
[1] "Time remaining 1282.55"
[1] "Since last readout: 0.15"
[1] "2021-09-17 16:00:28 BST"
[1] "5 out of 10800"
[1] "Percent remaining 100"
[1] "Time remaining 1413.72"
[1] "Since last readout: 0.18"
[1] "2021-09-17 16:00:28 BST"
[1] "6 out of 10800"
[1] "Percent remaining 100"
[1] "Time remaining 1439.56"
[1] "Since last readout: 0.15"
[1] "2021-09-17 16:00:28 BST"
[1] "7 out of 10800"
[1] "Percent remaining 100"
[1] "Time remaining 1459.53"
[1] "Since last readout: 0.15"
[1] "2021-09-17 16:00:28 BST"
[1] "8 out of 10800"
[1] "Percent remaining 100"
[1] "Time remaining 1479.83"
[1] "Since last readout: 0.15"
[1] "2021-09-17 16:00:28 BST"
[1] "9 out of 10800"
[1] "Percent remaining 100"
[1] "Time remaining 1499.92"
[1] "Since last readout: 0.15"
[1] "2021-09-17 16:00:29 BST"
[1] "200 out of 10800"
[1] "Percent remaining 98"
[1] "Time remaining 1575.03"
[1] "Since last readout: 28.47"
[1] "2021-09-17 16:00:57 BST"
[1] "400 out of 10800"
[1] "Percent remaining 96"
[1] "Time remaining 1542.63"
[1] "Since last readout: 29.61"
[1] "2021-09-17 16:01:27 BST"
[1] "600 out of 10800"
[1] "Percent remaining 94"
[1] "Time remaining 1514.24"
[1] "Since last readout: 29.74"
[1] "2021-09-17 16:01:56 BST"
[1] "800 out of 10800"
[1] "Percent remaining 93"
[1] "Time remaining 1481.53"
[1] "Since last readout: 29.45"
[1] "2021-09-17 16:02:26 BST"
[1] "1000 out of 10800"
[1] "Percent remaining 91"
[1] "Time remaining 1448.93"
[1] "Since last readout: 29.33"
[1] "2021-09-17 16:02:55 BST"
[1] "1200 out of 10800"
[1] "Percent remaining 89"
[1] "Time remaining 1418.02"
[1] "Since last readout: 29.4"
[1] "2021-09-17 16:03:25 BST"
[1] "1400 out of 10800"
[1] "Percent remaining 87"
[1] "Time remaining 1388.04"
[1] "Since last readout: 29.48"
[1] "2021-09-17 16:03:54 BST"
[1] "1600 out of 10800"
[1] "Percent remaining 85"
[1] "Time remaining 1357.65"
[1] "Since last readout: 29.38"
[1] "2021-09-17 16:04:23 BST"
[1] "1800 out of 10800"
[1] "Percent remaining 83"
[1] "Time remaining 1326.02"
[1] "Since last readout: 29.09"
[1] "2021-09-17 16:04:53 BST"
[1] "2000 out of 10800"
[1] "Percent remaining 81"
[1] "Time remaining 1294.49"
[1] "Since last readout: 29"
[1] "2021-09-17 16:05:22 BST"
[1] "2200 out of 10800"
[1] "Percent remaining 80"
[1] "Time remaining 1264.04"
[1] "Since last readout: 29.16"
[1] "2021-09-17 16:05:51 BST"
[1] "2400 out of 10800"
[1] "Percent remaining 78"
[1] "Time remaining 1233.12"
[1] "Since last readout: 28.96"
[1] "2021-09-17 16:06:20 BST"
[1] "2600 out of 10800"
[1] "Percent remaining 76"
[1] "Time remaining 1204.29"
[1] "Since last readout: 29.53"
[1] "2021-09-17 16:06:49 BST"
[1] "2800 out of 10800"
[1] "Percent remaining 74"
[1] "Time remaining 1175.91"
[1] "Since last readout: 29.72"
[1] "2021-09-17 16:07:19 BST"
[1] "3000 out of 10800"
[1] "Percent remaining 72"
[1] "Time remaining 1146.53"
[1] "Since last readout: 29.41"
[1] "2021-09-17 16:07:48 BST"
[1] "3200 out of 10800"
[1] "Percent remaining 70"
[1] "Time remaining 1116.71"
[1] "Since last readout: 29.22"
[1] "2021-09-17 16:08:18 BST"
[1] "3400 out of 10800"
[1] "Percent remaining 69"
[1] "Time remaining 1087.3"
[1] "Since last readout: 29.38"
[1] "2021-09-17 16:08:47 BST"
[1] "3600 out of 10800"
[1] "Percent remaining 67"
[1] "Time remaining 1057.72"
[1] "Since last readout: 29.29"
[1] "2021-09-17 16:09:16 BST"
[1] "3800 out of 10800"
[1] "Percent remaining 65"
[1] "Time remaining 1028.42"
[1] "Since last readout: 29.42"
[1] "2021-09-17 16:09:46 BST"
[1] "4000 out of 10800"
[1] "Percent remaining 63"
[1] "Time remaining 998.82"
[1] "Since last readout: 29.26"
[1] "2021-09-17 16:10:15 BST"
[1] "4200 out of 10800"
[1] "Percent remaining 61"
[1] "Time remaining 969.68"
[1] "Since last readout: 29.53"
[1] "2021-09-17 16:10:44 BST"
[1] "4400 out of 10800"
[1] "Percent remaining 59"
[1] "Time remaining 940.82"
[1] "Since last readout: 29.74"
[1] "2021-09-17 16:11:14 BST"
[1] "4600 out of 10800"
[1] "Percent remaining 57"
[1] "Time remaining 911.92"
[1] "Since last readout: 29.77"
[1] "2021-09-17 16:11:44 BST"
[1] "4800 out of 10800"
[1] "Percent remaining 56"
[1] "Time remaining 882.8"
[1] "Since last readout: 29.65"
[1] "2021-09-17 16:12:14 BST"
[1] "5000 out of 10800"
[1] "Percent remaining 54"
[1] "Time remaining 853.9"
[1] "Since last readout: 29.88"
[1] "2021-09-17 16:12:43 BST"
[1] "5200 out of 10800"
[1] "Percent remaining 52"
[1] "Time remaining 824.92"
[1] "Since last readout: 29.87"
[1] "2021-09-17 16:13:13 BST"
[1] "5400 out of 10800"
[1] "Percent remaining 50"
[1] "Time remaining 795.84"
[1] "Since last readout: 29.84"
[1] "2021-09-17 16:13:43 BST"
[1] "5600 out of 10800"
[1] "Percent remaining 48"
[1] "Time remaining 766.73"
[1] "Since last readout: 29.88"
[1] "2021-09-17 16:14:13 BST"
[1] "5800 out of 10800"
[1] "Percent remaining 46"
[1] "Time remaining 737.31"
[1] "Since last readout: 29.57"
[1] "2021-09-17 16:14:43 BST"
[1] "6000 out of 10800"
[1] "Percent remaining 44"
[1] "Time remaining 707.89"
[1] "Since last readout: 29.57"
[1] "2021-09-17 16:15:12 BST"
[1] "6200 out of 10800"
[1] "Percent remaining 43"
[1] "Time remaining 678.65"
[1] "Since last readout: 29.84"
[1] "2021-09-17 16:15:42 BST"
[1] "6400 out of 10800"
[1] "Percent remaining 41"
[1] "Time remaining 648.94"
[1] "Since last readout: 29.21"
[1] "2021-09-17 16:16:11 BST"
[1] "6600 out of 10800"
[1] "Percent remaining 39"
[1] "Time remaining 619.21"
[1] "Since last readout: 29.13"
[1] "2021-09-17 16:16:40 BST"
[1] "6800 out of 10800"
[1] "Percent remaining 37"
[1] "Time remaining 589.17"
[1] "Since last readout: 28.55"
[1] "2021-09-17 16:17:09 BST"
[1] "7000 out of 10800"
[1] "Percent remaining 35"
[1] "Time remaining 559.15"
[1] "Since last readout: 28.41"
[1] "2021-09-17 16:17:37 BST"
[1] "7200 out of 10800"
[1] "Percent remaining 33"
[1] "Time remaining 529.42"
[1] "Since last readout: 28.83"
[1] "2021-09-17 16:18:06 BST"
[1] "7400 out of 10800"
[1] "Percent remaining 31"
[1] "Time remaining 499.44"
[1] "Since last readout: 28.18"
[1] "2021-09-17 16:18:34 BST"
[1] "7600 out of 10800"
[1] "Percent remaining 30"
[1] "Time remaining 469.47"
[1] "Since last readout: 27.98"
[1] "2021-09-17 16:19:02 BST"
[1] "7800 out of 10800"
[1] "Percent remaining 28"
[1] "Time remaining 439.59"
[1] "Since last readout: 27.95"
[1] "2021-09-17 16:19:30 BST"
[1] "8000 out of 10800"
[1] "Percent remaining 26"
[1] "Time remaining 409.83"
[1] "Since last readout: 27.99"
[1] "2021-09-17 16:19:58 BST"
[1] "8200 out of 10800"
[1] "Percent remaining 24"
[1] "Time remaining 380.12"
[1] "Since last readout: 27.91"
[1] "2021-09-17 16:20:26 BST"
[1] "8400 out of 10800"
[1] "Percent remaining 22"
[1] "Time remaining 350.93"
[1] "Since last readout: 29.43"
[1] "2021-09-17 16:20:56 BST"
[1] "8600 out of 10800"
[1] "Percent remaining 20"
[1] "Time remaining 322.09"
[1] "Since last readout: 30.81"
[1] "2021-09-17 16:21:26 BST"
[1] "8800 out of 10800"
[1] "Percent remaining 19"
[1] "Time remaining 292.66"
[1] "Since last readout: 28.62"
[1] "2021-09-17 16:21:55 BST"
[1] "9000 out of 10800"
[1] "Percent remaining 17"
[1] "Time remaining 263.26"
[1] "Since last readout: 28.59"
[1] "2021-09-17 16:22:24 BST"
[1] "9200 out of 10800"
[1] "Percent remaining 15"
[1] "Time remaining 233.92"
[1] "Since last readout: 28.77"
[1] "2021-09-17 16:22:52 BST"
[1] "9400 out of 10800"
[1] "Percent remaining 13"
[1] "Time remaining 204.7"
[1] "Since last readout: 29.36"
[1] "2021-09-17 16:23:22 BST"
[1] "9600 out of 10800"
[1] "Percent remaining 11"
[1] "Time remaining 175.5"
[1] "Since last readout: 29.59"
[1] "2021-09-17 16:23:51 BST"
[1] "9800 out of 10800"
[1] "Percent remaining 9"
[1] "Time remaining 146.27"
[1] "Since last readout: 29.41"
[1] "2021-09-17 16:24:21 BST"
[1] "10000 out of 10800"
[1] "Percent remaining 7"
[1] "Time remaining 116.98"
[1] "Since last readout: 28.8"
[1] "2021-09-17 16:24:50 BST"
[1] "10200 out of 10800"
[1] "Percent remaining 6"
[1] "Time remaining 87.71"
[1] "Since last readout: 28.79"
[1] "2021-09-17 16:25:18 BST"
[1] "10400 out of 10800"
[1] "Percent remaining 4"
[1] "Time remaining 58.45"
[1] "Since last readout: 28.8"
[1] "2021-09-17 16:25:47 BST"
[1] "10600 out of 10800"
[1] "Percent remaining 2"
[1] "Time remaining 29.21"
[1] "Since last readout: 28.19"
[1] "2021-09-17 16:26:15 BST"
[1] "10800 out of 10800"
[1] "Percent remaining 0"
[1] "Time remaining 0"
[1] "Since last readout: 28.01"
[1] "2021-09-17 16:26:43 BST"
[1] "saving outputs"
[1] "2021-09-17 16:26:44 BST"
[1] "104b Done"
