[1] "2021-02-11 15:16:37 GMT"
[1] "Running for threshold POT2 at pc05 minimum spread."
[1] "Determining tail distribution"
[1] "Simulating new events"
[1] 50
[1] 100
[1] 150
[1] 200
[1] 250
[1] 300
[1] 350
[1] 400
[1] 450
[1] 500
[1] 550
[1] 600
[1] 650
[1] 700
[1] 750
[1] 800
[1] 850
[1] 900
[1] 950
[1] 1000
[1] 1050
[1] 1100
[1] 1150
[1] 1200
[1] 1250
[1] 1300
[1] 1350
[1] 1400
[1] 1450
[1] 1500
[1] 1550
[1] 1600
[1] 1650
[1] 1700
[1] 1750
[1] 1800
[1] 1850
[1] 1900
[1] 1950
[1] 2000
[1] 2050
[1] 2100
[1] 2150
[1] 2200
[1] 2250
[1] 2300
[1] 2350
[1] 2400
[1] 2450
[1] 2500
[1] 2550
[1] 2600
[1] 2650
[1] 2700
[1] 2750
[1] 2800
[1] 2850
[1] 2900
[1] 2950
[1] 3000
[1] 3050
[1] 3100
[1] 3150
[1] 3200
[1] 3250
[1] 3300
[1] 3350
[1] 3400
[1] 3450
[1] 3500
[1] 3550
[1] 3600
[1] 3650
[1] 3700
[1] 3750
[1] 3800
[1] 3850
[1] 3900
[1] 3950
[1] 4000
[1] 4050
[1] 4100
[1] 4150
[1] 4200
[1] 4250
[1] 4300
[1] 4350
[1] 4400
[1] 4450
[1] 4500
[1] 4550
[1] 4600
[1] 4650
[1] 4700
[1] 4750
[1] 4800
[1] 4850
[1] 4900
[1] 4950
[1] 5000
[1] 1
[1] "Percent remaining 100"
[1] "Time remaining 6.66"
[1] "Since last readout: 0"
[1] "2021-02-11 15:31:09 GMT"
[1] 2
[1] "Percent remaining 100"
[1] "Time remaining 161352.37"
[1] "Since last readout: 16.21"
[1] "2021-02-11 15:31:25 GMT"
[1] 3
[1] "Percent remaining 100"
[1] "Time remaining 109338.38"
[1] "Since last readout: 0.27"
[1] "2021-02-11 15:31:25 GMT"
[1] 4
[1] "Percent remaining 100"
[1] "Time remaining 83319.18"
[1] "Since last readout: 0.26"
[1] "2021-02-11 15:31:26 GMT"
[1] 5
[1] "Percent remaining 100"
[1] "Time remaining 67707.24"
[1] "Since last readout: 0.26"
[1] "2021-02-11 15:31:26 GMT"
[1] 6
[1] "Percent remaining 100"
[1] "Time remaining 57296.6"
[1] "Since last readout: 0.26"
[1] "2021-02-11 15:31:26 GMT"
[1] 7
[1] "Percent remaining 100"
[1] "Time remaining 49848.7"
[1] "Since last readout: 0.26"
[1] "2021-02-11 15:31:26 GMT"
[1] 8
[1] "Percent remaining 100"
[1] "Time remaining 44276.77"
[1] "Since last readout: 0.27"
[1] "2021-02-11 15:31:27 GMT"
[1] 9
[1] "Percent remaining 100"
[1] "Time remaining 39935.44"
[1] "Since last readout: 0.26"
[1] "2021-02-11 15:31:27 GMT"
[1] 200
[1] "Percent remaining 99"
[1] "Time remaining 5979.42"
[1] "Since last readout: 42.6"
[1] "2021-02-11 15:32:09 GMT"
[1] 400
[1] "Percent remaining 98"
[1] "Time remaining 4862.87"
[1] "Since last readout: 39.02"
[1] "2021-02-11 15:32:49 GMT"
[1] 600
[1] "Percent remaining 97"
[1] "Time remaining 4524.36"
[1] "Since last readout: 40.87"
[1] "2021-02-11 15:33:29 GMT"
[1] 800
[1] "Percent remaining 96"
[1] "Time remaining 4362.28"
[1] "Since last readout: 42.03"
[1] "2021-02-11 15:34:11 GMT"
[1] 1000
[1] "Percent remaining 95"
[1] "Time remaining 4151.79"
[1] "Since last readout: 36.93"
[1] "2021-02-11 15:34:48 GMT"
[1] 1200
[1] "Percent remaining 94"
[1] "Time remaining 3959.89"
[1] "Since last readout: 34.41"
[1] "2021-02-11 15:35:23 GMT"
[1] 1400
[1] "Percent remaining 93"
[1] "Time remaining 3780.37"
[1] "Since last readout: 31.94"
[1] "2021-02-11 15:35:55 GMT"
[1] 1600
[1] "Percent remaining 92"
[1] "Time remaining 3669.29"
[1] "Since last readout: 34.7"
[1] "2021-02-11 15:36:29 GMT"
[1] 1800
[1] "Percent remaining 91"
[1] "Time remaining 3548.47"
[1] "Since last readout: 32.05"
[1] "2021-02-11 15:37:01 GMT"
[1] 2000
[1] "Percent remaining 90"
[1] "Time remaining 3465.08"
[1] "Since last readout: 34.24"
[1] "2021-02-11 15:37:36 GMT"
[1] 2200
[1] "Percent remaining 89"
[1] "Time remaining 3381.8"
[1] "Since last readout: 33.15"
[1] "2021-02-11 15:38:09 GMT"
[1] 2400
[1] "Percent remaining 88"
[1] "Time remaining 3293.02"
[1] "Since last readout: 31.25"
[1] "2021-02-11 15:38:40 GMT"
[1] 2600
[1] "Percent remaining 87"
[1] "Time remaining 3222.9"
[1] "Since last readout: 32.72"
[1] "2021-02-11 15:39:13 GMT"
[1] 2800
[1] "Percent remaining 86"
[1] "Time remaining 3166.16"
[1] "Since last readout: 34.04"
[1] "2021-02-11 15:39:47 GMT"
[1] 3000
[1] "Percent remaining 85"
[1] "Time remaining 3102.62"
[1] "Since last readout: 32.29"
[1] "2021-02-11 15:40:19 GMT"
[1] 3200
[1] "Percent remaining 84"
[1] "Time remaining 3048.83"
[1] "Since last readout: 33.41"
[1] "2021-02-11 15:40:53 GMT"
[1] 3400
[1] "Percent remaining 83"
[1] "Time remaining 2992.61"
[1] "Since last readout: 32.42"
[1] "2021-02-11 15:41:25 GMT"
[1] 3600
[1] "Percent remaining 82"
[1] "Time remaining 2941.47"
[1] "Since last readout: 32.96"
[1] "2021-02-11 15:41:58 GMT"
[1] 3800
[1] "Percent remaining 81"
[1] "Time remaining 2886.01"
[1] "Since last readout: 31.49"
[1] "2021-02-11 15:42:29 GMT"
[1] 4000
[1] "Percent remaining 80"
[1] "Time remaining 2832.18"
[1] "Since last readout: 31.29"
[1] "2021-02-11 15:43:01 GMT"
[1] 4200
[1] "Percent remaining 79"
[1] "Time remaining 2788.68"
[1] "Since last readout: 33.48"
[1] "2021-02-11 15:43:34 GMT"
[1] 4400
[1] "Percent remaining 78"
[1] "Time remaining 2753.25"
[1] "Since last readout: 35.51"
[1] "2021-02-11 15:44:10 GMT"
[1] 4600
[1] "Percent remaining 77"
[1] "Time remaining 2709.66"
[1] "Since last readout: 33.06"
[1] "2021-02-11 15:44:43 GMT"
[1] 4800
[1] "Percent remaining 76"
[1] "Time remaining 2675.07"
[1] "Since last readout: 35.64"
[1] "2021-02-11 15:45:18 GMT"
[1] 5000
[1] "Percent remaining 75"
[1] "Time remaining 2638.39"
[1] "Since last readout: 34.97"
[1] "2021-02-11 15:45:53 GMT"
[1] 5200
[1] "Percent remaining 74"
[1] "Time remaining 2604.05"
[1] "Since last readout: 35.75"
[1] "2021-02-11 15:46:29 GMT"
[1] 5400
[1] "Percent remaining 73"
[1] "Time remaining 2564.19"
[1] "Since last readout: 33.73"
[1] "2021-02-11 15:47:03 GMT"
[1] 5600
[1] "Percent remaining 72"
[1] "Time remaining 2527.1"
[1] "Since last readout: 34.65"
[1] "2021-02-11 15:47:37 GMT"
[1] 5800
[1] "Percent remaining 71"
[1] "Time remaining 2513.71"
[1] "Since last readout: 44.32"
[1] "2021-02-11 15:48:22 GMT"
[1] 6000
[1] "Percent remaining 70"
[1] "Time remaining 2479.93"
[1] "Since last readout: 36.41"
[1] "2021-02-11 15:48:58 GMT"
[1] 6200
[1] "Percent remaining 69"
[1] "Time remaining 2439.4"
[1] "Since last readout: 33.44"
[1] "2021-02-11 15:49:32 GMT"
[1] 6400
[1] "Percent remaining 68"
[1] "Time remaining 2406.03"
[1] "Since last readout: 36.62"
[1] "2021-02-11 15:50:08 GMT"
[1] 6600
[1] "Percent remaining 67"
[1] "Time remaining 2368"
[1] "Since last readout: 34.41"
[1] "2021-02-11 15:50:43 GMT"
[1] 6800
[1] "Percent remaining 66"
[1] "Time remaining 2327.59"
[1] "Since last readout: 33.06"
[1] "2021-02-11 15:51:16 GMT"
[1] 7000
[1] "Percent remaining 65"
[1] "Time remaining 2290.67"
[1] "Since last readout: 34.73"
[1] "2021-02-11 15:51:50 GMT"
[1] 7200
[1] "Percent remaining 64"
[1] "Time remaining 2253.45"
[1] "Since last readout: 34.49"
[1] "2021-02-11 15:52:25 GMT"
[1] 7400
[1] "Percent remaining 63"
[1] "Time remaining 2217.96"
[1] "Since last readout: 35.42"
[1] "2021-02-11 15:53:00 GMT"
[1] 7600
[1] "Percent remaining 62"
[1] "Time remaining 2185.08"
[1] "Since last readout: 37.03"
[1] "2021-02-11 15:53:37 GMT"
[1] 7800
[1] "Percent remaining 61"
[1] "Time remaining 2146.82"
[1] "Since last readout: 33.71"
[1] "2021-02-11 15:54:11 GMT"
[1] 8000
[1] "Percent remaining 60"
[1] "Time remaining 2114.43"
[1] "Since last readout: 37.49"
[1] "2021-02-11 15:54:49 GMT"
[1] 8200
[1] "Percent remaining 59"
[1] "Time remaining 2074.84"
[1] "Since last readout: 32.63"
[1] "2021-02-11 15:55:21 GMT"
[1] 8400
[1] "Percent remaining 58"
[1] "Time remaining 2036.58"
[1] "Since last readout: 33.36"
[1] "2021-02-11 15:55:55 GMT"
[1] 8600
[1] "Percent remaining 57"
[1] "Time remaining 1999.39"
[1] "Since last readout: 34"
[1] "2021-02-11 15:56:29 GMT"
[1] 8800
[1] "Percent remaining 56"
[1] "Time remaining 1960.46"
[1] "Since last readout: 32.5"
[1] "2021-02-11 15:57:01 GMT"
[1] 9000
[1] "Percent remaining 55"
[1] "Time remaining 1922.89"
[1] "Since last readout: 33.39"
[1] "2021-02-11 15:57:35 GMT"
[1] 9200
[1] "Percent remaining 54"
[1] "Time remaining 1886.39"
[1] "Since last readout: 34.15"
[1] "2021-02-11 15:58:09 GMT"
[1] 9400
[1] "Percent remaining 53"
[1] "Time remaining 1848.42"
[1] "Since last readout: 32.75"
[1] "2021-02-11 15:58:41 GMT"
[1] 9600
[1] "Percent remaining 52"
[1] "Time remaining 1810.4"
[1] "Since last readout: 32.5"
[1] "2021-02-11 15:59:14 GMT"
[1] 9800
[1] "Percent remaining 51"
[1] "Time remaining 1773.61"
[1] "Since last readout: 33.47"
[1] "2021-02-11 15:59:47 GMT"
[1] 10000
[1] "Percent remaining 50"
[1] "Time remaining 1737.86"
[1] "Since last readout: 34.39"
[1] "2021-02-11 16:00:22 GMT"
[1] 10200
[1] "Percent remaining 49"
[1] "Time remaining 1701.68"
[1] "Since last readout: 33.88"
[1] "2021-02-11 16:00:56 GMT"
[1] 10400
[1] "Percent remaining 48"
[1] "Time remaining 1668.58"
[1] "Since last readout: 37.15"
[1] "2021-02-11 16:01:33 GMT"
[1] 10600
[1] "Percent remaining 47"
[1] "Time remaining 1633.88"
[1] "Since last readout: 35.51"
[1] "2021-02-11 16:02:08 GMT"
[1] 10800
[1] "Percent remaining 46"
[1] "Time remaining 1610.72"
[1] "Since last readout: 49.21"
[1] "2021-02-11 16:02:58 GMT"
[1] 11000
[1] "Percent remaining 45"
[1] "Time remaining 1617.85"
[1] "Since last readout: 87.76"
[1] "2021-02-11 16:04:25 GMT"
[1] 11200
[1] "Percent remaining 44"
[1] "Time remaining 1581.55"
[1] "Since last readout: 36.3"
[1] "2021-02-11 16:05:02 GMT"
[1] 11400
[1] "Percent remaining 43"
[1] "Time remaining 1544.2"
[1] "Since last readout: 34.89"
[1] "2021-02-11 16:05:36 GMT"
[1] 11600
[1] "Percent remaining 42"
[1] "Time remaining 1509.98"
[1] "Since last readout: 39.14"
[1] "2021-02-11 16:06:16 GMT"
[1] 11800
[1] "Percent remaining 41"
[1] "Time remaining 1473.76"
[1] "Since last readout: 36.48"
[1] "2021-02-11 16:06:52 GMT"
[1] 12000
[1] "Percent remaining 40"
[1] "Time remaining 1436.92"
[1] "Since last readout: 35.55"
[1] "2021-02-11 16:07:28 GMT"
[1] 12200
[1] "Percent remaining 39"
[1] "Time remaining 1400.25"
[1] "Since last readout: 35.74"
[1] "2021-02-11 16:08:03 GMT"
[1] 12400
[1] "Percent remaining 38"
[1] "Time remaining 1362"
[1] "Since last readout: 33.09"
[1] "2021-02-11 16:08:36 GMT"
[1] 12600
[1] "Percent remaining 37"
[1] "Time remaining 1327.82"
[1] "Since last readout: 39.82"
[1] "2021-02-11 16:09:16 GMT"
[1] 12800
[1] "Percent remaining 36"
[1] "Time remaining 1290.75"
[1] "Since last readout: 34.94"
[1] "2021-02-11 16:09:51 GMT"
[1] 13000
[1] "Percent remaining 35"
[1] "Time remaining 1252.96"
[1] "Since last readout: 33.48"
[1] "2021-02-11 16:10:25 GMT"
[1] 13200
[1] "Percent remaining 34"
[1] "Time remaining 1218.22"
[1] "Since last readout: 39.18"
[1] "2021-02-11 16:11:04 GMT"
[1] 13400
[1] "Percent remaining 33"
[1] "Time remaining 1180.67"
[1] "Since last readout: 33.7"
[1] "2021-02-11 16:11:38 GMT"
[1] 13600
[1] "Percent remaining 32"
[1] "Time remaining 1143.64"
[1] "Since last readout: 34.57"
[1] "2021-02-11 16:12:12 GMT"
[1] 13800
[1] "Percent remaining 31"
[1] "Time remaining 1105.98"
[1] "Since last readout: 32.99"
[1] "2021-02-11 16:12:45 GMT"
[1] 14000
[1] "Percent remaining 30"
[1] "Time remaining 1068.36"
[1] "Since last readout: 32.76"
[1] "2021-02-11 16:13:18 GMT"
[1] 14200
[1] "Percent remaining 29"
[1] "Time remaining 1031.57"
[1] "Since last readout: 34.48"
[1] "2021-02-11 16:13:52 GMT"
[1] 14400
[1] "Percent remaining 28"
[1] "Time remaining 994.31"
[1] "Since last readout: 33.12"
[1] "2021-02-11 16:14:26 GMT"
[1] 14600
[1] "Percent remaining 27"
[1] "Time remaining 956.86"
[1] "Since last readout: 32.24"
[1] "2021-02-11 16:14:58 GMT"
[1] 14800
[1] "Percent remaining 26"
[1] "Time remaining 920.14"
[1] "Since last readout: 33.98"
[1] "2021-02-11 16:15:32 GMT"
[1] 15000
[1] "Percent remaining 25"
[1] "Time remaining 883.61"
[1] "Since last readout: 34.31"
[1] "2021-02-11 16:16:06 GMT"
[1] 15200
[1] "Percent remaining 24"
[1] "Time remaining 847.85"
[1] "Since last readout: 36.62"
[1] "2021-02-11 16:16:43 GMT"
[1] 15400
[1] "Percent remaining 23"
[1] "Time remaining 816.85"
[1] "Since last readout: 52.94"
[1] "2021-02-11 16:17:36 GMT"
[1] 15600
[1] "Percent remaining 22"
[1] "Time remaining 849.64"
[1] "Since last readout: 285.62"
[1] "2021-02-11 16:22:21 GMT"
[1] 15800
[1] "Percent remaining 21"
[1] "Time remaining 817.62"
[1] "Since last readout: 67.7"
[1] "2021-02-11 16:23:29 GMT"
[1] 16000
[1] "Percent remaining 20"
[1] "Time remaining 781.17"
[1] "Since last readout: 53.26"
[1] "2021-02-11 16:24:22 GMT"
[1] 16200
[1] "Percent remaining 19"
[1] "Time remaining 745.27"
[1] "Since last readout: 57.41"
[1] "2021-02-11 16:25:20 GMT"
[1] 16400
[1] "Percent remaining 18"
[1] "Time remaining 708.4"
[1] "Since last readout: 55.35"
[1] "2021-02-11 16:26:15 GMT"
[1] 16600
[1] "Percent remaining 17"
[1] "Time remaining 670.46"
[1] "Since last readout: 52.23"
[1] "2021-02-11 16:27:07 GMT"
[1] 16800
[1] "Percent remaining 16"
[1] "Time remaining 632.33"
[1] "Since last readout: 53.04"
[1] "2021-02-11 16:28:00 GMT"
[1] 17000
[1] "Percent remaining 15"
[1] "Time remaining 593.82"
[1] "Since last readout: 52.93"
[1] "2021-02-11 16:28:53 GMT"
[1] 17200
[1] "Percent remaining 14"
[1] "Time remaining 554.98"
[1] "Since last readout: 52.89"
[1] "2021-02-11 16:29:46 GMT"
[1] 17400
[1] "Percent remaining 13"
[1] "Time remaining 515.8"
[1] "Since last readout: 52.76"
[1] "2021-02-11 16:30:39 GMT"
[1] 17600
[1] "Percent remaining 12"
[1] "Time remaining 476.14"
[1] "Since last readout: 51.5"
[1] "2021-02-11 16:31:30 GMT"
[1] 17800
[1] "Percent remaining 11"
[1] "Time remaining 436.2"
[1] "Since last readout: 51.38"
[1] "2021-02-11 16:32:22 GMT"
[1] 18000
[1] "Percent remaining 10"
[1] "Time remaining 397.64"
[1] "Since last readout: 66.75"
[1] "2021-02-11 16:33:28 GMT"
[1] 18200
[1] "Percent remaining 9"
[1] "Time remaining 356.94"
[1] "Since last readout: 50.57"
[1] "2021-02-11 16:34:19 GMT"
[1] 18400
[1] "Percent remaining 8"
[1] "Time remaining 316.01"
[1] "Since last readout: 50.36"
[1] "2021-02-11 16:35:09 GMT"
[1] 18600
[1] "Percent remaining 7"
[1] "Time remaining 275.14"
[1] "Since last readout: 54.14"
[1] "2021-02-11 16:36:04 GMT"
[1] 18800
[1] "Percent remaining 6"
[1] "Time remaining 233.65"
[1] "Since last readout: 48.35"
[1] "2021-02-11 16:36:52 GMT"
[1] 19000
[1] "Percent remaining 5"
[1] "Time remaining 192"
[1] "Since last readout: 48.24"
[1] "2021-02-11 16:37:40 GMT"
[1] 19200
[1] "Percent remaining 4"
[1] "Time remaining 150.22"
[1] "Since last readout: 48.14"
[1] "2021-02-11 16:38:28 GMT"
[1] 19400
[1] "Percent remaining 3"
[1] "Time remaining 108.36"
[1] "Since last readout: 50.51"
[1] "2021-02-11 16:39:19 GMT"
[1] 19600
[1] "Percent remaining 2"
[1] "Time remaining 66.32"
[1] "Since last readout: 49.95"
[1] "2021-02-11 16:40:09 GMT"
[1] 19800
[1] "Percent remaining 1"
[1] "Time remaining 24.12"
[1] "Since last readout: 49.39"
[1] "2021-02-11 16:40:58 GMT"
