[1] "running 102"
[1] "2021-09-17 13:50:56 BST"
[1] "Setup for threshold POT2 at pc01 minimum spread."
Time difference of 0.04426169 secs
File /prj/aquacat/run_hmfg2g/outputs/dmflow_RCM05_198012_201011_out.nc (NC_FORMAT_NETCDF4):

     1 variables (excluding dimension variables):
        float dmflow[Easting,Northing,Time]   (Chunking: [13,19,4])  (Compression: shuffle,level 5)
            units: m3 s-1
            standard_name: dmflow
            long_name: Daily mean river flow
            _FillValue: -999
            missing_value: -999

     3 dimensions:
        Northing  Size:1000
            standard_name: Northing
            axis: Y
            units: GB National Grid
        Easting  Size:700
            standard_name: Easting
            axis: X
            units: GB National Grid
        Time  Size:10800   *** is unlimited ***
            standard_name: Time
            axis: T
            units: days since 1961-1-1 0:0:0
            calendar: 360_day
[1] "loop start"
[1] "2021-09-17 13:50:58 BST"
[1] "NH = 19914"
[1] 1
[1] "Percent remaining 100"
[1] "Time remaining 1277.44"
[1] "Since last readout: 0.06"
[1] "2021-09-17 13:50:58 BST"
[1] 2
[1] "Percent remaining 100"
[1] "Time remaining 105419.1"
[1] "Since last readout: 10.52"
[1] "2021-09-17 13:51:09 BST"
[1] 3
[1] "Percent remaining 100"
[1] "Time remaining 73025.17"
[1] "Since last readout: 0.41"
[1] "2021-09-17 13:51:09 BST"
[1] 4
[1] "Percent remaining 100"
[1] "Time remaining 56781.06"
[1] "Since last readout: 0.4"
[1] "2021-09-17 13:51:10 BST"
[1] 5
[1] "Percent remaining 100"
[1] "Time remaining 47109.09"
[1] "Since last readout: 0.42"
[1] "2021-09-17 13:51:10 BST"
[1] 6
[1] "Percent remaining 100"
[1] "Time remaining 40662.08"
[1] "Since last readout: 0.42"
[1] "2021-09-17 13:51:11 BST"
[1] 7
[1] "Percent remaining 100"
[1] "Time remaining 36023.66"
[1] "Since last readout: 0.41"
[1] "2021-09-17 13:51:11 BST"
[1] 8
[1] "Percent remaining 100"
[1] "Time remaining 32952.45"
[1] "Since last readout: 0.58"
[1] "2021-09-17 13:51:12 BST"
[1] 9
[1] "Percent remaining 100"
[1] "Time remaining 30160.51"
[1] "Since last readout: 0.39"
[1] "2021-09-17 13:51:12 BST"
[1] 200
[1] "Percent remaining 99"
[1] "Time remaining 9631.17"
[1] "Since last readout: 84.07"
[1] "2021-09-17 13:52:36 BST"
[1] 400
[1] "Percent remaining 98"
[1] "Time remaining 9199.53"
[1] "Since last readout: 90.86"
[1] "2021-09-17 13:54:07 BST"
[1] 600
[1] "Percent remaining 97"
[1] "Time remaining 8823.6"
[1] "Since last readout: 85.54"
[1] "2021-09-17 13:55:32 BST"
[1] 800
[1] "Percent remaining 96"
[1] "Time remaining 8635.48"
[1] "Since last readout: 87.32"
[1] "2021-09-17 13:57:00 BST"
[1] 1000
[1] "Percent remaining 95"
[1] "Time remaining 8383.72"
[1] "Since last readout: 81.82"
[1] "2021-09-17 13:58:22 BST"
[1] 1200
[1] "Percent remaining 94"
[1] "Time remaining 8245.04"
[1] "Since last readout: 85.44"
[1] "2021-09-17 13:59:47 BST"
[1] 1400
[1] "Percent remaining 93"
[1] "Time remaining 8052.65"
[1] "Since last readout: 80.23"
[1] "2021-09-17 14:01:07 BST"
[1] 1600
[1] "Percent remaining 92"
[1] "Time remaining 7927.6"
[1] "Since last readout: 83.66"
[1] "2021-09-17 14:02:31 BST"
[1] 1800
[1] "Percent remaining 91"
[1] "Time remaining 7801.35"
[1] "Since last readout: 82.63"
[1] "2021-09-17 14:03:54 BST"
[1] 2000
[1] "Percent remaining 90"
[1] "Time remaining 7671.12"
[1] "Since last readout: 81.21"
[1] "2021-09-17 14:05:15 BST"
[1] 2200
[1] "Percent remaining 89"
[1] "Time remaining 7543.28"
[1] "Since last readout: 80.4"
[1] "2021-09-17 14:06:35 BST"
[1] 2400
[1] "Percent remaining 88"
[1] "Time remaining 7436.7"
[1] "Since last readout: 82.23"
[1] "2021-09-17 14:07:57 BST"
[1] 2600
[1] "Percent remaining 87"
[1] "Time remaining 7340.58"
[1] "Since last readout: 83.24"
[1] "2021-09-17 14:09:21 BST"
[1] 2800
[1] "Percent remaining 86"
[1] "Time remaining 7239.94"
[1] "Since last readout: 82.2"
[1] "2021-09-17 14:10:43 BST"
[1] 3000
[1] "Percent remaining 85"
[1] "Time remaining 7115.53"
[1] "Since last readout: 77.55"
[1] "2021-09-17 14:12:00 BST"
[1] 3200
[1] "Percent remaining 84"
[1] "Time remaining 7000.52"
[1] "Since last readout: 78.23"
[1] "2021-09-17 14:13:19 BST"
[1] 3400
[1] "Percent remaining 83"
[1] "Time remaining 6900.85"
[1] "Since last readout: 80.5"
[1] "2021-09-17 14:14:39 BST"
[1] 3600
[1] "Percent remaining 82"
[1] "Time remaining 6804.12"
[1] "Since last readout: 80.67"
[1] "2021-09-17 14:16:00 BST"
[1] 3800
[1] "Percent remaining 81"
[1] "Time remaining 6706.58"
[1] "Since last readout: 80.08"
[1] "2021-09-17 14:17:20 BST"
[1] 4000
[1] "Percent remaining 80"
[1] "Time remaining 6606.66"
[1] "Since last readout: 79.05"
[1] "2021-09-17 14:18:39 BST"
[1] 4200
[1] "Percent remaining 79"
[1] "Time remaining 6517.01"
[1] "Since last readout: 81.26"
[1] "2021-09-17 14:20:00 BST"
[1] 4400
[1] "Percent remaining 78"
[1] "Time remaining 6427.05"
[1] "Since last readout: 80.96"
[1] "2021-09-17 14:21:21 BST"
[1] 4600
[1] "Percent remaining 77"
[1] "Time remaining 6337.28"
[1] "Since last readout: 80.78"
[1] "2021-09-17 14:22:42 BST"
[1] 4800
[1] "Percent remaining 76"
[1] "Time remaining 6251.22"
[1] "Since last readout: 81.72"
[1] "2021-09-17 14:24:04 BST"
[1] 5000
[1] "Percent remaining 75"
[1] "Time remaining 6168.83"
[1] "Since last readout: 82.83"
[1] "2021-09-17 14:25:26 BST"
[1] 5200
[1] "Percent remaining 74"
[1] "Time remaining 6092.16"
[1] "Since last readout: 84.87"
[1] "2021-09-17 14:26:51 BST"
[1] 5400
[1] "Percent remaining 73"
[1] "Time remaining 6013.94"
[1] "Since last readout: 84.51"
[1] "2021-09-17 14:28:16 BST"
[1] 5600
[1] "Percent remaining 72"
[1] "Time remaining 5937.26"
[1] "Since last readout: 85.3"
[1] "2021-09-17 14:29:41 BST"
[1] 5800
[1] "Percent remaining 71"
[1] "Time remaining 5853.78"
[1] "Since last readout: 82.74"
[1] "2021-09-17 14:31:04 BST"
[1] 6000
[1] "Percent remaining 70"
[1] "Time remaining 5768.79"
[1] "Since last readout: 82.07"
[1] "2021-09-17 14:32:26 BST"
[1] 6200
[1] "Percent remaining 69"
[1] "Time remaining 5680.35"
[1] "Since last readout: 80.43"
[1] "2021-09-17 14:33:46 BST"
[1] 6400
[1] "Percent remaining 68"
[1] "Time remaining 5592.11"
[1] "Since last readout: 80.28"
[1] "2021-09-17 14:35:07 BST"
[1] 6600
[1] "Percent remaining 67"
[1] "Time remaining 5507.97"
[1] "Since last readout: 82.08"
[1] "2021-09-17 14:36:29 BST"
[1] 6800
[1] "Percent remaining 66"
[1] "Time remaining 5426.5"
[1] "Since last readout: 83.4"
[1] "2021-09-17 14:37:52 BST"
[1] 7000
[1] "Percent remaining 65"
[1] "Time remaining 5343.93"
[1] "Since last readout: 82.86"
[1] "2021-09-17 14:39:15 BST"
[1] 7200
[1] "Percent remaining 64"
[1] "Time remaining 5259.19"
[1] "Since last readout: 81.64"
[1] "2021-09-17 14:40:37 BST"
[1] 7400
[1] "Percent remaining 63"
[1] "Time remaining 5179.17"
[1] "Since last readout: 84.34"
[1] "2021-09-17 14:42:01 BST"
[1] 7600
[1] "Percent remaining 62"
[1] "Time remaining 5096.34"
[1] "Since last readout: 82.74"
[1] "2021-09-17 14:43:24 BST"
[1] "min_ep = 0.993148148148148"
[1] "7725  Using UKFE2 and medianThresh"
[1] 7800
[1] "Percent remaining 61"
[1] "Time remaining 5004.91"
[1] "Since last readout: 77.2"
[1] "2021-09-17 14:44:41 BST"
[1] "min_ep = 0.723425925925926"
[1] "7926  Using UKFE2 and medianThresh"
[1] "min_ep = 0.757777777777778"
[1] "7944  Using UKFE2 and medianThresh"
[1] "min_ep = 0.797685185185185"
[1] "7946  Using UKFE2 and medianThresh"
[1] "min_ep = 0.753148148148148"
[1] "7962  Using UKFE2 and medianThresh"
[1] "min_ep = 0.768888888888889"
[1] "7963  Using UKFE2 and medianThresh"
[1] "min_ep = 0.77287037037037"
[1] "7965  Using UKFE2 and medianThresh"
[1] "min_ep = 0.738888888888889"
[1] "7976  Using UKFE2 and medianThresh"
[1] "min_ep = 0.748425925925926"
[1] "7977  Using UKFE2 and medianThresh"
[1] "min_ep = 0.768611111111111"
[1] "7991  Using UKFE2 and medianThresh"
[1] "min_ep = 0.768796296296296"
[1] "7992  Using UKFE2 and medianThresh"
[1] 8000
[1] "Percent remaining 60"
[1] "Time remaining 4911.4"
[1] "Since last readout: 75.33"
[1] "2021-09-17 14:45:56 BST"
[1] "min_ep = 0.752407407407407"
[1] "8007  Using UKFE2 and medianThresh"
[1] "min_ep = 0.752777777777778"
[1] "8008  Using UKFE2 and medianThresh"
[1] 8200
[1] "Percent remaining 59"
[1] "Time remaining 4822.36"
[1] "Since last readout: 77.83"
[1] "2021-09-17 14:47:14 BST"
[1] 8400
[1] "Percent remaining 58"
[1] "Time remaining 4733.21"
[1] "Since last readout: 77.36"
[1] "2021-09-17 14:48:31 BST"
[1] 8600
[1] "Percent remaining 57"
[1] "Time remaining 4641.82"
[1] "Since last readout: 75.24"
[1] "2021-09-17 14:49:47 BST"
[1] "min_ep = 0.325277777777778"
[1] "8664  Using UKFE2 and medianThresh"
[1] 8800
[1] "Percent remaining 56"
[1] "Time remaining 4554.68"
[1] "Since last readout: 78.03"
[1] "2021-09-17 14:51:05 BST"
[1] 9000
[1] "Percent remaining 55"
[1] "Time remaining 4466.27"
[1] "Since last readout: 76.65"
[1] "2021-09-17 14:52:21 BST"
[1] "min_ep = 0.791388888888889"
[1] "9031  Using UKFE2 and medianThresh"
[1] "min_ep = 0.797777777777778"
[1] "9032  Using UKFE2 and medianThresh"
[1] "min_ep = 0.768981481481481"
[1] "9073  Using UKFE2 and medianThresh"
[1] "min_ep = 0.792407407407407"
[1] "9074  Using UKFE2 and medianThresh"
[1] "min_ep = 0.779351851851852"
[1] "9104  Using UKFE2 and medianThresh"
[1] "min_ep = 0.695555555555556"
[1] "9129  Using UKFE2 and medianThresh"
[1] "min_ep = 0.686759259259259"
[1] "9150  Using UKFE2 and medianThresh"
[1] "min_ep = 0.530185185185185"
[1] "9171  Using UKFE2 and medianThresh"
[1] 9200
[1] "Percent remaining 54"
[1] "Time remaining 4379.53"
[1] "Since last readout: 77.65"
[1] "2021-09-17 14:53:39 BST"
[1] 9400
[1] "Percent remaining 53"
[1] "Time remaining 4292.24"
[1] "Since last readout: 76.8"
[1] "2021-09-17 14:54:56 BST"
[1] 9600
[1] "Percent remaining 52"
[1] "Time remaining 4206.14"
[1] "Since last readout: 77.5"
[1] "2021-09-17 14:56:13 BST"
[1] 9800
[1] "Percent remaining 51"
[1] "Time remaining 4120.72"
[1] "Since last readout: 77.83"
[1] "2021-09-17 14:57:31 BST"
[1] 10000
[1] "Percent remaining 50"
[1] "Time remaining 4036.36"
[1] "Since last readout: 78.59"
[1] "2021-09-17 14:58:50 BST"
[1] 10200
[1] "Percent remaining 49"
[1] "Time remaining 3950.49"
[1] "Since last readout: 76.76"
[1] "2021-09-17 15:00:06 BST"
[1] 10400
[1] "Percent remaining 48"
[1] "Time remaining 3864.82"
[1] "Since last readout: 76.61"
[1] "2021-09-17 15:01:23 BST"
[1] "min_ep = 0.102222222222222"
[1] "10509  Using UKFE2 and medianThresh"
[1] "min_ep = 0.0841666666666667"
[1] "10567  Using UKFE2 and medianThresh"
[1] 10600
[1] "Percent remaining 47"
[1] "Time remaining 3779.41"
[1] "Since last readout: 76.5"
[1] "2021-09-17 15:02:40 BST"
[1] "min_ep = 0.0836111111111111"
[1] "10613  Using UKFE2 and medianThresh"
[1] "min_ep = 0.0815740740740741"
[1] "10650  Using UKFE2 and medianThresh"
[1] "min_ep = 0.0810185185185185"
[1] "10683  Using UKFE2 and medianThresh"
[1] "min_ep = 0.0338888888888889"
[1] "10715  Using UKFE2 and medianThresh"
[1] "min_ep = 0.191296296296296"
[1] "10743  Using UKFE2 and medianThresh"
[1] "min_ep = 0.192407407407407"
[1] "10778  Using UKFE2 and medianThresh"
[1] "min_ep = 0.193703703703704"
[1] "10779  Using UKFE2 and medianThresh"
[1] 10800
[1] "Percent remaining 46"
[1] "Time remaining 3694.89"
[1] "Since last readout: 77.17"
[1] "2021-09-17 15:03:57 BST"
[1] 11000
[1] "Percent remaining 45"
[1] "Time remaining 3609.99"
[1] "Since last readout: 76.37"
[1] "2021-09-17 15:05:13 BST"
[1] 11200
[1] "Percent remaining 44"
[1] "Time remaining 3524.28"
[1] "Since last readout: 74.94"
[1] "2021-09-17 15:06:28 BST"
[1] 11400
[1] "Percent remaining 43"
[1] "Time remaining 3438.18"
[1] "Since last readout: 73.91"
[1] "2021-09-17 15:07:42 BST"
[1] 11600
[1] "Percent remaining 42"
[1] "Time remaining 3350.91"
[1] "Since last readout: 71.69"
[1] "2021-09-17 15:08:54 BST"
[1] 11800
[1] "Percent remaining 41"
[1] "Time remaining 3266.03"
[1] "Since last readout: 74.41"
[1] "2021-09-17 15:10:08 BST"
[1] 12000
[1] "Percent remaining 40"
[1] "Time remaining 3180.49"
[1] "Since last readout: 72.86"
[1] "2021-09-17 15:11:21 BST"
[1] 12200
[1] "Percent remaining 39"
[1] "Time remaining 3097.12"
[1] "Since last readout: 75.65"
[1] "2021-09-17 15:12:37 BST"
[1] 12400
[1] "Percent remaining 38"
[1] "Time remaining 3012.18"
[1] "Since last readout: 72.63"
[1] "2021-09-17 15:13:49 BST"
[1] 12600
[1] "Percent remaining 37"
[1] "Time remaining 2928.71"
[1] "Since last readout: 74.5"
[1] "2021-09-17 15:15:04 BST"
[1] 12800
[1] "Percent remaining 36"
[1] "Time remaining 2845.23"
[1] "Since last readout: 73.99"
[1] "2021-09-17 15:16:18 BST"
[1] 13000
[1] "Percent remaining 35"
[1] "Time remaining 2763.38"
[1] "Since last readout: 76.48"
[1] "2021-09-17 15:17:34 BST"
[1] 13200
[1] "Percent remaining 34"
[1] "Time remaining 2681.31"
[1] "Since last readout: 75.74"
[1] "2021-09-17 15:18:50 BST"
[1] 13400
[1] "Percent remaining 33"
[1] "Time remaining 2599.42"
[1] "Since last readout: 75.73"
[1] "2021-09-17 15:20:06 BST"
[1] 13600
[1] "Percent remaining 32"
[1] "Time remaining 2517.87"
[1] "Since last readout: 76.05"
[1] "2021-09-17 15:21:22 BST"
[1] 13800
[1] "Percent remaining 31"
[1] "Time remaining 2436.99"
[1] "Since last readout: 77.22"
[1] "2021-09-17 15:22:39 BST"
[1] 14000
[1] "Percent remaining 30"
[1] "Time remaining 2354.98"
[1] "Since last readout: 74.29"
[1] "2021-09-17 15:23:53 BST"
[1] 14200
[1] "Percent remaining 29"
[1] "Time remaining 2272.07"
[1] "Since last readout: 71.52"
[1] "2021-09-17 15:25:05 BST"
[1] 14400
[1] "Percent remaining 28"
[1] "Time remaining 2190.39"
[1] "Since last readout: 73.92"
[1] "2021-09-17 15:26:19 BST"
[1] 14600
[1] "Percent remaining 27"
[1] "Time remaining 2108.42"
[1] "Since last readout: 72.5"
[1] "2021-09-17 15:27:31 BST"
[1] 14800
[1] "Percent remaining 26"
[1] "Time remaining 2027.24"
[1] "Since last readout: 74.07"
[1] "2021-09-17 15:28:45 BST"
[1] 15000
[1] "Percent remaining 25"
[1] "Time remaining 1947.15"
[1] "Since last readout: 76.83"
[1] "2021-09-17 15:30:02 BST"
[1] 15200
[1] "Percent remaining 24"
[1] "Time remaining 1868.19"
[1] "Since last readout: 80.16"
[1] "2021-09-17 15:31:22 BST"
[1] 15400
[1] "Percent remaining 23"
[1] "Time remaining 1788.4"
[1] "Since last readout: 77.46"
[1] "2021-09-17 15:32:40 BST"
[1] 15600
[1] "Percent remaining 22"
[1] "Time remaining 1708.22"
[1] "Since last readout: 75.85"
[1] "2021-09-17 15:33:56 BST"
[1] 15800
[1] "Percent remaining 21"
[1] "Time remaining 1628.2"
[1] "Since last readout: 76.03"
[1] "2021-09-17 15:35:12 BST"
[1] 16000
[1] "Percent remaining 20"
[1] "Time remaining 1547.9"
[1] "Since last readout: 74.46"
[1] "2021-09-17 15:36:26 BST"
[1] 16200
[1] "Percent remaining 19"
[1] "Time remaining 1467.79"
[1] "Since last readout: 74.68"
[1] "2021-09-17 15:37:41 BST"
[1] 16400
[1] "Percent remaining 18"
[1] "Time remaining 1388.18"
[1] "Since last readout: 76.36"
[1] "2021-09-17 15:38:57 BST"
[1] "min_ep = 0.798055555555556"
[1] "16497  Using UKFE2 and medianThresh"
[1] 16600
[1] "Percent remaining 17"
[1] "Time remaining 1308.63"
[1] "Since last readout: 76.31"
[1] "2021-09-17 15:40:13 BST"
[1] 16800
[1] "Percent remaining 16"
[1] "Time remaining 1229.3"
[1] "Since last readout: 77.06"
[1] "2021-09-17 15:41:30 BST"
[1] "min_ep = 0.708981481481481"
[1] "16887  Using UKFE2 and medianThresh"
[1] "min_ep = 0.704444444444444"
[1] "16915  Using UKFE2 and medianThresh"
[1] "min_ep = 0.739722222222222"
[1] "16916  Using UKFE2 and medianThresh"
[1] "min_ep = 0.789722222222222"
[1] "16949  Using UKFE2 and medianThresh"
[1] "min_ep = 0.782962962962963"
[1] "16998  Using UKFE2 and medianThresh"
[1] 17000
[1] "Percent remaining 15"
[1] "Time remaining 1149.16"
[1] "Since last readout: 72.01"
[1] "2021-09-17 15:42:42 BST"
[1] "min_ep = 0.79"
[1] "17028  Using UKFE2 and medianThresh"
[1] "min_ep = 0.777314814814815"
[1] "17029  Using UKFE2 and medianThresh"
[1] "min_ep = 0.774444444444444"
[1] "17061  Using UKFE2 and medianThresh"
[1] "min_ep = 0.79037037037037"
[1] "17062  Using UKFE2 and medianThresh"
[1] "min_ep = 0.789351851851852"
[1] "17094  Using UKFE2 and medianThresh"
[1] "min_ep = 0.722962962962963"
[1] "17125  Using UKFE2 and medianThresh"
[1] "min_ep = 0.789537037037037"
[1] "17128  Using UKFE2 and medianThresh"
[1] "min_ep = 0.651481481481481"
[1] "17152  Using UKFE2 and medianThresh"
[1] "min_ep = 0.741296296296296"
[1] "17153  Using UKFE2 and medianThresh"
[1] "min_ep = 0.746574074074074"
[1] "17154  Using UKFE2 and medianThresh"
[1] "min_ep = 0.749814814814815"
[1] "17155  Using UKFE2 and medianThresh"
[1] "min_ep = 0.745925925925926"
[1] "17156  Using UKFE2 and medianThresh"
[1] "min_ep = 0.786666666666667"
[1] "17157  Using UKFE2 and medianThresh"
[1] "min_ep = 0.705925925925926"
[1] "17185  Using UKFE2 and medianThresh"
[1] "min_ep = 0.707592592592593"
[1] "17186  Using UKFE2 and medianThresh"
[1] "min_ep = 0.710833333333333"
[1] "17187  Using UKFE2 and medianThresh"
[1] "min_ep = 0.746574074074074"
[1] "17188  Using UKFE2 and medianThresh"
[1] "min_ep = 0.785740740740741"
[1] "17189  Using UKFE2 and medianThresh"
[1] "min_ep = 0.783055555555556"
[1] "17190  Using UKFE2 and medianThresh"
[1] "min_ep = 0.784074074074074"
[1] "17191  Using UKFE2 and medianThresh"
[1] "min_ep = 0.78287037037037"
[1] "17192  Using UKFE2 and medianThresh"
[1] 17200
[1] "Percent remaining 14"
[1] "Time remaining 1069.04"
[1] "Since last readout: 71"
[1] "2021-09-17 15:43:53 BST"
[1] "min_ep = 0.599814814814815"
[1] "17216  Using UKFE2 and medianThresh"
[1] "min_ep = 0.698981481481482"
[1] "17217  Using UKFE2 and medianThresh"
[1] "min_ep = 0.704351851851852"
[1] "17218  Using UKFE2 and medianThresh"
[1] "min_ep = 0.706759259259259"
[1] "17219  Using UKFE2 and medianThresh"
[1] "min_ep = 0.709074074074074"
[1] "17220  Using UKFE2 and medianThresh"
[1] "min_ep = 0.709537037037037"
[1] "17221  Using UKFE2 and medianThresh"
[1] "min_ep = 0.782314814814815"
[1] "17224  Using UKFE2 and medianThresh"
[1] "min_ep = 0.580462962962963"
[1] "17253  Using UKFE2 and medianThresh"
[1] "min_ep = 0.581111111111111"
[1] "17254  Using UKFE2 and medianThresh"
[1] "min_ep = 0.681296296296296"
[1] "17255  Using UKFE2 and medianThresh"
[1] "min_ep = 0.685"
[1] "17256  Using UKFE2 and medianThresh"
[1] "min_ep = 0.68"
[1] "17257  Using UKFE2 and medianThresh"
[1] "min_ep = 0.686759259259259"
[1] "17258  Using UKFE2 and medianThresh"
[1] "min_ep = 0.690555555555556"
[1] "17259  Using UKFE2 and medianThresh"
[1] "min_ep = 0.68962962962963"
[1] "17260  Using UKFE2 and medianThresh"
[1] "min_ep = 0.658333333333333"
[1] "17297  Using UKFE2 and medianThresh"
[1] "min_ep = 0.683611111111111"
[1] "17298  Using UKFE2 and medianThresh"
[1] "min_ep = 0.976759259259259"
[1] "17347  Using UKFE2 and medianThresh"
[1] "min_ep = 0.797777777777778"
[1] "17394  Using UKFE2 and medianThresh"
[1] 17400
[1] "Percent remaining 13"
[1] "Time remaining 989.2"
[1] "Since last readout: 71.42"
[1] "2021-09-17 15:45:05 BST"
[1] 17600
[1] "Percent remaining 12"
[1] "Time remaining 909.84"
[1] "Since last readout: 73.64"
[1] "2021-09-17 15:46:18 BST"
[1] "min_ep = 0.703333333333333"
[1] "17757  Using UKFE2 and medianThresh"
[1] "min_ep = 0.703333333333333"
[1] "17775  Using UKFE2 and medianThresh"
[1] "min_ep = 0.7075"
[1] "17776  Using UKFE2 and medianThresh"
[1] "min_ep = 0.706481481481481"
[1] "17777  Using UKFE2 and medianThresh"
[1] "min_ep = 0.7075"
[1] "17778  Using UKFE2 and medianThresh"
[1] "min_ep = 0.774537037037037"
[1] "17799  Using UKFE2 and medianThresh"
[1] 17800
[1] "Percent remaining 11"
[1] "Time remaining 830.38"
[1] "Since last readout: 71.67"
[1] "2021-09-17 15:47:30 BST"
[1] "min_ep = 0.709166666666667"
[1] "17800  Using UKFE2 and medianThresh"
[1] "min_ep = 0.704814814814815"
[1] "17801  Using UKFE2 and medianThresh"
[1] "min_ep = 0.657222222222222"
[1] "17818  Using UKFE2 and medianThresh"
[1] "min_ep = 0.772592592592593"
[1] "17824  Using UKFE2 and medianThresh"
[1] "min_ep = 0.775833333333333"
[1] "17825  Using UKFE2 and medianThresh"
[1] "min_ep = 0.671203703703704"
[1] "17850  Using UKFE2 and medianThresh"
[1] "min_ep = 0.797037037037037"
[1] "17856  Using UKFE2 and medianThresh"
[1] "min_ep = 0.770925925925926"
[1] "17857  Using UKFE2 and medianThresh"
[1] "min_ep = 0.677407407407407"
[1] "17887  Using UKFE2 and medianThresh"
[1] "min_ep = 0.655925925925926"
[1] "17888  Using UKFE2 and medianThresh"
[1] "min_ep = 0.798425925925926"
[1] "17893  Using UKFE2 and medianThresh"
[1] "min_ep = 0.654537037037037"
[1] "17932  Using UKFE2 and medianThresh"
[1] "min_ep = 0.656203703703704"
[1] "17979  Using UKFE2 and medianThresh"
[1] "min_ep = 0.670555555555556"
[1] "17980  Using UKFE2 and medianThresh"
[1] "min_ep = 0.787685185185185"
[1] "17985  Using UKFE2 and medianThresh"
[1] 18000
[1] "Percent remaining 10"
[1] "Time remaining 750.83"
[1] "Since last readout: 69.33"
[1] "2021-09-17 15:48:40 BST"
[1] "min_ep = 0.671944444444444"
[1] "18034  Using UKFE2 and medianThresh"
[1] "min_ep = 0.798148148148148"
[1] "18037  Using UKFE2 and medianThresh"
[1] "min_ep = 0.728611111111111"
[1] "18039  Using UKFE2 and medianThresh"
[1] "min_ep = 0.730555555555556"
[1] "18040  Using UKFE2 and medianThresh"
[1] "min_ep = 0.667962962962963"
[1] "18072  Using UKFE2 and medianThresh"
[1] "min_ep = 0.669814814814815"
[1] "18073  Using UKFE2 and medianThresh"
[1] "min_ep = 0.795833333333333"
[1] "18077  Using UKFE2 and medianThresh"
[1] "min_ep = 0.754074074074074"
[1] "18079  Using UKFE2 and medianThresh"
[1] "min_ep = 0.693240740740741"
[1] "18080  Using UKFE2 and medianThresh"
[1] "min_ep = 0.694444444444444"
[1] "18081  Using UKFE2 and medianThresh"
[1] "min_ep = 0.681851851851852"
[1] "18082  Using UKFE2 and medianThresh"
[1] "min_ep = 0.691296296296296"
[1] "18083  Using UKFE2 and medianThresh"
[1] "min_ep = 0.690833333333333"
[1] "18106  Using UKFE2 and medianThresh"
[1] "min_ep = 0.795555555555556"
[1] "18110  Using UKFE2 and medianThresh"
[1] "min_ep = 0.693611111111111"
[1] "18113  Using UKFE2 and medianThresh"
[1] "min_ep = 0.725925925925926"
[1] "18114  Using UKFE2 and medianThresh"
[1] "min_ep = 0.689351851851852"
[1] "18130  Using UKFE2 and medianThresh"
[1] "min_ep = 0.795925925925926"
[1] "18134  Using UKFE2 and medianThresh"
[1] "min_ep = 0.68787037037037"
[1] "18136  Using UKFE2 and medianThresh"
[1] "min_ep = 0.685740740740741"
[1] "18137  Using UKFE2 and medianThresh"
[1] "min_ep = 0.687592592592593"
[1] "18138  Using UKFE2 and medianThresh"
[1] "min_ep = 0.679907407407407"
[1] "18139  Using UKFE2 and medianThresh"
[1] "min_ep = 0.682407407407407"
[1] "18140  Using UKFE2 and medianThresh"
[1] "min_ep = 0.750925925925926"
[1] "18141  Using UKFE2 and medianThresh"
[1] "min_ep = 0.686296296296296"
[1] "18156  Using UKFE2 and medianThresh"
[1] "min_ep = 0.748425925925926"
[1] "18161  Using UKFE2 and medianThresh"
[1] "min_ep = 0.693240740740741"
[1] "18182  Using UKFE2 and medianThresh"
[1] "min_ep = 0.751481481481482"
[1] "18187  Using UKFE2 and medianThresh"
[1] 18200
[1] "Percent remaining 9"
[1] "Time remaining 671.41"
[1] "Since last readout: 68.23"
[1] "2021-09-17 15:49:48 BST"
[1] "min_ep = 0.751481481481482"
[1] "18206  Using UKFE2 and medianThresh"
[1] "min_ep = 0.751111111111111"
[1] "18238  Using UKFE2 and medianThresh"
[1] "min_ep = 0.755185185185185"
[1] "18265  Using UKFE2 and medianThresh"
[1] "min_ep = 0.70287037037037"
[1] "18285  Using UKFE2 and medianThresh"
[1] "min_ep = 0.768518518518518"
[1] "18287  Using UKFE2 and medianThresh"
[1] "min_ep = 0.795462962962963"
[1] "18288  Using UKFE2 and medianThresh"
[1] "min_ep = 0.769537037037037"
[1] "18309  Using UKFE2 and medianThresh"
[1] "min_ep = 0.795833333333333"
[1] "18318  Using UKFE2 and medianThresh"
[1] "min_ep = 0.790648148148148"
[1] "18346  Using UKFE2 and medianThresh"
[1] "min_ep = 0.791388888888889"
[1] "18347  Using UKFE2 and medianThresh"
[1] "min_ep = 0.739722222222222"
[1] "18349  Using UKFE2 and medianThresh"
[1] "min_ep = 0.793240740740741"
[1] "18380  Using UKFE2 and medianThresh"
[1] "min_ep = 0.754259259259259"
[1] "18382  Using UKFE2 and medianThresh"
[1] 18400
[1] "Percent remaining 8"
[1] "Time remaining 592.32"
[1] "Since last readout: 69.21"
[1] "2021-09-17 15:50:57 BST"
[1] "min_ep = 0.765092592592593"
[1] "18408  Using UKFE2 and medianThresh"
[1] 18600
[1] "Percent remaining 7"
[1] "Time remaining 513.58"
[1] "Since last readout: 71.28"
[1] "2021-09-17 15:52:08 BST"
[1] 18800
[1] "Percent remaining 6"
[1] "Time remaining 435.09"
[1] "Since last readout: 72.78"
[1] "2021-09-17 15:53:21 BST"
[1] 19000
[1] "Percent remaining 5"
[1] "Time remaining 356.76"
[1] "Since last readout: 73.56"
[1] "2021-09-17 15:54:35 BST"
[1] 19200
[1] "Percent remaining 4"
[1] "Time remaining 278.61"
[1] "Since last readout: 75.71"
[1] "2021-09-17 15:55:50 BST"
[1] 19400
[1] "Percent remaining 3"
[1] "Time remaining 200.54"
[1] "Since last readout: 77.01"
[1] "2021-09-17 15:57:07 BST"
[1] 19600
[1] "Percent remaining 2"
[1] "Time remaining 122.46"
[1] "Since last readout: 75.07"
[1] "2021-09-17 15:58:22 BST"
[1] 19800
[1] "Percent remaining 1"
[1] "Time remaining 44.46"
[1] "Since last readout: 78.29"
[1] "2021-09-17 15:59:41 BST"
[1] "saving outputs"
'data.frame':	19914 obs. of  7 variables:
 $ meanint   : num  0.75 0.75 0.75 0.75 0.75 0.75 0.75 0.75 0.75 0.75 ...
 $ threshold : num  22.2 21.9 75.3 21.7 21.3 ...
 $ loc       : num  22.2 21.9 75.3 21.7 21.3 ...
 $ sca       : num  8.05 7.84 19.64 7.62 7.37 ...
 $ shape     : num  -0.212 -0.217 -0.361 -0.219 -0.223 ...
 $ threshquan: num  0.993 0.993 0.993 0.993 0.993 ...
 $ pot2      : num  22 21.6 71.9 21.4 21.1 ...
'data.frame':	19914 obs. of  5 variables:
 $ X1: num  NA NA NA NA NA NA NA NA NA NA ...
 $ X2: num  22 21.6 71.9 21.4 21.1 ...
 $ X3: num  NA NA NA NA NA NA NA NA NA NA ...
 $ X4: num  NA NA NA NA NA NA NA NA NA NA ...
 $ X5: num  NA NA NA NA NA NA NA NA NA NA ...
[1] "2021-09-17 16:00:26 BST"
[1] "102 Complete"
