[1] "2021-02-11 14:23:15 GMT"
[1] "Running for threshold POT2 at  pc05 minimum spread."
[1] "2021-02-11 14:23:18 GMT"
File /prj/aquacat/run_hmfg2g/outputs/dmflow_RCM05_198012_201011_out.nc (NC_FORMAT_NETCDF4):

     1 variables (excluding dimension variables):
        float dmflow[Easting,Northing,Time]   (Chunking: [13,19,4])  (Compression: shuffle,level 5)
            units: m3 s-1
            standard_name: dmflow
            long_name: Daily mean river flow
            _FillValue: -999
            missing_value: -999

     3 dimensions:
        Northing  Size:1000
            standard_name: Northing
            axis: Y
            units: GB National Grid
        Easting  Size:700
            standard_name: Easting
            axis: X
            units: GB National Grid
        Time  Size:10800   *** is unlimited ***
            standard_name: Time
            axis: T
            units: days since 1961-1-1 0:0:0
            calendar: 360_day
Time difference of 0 secs
[1] "loop start"
[1] 1
[1] "Percent remaining 100"
[1] "Time remaining 1399.87"
[1] "Since last readout: 0.07"
[1] "2021-02-11 14:23:24 GMT"
[1] 2
[1] "Percent remaining 100"
[1] "Time remaining 116185.43"
[1] "Since last readout: 11.6"
[1] "2021-02-11 14:23:35 GMT"
[1] 3
[1] "Percent remaining 100"
[1] "Time remaining 79157.66"
[1] "Since last readout: 0.26"
[1] "2021-02-11 14:23:35 GMT"
[1] 4
[1] "Percent remaining 100"
[1] "Time remaining 60653.47"
[1] "Since last readout: 0.26"
[1] "2021-02-11 14:23:36 GMT"
[1] 5
[1] "Percent remaining 100"
[1] "Time remaining 49535.41"
[1] "Since last readout: 0.25"
[1] "2021-02-11 14:23:36 GMT"
[1] 6
[1] "Percent remaining 100"
[1] "Time remaining 42132.07"
[1] "Since last readout: 0.26"
[1] "2021-02-11 14:23:36 GMT"
[1] 7
[1] "Percent remaining 100"
[1] "Time remaining 36851.63"
[1] "Since last readout: 0.26"
[1] "2021-02-11 14:23:36 GMT"
[1] 8
[1] "Percent remaining 100"
[1] "Time remaining 32880.41"
[1] "Since last readout: 0.26"
[1] "2021-02-11 14:23:37 GMT"
[1] 9
[1] "Percent remaining 100"
[1] "Time remaining 29790.94"
[1] "Since last readout: 0.26"
[1] "2021-02-11 14:23:37 GMT"
[1] 200
[1] "Percent remaining 99"
[1] "Time remaining 5524.73"
[1] "Since last readout: 42.58"
[1] "2021-02-11 14:24:20 GMT"
[1] 400
[1] "Percent remaining 98"
[1] "Time remaining 4466.98"
[1] "Since last readout: 35.52"
[1] "2021-02-11 14:24:55 GMT"
[1] 600
[1] "Percent remaining 97"
[1] "Time remaining 3993.7"
[1] "Since last readout: 32.5"
[1] "2021-02-11 14:25:28 GMT"
[1] 800
[1] "Percent remaining 96"
[1] "Time remaining 3746.02"
[1] "Since last readout: 32.72"
[1] "2021-02-11 14:26:00 GMT"
[1] 1000
[1] "Percent remaining 95"
[1] "Time remaining 3591.13"
[1] "Since last readout: 33.08"
[1] "2021-02-11 14:26:33 GMT"
[1] 1200
[1] "Percent remaining 94"
[1] "Time remaining 3499.92"
[1] "Since last readout: 34.56"
[1] "2021-02-11 14:27:08 GMT"
[1] 1400
[1] "Percent remaining 93"
[1] "Time remaining 3373.97"
[1] "Since last readout: 30.71"
[1] "2021-02-11 14:27:39 GMT"
[1] 1600
[1] "Percent remaining 92"
[1] "Time remaining 3271.35"
[1] "Since last readout: 30.67"
[1] "2021-02-11 14:28:09 GMT"
[1] 1800
[1] "Percent remaining 91"
[1] "Time remaining 3186.92"
[1] "Since last readout: 30.88"
[1] "2021-02-11 14:28:40 GMT"
[1] 2000
[1] "Percent remaining 90"
[1] "Time remaining 3109.22"
[1] "Since last readout: 30.44"
[1] "2021-02-11 14:29:11 GMT"
[1] 2200
[1] "Percent remaining 89"
[1] "Time remaining 3037.53"
[1] "Since last readout: 30.12"
[1] "2021-02-11 14:29:41 GMT"
[1] 2400
[1] "Percent remaining 88"
[1] "Time remaining 2966.54"
[1] "Since last readout: 29.27"
[1] "2021-02-11 14:30:10 GMT"
[1] 2600
[1] "Percent remaining 87"
[1] "Time remaining 2913.79"
[1] "Since last readout: 31.04"
[1] "2021-02-11 14:30:41 GMT"
[1] 2800
[1] "Percent remaining 86"
[1] "Time remaining 2869.27"
[1] "Since last readout: 31.88"
[1] "2021-02-11 14:31:13 GMT"
[1] 3000
[1] "Percent remaining 85"
[1] "Time remaining 2827.57"
[1] "Since last readout: 32.08"
[1] "2021-02-11 14:31:45 GMT"
[1] 3200
[1] "Percent remaining 84"
[1] "Time remaining 2783.78"
[1] "Since last readout: 31.45"
[1] "2021-02-11 14:32:16 GMT"
[1] 3400
[1] "Percent remaining 83"
[1] "Time remaining 2749.98"
[1] "Since last readout: 33.21"
[1] "2021-02-11 14:32:50 GMT"
[1] 3600
[1] "Percent remaining 82"
[1] "Time remaining 2710.98"
[1] "Since last readout: 32.05"
[1] "2021-02-11 14:33:22 GMT"
[1] 3800
[1] "Percent remaining 81"
[1] "Time remaining 2671.16"
[1] "Since last readout: 31.68"
[1] "2021-02-11 14:33:53 GMT"
[1] 4000
[1] "Percent remaining 80"
[1] "Time remaining 2634.9"
[1] "Since last readout: 32.37"
[1] "2021-02-11 14:34:26 GMT"
[1] 4200
[1] "Percent remaining 79"
[1] "Time remaining 2602.41"
[1] "Since last readout: 33.28"
[1] "2021-02-11 14:34:59 GMT"
[1] 4400
[1] "Percent remaining 78"
[1] "Time remaining 2573"
[1] "Since last readout: 34.18"
[1] "2021-02-11 14:35:33 GMT"
[1] 4600
[1] "Percent remaining 77"
[1] "Time remaining 2533.02"
[1] "Since last readout: 31.12"
[1] "2021-02-11 14:36:04 GMT"
[1] 4800
[1] "Percent remaining 76"
[1] "Time remaining 2497.29"
[1] "Since last readout: 32.24"
[1] "2021-02-11 14:36:37 GMT"
[1] 5000
[1] "Percent remaining 75"
[1] "Time remaining 2460.94"
[1] "Since last readout: 31.94"
[1] "2021-02-11 14:37:09 GMT"
[1] 5200
[1] "Percent remaining 74"
[1] "Time remaining 2421.24"
[1] "Since last readout: 30.63"
[1] "2021-02-11 14:37:39 GMT"
[1] 5400
[1] "Percent remaining 73"
[1] "Time remaining 2381.02"
[1] "Since last readout: 30.19"
[1] "2021-02-11 14:38:09 GMT"
[1] 5600
[1] "Percent remaining 72"
[1] "Time remaining 2343.08"
[1] "Since last readout: 30.8"
[1] "2021-02-11 14:38:40 GMT"
[1] 5800
[1] "Percent remaining 71"
[1] "Time remaining 2306.45"
[1] "Since last readout: 31.14"
[1] "2021-02-11 14:39:11 GMT"
[1] 6000
[1] "Percent remaining 70"
[1] "Time remaining 2270.1"
[1] "Since last readout: 31.1"
[1] "2021-02-11 14:39:42 GMT"
[1] 6200
[1] "Percent remaining 69"
[1] "Time remaining 2233.79"
[1] "Since last readout: 30.97"
[1] "2021-02-11 14:40:13 GMT"
[1] 6400
[1] "Percent remaining 68"
[1] "Time remaining 2197.14"
[1] "Since last readout: 30.65"
[1] "2021-02-11 14:40:44 GMT"
[1] 6600
[1] "Percent remaining 67"
[1] "Time remaining 2162.12"
[1] "Since last readout: 31.27"
[1] "2021-02-11 14:41:15 GMT"
[1] 6800
[1] "Percent remaining 66"
[1] "Time remaining 2126.26"
[1] "Since last readout: 30.72"
[1] "2021-02-11 14:41:46 GMT"
[1] 7000
[1] "Percent remaining 65"
[1] "Time remaining 2090.08"
[1] "Since last readout: 30.39"
[1] "2021-02-11 14:42:16 GMT"
[1] 7200
[1] "Percent remaining 64"
[1] "Time remaining 2054.49"
[1] "Since last readout: 30.55"
[1] "2021-02-11 14:42:47 GMT"
[1] 7400
[1] "Percent remaining 63"
[1] "Time remaining 2019.08"
[1] "Since last readout: 30.49"
[1] "2021-02-11 14:43:17 GMT"
[1] 7600
[1] "Percent remaining 62"
[1] "Time remaining 1985.2"
[1] "Since last readout: 31.28"
[1] "2021-02-11 14:43:49 GMT"
[1] 7800
[1] "Percent remaining 61"
[1] "Time remaining 1951.53"
[1] "Since last readout: 31.32"
[1] "2021-02-11 14:44:20 GMT"
[1] 8000
[1] "Percent remaining 60"
[1] "Time remaining 1916.92"
[1] "Since last readout: 30.61"
[1] "2021-02-11 14:44:51 GMT"
[1] 8200
[1] "Percent remaining 59"
[1] "Time remaining 1883.57"
[1] "Since last readout: 31.36"
[1] "2021-02-11 14:45:22 GMT"
[1] 8400
[1] "Percent remaining 58"
[1] "Time remaining 1850.42"
[1] "Since last readout: 31.44"
[1] "2021-02-11 14:45:53 GMT"
[1] 8600
[1] "Percent remaining 57"
[1] "Time remaining 1818.17"
[1] "Since last readout: 32.06"
[1] "2021-02-11 14:46:26 GMT"
[1] 8800
[1] "Percent remaining 56"
[1] "Time remaining 1786.41"
[1] "Since last readout: 32.44"
[1] "2021-02-11 14:46:58 GMT"
[1] 9000
[1] "Percent remaining 55"
[1] "Time remaining 1756.82"
[1] "Since last readout: 34.26"
[1] "2021-02-11 14:47:32 GMT"
[1] 9200
[1] "Percent remaining 54"
[1] "Time remaining 1727.54"
[1] "Since last readout: 34.7"
[1] "2021-02-11 14:48:07 GMT"
[1] 9400
[1] "Percent remaining 53"
[1] "Time remaining 1696.89"
[1] "Since last readout: 33.68"
[1] "2021-02-11 14:48:41 GMT"
[1] 9600
[1] "Percent remaining 52"
[1] "Time remaining 1664.79"
[1] "Since last readout: 32.44"
[1] "2021-02-11 14:49:13 GMT"
[1] 9800
[1] "Percent remaining 51"
[1] "Time remaining 1631.35"
[1] "Since last readout: 31.16"
[1] "2021-02-11 14:49:44 GMT"
[1] 10000
[1] "Percent remaining 50"
[1] "Time remaining 1597.88"
[1] "Since last readout: 31.04"
[1] "2021-02-11 14:50:15 GMT"
[1] 10200
[1] "Percent remaining 49"
[1] "Time remaining 1564.62"
[1] "Since last readout: 31.15"
[1] "2021-02-11 14:50:46 GMT"
[1] 10400
[1] "Percent remaining 48"
[1] "Time remaining 1532.24"
[1] "Since last readout: 32.03"
[1] "2021-02-11 14:51:18 GMT"
[1] 10600
[1] "Percent remaining 47"
[1] "Time remaining 1500.43"
[1] "Since last readout: 32.67"
[1] "2021-02-11 14:51:51 GMT"
[1] 10800
[1] "Percent remaining 46"
[1] "Time remaining 1466.92"
[1] "Since last readout: 30.69"
[1] "2021-02-11 14:52:22 GMT"
[1] 11000
[1] "Percent remaining 45"
[1] "Time remaining 1434.15"
[1] "Since last readout: 31.47"
[1] "2021-02-11 14:52:53 GMT"
[1] 11200
[1] "Percent remaining 44"
[1] "Time remaining 1401.03"
[1] "Since last readout: 30.96"
[1] "2021-02-11 14:53:24 GMT"
[1] 11400
[1] "Percent remaining 43"
[1] "Time remaining 1367.82"
[1] "Since last readout: 30.75"
[1] "2021-02-11 14:53:55 GMT"
[1] 11600
[1] "Percent remaining 42"
[1] "Time remaining 1334.56"
[1] "Since last readout: 30.56"
[1] "2021-02-11 14:54:26 GMT"
[1] 11800
[1] "Percent remaining 41"
[1] "Time remaining 1302.76"
[1] "Since last readout: 32.54"
[1] "2021-02-11 14:54:58 GMT"
[1] 12000
[1] "Percent remaining 40"
[1] "Time remaining 1270.4"
[1] "Since last readout: 31.74"
[1] "2021-02-11 14:55:30 GMT"
[1] 12200
[1] "Percent remaining 39"
[1] "Time remaining 1237.67"
[1] "Since last readout: 31.11"
[1] "2021-02-11 14:56:01 GMT"
[1] 12400
[1] "Percent remaining 38"
[1] "Time remaining 1205.01"
[1] "Since last readout: 31.14"
[1] "2021-02-11 14:56:32 GMT"
[1] 12600
[1] "Percent remaining 37"
[1] "Time remaining 1172.26"
[1] "Since last readout: 30.92"
[1] "2021-02-11 14:57:03 GMT"
[1] 12800
[1] "Percent remaining 36"
[1] "Time remaining 1139.72"
[1] "Since last readout: 31.18"
[1] "2021-02-11 14:57:34 GMT"
[1] 13000
[1] "Percent remaining 35"
[1] "Time remaining 1107.13"
[1] "Since last readout: 31.03"
[1] "2021-02-11 14:58:05 GMT"
[1] 13200
[1] "Percent remaining 34"
[1] "Time remaining 1074.31"
[1] "Since last readout: 30.45"
[1] "2021-02-11 14:58:36 GMT"
[1] 13400
[1] "Percent remaining 33"
[1] "Time remaining 1042.19"
[1] "Since last readout: 31.77"
[1] "2021-02-11 14:59:07 GMT"
[1] 13600
[1] "Percent remaining 32"
[1] "Time remaining 1010.03"
[1] "Since last readout: 31.65"
[1] "2021-02-11 14:59:39 GMT"
[1] 13800
[1] "Percent remaining 31"
[1] "Time remaining 978.08"
[1] "Since last readout: 32.09"
[1] "2021-02-11 15:00:11 GMT"
[1] 14000
[1] "Percent remaining 30"
[1] "Time remaining 946.48"
[1] "Since last readout: 32.94"
[1] "2021-02-11 15:00:44 GMT"
[1] 14200
[1] "Percent remaining 29"
[1] "Time remaining 916.45"
[1] "Since last readout: 36.91"
[1] "2021-02-11 15:01:21 GMT"
[1] 14400
[1] "Percent remaining 28"
[1] "Time remaining 884.73"
[1] "Since last readout: 33.03"
[1] "2021-02-11 15:01:54 GMT"
[1] 14600
[1] "Percent remaining 27"
[1] "Time remaining 854.22"
[1] "Since last readout: 36.41"
[1] "2021-02-11 15:02:30 GMT"
[1] 14800
[1] "Percent remaining 26"
[1] "Time remaining 823.3"
[1] "Since last readout: 35.73"
[1] "2021-02-11 15:03:06 GMT"
[1] 15000
[1] "Percent remaining 25"
[1] "Time remaining 791.95"
[1] "Since last readout: 34.77"
[1] "2021-02-11 15:03:41 GMT"
[1] 15200
[1] "Percent remaining 24"
[1] "Time remaining 759.48"
[1] "Since last readout: 31.47"
[1] "2021-02-11 15:04:12 GMT"
[1] 15400
[1] "Percent remaining 23"
[1] "Time remaining 726.86"
[1] "Since last readout: 30.86"
[1] "2021-02-11 15:04:43 GMT"
[1] 15600
[1] "Percent remaining 22"
[1] "Time remaining 694.41"
[1] "Since last readout: 31.34"
[1] "2021-02-11 15:05:15 GMT"
[1] 15800
[1] "Percent remaining 21"
[1] "Time remaining 662.2"
[1] "Since last readout: 32.12"
[1] "2021-02-11 15:05:47 GMT"
[1] 16000
[1] "Percent remaining 20"
[1] "Time remaining 629.94"
[1] "Since last readout: 31.92"
[1] "2021-02-11 15:06:19 GMT"
[1] 16200
[1] "Percent remaining 19"
[1] "Time remaining 597.5"
[1] "Since last readout: 31.09"
[1] "2021-02-11 15:06:50 GMT"
[1] 16400
[1] "Percent remaining 18"
[1] "Time remaining 565.1"
[1] "Since last readout: 31.12"
[1] "2021-02-11 15:07:21 GMT"
[1] 16600
[1] "Percent remaining 17"
[1] "Time remaining 532.83"
[1] "Since last readout: 31.62"
[1] "2021-02-11 15:07:52 GMT"
[1] 16800
[1] "Percent remaining 16"
[1] "Time remaining 500.7"
[1] "Since last readout: 32.31"
[1] "2021-02-11 15:08:25 GMT"
[1] 17000
[1] "Percent remaining 15"
[1] "Time remaining 468.56"
[1] "Since last readout: 32.28"
[1] "2021-02-11 15:08:57 GMT"
[1] 17200
[1] "Percent remaining 14"
[1] "Time remaining 436.46"
[1] "Since last readout: 32.51"
[1] "2021-02-11 15:09:30 GMT"
[1] 17400
[1] "Percent remaining 13"
[1] "Time remaining 404.21"
[1] "Since last readout: 31.56"
[1] "2021-02-11 15:10:01 GMT"
[1] 17600
[1] "Percent remaining 12"
[1] "Time remaining 371.83"
[1] "Since last readout: 30.46"
[1] "2021-02-11 15:10:32 GMT"
[1] 17800
[1] "Percent remaining 11"
[1] "Time remaining 339.51"
[1] "Since last readout: 30.61"
[1] "2021-02-11 15:11:02 GMT"
[1] 18000
[1] "Percent remaining 10"
[1] "Time remaining 307.16"
[1] "Since last readout: 29.96"
[1] "2021-02-11 15:11:32 GMT"
[1] 18200
[1] "Percent remaining 9"
[1] "Time remaining 274.96"
[1] "Since last readout: 31.01"
[1] "2021-02-11 15:12:03 GMT"
[1] 18400
[1] "Percent remaining 8"
[1] "Time remaining 242.81"
[1] "Since last readout: 31.3"
[1] "2021-02-11 15:12:34 GMT"
[1] 18600
[1] "Percent remaining 7"
[1] "Time remaining 210.61"
[1] "Since last readout: 30.27"
[1] "2021-02-11 15:13:05 GMT"
[1] 18800
[1] "Percent remaining 6"
[1] "Time remaining 178.46"
[1] "Since last readout: 30.41"
[1] "2021-02-11 15:13:35 GMT"
[1] 19000
[1] "Percent remaining 5"
[1] "Time remaining 146.36"
[1] "Since last readout: 30.79"
[1] "2021-02-11 15:14:06 GMT"
[1] 19200
[1] "Percent remaining 4"
[1] "Time remaining 114.27"
[1] "Since last readout: 30.46"
[1] "2021-02-11 15:14:36 GMT"
[1] 19400
[1] "Percent remaining 3"
[1] "Time remaining 82.26"
[1] "Since last readout: 31.86"
[1] "2021-02-11 15:15:08 GMT"
[1] 19600
[1] "Percent remaining 2"
[1] "Time remaining 50.23"
[1] "Since last readout: 30.53"
[1] "2021-02-11 15:15:39 GMT"
[1] 19800
[1] "Percent remaining 1"
[1] "Time remaining 18.23"
[1] "Since last readout: 31.36"
[1] "2021-02-11 15:16:10 GMT"
[1] "2021-02-11 15:16:37 GMT"
