[1] "running 102"
[1] "2021-09-17 14:01:21 BST"
[1] "Setup for threshold POT2 at pc01 minimum spread."
Time difference of 0.06811213 secs
File /prj/aquacat/run_hmfg2g/outputs/dmflow_RCM06_198012_201011_out.nc (NC_FORMAT_NETCDF4):

     1 variables (excluding dimension variables):
        float dmflow[Easting,Northing,Time]   (Chunking: [13,19,4])  (Compression: shuffle,level 5)
            units: m3 s-1
            standard_name: dmflow
            long_name: Daily mean river flow
            _FillValue: -999
            missing_value: -999

     3 dimensions:
        Northing  Size:1000
            standard_name: Northing
            axis: Y
            units: GB National Grid
        Easting  Size:700
            standard_name: Easting
            axis: X
            units: GB National Grid
        Time  Size:10800   *** is unlimited ***
            standard_name: Time
            axis: T
            units: days since 1961-1-1 0:0:0
            calendar: 360_day
[1] "loop start"
[1] "2021-09-17 14:01:25 BST"
[1] "NH = 19914"
[1] 1
[1] "Percent remaining 100"
[1] "Time remaining 1568.83"
[1] "Since last readout: 0.08"
[1] "2021-09-17 14:01:25 BST"
[1] 2
[1] "Percent remaining 100"
[1] "Time remaining 119034.67"
[1] "Since last readout: 11.88"
[1] "2021-09-17 14:01:37 BST"
[1] 3
[1] "Percent remaining 100"
[1] "Time remaining 82924.23"
[1] "Since last readout: 0.54"
[1] "2021-09-17 14:01:37 BST"
[1] 4
[1] "Percent remaining 100"
[1] "Time remaining 64045.85"
[1] "Since last readout: 0.37"
[1] "2021-09-17 14:01:38 BST"
[1] 5
[1] "Percent remaining 100"
[1] "Time remaining 52803.35"
[1] "Since last readout: 0.39"
[1] "2021-09-17 14:01:38 BST"
[1] 6
[1] "Percent remaining 100"
[1] "Time remaining 45335.49"
[1] "Since last readout: 0.4"
[1] "2021-09-17 14:01:39 BST"
[1] 7
[1] "Percent remaining 100"
[1] "Time remaining 39925.61"
[1] "Since last readout: 0.38"
[1] "2021-09-17 14:01:39 BST"
[1] 8
[1] "Percent remaining 100"
[1] "Time remaining 35939.39"
[1] "Since last readout: 0.4"
[1] "2021-09-17 14:01:39 BST"
[1] 9
[1] "Percent remaining 100"
[1] "Time remaining 32786.5"
[1] "Since last readout: 0.38"
[1] "2021-09-17 14:01:40 BST"
[1] 200
[1] "Percent remaining 99"
[1] "Time remaining 9417.75"
[1] "Since last readout: 80.72"
[1] "2021-09-17 14:03:00 BST"
[1] 400
[1] "Percent remaining 98"
[1] "Time remaining 8996.91"
[1] "Since last readout: 88.88"
[1] "2021-09-17 14:04:29 BST"
[1] 600
[1] "Percent remaining 97"
[1] "Time remaining 8650.21"
[1] "Since last readout: 84.3"
[1] "2021-09-17 14:05:54 BST"
[1] 800
[1] "Percent remaining 96"
[1] "Time remaining 8498.94"
[1] "Since last readout: 86.99"
[1] "2021-09-17 14:07:21 BST"
[1] 1000
[1] "Percent remaining 95"
[1] "Time remaining 8250"
[1] "Since last readout: 80.47"
[1] "2021-09-17 14:08:41 BST"
[1] 1200
[1] "Percent remaining 94"
[1] "Time remaining 8111.33"
[1] "Since last readout: 83.94"
[1] "2021-09-17 14:10:05 BST"
[1] 1400
[1] "Percent remaining 93"
[1] "Time remaining 7918.09"
[1] "Since last readout: 78.63"
[1] "2021-09-17 14:11:24 BST"
[1] 1600
[1] "Percent remaining 92"
[1] "Time remaining 7791.17"
[1] "Since last readout: 81.92"
[1] "2021-09-17 14:12:46 BST"
[1] 1800
[1] "Percent remaining 91"
[1] "Time remaining 7653.92"
[1] "Since last readout: 79.9"
[1] "2021-09-17 14:14:05 BST"
[1] 2000
[1] "Percent remaining 90"
[1] "Time remaining 7516.63"
[1] "Since last readout: 78.62"
[1] "2021-09-17 14:15:24 BST"
[1] 2200
[1] "Percent remaining 89"
[1] "Time remaining 7389.84"
[1] "Since last readout: 78.59"
[1] "2021-09-17 14:16:43 BST"
[1] 2400
[1] "Percent remaining 88"
[1] "Time remaining 7287.59"
[1] "Since last readout: 80.86"
[1] "2021-09-17 14:18:03 BST"
[1] 2600
[1] "Percent remaining 87"
[1] "Time remaining 7190.89"
[1] "Since last readout: 81.2"
[1] "2021-09-17 14:19:25 BST"
[1] 2800
[1] "Percent remaining 86"
[1] "Time remaining 7090.76"
[1] "Since last readout: 80.27"
[1] "2021-09-17 14:20:45 BST"
[1] 3000
[1] "Percent remaining 85"
[1] "Time remaining 6968.5"
[1] "Since last readout: 75.88"
[1] "2021-09-17 14:22:01 BST"
[1] 3200
[1] "Percent remaining 84"
[1] "Time remaining 6854.86"
[1] "Since last readout: 76.42"
[1] "2021-09-17 14:23:17 BST"
[1] 3400
[1] "Percent remaining 83"
[1] "Time remaining 6756.83"
[1] "Since last readout: 78.73"
[1] "2021-09-17 14:24:36 BST"
[1] 3600
[1] "Percent remaining 82"
[1] "Time remaining 6658.78"
[1] "Since last readout: 78.25"
[1] "2021-09-17 14:25:54 BST"
[1] 3800
[1] "Percent remaining 81"
[1] "Time remaining 6560.31"
[1] "Since last readout: 77.66"
[1] "2021-09-17 14:27:12 BST"
[1] 4000
[1] "Percent remaining 80"
[1] "Time remaining 6460.73"
[1] "Since last readout: 76.86"
[1] "2021-09-17 14:28:29 BST"
[1] 4200
[1] "Percent remaining 79"
[1] "Time remaining 6367.47"
[1] "Since last readout: 77.97"
[1] "2021-09-17 14:29:47 BST"
[1] 4400
[1] "Percent remaining 78"
[1] "Time remaining 6274.52"
[1] "Since last readout: 77.66"
[1] "2021-09-17 14:31:04 BST"
[1] 4600
[1] "Percent remaining 77"
[1] "Time remaining 6183.85"
[1] "Since last readout: 77.95"
[1] "2021-09-17 14:32:22 BST"
[1] 4800
[1] "Percent remaining 76"
[1] "Time remaining 6094.91"
[1] "Since last readout: 78.16"
[1] "2021-09-17 14:33:41 BST"
[1] 5000
[1] "Percent remaining 75"
[1] "Time remaining 6011.41"
[1] "Since last readout: 79.7"
[1] "2021-09-17 14:35:00 BST"
[1] 5200
[1] "Percent remaining 74"
[1] "Time remaining 5931.18"
[1] "Since last readout: 80.75"
[1] "2021-09-17 14:36:21 BST"
[1] 5400
[1] "Percent remaining 73"
[1] "Time remaining 5848.76"
[1] "Since last readout: 79.95"
[1] "2021-09-17 14:37:41 BST"
[1] 5600
[1] "Percent remaining 72"
[1] "Time remaining 5767.94"
[1] "Since last readout: 80.5"
[1] "2021-09-17 14:39:01 BST"
[1] 5800
[1] "Percent remaining 71"
[1] "Time remaining 5681.86"
[1] "Since last readout: 78.34"
[1] "2021-09-17 14:40:20 BST"
[1] 6000
[1] "Percent remaining 70"
[1] "Time remaining 5595.16"
[1] "Since last readout: 77.84"
[1] "2021-09-17 14:41:38 BST"
[1] 6200
[1] "Percent remaining 69"
[1] "Time remaining 5505.93"
[1] "Since last readout: 76.45"
[1] "2021-09-17 14:42:54 BST"
[1] 6400
[1] "Percent remaining 68"
[1] "Time remaining 5415.76"
[1] "Since last readout: 75.62"
[1] "2021-09-17 14:44:10 BST"
[1] 6600
[1] "Percent remaining 67"
[1] "Time remaining 5330.07"
[1] "Since last readout: 77.4"
[1] "2021-09-17 14:45:27 BST"
[1] 6800
[1] "Percent remaining 66"
[1] "Time remaining 5247.9"
[1] "Since last readout: 78.98"
[1] "2021-09-17 14:46:46 BST"
[1] 7000
[1] "Percent remaining 65"
[1] "Time remaining 5164.75"
[1] "Since last readout: 78.35"
[1] "2021-09-17 14:48:04 BST"
[1] 7200
[1] "Percent remaining 64"
[1] "Time remaining 5078.21"
[1] "Since last readout: 76.27"
[1] "2021-09-17 14:49:21 BST"
[1] 7400
[1] "Percent remaining 63"
[1] "Time remaining 4997.87"
[1] "Since last readout: 79.61"
[1] "2021-09-17 14:50:40 BST"
[1] 7600
[1] "Percent remaining 62"
[1] "Time remaining 4913.21"
[1] "Since last readout: 76.92"
[1] "2021-09-17 14:51:57 BST"
[1] 7800
[1] "Percent remaining 61"
[1] "Time remaining 4821.66"
[1] "Since last readout: 72.24"
[1] "2021-09-17 14:53:09 BST"
[1] "min_ep = 0.784722222222222"
[1] "7840  Using UKFE2 and medianThresh"
[1] "min_ep = 0.79787037037037"
[1] "7860  Using UKFE2 and medianThresh"
[1] "min_ep = 0.799166666666667"
[1] "7946  Using UKFE2 and medianThresh"
[1] "min_ep = 0.79"
[1] "7976  Using UKFE2 and medianThresh"
[1] "min_ep = 0.789351851851852"
[1] "7977  Using UKFE2 and medianThresh"
[1] "min_ep = 0.789351851851852"
[1] "7991  Using UKFE2 and medianThresh"
[1] "min_ep = 0.789166666666667"
[1] "7992  Using UKFE2 and medianThresh"
[1] 8000
[1] "Percent remaining 60"
[1] "Time remaining 4729.22"
[1] "Since last readout: 70.99"
[1] "2021-09-17 14:54:20 BST"
[1] "min_ep = 0.790555555555556"
[1] "8007  Using UKFE2 and medianThresh"
[1] "min_ep = 0.792314814814815"
[1] "8008  Using UKFE2 and medianThresh"
[1] "min_ep = 0.796111111111111"
[1] "8050  Using UKFE2 and medianThresh"
[1] 8200
[1] "Percent remaining 59"
[1] "Time remaining 4642.18"
[1] "Since last readout: 74.03"
[1] "2021-09-17 14:55:34 BST"
[1] 8400
[1] "Percent remaining 58"
[1] "Time remaining 4553.73"
[1] "Since last readout: 72.55"
[1] "2021-09-17 14:56:47 BST"
[1] 8600
[1] "Percent remaining 57"
[1] "Time remaining 4462.77"
[1] "Since last readout: 70.08"
[1] "2021-09-17 14:57:57 BST"
[1] "min_ep = 0.406574074074074"
[1] "8664  Using UKFE2 and medianThresh"
[1] 8800
[1] "Percent remaining 56"
[1] "Time remaining 4376.56"
[1] "Since last readout: 73.09"
[1] "2021-09-17 14:59:10 BST"
[1] 9000
[1] "Percent remaining 55"
[1] "Time remaining 4289.6"
[1] "Since last readout: 71.99"
[1] "2021-09-17 15:00:22 BST"
[1] "min_ep = 0.736203703703704"
[1] "9031  Using UKFE2 and medianThresh"
[1] "min_ep = 0.744814814814815"
[1] "9032  Using UKFE2 and medianThresh"
[1] "min_ep = 0.698240740740741"
[1] "9051  Using UKFE2 and medianThresh"
[1] "min_ep = 0.666203703703704"
[1] "9073  Using UKFE2 and medianThresh"
[1] "min_ep = 0.695925925925926"
[1] "9074  Using UKFE2 and medianThresh"
[1] "min_ep = 0.662222222222222"
[1] "9104  Using UKFE2 and medianThresh"
[1] "min_ep = 0.628240740740741"
[1] "9129  Using UKFE2 and medianThresh"
[1] "min_ep = 0.638333333333333"
[1] "9150  Using UKFE2 and medianThresh"
[1] "min_ep = 0.566388888888889"
[1] "9171  Using UKFE2 and medianThresh"
[1] 9200
[1] "Percent remaining 54"
[1] "Time remaining 4204.32"
[1] "Since last readout: 72.88"
[1] "2021-09-17 15:01:35 BST"
[1] 9400
[1] "Percent remaining 53"
[1] "Time remaining 4118.47"
[1] "Since last readout: 71.9"
[1] "2021-09-17 15:02:47 BST"
[1] 9600
[1] "Percent remaining 52"
[1] "Time remaining 4033.47"
[1] "Since last readout: 72.14"
[1] "2021-09-17 15:03:59 BST"
[1] 9800
[1] "Percent remaining 51"
[1] "Time remaining 3949.71"
[1] "Since last readout: 72.84"
[1] "2021-09-17 15:05:12 BST"
[1] 10000
[1] "Percent remaining 50"
[1] "Time remaining 3867.03"
[1] "Since last readout: 73.48"
[1] "2021-09-17 15:06:25 BST"
[1] 10200
[1] "Percent remaining 49"
[1] "Time remaining 3782.65"
[1] "Since last readout: 71.32"
[1] "2021-09-17 15:07:37 BST"
[1] 10400
[1] "Percent remaining 48"
[1] "Time remaining 3698.94"
[1] "Since last readout: 71.51"
[1] "2021-09-17 15:08:48 BST"
[1] "min_ep = 0.584444444444444"
[1] "10509  Using UKFE2 and medianThresh"
[1] "min_ep = 0.199259259259259"
[1] "10567  Using UKFE2 and medianThresh"
[1] 10600
[1] "Percent remaining 47"
[1] "Time remaining 3615.47"
[1] "Since last readout: 71.25"
[1] "2021-09-17 15:10:00 BST"
[1] "min_ep = 0.0656481481481481"
[1] "10613  Using UKFE2 and medianThresh"
[1] "min_ep = 0.0701851851851852"
[1] "10650  Using UKFE2 and medianThresh"
[1] "min_ep = 0.07"
[1] "10683  Using UKFE2 and medianThresh"
[1] "min_ep = 0.0717592592592593"
[1] "10715  Using UKFE2 and medianThresh"
[1] "min_ep = 0.0535185185185185"
[1] "10743  Using UKFE2 and medianThresh"
[1] "min_ep = 0.0542592592592593"
[1] "10778  Using UKFE2 and medianThresh"
[1] "min_ep = 0.0552777777777778"
[1] "10779  Using UKFE2 and medianThresh"
[1] 10800
[1] "Percent remaining 46"
[1] "Time remaining 3533.16"
[1] "Since last readout: 72.1"
[1] "2021-09-17 15:11:12 BST"
[1] 11000
[1] "Percent remaining 45"
[1] "Time remaining 3450.18"
[1] "Since last readout: 70.81"
[1] "2021-09-17 15:12:22 BST"
[1] 11200
[1] "Percent remaining 44"
[1] "Time remaining 3366.87"
[1] "Since last readout: 69.82"
[1] "2021-09-17 15:13:32 BST"
[1] 11400
[1] "Percent remaining 43"
[1] "Time remaining 3283.21"
[1] "Since last readout: 68.73"
[1] "2021-09-17 15:14:41 BST"
[1] 11600
[1] "Percent remaining 42"
[1] "Time remaining 3198.41"
[1] "Since last readout: 66.42"
[1] "2021-09-17 15:15:47 BST"
[1] 11800
[1] "Percent remaining 41"
[1] "Time remaining 3116.09"
[1] "Since last readout: 69.11"
[1] "2021-09-17 15:16:57 BST"
[1] 12000
[1] "Percent remaining 40"
[1] "Time remaining 3033.19"
[1] "Since last readout: 67.57"
[1] "2021-09-17 15:18:04 BST"
[1] 12200
[1] "Percent remaining 39"
[1] "Time remaining 2952.56"
[1] "Since last readout: 70.36"
[1] "2021-09-17 15:19:14 BST"
[1] 12400
[1] "Percent remaining 38"
[1] "Time remaining 2870.08"
[1] "Since last readout: 66.77"
[1] "2021-09-17 15:20:21 BST"
[1] 12600
[1] "Percent remaining 37"
[1] "Time remaining 2789.22"
[1] "Since last readout: 68.69"
[1] "2021-09-17 15:21:30 BST"
[1] 12800
[1] "Percent remaining 36"
[1] "Time remaining 2708.63"
[1] "Since last readout: 68.51"
[1] "2021-09-17 15:22:38 BST"
[1] 13000
[1] "Percent remaining 35"
[1] "Time remaining 2629.54"
[1] "Since last readout: 70.62"
[1] "2021-09-17 15:23:49 BST"
[1] 13200
[1] "Percent remaining 34"
[1] "Time remaining 2550.55"
[1] "Since last readout: 70.3"
[1] "2021-09-17 15:24:59 BST"
[1] 13400
[1] "Percent remaining 33"
[1] "Time remaining 2472.09"
[1] "Since last readout: 70.88"
[1] "2021-09-17 15:26:10 BST"
[1] 13600
[1] "Percent remaining 32"
[1] "Time remaining 2393.79"
[1] "Since last readout: 70.73"
[1] "2021-09-17 15:27:21 BST"
[1] 13800
[1] "Percent remaining 31"
[1] "Time remaining 2316.36"
[1] "Since last readout: 72.2"
[1] "2021-09-17 15:28:33 BST"
[1] 14000
[1] "Percent remaining 30"
[1] "Time remaining 2237.78"
[1] "Since last readout: 69.13"
[1] "2021-09-17 15:29:42 BST"
[1] 14200
[1] "Percent remaining 29"
[1] "Time remaining 2158.27"
[1] "Since last readout: 66.15"
[1] "2021-09-17 15:30:48 BST"
[1] 14400
[1] "Percent remaining 28"
[1] "Time remaining 2080.04"
[1] "Since last readout: 68.55"
[1] "2021-09-17 15:31:57 BST"
[1] 14600
[1] "Percent remaining 27"
[1] "Time remaining 2001.47"
[1] "Since last readout: 66.84"
[1] "2021-09-17 15:33:04 BST"
[1] 14800
[1] "Percent remaining 26"
[1] "Time remaining 1923.9"
[1] "Since last readout: 68.85"
[1] "2021-09-17 15:34:13 BST"
[1] 15000
[1] "Percent remaining 25"
[1] "Time remaining 1846.73"
[1] "Since last readout: 69.36"
[1] "2021-09-17 15:35:22 BST"
[1] 15200
[1] "Percent remaining 24"
[1] "Time remaining 1770.33"
[1] "Since last readout: 71.17"
[1] "2021-09-17 15:36:33 BST"
[1] 15400
[1] "Percent remaining 23"
[1] "Time remaining 1693.64"
[1] "Since last readout: 69.7"
[1] "2021-09-17 15:37:43 BST"
[1] 15600
[1] "Percent remaining 22"
[1] "Time remaining 1617.1"
[1] "Since last readout: 69.63"
[1] "2021-09-17 15:38:53 BST"
[1] 15800
[1] "Percent remaining 21"
[1] "Time remaining 1540.95"
[1] "Since last readout: 70.44"
[1] "2021-09-17 15:40:03 BST"
[1] 16000
[1] "Percent remaining 20"
[1] "Time remaining 1464.38"
[1] "Since last readout: 68.11"
[1] "2021-09-17 15:41:11 BST"
[1] 16200
[1] "Percent remaining 19"
[1] "Time remaining 1388.16"
[1] "Since last readout: 68.76"
[1] "2021-09-17 15:42:20 BST"
[1] 16400
[1] "Percent remaining 18"
[1] "Time remaining 1312.49"
[1] "Since last readout: 70.49"
[1] "2021-09-17 15:43:30 BST"
[1] "min_ep = 0.774814814814815"
[1] "16497  Using UKFE2 and medianThresh"
[1] 16600
[1] "Percent remaining 17"
[1] "Time remaining 1236.94"
[1] "Since last readout: 70.46"
[1] "2021-09-17 15:44:41 BST"
[1] 16800
[1] "Percent remaining 16"
[1] "Time remaining 1161.53"
[1] "Since last readout: 70.52"
[1] "2021-09-17 15:45:51 BST"
[1] "min_ep = 0.798055555555556"
[1] "16887  Using UKFE2 and medianThresh"
[1] "min_ep = 0.777407407407407"
[1] "16950  Using UKFE2 and medianThresh"
[1] "min_ep = 0.797592592592593"
[1] "16951  Using UKFE2 and medianThresh"
[1] "min_ep = 0.797777777777778"
[1] "16999  Using UKFE2 and medianThresh"
[1] 17000
[1] "Percent remaining 15"
[1] "Time remaining 1085.35"
[1] "Since last readout: 65.4"
[1] "2021-09-17 15:46:57 BST"
[1] "min_ep = 0.795092592592593"
[1] "17000  Using UKFE2 and medianThresh"
[1] "min_ep = 0.792777777777778"
[1] "17030  Using UKFE2 and medianThresh"
[1] "min_ep = 0.793796296296296"
[1] "17063  Using UKFE2 and medianThresh"
[1] "min_ep = 0.771018518518519"
[1] "17125  Using UKFE2 and medianThresh"
[1] "min_ep = 0.715092592592593"
[1] "17152  Using UKFE2 and medianThresh"
[1] "min_ep = 0.791203703703704"
[1] "17153  Using UKFE2 and medianThresh"
[1] "min_ep = 0.791944444444444"
[1] "17154  Using UKFE2 and medianThresh"
[1] "min_ep = 0.793703703703704"
[1] "17155  Using UKFE2 and medianThresh"
[1] "min_ep = 0.792037037037037"
[1] "17156  Using UKFE2 and medianThresh"
[1] "min_ep = 0.78212962962963"
[1] "17185  Using UKFE2 and medianThresh"
[1] "min_ep = 0.78962962962963"
[1] "17186  Using UKFE2 and medianThresh"
[1] "min_ep = 0.792777777777778"
[1] "17187  Using UKFE2 and medianThresh"
[1] "min_ep = 0.793055555555556"
[1] "17188  Using UKFE2 and medianThresh"
[1] "min_ep = 0.792592592592593"
[1] "17189  Using UKFE2 and medianThresh"
[1] "min_ep = 0.791111111111111"
[1] "17190  Using UKFE2 and medianThresh"
[1] 17200
[1] "Percent remaining 14"
[1] "Time remaining 1009.45"
[1] "Since last readout: 65.55"
[1] "2021-09-17 15:48:02 BST"
[1] "min_ep = 0.641388888888889"
[1] "17216  Using UKFE2 and medianThresh"
[1] "min_ep = 0.785462962962963"
[1] "17217  Using UKFE2 and medianThresh"
[1] "min_ep = 0.786574074074074"
[1] "17218  Using UKFE2 and medianThresh"
[1] "min_ep = 0.790277777777778"
[1] "17219  Using UKFE2 and medianThresh"
[1] "min_ep = 0.790740740740741"
[1] "17220  Using UKFE2 and medianThresh"
[1] "min_ep = 0.791111111111111"
[1] "17221  Using UKFE2 and medianThresh"
[1] "min_ep = 0.798703703703704"
[1] "17225  Using UKFE2 and medianThresh"
[1] "min_ep = 0.753425925925926"
[1] "17253  Using UKFE2 and medianThresh"
[1] "min_ep = 0.756296296296296"
[1] "17254  Using UKFE2 and medianThresh"
[1] "min_ep = 0.766574074074074"
[1] "17255  Using UKFE2 and medianThresh"
[1] "min_ep = 0.765462962962963"
[1] "17256  Using UKFE2 and medianThresh"
[1] "min_ep = 0.762777777777778"
[1] "17257  Using UKFE2 and medianThresh"
[1] "min_ep = 0.767685185185185"
[1] "17258  Using UKFE2 and medianThresh"
[1] "min_ep = 0.771296296296296"
[1] "17259  Using UKFE2 and medianThresh"
[1] "min_ep = 0.771666666666667"
[1] "17260  Using UKFE2 and medianThresh"
[1] "min_ep = 0.764907407407407"
[1] "17297  Using UKFE2 and medianThresh"
[1] "min_ep = 0.764722222222222"
[1] "17298  Using UKFE2 and medianThresh"
[1] 17400
[1] "Percent remaining 13"
[1] "Time remaining 933.91"
[1] "Since last readout: 66.42"
[1] "2021-09-17 15:49:09 BST"
[1] 17600
[1] "Percent remaining 12"
[1] "Time remaining 858.82"
[1] "Since last readout: 68.29"
[1] "2021-09-17 15:50:17 BST"
[1] "min_ep = 0.791666666666667"
[1] "17776  Using UKFE2 and medianThresh"
[1] "min_ep = 0.792314814814815"
[1] "17777  Using UKFE2 and medianThresh"
[1] "min_ep = 0.793055555555556"
[1] "17778  Using UKFE2 and medianThresh"
[1] 17800
[1] "Percent remaining 11"
[1] "Time remaining 783.58"
[1] "Since last readout: 65.71"
[1] "2021-09-17 15:51:23 BST"
[1] "min_ep = 0.712037037037037"
[1] "17818  Using UKFE2 and medianThresh"
[1] "min_ep = 0.75462962962963"
[1] "17850  Using UKFE2 and medianThresh"
[1] "min_ep = 0.749166666666667"
[1] "17887  Using UKFE2 and medianThresh"
[1] "min_ep = 0.755462962962963"
[1] "17888  Using UKFE2 and medianThresh"
[1] "min_ep = 0.758425925925926"
[1] "17932  Using UKFE2 and medianThresh"
[1] "min_ep = 0.758240740740741"
[1] "17979  Using UKFE2 and medianThresh"
[1] "min_ep = 0.754166666666667"
[1] "17980  Using UKFE2 and medianThresh"
[1] 18000
[1] "Percent remaining 10"
[1] "Time remaining 708.37"
[1] "Since last readout: 63.94"
[1] "2021-09-17 15:52:27 BST"
[1] "min_ep = 0.755"
[1] "18034  Using UKFE2 and medianThresh"
[1] "min_ep = 0.756203703703704"
[1] "18072  Using UKFE2 and medianThresh"
[1] "min_ep = 0.755555555555556"
[1] "18073  Using UKFE2 and medianThresh"
[1] "min_ep = 0.771388888888889"
[1] "18106  Using UKFE2 and medianThresh"
[1] "min_ep = 0.771666666666667"
[1] "18130  Using UKFE2 and medianThresh"
[1] "min_ep = 0.790092592592593"
[1] "18156  Using UKFE2 and medianThresh"
[1] "min_ep = 0.790092592592593"
[1] "18182  Using UKFE2 and medianThresh"
[1] 18200
[1] "Percent remaining 9"
[1] "Time remaining 633.31"
[1] "Since last readout: 62.96"
[1] "2021-09-17 15:53:30 BST"
[1] 18400
[1] "Percent remaining 8"
[1] "Time remaining 558.63"
[1] "Since last readout: 64.39"
[1] "2021-09-17 15:54:34 BST"
[1] 18600
[1] "Percent remaining 7"
[1] "Time remaining 484.33"
[1] "Since last readout: 66.65"
[1] "2021-09-17 15:55:41 BST"
[1] 18800
[1] "Percent remaining 6"
[1] "Time remaining 410.28"
[1] "Since last readout: 68.2"
[1] "2021-09-17 15:56:49 BST"
[1] 19000
[1] "Percent remaining 5"
[1] "Time remaining 336.38"
[1] "Since last readout: 68.52"
[1] "2021-09-17 15:57:57 BST"
[1] 19200
[1] "Percent remaining 4"
[1] "Time remaining 262.59"
[1] "Since last readout: 68.71"
[1] "2021-09-17 15:59:06 BST"
[1] 19400
[1] "Percent remaining 3"
[1] "Time remaining 188.93"
[1] "Since last readout: 69.67"
[1] "2021-09-17 16:00:16 BST"
[1] 19600
[1] "Percent remaining 2"
[1] "Time remaining 115.33"
[1] "Since last readout: 68.14"
[1] "2021-09-17 16:01:24 BST"
[1] 19800
[1] "Percent remaining 1"
[1] "Time remaining 41.86"
[1] "Since last readout: 71.12"
[1] "2021-09-17 16:02:35 BST"
[1] "saving outputs"
'data.frame':	19914 obs. of  7 variables:
 $ meanint   : num  0.75 0.75 0.75 0.75 0.75 0.75 0.75 0.75 0.75 0.75 ...
 $ threshold : num  23.3 23 72.1 22.8 22.4 ...
 $ loc       : num  23.3 23 72.1 22.8 22.4 ...
 $ sca       : num  12.9 12.7 19.1 12.1 12 ...
 $ shape     : num  0.1915 0.1949 -0.0234 0.1746 0.1925 ...
 $ threshquan: num  0.992 0.992 0.993 0.992 0.992 ...
 $ pot2      : num  23.2 22.9 67.4 22.5 22.1 ...
'data.frame':	19914 obs. of  5 variables:
 $ X1: num  NA NA NA NA NA NA NA NA NA NA ...
 $ X2: num  23.2 22.9 67.4 22.5 22.1 ...
 $ X3: num  NA NA NA NA NA NA NA NA NA NA ...
 $ X4: num  NA NA NA NA NA NA NA NA NA NA ...
 $ X5: num  NA NA NA NA NA NA NA NA NA NA ...
[1] "2021-09-17 16:03:16 BST"
[1] "102 Complete"
