[1] "2021-02-11 15:14:49 GMT"
[1] "Running for threshold POT2 at pc05 minimum spread."
[1] "Determining tail distribution"
[1] "Simulating new events"
[1] 50
[1] 100
[1] 150
[1] 200
[1] 250
[1] 300
[1] 350
[1] 400
[1] 450
[1] 500
[1] 550
[1] 600
[1] 650
[1] 700
[1] 750
[1] 800
[1] 850
[1] 900
[1] 950
[1] 1000
[1] 1050
[1] 1100
[1] 1150
[1] 1200
[1] 1250
[1] 1300
[1] 1350
[1] 1400
[1] 1450
[1] 1500
[1] 1550
[1] 1600
[1] 1650
[1] 1700
[1] 1750
[1] 1800
[1] 1850
[1] 1900
[1] 1950
[1] 2000
[1] 2050
[1] 2100
[1] 2150
[1] 2200
[1] 2250
[1] 2300
[1] 2350
[1] 2400
[1] 2450
[1] 2500
[1] 2550
[1] 2600
[1] 2650
[1] 2700
[1] 2750
[1] 2800
[1] 2850
[1] 2900
[1] 2950
[1] 3000
[1] 3050
[1] 3100
[1] 3150
[1] 3200
[1] 3250
[1] 3300
[1] 3350
[1] 3400
[1] 3450
[1] 3500
[1] 3550
[1] 3600
[1] 3650
[1] 3700
[1] 3750
[1] 3800
[1] 3850
[1] 3900
[1] 3950
[1] 4000
[1] 4050
[1] 4100
[1] 4150
[1] 4200
[1] 4250
[1] 4300
[1] 4350
[1] 4400
[1] 4450
[1] 4500
[1] 4550
[1] 4600
[1] 4650
[1] 4700
[1] 4750
[1] 4800
[1] 4850
[1] 4900
[1] 4950
[1] 5000
[1] 1
[1] "Percent remaining 100"
[1] "Time remaining 6.85"
[1] "Since last readout: 0"
[1] "2021-02-11 15:29:47 GMT"
[1] 2
[1] "Percent remaining 100"
[1] "Time remaining 62530.8"
[1] "Since last readout: 6.28"
[1] "2021-02-11 15:29:53 GMT"
[1] 3
[1] "Percent remaining 100"
[1] "Time remaining 43352.73"
[1] "Since last readout: 0.25"
[1] "2021-02-11 15:29:54 GMT"
[1] 4
[1] "Percent remaining 100"
[1] "Time remaining 33768.01"
[1] "Since last readout: 0.25"
[1] "2021-02-11 15:29:54 GMT"
[1] 5
[1] "Percent remaining 100"
[1] "Time remaining 28000.97"
[1] "Since last readout: 0.25"
[1] "2021-02-11 15:29:54 GMT"
[1] 6
[1] "Percent remaining 100"
[1] "Time remaining 24181.91"
[1] "Since last readout: 0.26"
[1] "2021-02-11 15:29:54 GMT"
[1] 7
[1] "Percent remaining 100"
[1] "Time remaining 21467.64"
[1] "Since last readout: 0.26"
[1] "2021-02-11 15:29:55 GMT"
[1] 8
[1] "Percent remaining 100"
[1] "Time remaining 19407.33"
[1] "Since last readout: 0.25"
[1] "2021-02-11 15:29:55 GMT"
[1] 9
[1] "Percent remaining 100"
[1] "Time remaining 17809.79"
[1] "Since last readout: 0.25"
[1] "2021-02-11 15:29:55 GMT"
[1] 200
[1] "Percent remaining 99"
[1] "Time remaining 4748.55"
[1] "Since last readout: 40.12"
[1] "2021-02-11 15:30:35 GMT"
[1] 400
[1] "Percent remaining 98"
[1] "Time remaining 4130"
[1] "Since last readout: 36.48"
[1] "2021-02-11 15:31:12 GMT"
[1] 600
[1] "Percent remaining 97"
[1] "Time remaining 3846.86"
[1] "Since last readout: 34.85"
[1] "2021-02-11 15:31:47 GMT"
[1] 800
[1] "Percent remaining 96"
[1] "Time remaining 3788.19"
[1] "Since last readout: 39.05"
[1] "2021-02-11 15:32:26 GMT"
[1] 1000
[1] "Percent remaining 95"
[1] "Time remaining 3738.27"
[1] "Since last readout: 39.09"
[1] "2021-02-11 15:33:05 GMT"
[1] 1200
[1] "Percent remaining 94"
[1] "Time remaining 3859.6"
[1] "Since last readout: 49.84"
[1] "2021-02-11 15:33:55 GMT"
[1] 1400
[1] "Percent remaining 93"
[1] "Time remaining 3723.76"
[1] "Since last readout: 34.09"
[1] "2021-02-11 15:34:29 GMT"
[1] 1600
[1] "Percent remaining 92"
[1] "Time remaining 3629.89"
[1] "Since last readout: 35.54"
[1] "2021-02-11 15:35:04 GMT"
[1] 1800
[1] "Percent remaining 91"
[1] "Time remaining 3527.94"
[1] "Since last readout: 33.45"
[1] "2021-02-11 15:35:38 GMT"
[1] 2000
[1] "Percent remaining 90"
[1] "Time remaining 3446.72"
[1] "Since last readout: 34.23"
[1] "2021-02-11 15:36:12 GMT"
[1] 2200
[1] "Percent remaining 89"
[1] "Time remaining 3366.31"
[1] "Since last readout: 33.27"
[1] "2021-02-11 15:36:45 GMT"
[1] 2400
[1] "Percent remaining 88"
[1] "Time remaining 3272.76"
[1] "Since last readout: 30.4"
[1] "2021-02-11 15:37:16 GMT"
[1] 2600
[1] "Percent remaining 87"
[1] "Time remaining 3203.78"
[1] "Since last readout: 32.63"
[1] "2021-02-11 15:37:48 GMT"
[1] 2800
[1] "Percent remaining 86"
[1] "Time remaining 3145.98"
[1] "Since last readout: 33.61"
[1] "2021-02-11 15:38:22 GMT"
[1] 3000
[1] "Percent remaining 85"
[1] "Time remaining 3082.06"
[1] "Since last readout: 31.95"
[1] "2021-02-11 15:38:54 GMT"
[1] 3200
[1] "Percent remaining 84"
[1] "Time remaining 3021.82"
[1] "Since last readout: 31.89"
[1] "2021-02-11 15:39:26 GMT"
[1] 3400
[1] "Percent remaining 83"
[1] "Time remaining 2977.3"
[1] "Since last readout: 34.44"
[1] "2021-02-11 15:40:00 GMT"
[1] 3600
[1] "Percent remaining 82"
[1] "Time remaining 2937.28"
[1] "Since last readout: 35.18"
[1] "2021-02-11 15:40:35 GMT"
[1] 3800
[1] "Percent remaining 81"
[1] "Time remaining 2881.93"
[1] "Since last readout: 31.45"
[1] "2021-02-11 15:41:07 GMT"
[1] 4000
[1] "Percent remaining 80"
[1] "Time remaining 2831.35"
[1] "Since last readout: 32.05"
[1] "2021-02-11 15:41:39 GMT"
[1] 4200
[1] "Percent remaining 79"
[1] "Time remaining 2789.82"
[1] "Since last readout: 33.99"
[1] "2021-02-11 15:42:13 GMT"
[1] 4400
[1] "Percent remaining 78"
[1] "Time remaining 2742.83"
[1] "Since last readout: 32.25"
[1] "2021-02-11 15:42:45 GMT"
[1] 4600
[1] "Percent remaining 77"
[1] "Time remaining 2699.41"
[1] "Since last readout: 32.94"
[1] "2021-02-11 15:43:18 GMT"
[1] 4800
[1] "Percent remaining 76"
[1] "Time remaining 2664.34"
[1] "Since last readout: 35.31"
[1] "2021-02-11 15:43:53 GMT"
[1] 5000
[1] "Percent remaining 75"
[1] "Time remaining 2621.37"
[1] "Since last readout: 32.67"
[1] "2021-02-11 15:44:26 GMT"
[1] 5200
[1] "Percent remaining 74"
[1] "Time remaining 2579.15"
[1] "Since last readout: 32.66"
[1] "2021-02-11 15:44:59 GMT"
[1] 5400
[1] "Percent remaining 73"
[1] "Time remaining 2541.59"
[1] "Since last readout: 34.12"
[1] "2021-02-11 15:45:33 GMT"
[1] 5600
[1] "Percent remaining 72"
[1] "Time remaining 2506.47"
[1] "Since last readout: 34.99"
[1] "2021-02-11 15:46:08 GMT"
[1] 5800
[1] "Percent remaining 71"
[1] "Time remaining 2477.55"
[1] "Since last readout: 37.52"
[1] "2021-02-11 15:46:45 GMT"
[1] 6000
[1] "Percent remaining 70"
[1] "Time remaining 2445.53"
[1] "Since last readout: 36.44"
[1] "2021-02-11 15:47:22 GMT"
[1] 6200
[1] "Percent remaining 69"
[1] "Time remaining 2416.82"
[1] "Since last readout: 38.06"
[1] "2021-02-11 15:48:00 GMT"
[1] 6400
[1] "Percent remaining 68"
[1] "Time remaining 2399.8"
[1] "Since last readout: 43.88"
[1] "2021-02-11 15:48:44 GMT"
[1] 6600
[1] "Percent remaining 67"
[1] "Time remaining 2366.47"
[1] "Since last readout: 36.6"
[1] "2021-02-11 15:49:20 GMT"
[1] 6800
[1] "Percent remaining 66"
[1] "Time remaining 2327.71"
[1] "Since last readout: 33.88"
[1] "2021-02-11 15:49:54 GMT"
[1] 7000
[1] "Percent remaining 65"
[1] "Time remaining 2292.88"
[1] "Since last readout: 35.86"
[1] "2021-02-11 15:50:30 GMT"
[1] 7200
[1] "Percent remaining 64"
[1] "Time remaining 2254.99"
[1] "Since last readout: 34.16"
[1] "2021-02-11 15:51:04 GMT"
[1] 7400
[1] "Percent remaining 63"
[1] "Time remaining 2216.67"
[1] "Since last readout: 33.79"
[1] "2021-02-11 15:51:38 GMT"
[1] 7600
[1] "Percent remaining 62"
[1] "Time remaining 2181.64"
[1] "Since last readout: 35.67"
[1] "2021-02-11 15:52:14 GMT"
[1] 7800
[1] "Percent remaining 61"
[1] "Time remaining 2144.3"
[1] "Since last readout: 34.21"
[1] "2021-02-11 15:52:48 GMT"
[1] 8000
[1] "Percent remaining 60"
[1] "Time remaining 2107.94"
[1] "Since last readout: 34.76"
[1] "2021-02-11 15:53:22 GMT"
[1] 8200
[1] "Percent remaining 59"
[1] "Time remaining 2069.16"
[1] "Since last readout: 33.01"
[1] "2021-02-11 15:53:55 GMT"
[1] 8400
[1] "Percent remaining 58"
[1] "Time remaining 2033.21"
[1] "Since last readout: 34.88"
[1] "2021-02-11 15:54:30 GMT"
[1] 8600
[1] "Percent remaining 57"
[1] "Time remaining 1994.17"
[1] "Since last readout: 32.49"
[1] "2021-02-11 15:55:03 GMT"
[1] 8800
[1] "Percent remaining 56"
[1] "Time remaining 1957.07"
[1] "Since last readout: 33.79"
[1] "2021-02-11 15:55:37 GMT"
[1] 9000
[1] "Percent remaining 55"
[1] "Time remaining 1922.67"
[1] "Since last readout: 35.9"
[1] "2021-02-11 15:56:13 GMT"
[1] 9200
[1] "Percent remaining 54"
[1] "Time remaining 1885.89"
[1] "Since last readout: 33.9"
[1] "2021-02-11 15:56:46 GMT"
[1] 9400
[1] "Percent remaining 53"
[1] "Time remaining 1850.6"
[1] "Since last readout: 35.13"
[1] "2021-02-11 15:57:22 GMT"
[1] 9600
[1] "Percent remaining 52"
[1] "Time remaining 1814.18"
[1] "Since last readout: 34.07"
[1] "2021-02-11 15:57:56 GMT"
[1] 9800
[1] "Percent remaining 51"
[1] "Time remaining 1781.07"
[1] "Since last readout: 37.19"
[1] "2021-02-11 15:58:33 GMT"
[1] 10000
[1] "Percent remaining 50"
[1] "Time remaining 1743.58"
[1] "Since last readout: 32.92"
[1] "2021-02-11 15:59:06 GMT"
[1] 10200
[1] "Percent remaining 49"
[1] "Time remaining 1708.25"
[1] "Since last readout: 35.01"
[1] "2021-02-11 15:59:41 GMT"
[1] 10400
[1] "Percent remaining 48"
[1] "Time remaining 1673.33"
[1] "Since last readout: 35.44"
[1] "2021-02-11 16:00:16 GMT"
[1] 10600
[1] "Percent remaining 47"
[1] "Time remaining 1637.65"
[1] "Since last readout: 34.61"
[1] "2021-02-11 16:00:51 GMT"
[1] 10800
[1] "Percent remaining 46"
[1] "Time remaining 1603.25"
[1] "Since last readout: 36.08"
[1] "2021-02-11 16:01:27 GMT"
[1] 11000
[1] "Percent remaining 45"
[1] "Time remaining 1569.68"
[1] "Since last readout: 37.17"
[1] "2021-02-11 16:02:04 GMT"
[1] 11200
[1] "Percent remaining 44"
[1] "Time remaining 1540.19"
[1] "Since last readout: 42.57"
[1] "2021-02-11 16:02:47 GMT"
[1] 11400
[1] "Percent remaining 43"
[1] "Time remaining 1540.41"
[1] "Since last readout: 82.99"
[1] "2021-02-11 16:04:10 GMT"
[1] 11600
[1] "Percent remaining 42"
[1] "Time remaining 1509.9"
[1] "Since last readout: 44.1"
[1] "2021-02-11 16:04:54 GMT"
[1] 11800
[1] "Percent remaining 41"
[1] "Time remaining 1473.76"
[1] "Since last readout: 36.58"
[1] "2021-02-11 16:05:30 GMT"
[1] 12000
[1] "Percent remaining 40"
[1] "Time remaining 1437.38"
[1] "Since last readout: 36.25"
[1] "2021-02-11 16:06:07 GMT"
[1] 12200
[1] "Percent remaining 39"
[1] "Time remaining 1401.43"
[1] "Since last readout: 36.92"
[1] "2021-02-11 16:06:43 GMT"
[1] 12400
[1] "Percent remaining 38"
[1] "Time remaining 1364.97"
[1] "Since last readout: 36.12"
[1] "2021-02-11 16:07:20 GMT"
[1] 12600
[1] "Percent remaining 37"
[1] "Time remaining 1337.7"
[1] "Since last readout: 51.94"
[1] "2021-02-11 16:08:12 GMT"
[1] 12800
[1] "Percent remaining 36"
[1] "Time remaining 1300.36"
[1] "Since last readout: 35.21"
[1] "2021-02-11 16:08:47 GMT"
[1] 13000
[1] "Percent remaining 35"
[1] "Time remaining 1262.98"
[1] "Since last readout: 35.02"
[1] "2021-02-11 16:09:22 GMT"
[1] 13200
[1] "Percent remaining 34"
[1] "Time remaining 1226.9"
[1] "Since last readout: 37.41"
[1] "2021-02-11 16:09:59 GMT"
[1] 13400
[1] "Percent remaining 33"
[1] "Time remaining 1189.23"
[1] "Since last readout: 34.25"
[1] "2021-02-11 16:10:33 GMT"
[1] 13600
[1] "Percent remaining 32"
[1] "Time remaining 1152.07"
[1] "Since last readout: 35.12"
[1] "2021-02-11 16:11:09 GMT"
[1] 13800
[1] "Percent remaining 31"
[1] "Time remaining 1114.62"
[1] "Since last readout: 34.32"
[1] "2021-02-11 16:11:43 GMT"
[1] 14000
[1] "Percent remaining 30"
[1] "Time remaining 1077.38"
[1] "Since last readout: 34.63"
[1] "2021-02-11 16:12:17 GMT"
[1] 14200
[1] "Percent remaining 29"
[1] "Time remaining 1040.09"
[1] "Since last readout: 34.29"
[1] "2021-02-11 16:12:52 GMT"
[1] 14400
[1] "Percent remaining 28"
[1] "Time remaining 1002.69"
[1] "Since last readout: 33.82"
[1] "2021-02-11 16:13:26 GMT"
[1] 14600
[1] "Percent remaining 27"
[1] "Time remaining 964.67"
[1] "Since last readout: 31.82"
[1] "2021-02-11 16:13:57 GMT"
[1] 14800
[1] "Percent remaining 26"
[1] "Time remaining 928.56"
[1] "Since last readout: 36.89"
[1] "2021-02-11 16:14:34 GMT"
[1] 15000
[1] "Percent remaining 25"
[1] "Time remaining 891.34"
[1] "Since last readout: 33.54"
[1] "2021-02-11 16:15:08 GMT"
[1] 15200
[1] "Percent remaining 24"
[1] "Time remaining 854"
[1] "Since last readout: 32.88"
[1] "2021-02-11 16:15:41 GMT"
[1] 15400
[1] "Percent remaining 23"
[1] "Time remaining 817.63"
[1] "Since last readout: 35.74"
[1] "2021-02-11 16:16:16 GMT"
[1] 15600
[1] "Percent remaining 22"
[1] "Time remaining 781.28"
[1] "Since last readout: 35.78"
[1] "2021-02-11 16:16:52 GMT"
[1] 15800
[1] "Percent remaining 21"
[1] "Time remaining 746.59"
[1] "Since last readout: 42.12"
[1] "2021-02-11 16:17:34 GMT"
[1] 16000
[1] "Percent remaining 20"
[1] "Time remaining 741.06"
[1] "Since last readout: 162.06"
[1] "2021-02-11 16:20:16 GMT"
[1] 16200
[1] "Percent remaining 19"
[1] "Time remaining 717.43"
[1] "Since last readout: 99.96"
[1] "2021-02-11 16:21:56 GMT"
[1] 16400
[1] "Percent remaining 18"
[1] "Time remaining 682.72"
[1] "Since last readout: 56.94"
[1] "2021-02-11 16:22:53 GMT"
[1] 16600
[1] "Percent remaining 17"
[1] "Time remaining 647.1"
[1] "Since last readout: 55.09"
[1] "2021-02-11 16:23:48 GMT"
[1] 16800
[1] "Percent remaining 16"
[1] "Time remaining 611.53"
[1] "Since last readout: 57.84"
[1] "2021-02-11 16:24:46 GMT"
[1] 17000
[1] "Percent remaining 15"
[1] "Time remaining 575"
[1] "Since last readout: 55.31"
[1] "2021-02-11 16:25:42 GMT"
[1] 17200
[1] "Percent remaining 14"
[1] "Time remaining 537.9"
[1] "Since last readout: 54.43"
[1] "2021-02-11 16:26:36 GMT"
[1] 17400
[1] "Percent remaining 13"
[1] "Time remaining 500.15"
[1] "Since last readout: 52.69"
[1] "2021-02-11 16:27:29 GMT"
[1] 17600
[1] "Percent remaining 12"
[1] "Time remaining 462.06"
[1] "Since last readout: 52.71"
[1] "2021-02-11 16:28:21 GMT"
[1] 17800
[1] "Percent remaining 11"
[1] "Time remaining 423.65"
[1] "Since last readout: 52.77"
[1] "2021-02-11 16:29:14 GMT"
[1] 18000
[1] "Percent remaining 10"
[1] "Time remaining 384.84"
[1] "Since last readout: 52.06"
[1] "2021-02-11 16:30:06 GMT"
[1] 18200
[1] "Percent remaining 9"
[1] "Time remaining 345.76"
[1] "Since last readout: 52.2"
[1] "2021-02-11 16:30:58 GMT"
[1] 18400
[1] "Percent remaining 8"
[1] "Time remaining 306.46"
[1] "Since last readout: 53.08"
[1] "2021-02-11 16:31:51 GMT"
[1] 18600
[1] "Percent remaining 7"
[1] "Time remaining 266.91"
[1] "Since last readout: 53.76"
[1] "2021-02-11 16:32:45 GMT"
[1] 18800
[1] "Percent remaining 6"
[1] "Time remaining 226.96"
[1] "Since last readout: 51.91"
[1] "2021-02-11 16:33:37 GMT"
[1] 19000
[1] "Percent remaining 5"
[1] "Time remaining 186.63"
[1] "Since last readout: 49.57"
[1] "2021-02-11 16:34:27 GMT"
[1] 19200
[1] "Percent remaining 4"
[1] "Time remaining 146.23"
[1] "Since last readout: 52.68"
[1] "2021-02-11 16:35:19 GMT"
[1] 19400
[1] "Percent remaining 3"
[1] "Time remaining 105.55"
[1] "Since last readout: 51.53"
[1] "2021-02-11 16:36:11 GMT"
[1] 19600
[1] "Percent remaining 2"
[1] "Time remaining 64.62"
[1] "Since last readout: 50.01"
[1] "2021-02-11 16:37:01 GMT"
[1] 19800
[1] "Percent remaining 1"
[1] "Time remaining 23.5"
[1] "Since last readout: 48.51"
[1] "2021-02-11 16:37:49 GMT"
