[1] "2021-09-17 16:03:16 BST"
[1] "Setup for threshold POT2 at pc01 minimum spread."
Time difference of 0.00985527 secs
[1] "1 out of 10800"
[1] "Percent remaining 100"
[1] "Time remaining 195.53"
[1] "Since last readout: 0.02"
[1] "2021-09-17 16:03:18 BST"
[1] "2 out of 10800"
[1] "Percent remaining 100"
[1] "Time remaining 890.13"
[1] "Since last readout: 0.15"
[1] "2021-09-17 16:03:18 BST"
[1] "3 out of 10800"
[1] "Percent remaining 100"
[1] "Time remaining 1097.67"
[1] "Since last readout: 0.14"
[1] "2021-09-17 16:03:18 BST"
[1] "4 out of 10800"
[1] "Percent remaining 100"
[1] "Time remaining 1208.26"
[1] "Since last readout: 0.14"
[1] "2021-09-17 16:03:18 BST"
[1] "5 out of 10800"
[1] "Percent remaining 100"
[1] "Time remaining 1322.37"
[1] "Since last readout: 0.16"
[1] "2021-09-17 16:03:18 BST"
[1] "6 out of 10800"
[1] "Percent remaining 100"
[1] "Time remaining 1351.81"
[1] "Since last readout: 0.14"
[1] "2021-09-17 16:03:18 BST"
[1] "7 out of 10800"
[1] "Percent remaining 100"
[1] "Time remaining 1375.66"
[1] "Since last readout: 0.14"
[1] "2021-09-17 16:03:18 BST"
[1] "8 out of 10800"
[1] "Percent remaining 100"
[1] "Time remaining 1391.38"
[1] "Since last readout: 0.14"
[1] "2021-09-17 16:03:19 BST"
[1] "9 out of 10800"
[1] "Percent remaining 100"
[1] "Time remaining 1406.89"
[1] "Since last readout: 0.14"
[1] "2021-09-17 16:03:19 BST"
[1] "200 out of 10800"
[1] "Percent remaining 98"
[1] "Time remaining 1471.84"
[1] "Since last readout: 26.6"
[1] "2021-09-17 16:03:45 BST"
[1] "400 out of 10800"
[1] "Percent remaining 96"
[1] "Time remaining 1471.58"
[1] "Since last readout: 28.83"
[1] "2021-09-17 16:04:14 BST"
[1] "600 out of 10800"
[1] "Percent remaining 94"
[1] "Time remaining 1433.47"
[1] "Since last readout: 27.72"
[1] "2021-09-17 16:04:42 BST"
[1] "800 out of 10800"
[1] "Percent remaining 93"
[1] "Time remaining 1400.94"
[1] "Since last readout: 27.75"
[1] "2021-09-17 16:05:10 BST"
[1] "1000 out of 10800"
[1] "Percent remaining 91"
[1] "Time remaining 1369.59"
[1] "Since last readout: 27.68"
[1] "2021-09-17 16:05:37 BST"
[1] "1200 out of 10800"
[1] "Percent remaining 89"
[1] "Time remaining 1339.88"
[1] "Since last readout: 27.73"
[1] "2021-09-17 16:06:05 BST"
[1] "1400 out of 10800"
[1] "Percent remaining 87"
[1] "Time remaining 1310.61"
[1] "Since last readout: 27.71"
[1] "2021-09-17 16:06:33 BST"
[1] "1600 out of 10800"
[1] "Percent remaining 85"
[1] "Time remaining 1282.1"
[1] "Since last readout: 27.78"
[1] "2021-09-17 16:07:01 BST"
[1] "1800 out of 10800"
[1] "Percent remaining 83"
[1] "Time remaining 1253.31"
[1] "Since last readout: 27.69"
[1] "2021-09-17 16:07:28 BST"
[1] "2000 out of 10800"
[1] "Percent remaining 81"
[1] "Time remaining 1224.11"
[1] "Since last readout: 27.54"
[1] "2021-09-17 16:07:56 BST"
[1] "2200 out of 10800"
[1] "Percent remaining 80"
[1] "Time remaining 1195.77"
[1] "Since last readout: 27.69"
[1] "2021-09-17 16:08:23 BST"
[1] "2400 out of 10800"
[1] "Percent remaining 78"
[1] "Time remaining 1167.64"
[1] "Since last readout: 27.72"
[1] "2021-09-17 16:08:51 BST"
[1] "2600 out of 10800"
[1] "Percent remaining 76"
[1] "Time remaining 1139.37"
[1] "Since last readout: 27.65"
[1] "2021-09-17 16:09:19 BST"
[1] "2800 out of 10800"
[1] "Percent remaining 74"
[1] "Time remaining 1111.16"
[1] "Since last readout: 27.64"
[1] "2021-09-17 16:09:46 BST"
[1] "3000 out of 10800"
[1] "Percent remaining 72"
[1] "Time remaining 1083.33"
[1] "Since last readout: 27.76"
[1] "2021-09-17 16:10:14 BST"
[1] "3200 out of 10800"
[1] "Percent remaining 70"
[1] "Time remaining 1055.39"
[1] "Since last readout: 27.71"
[1] "2021-09-17 16:10:42 BST"
[1] "3400 out of 10800"
[1] "Percent remaining 69"
[1] "Time remaining 1027.52"
[1] "Since last readout: 27.73"
[1] "2021-09-17 16:11:10 BST"
[1] "3600 out of 10800"
[1] "Percent remaining 67"
[1] "Time remaining 999.6"
[1] "Since last readout: 27.7"
[1] "2021-09-17 16:11:37 BST"
[1] "3800 out of 10800"
[1] "Percent remaining 65"
[1] "Time remaining 971.73"
[1] "Since last readout: 27.71"
[1] "2021-09-17 16:12:05 BST"
[1] "4000 out of 10800"
[1] "Percent remaining 63"
[1] "Time remaining 943.76"
[1] "Since last readout: 27.65"
[1] "2021-09-17 16:12:33 BST"
[1] "4200 out of 10800"
[1] "Percent remaining 61"
[1] "Time remaining 915.85"
[1] "Since last readout: 27.66"
[1] "2021-09-17 16:13:00 BST"
[1] "4400 out of 10800"
[1] "Percent remaining 59"
[1] "Time remaining 887.96"
[1] "Since last readout: 27.66"
[1] "2021-09-17 16:13:28 BST"
[1] "4600 out of 10800"
[1] "Percent remaining 57"
[1] "Time remaining 860.15"
[1] "Since last readout: 27.7"
[1] "2021-09-17 16:13:56 BST"
[1] "4800 out of 10800"
[1] "Percent remaining 56"
[1] "Time remaining 832.35"
[1] "Since last readout: 27.71"
[1] "2021-09-17 16:14:23 BST"
[1] "5000 out of 10800"
[1] "Percent remaining 54"
[1] "Time remaining 804.65"
[1] "Since last readout: 27.78"
[1] "2021-09-17 16:14:51 BST"
[1] "5200 out of 10800"
[1] "Percent remaining 52"
[1] "Time remaining 776.93"
[1] "Since last readout: 27.78"
[1] "2021-09-17 16:15:19 BST"
[1] "5400 out of 10800"
[1] "Percent remaining 50"
[1] "Time remaining 749.13"
[1] "Since last readout: 27.69"
[1] "2021-09-17 16:15:47 BST"
[1] "5600 out of 10800"
[1] "Percent remaining 48"
[1] "Time remaining 721.36"
[1] "Since last readout: 27.71"
[1] "2021-09-17 16:16:14 BST"
[1] "5800 out of 10800"
[1] "Percent remaining 46"
[1] "Time remaining 693.5"
[1] "Since last readout: 27.61"
[1] "2021-09-17 16:16:42 BST"
[1] "6000 out of 10800"
[1] "Percent remaining 44"
[1] "Time remaining 665.74"
[1] "Since last readout: 27.72"
[1] "2021-09-17 16:17:10 BST"
[1] "6200 out of 10800"
[1] "Percent remaining 43"
[1] "Time remaining 637.96"
[1] "Since last readout: 27.69"
[1] "2021-09-17 16:17:37 BST"
[1] "6400 out of 10800"
[1] "Percent remaining 41"
[1] "Time remaining 610.25"
[1] "Since last readout: 27.78"
[1] "2021-09-17 16:18:05 BST"
[1] "6600 out of 10800"
[1] "Percent remaining 39"
[1] "Time remaining 582.47"
[1] "Since last readout: 27.67"
[1] "2021-09-17 16:18:33 BST"
[1] "6800 out of 10800"
[1] "Percent remaining 37"
[1] "Time remaining 554.74"
[1] "Since last readout: 27.74"
[1] "2021-09-17 16:19:01 BST"
[1] "7000 out of 10800"
[1] "Percent remaining 35"
[1] "Time remaining 527.02"
[1] "Since last readout: 27.77"
[1] "2021-09-17 16:19:28 BST"
[1] "7200 out of 10800"
[1] "Percent remaining 33"
[1] "Time remaining 499.3"
[1] "Since last readout: 27.79"
[1] "2021-09-17 16:19:56 BST"
[1] "7400 out of 10800"
[1] "Percent remaining 31"
[1] "Time remaining 471.57"
[1] "Since last readout: 27.76"
[1] "2021-09-17 16:20:24 BST"
[1] "7600 out of 10800"
[1] "Percent remaining 30"
[1] "Time remaining 443.83"
[1] "Since last readout: 27.74"
[1] "2021-09-17 16:20:52 BST"
[1] "7800 out of 10800"
[1] "Percent remaining 28"
[1] "Time remaining 416.11"
[1] "Since last readout: 27.79"
[1] "2021-09-17 16:21:19 BST"
[1] "8000 out of 10800"
[1] "Percent remaining 26"
[1] "Time remaining 388.43"
[1] "Since last readout: 27.9"
[1] "2021-09-17 16:21:47 BST"
[1] "8200 out of 10800"
[1] "Percent remaining 24"
[1] "Time remaining 360.72"
[1] "Since last readout: 27.85"
[1] "2021-09-17 16:22:15 BST"
[1] "8400 out of 10800"
[1] "Percent remaining 22"
[1] "Time remaining 333"
[1] "Since last readout: 27.85"
[1] "2021-09-17 16:22:43 BST"
[1] "8600 out of 10800"
[1] "Percent remaining 20"
[1] "Time remaining 305.25"
[1] "Since last readout: 27.75"
[1] "2021-09-17 16:23:11 BST"
[1] "8800 out of 10800"
[1] "Percent remaining 19"
[1] "Time remaining 277.5"
[1] "Since last readout: 27.77"
[1] "2021-09-17 16:23:39 BST"
[1] "9000 out of 10800"
[1] "Percent remaining 17"
[1] "Time remaining 249.75"
[1] "Since last readout: 27.73"
[1] "2021-09-17 16:24:06 BST"
[1] "9200 out of 10800"
[1] "Percent remaining 15"
[1] "Time remaining 222"
[1] "Since last readout: 27.77"
[1] "2021-09-17 16:24:34 BST"
[1] "9400 out of 10800"
[1] "Percent remaining 13"
[1] "Time remaining 194.26"
[1] "Since last readout: 27.82"
[1] "2021-09-17 16:25:02 BST"
[1] "9600 out of 10800"
[1] "Percent remaining 11"
[1] "Time remaining 166.52"
[1] "Since last readout: 27.85"
[1] "2021-09-17 16:25:30 BST"
[1] "9800 out of 10800"
[1] "Percent remaining 9"
[1] "Time remaining 138.76"
[1] "Since last readout: 27.68"
[1] "2021-09-17 16:25:57 BST"
[1] "10000 out of 10800"
[1] "Percent remaining 7"
[1] "Time remaining 111.02"
[1] "Since last readout: 27.89"
[1] "2021-09-17 16:26:25 BST"
[1] "10200 out of 10800"
[1] "Percent remaining 6"
[1] "Time remaining 83.27"
[1] "Since last readout: 27.79"
[1] "2021-09-17 16:26:53 BST"
[1] "10400 out of 10800"
[1] "Percent remaining 4"
[1] "Time remaining 55.51"
[1] "Since last readout: 27.8"
[1] "2021-09-17 16:27:21 BST"
[1] "10600 out of 10800"
[1] "Percent remaining 2"
[1] "Time remaining 27.76"
[1] "Since last readout: 27.79"
[1] "2021-09-17 16:27:49 BST"
[1] "10800 out of 10800"
[1] "Percent remaining 0"
[1] "Time remaining 0"
[1] "Since last readout: 27.68"
[1] "2021-09-17 16:28:16 BST"
[1] "saving outputs"
[1] "2021-09-17 16:28:17 BST"
[1] "104b Done"
