[1] "running 102"
[1] "2021-09-17 14:05:41 BST"
[1] "Setup for threshold POT2 at pc01 minimum spread."
Time difference of 0.1574883 secs
File /prj/aquacat/run_hmfg2g/outputs/dmflow_RCM07_198012_201011_out.nc (NC_FORMAT_NETCDF4):

     1 variables (excluding dimension variables):
        float dmflow[Easting,Northing,Time]   (Chunking: [13,19,4])  (Compression: shuffle,level 5)
            units: m3 s-1
            standard_name: dmflow
            long_name: Daily mean river flow
            _FillValue: -999
            missing_value: -999

     3 dimensions:
        Northing  Size:1000
            standard_name: Northing
            axis: Y
            units: GB National Grid
        Easting  Size:700
            standard_name: Easting
            axis: X
            units: GB National Grid
        Time  Size:10800   *** is unlimited ***
            standard_name: Time
            axis: T
            units: days since 1961-1-1 0:0:0
            calendar: 360_day
[1] "loop start"
[1] "2021-09-17 14:05:45 BST"
[1] "NH = 19914"
[1] 1
[1] "Percent remaining 100"
[1] "Time remaining 2462.74"
[1] "Since last readout: 0.12"
[1] "2021-09-17 14:05:45 BST"
[1] 2
[1] "Percent remaining 100"
[1] "Time remaining 173036.05"
[1] "Since last readout: 17.26"
[1] "2021-09-17 14:06:03 BST"
[1] 3
[1] "Percent remaining 100"
[1] "Time remaining 121950.15"
[1] "Since last readout: 0.99"
[1] "2021-09-17 14:06:04 BST"
[1] 4
[1] "Percent remaining 100"
[1] "Time remaining 94911.38"
[1] "Since last readout: 0.69"
[1] "2021-09-17 14:06:04 BST"
[1] 5
[1] "Percent remaining 100"
[1] "Time remaining 78683.75"
[1] "Since last readout: 0.69"
[1] "2021-09-17 14:06:05 BST"
[1] 6
[1] "Percent remaining 100"
[1] "Time remaining 67889.12"
[1] "Since last readout: 0.7"
[1] "2021-09-17 14:06:06 BST"
[1] 7
[1] "Percent remaining 100"
[1] "Time remaining 60079.75"
[1] "Since last readout: 0.66"
[1] "2021-09-17 14:06:06 BST"
[1] 8
[1] "Percent remaining 100"
[1] "Time remaining 54320.22"
[1] "Since last readout: 0.7"
[1] "2021-09-17 14:06:07 BST"
[1] 9
[1] "Percent remaining 100"
[1] "Time remaining 49794.93"
[1] "Since last readout: 0.68"
[1] "2021-09-17 14:06:08 BST"
[1] 200
[1] "Percent remaining 99"
[1] "Time remaining 16318.25"
[1] "Since last readout: 143.03"
[1] "2021-09-17 14:08:31 BST"
[1] 400
[1] "Percent remaining 98"
[1] "Time remaining 15588.99"
[1] "Since last readout: 153.99"
[1] "2021-09-17 14:11:05 BST"
[1] 600
[1] "Percent remaining 97"
[1] "Time remaining 15020.82"
[1] "Since last readout: 147.08"
[1] "2021-09-17 14:13:32 BST"
[1] 800
[1] "Percent remaining 96"
[1] "Time remaining 14745.23"
[1] "Since last readout: 150.52"
[1] "2021-09-17 14:16:02 BST"
[1] 1000
[1] "Percent remaining 95"
[1] "Time remaining 14355.05"
[1] "Since last readout: 141.82"
[1] "2021-09-17 14:18:24 BST"
[1] 1200
[1] "Percent remaining 94"
[1] "Time remaining 14098.15"
[1] "Since last readout: 145.05"
[1] "2021-09-17 14:20:49 BST"
[1] 1400
[1] "Percent remaining 93"
[1] "Time remaining 13773.5"
[1] "Since last readout: 137.51"
[1] "2021-09-17 14:23:07 BST"
[1] 1600
[1] "Percent remaining 92"
[1] "Time remaining 13555.73"
[1] "Since last readout: 142.76"
[1] "2021-09-17 14:25:30 BST"
[1] 1800
[1] "Percent remaining 91"
[1] "Time remaining 13325.01"
[1] "Since last readout: 139.82"
[1] "2021-09-17 14:27:49 BST"
[1] 2000
[1] "Percent remaining 90"
[1] "Time remaining 13095.74"
[1] "Since last readout: 137.95"
[1] "2021-09-17 14:30:07 BST"
[1] 2200
[1] "Percent remaining 89"
[1] "Time remaining 12883.83"
[1] "Since last readout: 138.05"
[1] "2021-09-17 14:32:25 BST"
[1] 2400
[1] "Percent remaining 88"
[1] "Time remaining 12707.91"
[1] "Since last readout: 141.29"
[1] "2021-09-17 14:34:47 BST"
[1] 2600
[1] "Percent remaining 87"
[1] "Time remaining 12543.95"
[1] "Since last readout: 142.29"
[1] "2021-09-17 14:37:09 BST"
[1] 2800
[1] "Percent remaining 86"
[1] "Time remaining 12368.92"
[1] "Since last readout: 139.97"
[1] "2021-09-17 14:39:29 BST"
[1] 3000
[1] "Percent remaining 85"
[1] "Time remaining 12155.27"
[1] "Since last readout: 132.29"
[1] "2021-09-17 14:41:41 BST"
[1] 3200
[1] "Percent remaining 84"
[1] "Time remaining 11959.2"
[1] "Since last readout: 133.71"
[1] "2021-09-17 14:43:55 BST"
[1] 3400
[1] "Percent remaining 83"
[1] "Time remaining 11785.3"
[1] "Since last readout: 136.76"
[1] "2021-09-17 14:46:12 BST"
[1] 3600
[1] "Percent remaining 82"
[1] "Time remaining 11609.4"
[1] "Since last readout: 135.41"
[1] "2021-09-17 14:48:27 BST"
[1] 3800
[1] "Percent remaining 81"
[1] "Time remaining 11436.97"
[1] "Since last readout: 135.22"
[1] "2021-09-17 14:50:42 BST"
[1] 4000
[1] "Percent remaining 80"
[1] "Time remaining 11269.6"
[1] "Since last readout: 135.56"
[1] "2021-09-17 14:52:58 BST"
[1] 4200
[1] "Percent remaining 79"
[1] "Time remaining 11119.39"
[1] "Since last readout: 139.34"
[1] "2021-09-17 14:55:17 BST"
[1] 4400
[1] "Percent remaining 78"
[1] "Time remaining 10968.59"
[1] "Since last readout: 138.89"
[1] "2021-09-17 14:57:36 BST"
[1] 4600
[1] "Percent remaining 77"
[1] "Time remaining 10820.03"
[1] "Since last readout: 139.25"
[1] "2021-09-17 14:59:55 BST"
[1] 4800
[1] "Percent remaining 76"
[1] "Time remaining 10677.2"
[1] "Since last readout: 140.83"
[1] "2021-09-17 15:02:16 BST"
[1] 5000
[1] "Percent remaining 75"
[1] "Time remaining 10547.55"
[1] "Since last readout: 145.19"
[1] "2021-09-17 15:04:41 BST"
[1] 5200
[1] "Percent remaining 74"
[1] "Time remaining 10425.13"
[1] "Since last readout: 148.17"
[1] "2021-09-17 15:07:10 BST"
[1] 5400
[1] "Percent remaining 73"
[1] "Time remaining 10297.48"
[1] "Since last readout: 146.93"
[1] "2021-09-17 15:09:37 BST"
[1] 5600
[1] "Percent remaining 72"
[1] "Time remaining 10173.16"
[1] "Since last readout: 148.77"
[1] "2021-09-17 15:12:05 BST"
[1] 5800
[1] "Percent remaining 71"
[1] "Time remaining 10034.9"
[1] "Since last readout: 143.74"
[1] "2021-09-17 15:14:29 BST"
[1] 6000
[1] "Percent remaining 70"
[1] "Time remaining 9894.52"
[1] "Since last readout: 142.98"
[1] "2021-09-17 15:16:52 BST"
[1] 6200
[1] "Percent remaining 69"
[1] "Time remaining 9751.8"
[1] "Since last readout: 142"
[1] "2021-09-17 15:19:14 BST"
[1] 6400
[1] "Percent remaining 68"
[1] "Time remaining 9607.08"
[1] "Since last readout: 141.03"
[1] "2021-09-17 15:21:35 BST"
[1] 6600
[1] "Percent remaining 67"
[1] "Time remaining 9467.42"
[1] "Since last readout: 143.43"
[1] "2021-09-17 15:23:58 BST"
[1] 6800
[1] "Percent remaining 66"
[1] "Time remaining 9332.77"
[1] "Since last readout: 146.14"
[1] "2021-09-17 15:26:25 BST"
[1] 7000
[1] "Percent remaining 65"
[1] "Time remaining 9193.74"
[1] "Since last readout: 144.12"
[1] "2021-09-17 15:28:49 BST"
[1] 7200
[1] "Percent remaining 64"
[1] "Time remaining 9051"
[1] "Since last readout: 142.18"
[1] "2021-09-17 15:31:11 BST"
[1] 7400
[1] "Percent remaining 63"
[1] "Time remaining 8918.4"
[1] "Since last readout: 148.16"
[1] "2021-09-17 15:33:39 BST"
[1] 7600
[1] "Percent remaining 62"
[1] "Time remaining 8777.7"
[1] "Since last readout: 143.67"
[1] "2021-09-17 15:36:03 BST"
[1] "min_ep = 0.688703703703704"
[1] "7725  Using UKFE2 and medianThresh"
[1] "min_ep = 0.696388888888889"
[1] "7726  Using UKFE2 and medianThresh"
[1] "min_ep = 0.683240740740741"
[1] "7727  Using UKFE2 and medianThresh"
[1] "min_ep = 0.681296296296296"
[1] "7728  Using UKFE2 and medianThresh"
[1] "min_ep = 0.680740740740741"
[1] "7729  Using UKFE2 and medianThresh"
[1] "min_ep = 0.681388888888889"
[1] "7730  Using UKFE2 and medianThresh"
[1] "min_ep = 0.682222222222222"
[1] "7731  Using UKFE2 and medianThresh"
[1] "min_ep = 0.673425925925926"
[1] "7732  Using UKFE2 and medianThresh"
[1] "min_ep = 0.693981481481482"
[1] "7752  Using UKFE2 and medianThresh"
[1] "min_ep = 0.695092592592593"
[1] "7753  Using UKFE2 and medianThresh"
[1] "min_ep = 0.685648148148148"
[1] "7754  Using UKFE2 and medianThresh"
[1] "min_ep = 0.686203703703704"
[1] "7755  Using UKFE2 and medianThresh"
[1] "min_ep = 0.692314814814815"
[1] "7773  Using UKFE2 and medianThresh"
[1] "min_ep = 0.692777777777778"
[1] "7774  Using UKFE2 and medianThresh"
[1] "min_ep = 0.693518518518519"
[1] "7775  Using UKFE2 and medianThresh"
[1] "min_ep = 0.693055555555556"
[1] "7776  Using UKFE2 and medianThresh"
[1] "min_ep = 0.678888888888889"
[1] "7777  Using UKFE2 and medianThresh"
[1] "min_ep = 0.660648148148148"
[1] "7793  Using UKFE2 and medianThresh"
[1] "min_ep = 0.679259259259259"
[1] "7794  Using UKFE2 and medianThresh"
[1] 7800
[1] "Percent remaining 61"
[1] "Time remaining 8622.06"
[1] "Since last readout: 134.15"
[1] "2021-09-17 15:38:17 BST"
[1] "min_ep = 0.679166666666667"
[1] "7811  Using UKFE2 and medianThresh"
[1] "min_ep = 0.679074074074074"
[1] "7833  Using UKFE2 and medianThresh"
[1] "min_ep = 0.6675"
[1] "7834  Using UKFE2 and medianThresh"
[1] "min_ep = 0.6675"
[1] "7835  Using UKFE2 and medianThresh"
[1] "min_ep = 0.678148148148148"
[1] "7836  Using UKFE2 and medianThresh"
[1] "min_ep = 0.678703703703704"
[1] "7837  Using UKFE2 and medianThresh"
[1] "min_ep = 0.679259259259259"
[1] "7838  Using UKFE2 and medianThresh"
[1] "min_ep = 0.679444444444444"
[1] "7839  Using UKFE2 and medianThresh"
[1] "min_ep = 0.679074074074074"
[1] "7840  Using UKFE2 and medianThresh"
[1] "min_ep = 0.651018518518519"
[1] "7841  Using UKFE2 and medianThresh"
[1] "min_ep = 0.66212962962963"
[1] "7860  Using UKFE2 and medianThresh"
[1] "min_ep = 0.621944444444444"
[1] "7926  Using UKFE2 and medianThresh"
[1] "min_ep = 0.682685185185185"
[1] "7927  Using UKFE2 and medianThresh"
[1] "min_ep = 0.636944444444444"
[1] "7944  Using UKFE2 and medianThresh"
[1] "min_ep = 0.635648148148148"
[1] "7945  Using UKFE2 and medianThresh"
[1] "min_ep = 0.645"
[1] "7946  Using UKFE2 and medianThresh"
[1] "min_ep = 0.642222222222222"
[1] "7962  Using UKFE2 and medianThresh"
[1] "min_ep = 0.645740740740741"
[1] "7963  Using UKFE2 and medianThresh"
[1] "min_ep = 0.63462962962963"
[1] "7964  Using UKFE2 and medianThresh"
[1] "min_ep = 0.643796296296296"
[1] "7965  Using UKFE2 and medianThresh"
[1] "min_ep = 0.595555555555556"
[1] "7976  Using UKFE2 and medianThresh"
[1] "min_ep = 0.673981481481482"
[1] "7977  Using UKFE2 and medianThresh"
[1] "min_ep = 0.673796296296296"
[1] "7991  Using UKFE2 and medianThresh"
[1] "min_ep = 0.673518518518519"
[1] "7992  Using UKFE2 and medianThresh"
[1] 8000
[1] "Percent remaining 60"
[1] "Time remaining 8462.36"
[1] "Since last readout: 130.69"
[1] "2021-09-17 15:40:28 BST"
[1] "min_ep = 0.678240740740741"
[1] "8007  Using UKFE2 and medianThresh"
[1] "min_ep = 0.673240740740741"
[1] "8008  Using UKFE2 and medianThresh"
[1] "min_ep = 0.693981481481482"
[1] "8009  Using UKFE2 and medianThresh"
[1] "min_ep = 0.696851851851852"
[1] "8010  Using UKFE2 and medianThresh"
[1] "min_ep = 0.696574074074074"
[1] "8011  Using UKFE2 and medianThresh"
[1] "min_ep = 0.695185185185185"
[1] "8012  Using UKFE2 and medianThresh"
[1] "min_ep = 0.76287037037037"
[1] "8031  Using UKFE2 and medianThresh"
[1] "min_ep = 0.746944444444444"
[1] "8050  Using UKFE2 and medianThresh"
[1] 8200
[1] "Percent remaining 59"
[1] "Time remaining 8312.45"
[1] "Since last readout: 136.56"
[1] "2021-09-17 15:42:44 BST"
[1] 8400
[1] "Percent remaining 58"
[1] "Time remaining 8159.83"
[1] "Since last readout: 134.12"
[1] "2021-09-17 15:44:58 BST"
[1] 8600
[1] "Percent remaining 57"
[1] "Time remaining 8003.31"
[1] "Since last readout: 130.5"
[1] "2021-09-17 15:47:09 BST"
[1] "min_ep = 0.180648148148148"
[1] "8664  Using UKFE2 and medianThresh"
[1] 8800
[1] "Percent remaining 56"
[1] "Time remaining 7855"
[1] "Since last readout: 136.07"
[1] "2021-09-17 15:49:25 BST"
[1] 9000
[1] "Percent remaining 55"
[1] "Time remaining 7704.44"
[1] "Since last readout: 133.76"
[1] "2021-09-17 15:51:39 BST"
[1] "min_ep = 0.525555555555556"
[1] "9031  Using UKFE2 and medianThresh"
[1] "min_ep = 0.656944444444444"
[1] "9032  Using UKFE2 and medianThresh"
[1] "min_ep = 0.583981481481481"
[1] "9051  Using UKFE2 and medianThresh"
[1] "min_ep = 0.733611111111111"
[1] "9052  Using UKFE2 and medianThresh"
[1] "min_ep = 0.516481481481481"
[1] "9073  Using UKFE2 and medianThresh"
[1] "min_ep = 0.5725"
[1] "9074  Using UKFE2 and medianThresh"
[1] "min_ep = 0.482592592592593"
[1] "9104  Using UKFE2 and medianThresh"
[1] "min_ep = 0.483240740740741"
[1] "9129  Using UKFE2 and medianThresh"
[1] "min_ep = 0.484351851851852"
[1] "9150  Using UKFE2 and medianThresh"
[1] "min_ep = 0.131759259259259"
[1] "9171  Using UKFE2 and medianThresh"
[1] 9200
[1] "Percent remaining 54"
[1] "Time remaining 7555.79"
[1] "Since last readout: 134.78"
[1] "2021-09-17 15:53:53 BST"
[1] 9400
[1] "Percent remaining 53"
[1] "Time remaining 7406.83"
[1] "Since last readout: 133.96"
[1] "2021-09-17 15:56:07 BST"
[1] 9600
[1] "Percent remaining 52"
[1] "Time remaining 7259.39"
[1] "Since last readout: 134.8"
[1] "2021-09-17 15:58:22 BST"
[1] 9800
[1] "Percent remaining 51"
[1] "Time remaining 7113.16"
[1] "Since last readout: 135.47"
[1] "2021-09-17 16:00:38 BST"
[1] 10000
[1] "Percent remaining 50"
[1] "Time remaining 6968.54"
[1] "Since last readout: 136.66"
[1] "2021-09-17 16:02:54 BST"
[1] 10200
[1] "Percent remaining 49"
[1] "Time remaining 6820.68"
[1] "Since last readout: 132.93"
[1] "2021-09-17 16:05:07 BST"
[1] 10400
[1] "Percent remaining 48"
[1] "Time remaining 6672.55"
[1] "Since last readout: 132.01"
[1] "2021-09-17 16:07:19 BST"
[1] "min_ep = 0.0606481481481481"
[1] "10509  Using UKFE2 and medianThresh"
[1] "min_ep = 0.0532407407407407"
[1] "10567  Using UKFE2 and medianThresh"
[1] 10600
[1] "Percent remaining 47"
[1] "Time remaining 6524.97"
[1] "Since last readout: 131.95"
[1] "2021-09-17 16:09:31 BST"
[1] "min_ep = 0.0535185185185185"
[1] "10613  Using UKFE2 and medianThresh"
[1] "min_ep = 0.0534259259259259"
[1] "10650  Using UKFE2 and medianThresh"
[1] "min_ep = 0.0534259259259259"
[1] "10683  Using UKFE2 and medianThresh"
[1] "min_ep = 0.0527777777777778"
[1] "10715  Using UKFE2 and medianThresh"
[1] "min_ep = 0.047037037037037"
[1] "10743  Using UKFE2 and medianThresh"
[1] "min_ep = 0.0476851851851852"
[1] "10778  Using UKFE2 and medianThresh"
[1] "min_ep = 0.0482407407407407"
[1] "10779  Using UKFE2 and medianThresh"
[1] 10800
[1] "Percent remaining 46"
[1] "Time remaining 6378.97"
[1] "Since last readout: 133.13"
[1] "2021-09-17 16:11:44 BST"
[1] 11000
[1] "Percent remaining 45"
[1] "Time remaining 6232.13"
[1] "Since last readout: 131.52"
[1] "2021-09-17 16:13:56 BST"
[1] 11200
[1] "Percent remaining 44"
[1] "Time remaining 6084.06"
[1] "Since last readout: 129.24"
[1] "2021-09-17 16:16:05 BST"
[1] 11400
[1] "Percent remaining 43"
[1] "Time remaining 5935.47"
[1] "Since last readout: 127.64"
[1] "2021-09-17 16:18:13 BST"
[1] 11600
[1] "Percent remaining 42"
[1] "Time remaining 5784.66"
[1] "Since last readout: 123.55"
[1] "2021-09-17 16:20:16 BST"
[1] 11800
[1] "Percent remaining 41"
[1] "Time remaining 5638.42"
[1] "Since last readout: 128.85"
[1] "2021-09-17 16:22:25 BST"
[1] 12000
[1] "Percent remaining 40"
[1] "Time remaining 5490.55"
[1] "Since last readout: 125.5"
[1] "2021-09-17 16:24:31 BST"
[1] 12200
[1] "Percent remaining 39"
[1] "Time remaining 5347.38"
[1] "Since last readout: 131.77"
[1] "2021-09-17 16:26:42 BST"
[1] 12400
[1] "Percent remaining 38"
[1] "Time remaining 5200.11"
[1] "Since last readout: 124.4"
[1] "2021-09-17 16:28:47 BST"
[1] 12600
[1] "Percent remaining 37"
[1] "Time remaining 5055.54"
[1] "Since last readout: 127.8"
[1] "2021-09-17 16:30:55 BST"
[1] 12800
[1] "Percent remaining 36"
[1] "Time remaining 4910.61"
[1] "Since last readout: 126.22"
[1] "2021-09-17 16:33:01 BST"
[1] 13000
[1] "Percent remaining 35"
[1] "Time remaining 4769.19"
[1] "Since last readout: 131.72"
[1] "2021-09-17 16:35:13 BST"
[1] 13200
[1] "Percent remaining 34"
[1] "Time remaining 4627.49"
[1] "Since last readout: 130.61"
[1] "2021-09-17 16:37:23 BST"
[1] 13400
[1] "Percent remaining 33"
[1] "Time remaining 4486.18"
[1] "Since last readout: 130.71"
[1] "2021-09-17 16:39:34 BST"
[1] 13600
[1] "Percent remaining 32"
[1] "Time remaining 4345.44"
[1] "Since last readout: 131.27"
[1] "2021-09-17 16:41:45 BST"
[1] 13800
[1] "Percent remaining 31"
[1] "Time remaining 4206"
[1] "Since last readout: 133.6"
[1] "2021-09-17 16:43:59 BST"
[1] 14000
[1] "Percent remaining 30"
[1] "Time remaining 4064.46"
[1] "Since last readout: 128.23"
[1] "2021-09-17 16:46:07 BST"
[1] 14200
[1] "Percent remaining 29"
[1] "Time remaining 3921.12"
[1] "Since last readout: 122.83"
[1] "2021-09-17 16:48:10 BST"
[1] 14400
[1] "Percent remaining 28"
[1] "Time remaining 3780.42"
[1] "Since last readout: 128.21"
[1] "2021-09-17 16:50:18 BST"
[1] 14600
[1] "Percent remaining 27"
[1] "Time remaining 3639.05"
[1] "Since last readout: 125.46"
[1] "2021-09-17 16:52:23 BST"
[1] 14800
[1] "Percent remaining 26"
[1] "Time remaining 3499.25"
[1] "Since last readout: 128.74"
[1] "2021-09-17 16:54:32 BST"
[1] 15000
[1] "Percent remaining 25"
[1] "Time remaining 3360"
[1] "Since last readout: 129.51"
[1] "2021-09-17 16:56:42 BST"
[1] 15200
[1] "Percent remaining 24"
[1] "Time remaining 3221.75"
[1] "Since last readout: 131.93"
[1] "2021-09-17 16:58:54 BST"
[1] 15400
[1] "Percent remaining 23"
[1] "Time remaining 3083.14"
[1] "Since last readout: 130.13"
[1] "2021-09-17 17:01:04 BST"
[1] 15600
[1] "Percent remaining 22"
[1] "Time remaining 2944.97"
[1] "Since last readout: 130.96"
[1] "2021-09-17 17:03:15 BST"
[1] 15800
[1] "Percent remaining 21"
[1] "Time remaining 2806.97"
[1] "Since last readout: 130.87"
[1] "2021-09-17 17:05:26 BST"
[1] 16000
[1] "Percent remaining 20"
[1] "Time remaining 2668.1"
[1] "Since last readout: 126.6"
[1] "2021-09-17 17:07:32 BST"
[1] 16200
[1] "Percent remaining 19"
[1] "Time remaining 2529.97"
[1] "Since last readout: 128.55"
[1] "2021-09-17 17:09:41 BST"
[1] 16400
[1] "Percent remaining 18"
[1] "Time remaining 2392.68"
[1] "Since last readout: 131.3"
[1] "2021-09-17 17:11:52 BST"
[1] 16600
[1] "Percent remaining 17"
[1] "Time remaining 2255.37"
[1] "Since last readout: 130.55"
[1] "2021-09-17 17:14:03 BST"
[1] 16800
[1] "Percent remaining 16"
[1] "Time remaining 2118.51"
[1] "Since last readout: 132.07"
[1] "2021-09-17 17:16:15 BST"
[1] "min_ep = 0.721388888888889"
[1] "16887  Using UKFE2 and medianThresh"
[1] "min_ep = 0.71712962962963"
[1] "16888  Using UKFE2 and medianThresh"
[1] "min_ep = 0.725277777777778"
[1] "16915  Using UKFE2 and medianThresh"
[1] "min_ep = 0.732314814814815"
[1] "16916  Using UKFE2 and medianThresh"
[1] "min_ep = 0.739907407407407"
[1] "16917  Using UKFE2 and medianThresh"
[1] "min_ep = 0.751666666666667"
[1] "16949  Using UKFE2 and medianThresh"
[1] "min_ep = 0.716574074074074"
[1] "16950  Using UKFE2 and medianThresh"
[1] "min_ep = 0.71712962962963"
[1] "16951  Using UKFE2 and medianThresh"
[1] "min_ep = 0.793611111111111"
[1] "16997  Using UKFE2 and medianThresh"
[1] "min_ep = 0.784537037037037"
[1] "16998  Using UKFE2 and medianThresh"
[1] "min_ep = 0.717222222222222"
[1] "16999  Using UKFE2 and medianThresh"
[1] 17000
[1] "Percent remaining 15"
[1] "Time remaining 1980.18"
[1] "Since last readout: 122.84"
[1] "2021-09-17 17:18:17 BST"
[1] "min_ep = 0.733888888888889"
[1] "17000  Using UKFE2 and medianThresh"
[1] "min_ep = 0.78287037037037"
[1] "17028  Using UKFE2 and medianThresh"
[1] "min_ep = 0.780555555555556"
[1] "17029  Using UKFE2 and medianThresh"
[1] "min_ep = 0.734351851851852"
[1] "17030  Using UKFE2 and medianThresh"
[1] "min_ep = 0.783425925925926"
[1] "17061  Using UKFE2 and medianThresh"
[1] "min_ep = 0.784907407407407"
[1] "17062  Using UKFE2 and medianThresh"
[1] "min_ep = 0.718333333333333"
[1] "17063  Using UKFE2 and medianThresh"
[1] "min_ep = 0.784166666666667"
[1] "17094  Using UKFE2 and medianThresh"
[1] "min_ep = 0.782685185185185"
[1] "17095  Using UKFE2 and medianThresh"
[1] "min_ep = 0.754166666666667"
[1] "17125  Using UKFE2 and medianThresh"
[1] "min_ep = 0.781944444444444"
[1] "17126  Using UKFE2 and medianThresh"
[1] "min_ep = 0.781851851851852"
[1] "17127  Using UKFE2 and medianThresh"
[1] "min_ep = 0.779722222222222"
[1] "17128  Using UKFE2 and medianThresh"
[1] "min_ep = 0.686851851851852"
[1] "17152  Using UKFE2 and medianThresh"
[1] "min_ep = 0.759166666666667"
[1] "17153  Using UKFE2 and medianThresh"
[1] "min_ep = 0.760555555555556"
[1] "17154  Using UKFE2 and medianThresh"
[1] "min_ep = 0.762314814814815"
[1] "17155  Using UKFE2 and medianThresh"
[1] "min_ep = 0.763055555555556"
[1] "17156  Using UKFE2 and medianThresh"
[1] "min_ep = 0.78037037037037"
[1] "17157  Using UKFE2 and medianThresh"
[1] "min_ep = 0.732962962962963"
[1] "17185  Using UKFE2 and medianThresh"
[1] "min_ep = 0.743425925925926"
[1] "17186  Using UKFE2 and medianThresh"
[1] "min_ep = 0.739074074074074"
[1] "17187  Using UKFE2 and medianThresh"
[1] "min_ep = 0.772777777777778"
[1] "17188  Using UKFE2 and medianThresh"
[1] "min_ep = 0.779074074074074"
[1] "17189  Using UKFE2 and medianThresh"
[1] "min_ep = 0.791388888888889"
[1] "17190  Using UKFE2 and medianThresh"
[1] "min_ep = 0.775092592592593"
[1] "17191  Using UKFE2 and medianThresh"
[1] "min_ep = 0.775277777777778"
[1] "17192  Using UKFE2 and medianThresh"
[1] 17200
[1] "Percent remaining 14"
[1] "Time remaining 1842.22"
[1] "Since last readout: 122.88"
[1] "2021-09-17 17:20:20 BST"
[1] "min_ep = 0.630833333333333"
[1] "17216  Using UKFE2 and medianThresh"
[1] "min_ep = 0.741111111111111"
[1] "17217  Using UKFE2 and medianThresh"
[1] "min_ep = 0.728981481481481"
[1] "17218  Using UKFE2 and medianThresh"
[1] "min_ep = 0.731851851851852"
[1] "17219  Using UKFE2 and medianThresh"
[1] "min_ep = 0.755648148148148"
[1] "17220  Using UKFE2 and medianThresh"
[1] "min_ep = 0.756574074074074"
[1] "17221  Using UKFE2 and medianThresh"
[1] "min_ep = 0.792777777777778"
[1] "17222  Using UKFE2 and medianThresh"
[1] "min_ep = 0.774074074074074"
[1] "17223  Using UKFE2 and medianThresh"
[1] "min_ep = 0.786296296296296"
[1] "17224  Using UKFE2 and medianThresh"
[1] "min_ep = 0.794166666666667"
[1] "17225  Using UKFE2 and medianThresh"
[1] "min_ep = 0.737777777777778"
[1] "17253  Using UKFE2 and medianThresh"
[1] "min_ep = 0.737592592592593"
[1] "17254  Using UKFE2 and medianThresh"
[1] "min_ep = 0.73462962962963"
[1] "17255  Using UKFE2 and medianThresh"
[1] "min_ep = 0.731481481481482"
[1] "17256  Using UKFE2 and medianThresh"
[1] "min_ep = 0.731574074074074"
[1] "17257  Using UKFE2 and medianThresh"
[1] "min_ep = 0.73712962962963"
[1] "17258  Using UKFE2 and medianThresh"
[1] "min_ep = 0.741759259259259"
[1] "17259  Using UKFE2 and medianThresh"
[1] "min_ep = 0.735648148148148"
[1] "17260  Using UKFE2 and medianThresh"
[1] "min_ep = 0.713425925925926"
[1] "17297  Using UKFE2 and medianThresh"
[1] "min_ep = 0.743333333333333"
[1] "17298  Using UKFE2 and medianThresh"
[1] 17400
[1] "Percent remaining 13"
[1] "Time remaining 1704.79"
[1] "Since last readout: 124.21"
[1] "2021-09-17 17:22:25 BST"
[1] 17600
[1] "Percent remaining 12"
[1] "Time remaining 1568.23"
[1] "Since last readout: 128.53"
[1] "2021-09-17 17:24:33 BST"
[1] "min_ep = 0.759537037037037"
[1] "17757  Using UKFE2 and medianThresh"
[1] "min_ep = 0.759166666666667"
[1] "17775  Using UKFE2 and medianThresh"
[1] "min_ep = 0.759907407407407"
[1] "17776  Using UKFE2 and medianThresh"
[1] "min_ep = 0.759722222222222"
[1] "17777  Using UKFE2 and medianThresh"
[1] "min_ep = 0.760092592592593"
[1] "17778  Using UKFE2 and medianThresh"
[1] "min_ep = 0.771296296296296"
[1] "17799  Using UKFE2 and medianThresh"
[1] 17800
[1] "Percent remaining 11"
[1] "Time remaining 1431.29"
[1] "Since last readout: 123.78"
[1] "2021-09-17 17:26:37 BST"
[1] "min_ep = 0.765185185185185"
[1] "17800  Using UKFE2 and medianThresh"
[1] "min_ep = 0.764074074074074"
[1] "17801  Using UKFE2 and medianThresh"
[1] "min_ep = 0.737592592592593"
[1] "17818  Using UKFE2 and medianThresh"
[1] "min_ep = 0.770833333333333"
[1] "17824  Using UKFE2 and medianThresh"
[1] "min_ep = 0.780740740740741"
[1] "17825  Using UKFE2 and medianThresh"
[1] "min_ep = 0.769259259259259"
[1] "17850  Using UKFE2 and medianThresh"
[1] "min_ep = 0.776388888888889"
[1] "17857  Using UKFE2 and medianThresh"
[1] "min_ep = 0.749814814814815"
[1] "17887  Using UKFE2 and medianThresh"
[1] "min_ep = 0.769444444444444"
[1] "17888  Using UKFE2 and medianThresh"
[1] "min_ep = 0.768333333333333"
[1] "17932  Using UKFE2 and medianThresh"
[1] "min_ep = 0.79787037037037"
[1] "17938  Using UKFE2 and medianThresh"
[1] "min_ep = 0.762592592592593"
[1] "17979  Using UKFE2 and medianThresh"
[1] "min_ep = 0.758148148148148"
[1] "17980  Using UKFE2 and medianThresh"
[1] "min_ep = 0.798148148148148"
[1] "17986  Using UKFE2 and medianThresh"
[1] 18000
[1] "Percent remaining 10"
[1] "Time remaining 1294.28"
[1] "Since last readout: 120.32"
[1] "2021-09-17 17:28:37 BST"
[1] "min_ep = 0.75462962962963"
[1] "18034  Using UKFE2 and medianThresh"
[1] "min_ep = 0.753148148148148"
[1] "18072  Using UKFE2 and medianThresh"
[1] "min_ep = 0.753518518518518"
[1] "18073  Using UKFE2 and medianThresh"
[1] "min_ep = 0.766296296296296"
[1] "18106  Using UKFE2 and medianThresh"
[1] "min_ep = 0.766111111111111"
[1] "18130  Using UKFE2 and medianThresh"
[1] "min_ep = 0.764814814814815"
[1] "18156  Using UKFE2 and medianThresh"
[1] "min_ep = 0.777777777777778"
[1] "18182  Using UKFE2 and medianThresh"
[1] 18200
[1] "Percent remaining 9"
[1] "Time remaining 1157.44"
[1] "Since last readout: 118.32"
[1] "2021-09-17 17:30:36 BST"
[1] "min_ep = 0.795648148148148"
[1] "18309  Using UKFE2 and medianThresh"
[1] "min_ep = 0.795648148148148"
[1] "18310  Using UKFE2 and medianThresh"
[1] "min_ep = 0.848611111111111"
[1] "18349  Using UKFE2 and medianThresh"
[1] 18400
[1] "Percent remaining 8"
[1] "Time remaining 1021.19"
[1] "Since last readout: 120.55"
[1] "2021-09-17 17:32:36 BST"
[1] 18600
[1] "Percent remaining 7"
[1] "Time remaining 885.65"
[1] "Since last readout: 125.79"
[1] "2021-09-17 17:34:42 BST"
[1] 18800
[1] "Percent remaining 6"
[1] "Time remaining 750.49"
[1] "Since last readout: 128.74"
[1] "2021-09-17 17:36:51 BST"
[1] 19000
[1] "Percent remaining 5"
[1] "Time remaining 615.46"
[1] "Since last readout: 128.69"
[1] "2021-09-17 17:38:59 BST"
[1] 19200
[1] "Percent remaining 4"
[1] "Time remaining 480.63"
[1] "Since last readout: 130.49"
[1] "2021-09-17 17:41:10 BST"
[1] 19400
[1] "Percent remaining 3"
[1] "Time remaining 345.9"
[1] "Since last readout: 130.99"
[1] "2021-09-17 17:43:21 BST"
[1] 19600
[1] "Percent remaining 2"
[1] "Time remaining 211.19"
[1] "Since last readout: 127.28"
[1] "2021-09-17 17:45:28 BST"
[1] 19800
[1] "Percent remaining 1"
[1] "Time remaining 76.68"
[1] "Since last readout: 134.58"
[1] "2021-09-17 17:47:43 BST"
[1] "saving outputs"
'data.frame':	19914 obs. of  7 variables:
 $ meanint   : num  0.75 0.75 0.75 0.75 0.75 0.75 0.75 0.75 0.75 0.75 ...
 $ threshold : num  22.7 22.6 69.5 21.9 21.2 ...
 $ loc       : num  22.7 22.6 69.5 21.9 21.2 ...
 $ sca       : num  8.35 8.05 37.08 8.92 9.85 ...
 $ shape     : num  -0.1755 -0.1864 -0.0413 -0.1155 -0.0401 ...
 $ threshquan: num  0.993 0.993 0.991 0.993 0.993 ...
 $ pot2      : num  20.2 20.3 63.5 20.2 20 ...
'data.frame':	19914 obs. of  5 variables:
 $ X1: num  NA NA NA NA NA NA NA NA NA NA ...
 $ X2: num  20.2 20.3 63.5 20.2 20 ...
 $ X3: num  NA NA NA NA NA NA NA NA NA NA ...
 $ X4: num  NA NA NA NA NA NA NA NA NA NA ...
 $ X5: num  NA NA NA NA NA NA NA NA NA NA ...
[1] "2021-09-17 17:48:59 BST"
[1] "102 Complete"
