[1] "2021-02-11 15:19:55 GMT"
[1] "Running for threshold POT2 at pc05 minimum spread."
[1] "Determining tail distribution"
[1] "Simulating new events"
[1] 50
[1] 100
[1] 150
[1] 200
[1] 250
[1] 300
[1] 350
[1] 400
[1] 450
[1] 500
[1] 550
[1] 600
[1] 650
[1] 700
[1] 750
[1] 800
[1] 850
[1] 900
[1] 950
[1] 1000
[1] 1050
[1] 1100
[1] 1150
[1] 1200
[1] 1250
[1] 1300
[1] 1350
[1] 1400
[1] 1450
[1] 1500
[1] 1550
[1] 1600
[1] 1650
[1] 1700
[1] 1750
[1] 1800
[1] 1850
[1] 1900
[1] 1950
[1] 2000
[1] 2050
[1] 2100
[1] 2150
[1] 2200
[1] 2250
[1] 2300
[1] 2350
[1] 2400
[1] 2450
[1] 2500
[1] 2550
[1] 2600
[1] 2650
[1] 2700
[1] 2750
[1] 2800
[1] 2850
[1] 2900
[1] 2950
[1] 3000
[1] 3050
[1] 3100
[1] 3150
[1] 3200
[1] 3250
[1] 3300
[1] 3350
[1] 3400
[1] 3450
[1] 3500
[1] 3550
[1] 3600
[1] 3650
[1] 3700
[1] 3750
[1] 3800
[1] 3850
[1] 3900
[1] 3950
[1] 4000
[1] 4050
[1] 4100
[1] 4150
[1] 4200
[1] 4250
[1] 4300
[1] 4350
[1] 4400
[1] 4450
[1] 4500
[1] 4550
[1] 4600
[1] 4650
[1] 4700
[1] 4750
[1] 4800
[1] 4850
[1] 4900
[1] 4950
[1] 5000
[1] 1
[1] "Percent remaining 100"
[1] "Time remaining 7.13"
[1] "Since last readout: 0"
[1] "2021-02-11 15:35:04 GMT"
[1] 2
[1] "Percent remaining 100"
[1] "Time remaining 29930.1"
[1] "Since last readout: 3.01"
[1] "2021-02-11 15:35:07 GMT"
[1] 3
[1] "Percent remaining 100"
[1] "Time remaining 21731.67"
[1] "Since last readout: 0.27"
[1] "2021-02-11 15:35:08 GMT"
[1] 4
[1] "Percent remaining 100"
[1] "Time remaining 17634.59"
[1] "Since last readout: 0.27"
[1] "2021-02-11 15:35:08 GMT"
[1] 5
[1] "Percent remaining 100"
[1] "Time remaining 15156.04"
[1] "Since last readout: 0.26"
[1] "2021-02-11 15:35:08 GMT"
[1] 6
[1] "Percent remaining 100"
[1] "Time remaining 13497.52"
[1] "Since last readout: 0.26"
[1] "2021-02-11 15:35:08 GMT"
[1] 7
[1] "Percent remaining 100"
[1] "Time remaining 12306"
[1] "Since last readout: 0.26"
[1] "2021-02-11 15:35:09 GMT"
[1] 8
[1] "Percent remaining 100"
[1] "Time remaining 11419.09"
[1] "Since last readout: 0.26"
[1] "2021-02-11 15:35:09 GMT"
[1] 9
[1] "Percent remaining 100"
[1] "Time remaining 10721.81"
[1] "Since last readout: 0.26"
[1] "2021-02-11 15:35:09 GMT"
[1] 200
[1] "Percent remaining 99"
[1] "Time remaining 3938.2"
[1] "Since last readout: 35.11"
[1] "2021-02-11 15:35:44 GMT"
[1] 400
[1] "Percent remaining 98"
[1] "Time remaining 4081.98"
[1] "Since last readout: 43.72"
[1] "2021-02-11 15:36:28 GMT"
[1] 600
[1] "Percent remaining 97"
[1] "Time remaining 3761.49"
[1] "Since last readout: 33.18"
[1] "2021-02-11 15:37:01 GMT"
[1] 800
[1] "Percent remaining 96"
[1] "Time remaining 3615.89"
[1] "Since last readout: 34.49"
[1] "2021-02-11 15:37:36 GMT"
[1] 1000
[1] "Percent remaining 95"
[1] "Time remaining 3492.65"
[1] "Since last readout: 33.32"
[1] "2021-02-11 15:38:09 GMT"
[1] 1200
[1] "Percent remaining 94"
[1] "Time remaining 3411.42"
[1] "Since last readout: 34.09"
[1] "2021-02-11 15:38:43 GMT"
[1] 1400
[1] "Percent remaining 93"
[1] "Time remaining 3319.66"
[1] "Since last readout: 32.28"
[1] "2021-02-11 15:39:15 GMT"
[1] 1600
[1] "Percent remaining 92"
[1] "Time remaining 3247.04"
[1] "Since last readout: 32.65"
[1] "2021-02-11 15:39:48 GMT"
[1] 1800
[1] "Percent remaining 91"
[1] "Time remaining 3169.03"
[1] "Since last readout: 31.23"
[1] "2021-02-11 15:40:19 GMT"
[1] 2000
[1] "Percent remaining 90"
[1] "Time remaining 3151.4"
[1] "Since last readout: 36.93"
[1] "2021-02-11 15:40:56 GMT"
[1] 2200
[1] "Percent remaining 89"
[1] "Time remaining 3088.65"
[1] "Since last readout: 31.76"
[1] "2021-02-11 15:41:28 GMT"
[1] 2400
[1] "Percent remaining 88"
[1] "Time remaining 3057.89"
[1] "Since last readout: 35.44"
[1] "2021-02-11 15:42:03 GMT"
[1] 2600
[1] "Percent remaining 87"
[1] "Time remaining 2998.59"
[1] "Since last readout: 31.26"
[1] "2021-02-11 15:42:35 GMT"
[1] 2800
[1] "Percent remaining 86"
[1] "Time remaining 2949.84"
[1] "Since last readout: 32.33"
[1] "2021-02-11 15:43:07 GMT"
[1] 3000
[1] "Percent remaining 85"
[1] "Time remaining 2910.06"
[1] "Since last readout: 33.53"
[1] "2021-02-11 15:43:41 GMT"
[1] 3200
[1] "Percent remaining 84"
[1] "Time remaining 2862.58"
[1] "Since last readout: 31.91"
[1] "2021-02-11 15:44:12 GMT"
[1] 3400
[1] "Percent remaining 83"
[1] "Time remaining 2817.52"
[1] "Since last readout: 32.03"
[1] "2021-02-11 15:44:44 GMT"
[1] 3600
[1] "Percent remaining 82"
[1] "Time remaining 2778.45"
[1] "Since last readout: 33.03"
[1] "2021-02-11 15:45:17 GMT"
[1] 3800
[1] "Percent remaining 81"
[1] "Time remaining 2746.48"
[1] "Since last readout: 34.56"
[1] "2021-02-11 15:45:52 GMT"
[1] 4000
[1] "Percent remaining 80"
[1] "Time remaining 2714.44"
[1] "Since last readout: 34.6"
[1] "2021-02-11 15:46:27 GMT"
[1] 4200
[1] "Percent remaining 79"
[1] "Time remaining 2685.19"
[1] "Since last readout: 35.41"
[1] "2021-02-11 15:47:02 GMT"
[1] 4400
[1] "Percent remaining 78"
[1] "Time remaining 2668.12"
[1] "Since last readout: 39.03"
[1] "2021-02-11 15:47:41 GMT"
[1] 4600
[1] "Percent remaining 77"
[1] "Time remaining 2651.47"
[1] "Since last readout: 39.73"
[1] "2021-02-11 15:48:21 GMT"
[1] 4800
[1] "Percent remaining 76"
[1] "Time remaining 2640.71"
[1] "Since last readout: 42.21"
[1] "2021-02-11 15:49:03 GMT"
[1] 5000
[1] "Percent remaining 75"
[1] "Time remaining 2602.35"
[1] "Since last readout: 33.8"
[1] "2021-02-11 15:49:37 GMT"
[1] 5200
[1] "Percent remaining 74"
[1] "Time remaining 2569.31"
[1] "Since last readout: 35.56"
[1] "2021-02-11 15:50:12 GMT"
[1] 5400
[1] "Percent remaining 73"
[1] "Time remaining 2527.72"
[1] "Since last readout: 32.44"
[1] "2021-02-11 15:50:45 GMT"
[1] 5600
[1] "Percent remaining 72"
[1] "Time remaining 2495.25"
[1] "Since last readout: 35.75"
[1] "2021-02-11 15:51:21 GMT"
[1] 5800
[1] "Percent remaining 71"
[1] "Time remaining 2464.3"
[1] "Since last readout: 36.47"
[1] "2021-02-11 15:51:57 GMT"
[1] 6000
[1] "Percent remaining 70"
[1] "Time remaining 2428.17"
[1] "Since last readout: 34.4"
[1] "2021-02-11 15:52:31 GMT"
[1] 6200
[1] "Percent remaining 69"
[1] "Time remaining 2391.36"
[1] "Since last readout: 34.04"
[1] "2021-02-11 15:53:05 GMT"
[1] 6400
[1] "Percent remaining 68"
[1] "Time remaining 2366.28"
[1] "Since last readout: 39.52"
[1] "2021-02-11 15:53:45 GMT"
[1] 6600
[1] "Percent remaining 67"
[1] "Time remaining 2346.84"
[1] "Since last readout: 42.74"
[1] "2021-02-11 15:54:28 GMT"
[1] 6800
[1] "Percent remaining 66"
[1] "Time remaining 2307.05"
[1] "Since last readout: 32.9"
[1] "2021-02-11 15:55:01 GMT"
[1] 7000
[1] "Percent remaining 65"
[1] "Time remaining 2270.09"
[1] "Since last readout: 34.22"
[1] "2021-02-11 15:55:35 GMT"
[1] 7200
[1] "Percent remaining 64"
[1] "Time remaining 2236.27"
[1] "Since last readout: 35.92"
[1] "2021-02-11 15:56:11 GMT"
[1] 7400
[1] "Percent remaining 63"
[1] "Time remaining 2194.98"
[1] "Since last readout: 31.56"
[1] "2021-02-11 15:56:42 GMT"
[1] 7600
[1] "Percent remaining 62"
[1] "Time remaining 2159.58"
[1] "Since last readout: 34.88"
[1] "2021-02-11 15:57:17 GMT"
[1] 7800
[1] "Percent remaining 61"
[1] "Time remaining 2122.36"
[1] "Since last readout: 33.69"
[1] "2021-02-11 15:57:51 GMT"
[1] 8000
[1] "Percent remaining 60"
[1] "Time remaining 2086.99"
[1] "Since last readout: 34.82"
[1] "2021-02-11 15:58:26 GMT"
[1] 8200
[1] "Percent remaining 59"
[1] "Time remaining 2053.48"
[1] "Since last readout: 36.1"
[1] "2021-02-11 15:59:02 GMT"
[1] 8400
[1] "Percent remaining 58"
[1] "Time remaining 2017.76"
[1] "Since last readout: 34.57"
[1] "2021-02-11 15:59:36 GMT"
[1] 8600
[1] "Percent remaining 57"
[1] "Time remaining 1980.91"
[1] "Since last readout: 33.68"
[1] "2021-02-11 16:00:10 GMT"
[1] 8800
[1] "Percent remaining 56"
[1] "Time remaining 1942.89"
[1] "Since last readout: 32.64"
[1] "2021-02-11 16:00:43 GMT"
[1] 9000
[1] "Percent remaining 55"
[1] "Time remaining 1910.15"
[1] "Since last readout: 36.79"
[1] "2021-02-11 16:01:20 GMT"
[1] 9200
[1] "Percent remaining 54"
[1] "Time remaining 1876.86"
[1] "Since last readout: 36.47"
[1] "2021-02-11 16:01:56 GMT"
[1] 9400
[1] "Percent remaining 53"
[1] "Time remaining 1844.22"
[1] "Since last readout: 37.18"
[1] "2021-02-11 16:02:33 GMT"
[1] 9600
[1] "Percent remaining 52"
[1] "Time remaining 1841.58"
[1] "Since last readout: 65.28"
[1] "2021-02-11 16:03:38 GMT"
[1] 9800
[1] "Percent remaining 51"
[1] "Time remaining 1811.15"
[1] "Since last readout: 40.82"
[1] "2021-02-11 16:04:19 GMT"
[1] 10000
[1] "Percent remaining 50"
[1] "Time remaining 1776.27"
[1] "Since last readout: 36.76"
[1] "2021-02-11 16:04:56 GMT"
[1] 10200
[1] "Percent remaining 49"
[1] "Time remaining 1739.69"
[1] "Since last readout: 35.04"
[1] "2021-02-11 16:05:31 GMT"
[1] 10400
[1] "Percent remaining 48"
[1] "Time remaining 1708.78"
[1] "Since last readout: 41.19"
[1] "2021-02-11 16:06:12 GMT"
[1] 10600
[1] "Percent remaining 47"
[1] "Time remaining 1673.29"
[1] "Since last readout: 36.41"
[1] "2021-02-11 16:06:49 GMT"
[1] 10800
[1] "Percent remaining 46"
[1] "Time remaining 1637.08"
[1] "Since last readout: 35.6"
[1] "2021-02-11 16:07:24 GMT"
[1] 11000
[1] "Percent remaining 45"
[1] "Time remaining 1601.74"
[1] "Since last readout: 36.64"
[1] "2021-02-11 16:08:01 GMT"
[1] 11200
[1] "Percent remaining 44"
[1] "Time remaining 1565.38"
[1] "Since last readout: 35.4"
[1] "2021-02-11 16:08:36 GMT"
[1] 11400
[1] "Percent remaining 43"
[1] "Time remaining 1529.19"
[1] "Since last readout: 35.58"
[1] "2021-02-11 16:09:12 GMT"
[1] 11600
[1] "Percent remaining 42"
[1] "Time remaining 1491.78"
[1] "Since last readout: 33.85"
[1] "2021-02-11 16:09:46 GMT"
[1] 11800
[1] "Percent remaining 41"
[1] "Time remaining 1455.17"
[1] "Since last readout: 34.83"
[1] "2021-02-11 16:10:21 GMT"
[1] 12000
[1] "Percent remaining 40"
[1] "Time remaining 1418.82"
[1] "Since last readout: 35.13"
[1] "2021-02-11 16:10:56 GMT"
[1] 12200
[1] "Percent remaining 39"
[1] "Time remaining 1382.2"
[1] "Since last readout: 34.64"
[1] "2021-02-11 16:11:30 GMT"
[1] 12400
[1] "Percent remaining 38"
[1] "Time remaining 1346.1"
[1] "Since last readout: 35.41"
[1] "2021-02-11 16:12:06 GMT"
[1] 12600
[1] "Percent remaining 37"
[1] "Time remaining 1308.84"
[1] "Since last readout: 33.36"
[1] "2021-02-11 16:12:39 GMT"
[1] 12800
[1] "Percent remaining 36"
[1] "Time remaining 1271.89"
[1] "Since last readout: 33.69"
[1] "2021-02-11 16:13:13 GMT"
[1] 13000
[1] "Percent remaining 35"
[1] "Time remaining 1234.21"
[1] "Since last readout: 32.16"
[1] "2021-02-11 16:13:45 GMT"
[1] 13200
[1] "Percent remaining 34"
[1] "Time remaining 1197.58"
[1] "Since last readout: 33.88"
[1] "2021-02-11 16:14:19 GMT"
[1] 13400
[1] "Percent remaining 33"
[1] "Time remaining 1160.9"
[1] "Since last readout: 33.59"
[1] "2021-02-11 16:14:52 GMT"
[1] 13600
[1] "Percent remaining 32"
[1] "Time remaining 1124.9"
[1] "Since last readout: 34.88"
[1] "2021-02-11 16:15:27 GMT"
[1] 13800
[1] "Percent remaining 31"
[1] "Time remaining 1089"
[1] "Since last readout: 35.02"
[1] "2021-02-11 16:16:02 GMT"
[1] 14000
[1] "Percent remaining 30"
[1] "Time remaining 1053.81"
[1] "Since last readout: 36.65"
[1] "2021-02-11 16:16:39 GMT"
[1] 14200
[1] "Percent remaining 29"
[1] "Time remaining 1018.92"
[1] "Since last readout: 37.49"
[1] "2021-02-11 16:17:16 GMT"
[1] 14400
[1] "Percent remaining 28"
[1] "Time remaining 983.78"
[1] "Since last readout: 37.05"
[1] "2021-02-11 16:17:54 GMT"
[1] 14600
[1] "Percent remaining 27"
[1] "Time remaining 991.09"
[1] "Since last readout: 153.79"
[1] "2021-02-11 16:20:27 GMT"
[1] 14800
[1] "Percent remaining 26"
[1] "Time remaining 961.43"
[1] "Since last readout: 59.41"
[1] "2021-02-11 16:21:27 GMT"
[1] 15000
[1] "Percent remaining 25"
[1] "Time remaining 927.64"
[1] "Since last readout: 49.23"
[1] "2021-02-11 16:22:16 GMT"
[1] 15200
[1] "Percent remaining 24"
[1] "Time remaining 892.35"
[1] "Since last readout: 45.71"
[1] "2021-02-11 16:23:02 GMT"
[1] 15400
[1] "Percent remaining 23"
[1] "Time remaining 857.12"
[1] "Since last readout: 46.85"
[1] "2021-02-11 16:23:49 GMT"
[1] 15600
[1] "Percent remaining 22"
[1] "Time remaining 821.93"
[1] "Since last readout: 48.05"
[1] "2021-02-11 16:24:37 GMT"
[1] 15800
[1] "Percent remaining 21"
[1] "Time remaining 786.24"
[1] "Since last readout: 47.37"
[1] "2021-02-11 16:25:24 GMT"
[1] 16000
[1] "Percent remaining 20"
[1] "Time remaining 750.03"
[1] "Since last readout: 46.47"
[1] "2021-02-11 16:26:10 GMT"
[1] 16200
[1] "Percent remaining 19"
[1] "Time remaining 713.83"
[1] "Since last readout: 47.58"
[1] "2021-02-11 16:26:58 GMT"
[1] 16400
[1] "Percent remaining 18"
[1] "Time remaining 677.14"
[1] "Since last readout: 46.63"
[1] "2021-02-11 16:27:45 GMT"
[1] 16600
[1] "Percent remaining 17"
[1] "Time remaining 639.9"
[1] "Since last readout: 45.02"
[1] "2021-02-11 16:28:30 GMT"
[1] 16800
[1] "Percent remaining 16"
[1] "Time remaining 602.85"
[1] "Since last readout: 47.06"
[1] "2021-02-11 16:29:17 GMT"
[1] 17000
[1] "Percent remaining 15"
[1] "Time remaining 566.28"
[1] "Since last readout: 51.29"
[1] "2021-02-11 16:30:08 GMT"
[1] 17200
[1] "Percent remaining 14"
[1] "Time remaining 528.74"
[1] "Since last readout: 47.25"
[1] "2021-02-11 16:30:55 GMT"
[1] 17400
[1] "Percent remaining 13"
[1] "Time remaining 490.89"
[1] "Since last readout: 46.66"
[1] "2021-02-11 16:31:42 GMT"
[1] 17600
[1] "Percent remaining 12"
[1] "Time remaining 452.7"
[1] "Since last readout: 45.65"
[1] "2021-02-11 16:32:28 GMT"
[1] 17800
[1] "Percent remaining 11"
[1] "Time remaining 414.54"
[1] "Since last readout: 47.22"
[1] "2021-02-11 16:33:15 GMT"
[1] 18000
[1] "Percent remaining 10"
[1] "Time remaining 376.4"
[1] "Since last readout: 49.38"
[1] "2021-02-11 16:34:04 GMT"
[1] 18200
[1] "Percent remaining 9"
[1] "Time remaining 337.68"
[1] "Since last readout: 45.78"
[1] "2021-02-11 16:34:50 GMT"
[1] 18400
[1] "Percent remaining 8"
[1] "Time remaining 298.79"
[1] "Since last readout: 45.65"
[1] "2021-02-11 16:35:36 GMT"
[1] 18600
[1] "Percent remaining 7"
[1] "Time remaining 259.71"
[1] "Since last readout: 45.04"
[1] "2021-02-11 16:36:21 GMT"
[1] 18800
[1] "Percent remaining 6"
[1] "Time remaining 220.39"
[1] "Since last readout: 43.06"
[1] "2021-02-11 16:37:04 GMT"
[1] 19000
[1] "Percent remaining 5"
[1] "Time remaining 180.98"
[1] "Since last readout: 42.85"
[1] "2021-02-11 16:37:47 GMT"
[1] 19200
[1] "Percent remaining 4"
[1] "Time remaining 141.54"
[1] "Since last readout: 43.83"
[1] "2021-02-11 16:38:30 GMT"
[1] 19400
[1] "Percent remaining 3"
[1] "Time remaining 102"
[1] "Since last readout: 43.61"
[1] "2021-02-11 16:39:14 GMT"
[1] 19600
[1] "Percent remaining 2"
[1] "Time remaining 62.36"
[1] "Since last readout: 42.81"
[1] "2021-02-11 16:39:57 GMT"
[1] 19800
[1] "Percent remaining 1"
[1] "Time remaining 22.66"
[1] "Since last readout: 42.78"
[1] "2021-02-11 16:40:40 GMT"
