[1] "2021-09-17 17:49:00 BST"
[1] "Setup for threshold POT2 at pc01 minimum spread."
Time difference of 0.01229954 secs
[1] "1 out of 10800"
[1] "Percent remaining 100"
[1] "Time remaining 370.62"
[1] "Since last readout: 0.03"
[1] "2021-09-17 17:49:02 BST"
[1] "2 out of 10800"
[1] "Percent remaining 100"
[1] "Time remaining 1594.29"
[1] "Since last readout: 0.26"
[1] "2021-09-17 17:49:02 BST"
[1] "3 out of 10800"
[1] "Percent remaining 100"
[1] "Time remaining 1925.76"
[1] "Since last readout: 0.24"
[1] "2021-09-17 17:49:03 BST"
[1] "4 out of 10800"
[1] "Percent remaining 100"
[1] "Time remaining 2104.5"
[1] "Since last readout: 0.24"
[1] "2021-09-17 17:49:03 BST"
[1] "5 out of 10800"
[1] "Percent remaining 100"
[1] "Time remaining 2304.29"
[1] "Since last readout: 0.29"
[1] "2021-09-17 17:49:03 BST"
[1] "6 out of 10800"
[1] "Percent remaining 100"
[1] "Time remaining 2367.14"
[1] "Since last readout: 0.25"
[1] "2021-09-17 17:49:03 BST"
[1] "7 out of 10800"
[1] "Percent remaining 100"
[1] "Time remaining 2415.47"
[1] "Since last readout: 0.25"
[1] "2021-09-17 17:49:04 BST"
[1] "8 out of 10800"
[1] "Percent remaining 100"
[1] "Time remaining 2443.06"
[1] "Since last readout: 0.24"
[1] "2021-09-17 17:49:04 BST"
[1] "9 out of 10800"
[1] "Percent remaining 100"
[1] "Time remaining 2477.45"
[1] "Since last readout: 0.25"
[1] "2021-09-17 17:49:04 BST"
[1] "200 out of 10800"
[1] "Percent remaining 98"
[1] "Time remaining 2602.12"
[1] "Since last readout: 47.03"
[1] "2021-09-17 17:49:51 BST"
[1] "400 out of 10800"
[1] "Percent remaining 96"
[1] "Time remaining 2551.46"
[1] "Since last readout: 49.04"
[1] "2021-09-17 17:50:40 BST"
[1] "600 out of 10800"
[1] "Percent remaining 94"
[1] "Time remaining 2503.01"
[1] "Since last readout: 49.1"
[1] "2021-09-17 17:51:29 BST"
[1] "800 out of 10800"
[1] "Percent remaining 93"
[1] "Time remaining 2452.67"
[1] "Since last readout: 48.98"
[1] "2021-09-17 17:52:18 BST"
[1] "1000 out of 10800"
[1] "Percent remaining 91"
[1] "Time remaining 2403.21"
[1] "Since last readout: 49.01"
[1] "2021-09-17 17:53:07 BST"
[1] "1200 out of 10800"
[1] "Percent remaining 89"
[1] "Time remaining 2352.92"
[1] "Since last readout: 48.89"
[1] "2021-09-17 17:53:56 BST"
[1] "1400 out of 10800"
[1] "Percent remaining 87"
[1] "Time remaining 2302.56"
[1] "Since last readout: 48.82"
[1] "2021-09-17 17:54:45 BST"
[1] "1600 out of 10800"
[1] "Percent remaining 85"
[1] "Time remaining 2253.31"
[1] "Since last readout: 48.95"
[1] "2021-09-17 17:55:34 BST"
[1] "1800 out of 10800"
[1] "Percent remaining 83"
[1] "Time remaining 2204.83"
[1] "Since last readout: 49.08"
[1] "2021-09-17 17:56:23 BST"
[1] "2000 out of 10800"
[1] "Percent remaining 81"
[1] "Time remaining 2155.44"
[1] "Since last readout: 48.91"
[1] "2021-09-17 17:57:12 BST"
[1] "2200 out of 10800"
[1] "Percent remaining 80"
[1] "Time remaining 2106.33"
[1] "Since last readout: 48.95"
[1] "2021-09-17 17:58:01 BST"
[1] "2400 out of 10800"
[1] "Percent remaining 78"
[1] "Time remaining 2057.64"
[1] "Since last readout: 49.07"
[1] "2021-09-17 17:58:50 BST"
[1] "2600 out of 10800"
[1] "Percent remaining 76"
[1] "Time remaining 2008.95"
[1] "Since last readout: 49.09"
[1] "2021-09-17 17:59:39 BST"
[1] "2800 out of 10800"
[1] "Percent remaining 74"
[1] "Time remaining 1960.28"
[1] "Since last readout: 49.11"
[1] "2021-09-17 18:00:28 BST"
[1] "3000 out of 10800"
[1] "Percent remaining 72"
[1] "Time remaining 1911.62"
[1] "Since last readout: 49.14"
[1] "2021-09-17 18:01:17 BST"
[1] "3200 out of 10800"
[1] "Percent remaining 70"
[1] "Time remaining 1862.72"
[1] "Since last readout: 49.06"
[1] "2021-09-17 18:02:06 BST"
[1] "3400 out of 10800"
[1] "Percent remaining 69"
[1] "Time remaining 1813.45"
[1] "Since last readout: 48.9"
[1] "2021-09-17 18:02:55 BST"
[1] "3600 out of 10800"
[1] "Percent remaining 67"
[1] "Time remaining 1764.57"
[1] "Since last readout: 49.08"
[1] "2021-09-17 18:03:44 BST"
[1] "3800 out of 10800"
[1] "Percent remaining 65"
[1] "Time remaining 1716.39"
[1] "Since last readout: 49.47"
[1] "2021-09-17 18:04:34 BST"
[1] "4000 out of 10800"
[1] "Percent remaining 63"
[1] "Time remaining 1667.31"
[1] "Since last readout: 49.02"
[1] "2021-09-17 18:05:23 BST"
[1] "4200 out of 10800"
[1] "Percent remaining 61"
[1] "Time remaining 1618.43"
[1] "Since last readout: 49.14"
[1] "2021-09-17 18:06:12 BST"
[1] "4400 out of 10800"
[1] "Percent remaining 59"
[1] "Time remaining 1569.26"
[1] "Since last readout: 48.96"
[1] "2021-09-17 18:07:01 BST"
[1] "4600 out of 10800"
[1] "Percent remaining 57"
[1] "Time remaining 1520.51"
[1] "Since last readout: 49.25"
[1] "2021-09-17 18:07:50 BST"
[1] "4800 out of 10800"
[1] "Percent remaining 56"
[1] "Time remaining 1471.72"
[1] "Since last readout: 49.25"
[1] "2021-09-17 18:08:39 BST"
[1] "5000 out of 10800"
[1] "Percent remaining 54"
[1] "Time remaining 1422.67"
[1] "Since last readout: 49.06"
[1] "2021-09-17 18:09:29 BST"
[1] "5200 out of 10800"
[1] "Percent remaining 52"
[1] "Time remaining 1373.7"
[1] "Since last readout: 49.14"
[1] "2021-09-17 18:10:18 BST"
[1] "5400 out of 10800"
[1] "Percent remaining 50"
[1] "Time remaining 1324.68"
[1] "Since last readout: 49.11"
[1] "2021-09-17 18:11:07 BST"
[1] "5600 out of 10800"
[1] "Percent remaining 48"
[1] "Time remaining 1275.42"
[1] "Since last readout: 48.85"
[1] "2021-09-17 18:11:56 BST"
[1] "5800 out of 10800"
[1] "Percent remaining 46"
[1] "Time remaining 1226.32"
[1] "Since last readout: 49"
[1] "2021-09-17 18:12:45 BST"
[1] "6000 out of 10800"
[1] "Percent remaining 44"
[1] "Time remaining 1177.38"
[1] "Since last readout: 49.19"
[1] "2021-09-17 18:13:34 BST"
[1] "6200 out of 10800"
[1] "Percent remaining 43"
[1] "Time remaining 1128.26"
[1] "Since last readout: 48.98"
[1] "2021-09-17 18:14:23 BST"
[1] "6400 out of 10800"
[1] "Percent remaining 41"
[1] "Time remaining 1079.18"
[1] "Since last readout: 49"
[1] "2021-09-17 18:15:12 BST"
[1] "6600 out of 10800"
[1] "Percent remaining 39"
[1] "Time remaining 1030.15"
[1] "Since last readout: 49.1"
[1] "2021-09-17 18:16:01 BST"
[1] "6800 out of 10800"
[1] "Percent remaining 37"
[1] "Time remaining 981.17"
[1] "Since last readout: 49.18"
[1] "2021-09-17 18:16:50 BST"
[1] "7000 out of 10800"
[1] "Percent remaining 35"
[1] "Time remaining 931.99"
[1] "Since last readout: 48.83"
[1] "2021-09-17 18:17:39 BST"
[1] "7200 out of 10800"
[1] "Percent remaining 33"
[1] "Time remaining 882.92"
[1] "Since last readout: 49.02"
[1] "2021-09-17 18:18:28 BST"
[1] "7400 out of 10800"
[1] "Percent remaining 31"
[1] "Time remaining 833.86"
[1] "Since last readout: 49.03"
[1] "2021-09-17 18:19:17 BST"
[1] "7600 out of 10800"
[1] "Percent remaining 30"
[1] "Time remaining 784.79"
[1] "Since last readout: 49.01"
[1] "2021-09-17 18:20:06 BST"
[1] "7800 out of 10800"
[1] "Percent remaining 28"
[1] "Time remaining 735.65"
[1] "Since last readout: 48.81"
[1] "2021-09-17 18:20:55 BST"
[1] "8000 out of 10800"
[1] "Percent remaining 26"
[1] "Time remaining 686.7"
[1] "Since last readout: 49.32"
[1] "2021-09-17 18:21:44 BST"
[1] "8200 out of 10800"
[1] "Percent remaining 24"
[1] "Time remaining 637.74"
[1] "Since last readout: 49.32"
[1] "2021-09-17 18:22:33 BST"
[1] "8400 out of 10800"
[1] "Percent remaining 22"
[1] "Time remaining 588.72"
[1] "Since last readout: 49.17"
[1] "2021-09-17 18:23:23 BST"
[1] "8600 out of 10800"
[1] "Percent remaining 20"
[1] "Time remaining 539.69"
[1] "Since last readout: 49.21"
[1] "2021-09-17 18:24:12 BST"
[1] "8800 out of 10800"
[1] "Percent remaining 19"
[1] "Time remaining 490.64"
[1] "Since last readout: 49.08"
[1] "2021-09-17 18:25:01 BST"
[1] "9000 out of 10800"
[1] "Percent remaining 17"
[1] "Time remaining 441.57"
[1] "Since last readout: 49.07"
[1] "2021-09-17 18:25:50 BST"
[1] "9200 out of 10800"
[1] "Percent remaining 15"
[1] "Time remaining 392.55"
[1] "Since last readout: 49.28"
[1] "2021-09-17 18:26:39 BST"
[1] "9400 out of 10800"
[1] "Percent remaining 13"
[1] "Time remaining 343.49"
[1] "Since last readout: 49.16"
[1] "2021-09-17 18:27:28 BST"
[1] "9600 out of 10800"
[1] "Percent remaining 11"
[1] "Time remaining 294.53"
[1] "Since last readout: 49.93"
[1] "2021-09-17 18:28:18 BST"
[1] "9800 out of 10800"
[1] "Percent remaining 9"
[1] "Time remaining 245.47"
[1] "Since last readout: 49.39"
[1] "2021-09-17 18:29:08 BST"
[1] "10000 out of 10800"
[1] "Percent remaining 7"
[1] "Time remaining 196.38"
[1] "Since last readout: 49.13"
[1] "2021-09-17 18:29:57 BST"
[1] "10200 out of 10800"
[1] "Percent remaining 6"
[1] "Time remaining 147.29"
[1] "Since last readout: 49.12"
[1] "2021-09-17 18:30:46 BST"
[1] "10400 out of 10800"
[1] "Percent remaining 4"
[1] "Time remaining 98.2"
[1] "Since last readout: 49.21"
[1] "2021-09-17 18:31:35 BST"
[1] "10600 out of 10800"
[1] "Percent remaining 2"
[1] "Time remaining 49.1"
[1] "Since last readout: 48.99"
[1] "2021-09-17 18:32:24 BST"
[1] "10800 out of 10800"
[1] "Percent remaining 0"
[1] "Time remaining 0"
[1] "Since last readout: 49.04"
[1] "2021-09-17 18:33:13 BST"
[1] "saving outputs"
[1] "2021-09-17 18:33:14 BST"
[1] "104b Done"
