[1] "2021-02-11 14:25:49 GMT"
[1] "Running for threshold POT2 at  pc05 minimum spread."
[1] "2021-02-11 14:25:52 GMT"
File /prj/aquacat/run_hmfg2g/outputs/dmflow_RCM07_198012_201011_out.nc (NC_FORMAT_NETCDF4):

     1 variables (excluding dimension variables):
        float dmflow[Easting,Northing,Time]   (Chunking: [13,19,4])  (Compression: shuffle,level 5)
            units: m3 s-1
            standard_name: dmflow
            long_name: Daily mean river flow
            _FillValue: -999
            missing_value: -999

     3 dimensions:
        Northing  Size:1000
            standard_name: Northing
            axis: Y
            units: GB National Grid
        Easting  Size:700
            standard_name: Easting
            axis: X
            units: GB National Grid
        Time  Size:10800   *** is unlimited ***
            standard_name: Time
            axis: T
            units: days since 1961-1-1 0:0:0
            calendar: 360_day
Time difference of 0 secs
[1] "loop start"
[1] 1
[1] "Percent remaining 100"
[1] "Time remaining 1244.98"
[1] "Since last readout: 0.06"
[1] "2021-02-11 14:25:57 GMT"
[1] 2
[1] "Percent remaining 100"
[1] "Time remaining 97141.13"
[1] "Since last readout: 9.69"
[1] "2021-02-11 14:26:07 GMT"
[1] 3
[1] "Percent remaining 100"
[1] "Time remaining 66579.82"
[1] "Since last readout: 0.27"
[1] "2021-02-11 14:26:07 GMT"
[1] 4
[1] "Percent remaining 100"
[1] "Time remaining 51270.29"
[1] "Since last readout: 0.27"
[1] "2021-02-11 14:26:08 GMT"
[1] 5
[1] "Percent remaining 100"
[1] "Time remaining 42130.83"
[1] "Since last readout: 0.28"
[1] "2021-02-11 14:26:08 GMT"
[1] 6
[1] "Percent remaining 100"
[1] "Time remaining 36018.12"
[1] "Since last readout: 0.27"
[1] "2021-02-11 14:26:08 GMT"
[1] 7
[1] "Percent remaining 100"
[1] "Time remaining 31612.87"
[1] "Since last readout: 0.26"
[1] "2021-02-11 14:26:08 GMT"
[1] 8
[1] "Percent remaining 100"
[1] "Time remaining 28289.17"
[1] "Since last readout: 0.25"
[1] "2021-02-11 14:26:09 GMT"
[1] 9
[1] "Percent remaining 100"
[1] "Time remaining 25703.57"
[1] "Since last readout: 0.25"
[1] "2021-02-11 14:26:09 GMT"
[1] 200
[1] "Percent remaining 99"
[1] "Time remaining 4494.76"
[1] "Since last readout: 33.98"
[1] "2021-02-11 14:26:43 GMT"
[1] 400
[1] "Percent remaining 98"
[1] "Time remaining 4090.38"
[1] "Since last readout: 38.25"
[1] "2021-02-11 14:27:21 GMT"
[1] 600
[1] "Percent remaining 97"
[1] "Time remaining 3748.31"
[1] "Since last readout: 32.6"
[1] "2021-02-11 14:27:54 GMT"
[1] 800
[1] "Percent remaining 96"
[1] "Time remaining 3559.28"
[1] "Since last readout: 32.53"
[1] "2021-02-11 14:28:26 GMT"
[1] 1000
[1] "Percent remaining 95"
[1] "Time remaining 3426.16"
[1] "Since last readout: 32.17"
[1] "2021-02-11 14:28:59 GMT"
[1] 1200
[1] "Percent remaining 94"
[1] "Time remaining 3321.22"
[1] "Since last readout: 31.82"
[1] "2021-02-11 14:29:30 GMT"
[1] 1400
[1] "Percent remaining 93"
[1] "Time remaining 3224.13"
[1] "Since last readout: 30.84"
[1] "2021-02-11 14:30:01 GMT"
[1] 1600
[1] "Percent remaining 92"
[1] "Time remaining 3158.98"
[1] "Since last readout: 32.18"
[1] "2021-02-11 14:30:33 GMT"
[1] 1800
[1] "Percent remaining 91"
[1] "Time remaining 3096.66"
[1] "Since last readout: 31.73"
[1] "2021-02-11 14:31:05 GMT"
[1] 2000
[1] "Percent remaining 90"
[1] "Time remaining 3063.32"
[1] "Since last readout: 34.29"
[1] "2021-02-11 14:31:39 GMT"
[1] 2200
[1] "Percent remaining 89"
[1] "Time remaining 3009.04"
[1] "Since last readout: 31.71"
[1] "2021-02-11 14:32:11 GMT"
[1] 2400
[1] "Percent remaining 88"
[1] "Time remaining 2957.22"
[1] "Since last readout: 31.53"
[1] "2021-02-11 14:32:43 GMT"
[1] 2600
[1] "Percent remaining 87"
[1] "Time remaining 2913.39"
[1] "Since last readout: 32.26"
[1] "2021-02-11 14:33:15 GMT"
[1] 2800
[1] "Percent remaining 86"
[1] "Time remaining 2867.34"
[1] "Since last readout: 31.63"
[1] "2021-02-11 14:33:46 GMT"
[1] 3000
[1] "Percent remaining 85"
[1] "Time remaining 2830.1"
[1] "Since last readout: 32.85"
[1] "2021-02-11 14:34:19 GMT"
[1] 3200
[1] "Percent remaining 84"
[1] "Time remaining 2788.61"
[1] "Since last readout: 31.93"
[1] "2021-02-11 14:34:51 GMT"
[1] 3400
[1] "Percent remaining 83"
[1] "Time remaining 2755.14"
[1] "Since last readout: 33.35"
[1] "2021-02-11 14:35:25 GMT"
[1] 3600
[1] "Percent remaining 82"
[1] "Time remaining 2712.6"
[1] "Since last readout: 31.34"
[1] "2021-02-11 14:35:56 GMT"
[1] 3800
[1] "Percent remaining 81"
[1] "Time remaining 2669.3"
[1] "Since last readout: 30.89"
[1] "2021-02-11 14:36:27 GMT"
[1] 4000
[1] "Percent remaining 80"
[1] "Time remaining 2623.28"
[1] "Since last readout: 29.89"
[1] "2021-02-11 14:36:57 GMT"
[1] 4200
[1] "Percent remaining 79"
[1] "Time remaining 2584.17"
[1] "Since last readout: 31.33"
[1] "2021-02-11 14:37:28 GMT"
[1] 4400
[1] "Percent remaining 78"
[1] "Time remaining 2546.62"
[1] "Since last readout: 31.57"
[1] "2021-02-11 14:38:00 GMT"
[1] 4600
[1] "Percent remaining 77"
[1] "Time remaining 2506.66"
[1] "Since last readout: 30.69"
[1] "2021-02-11 14:38:30 GMT"
[1] 4800
[1] "Percent remaining 76"
[1] "Time remaining 2472.56"
[1] "Since last readout: 32.3"
[1] "2021-02-11 14:39:03 GMT"
[1] 5000
[1] "Percent remaining 75"
[1] "Time remaining 2438.35"
[1] "Since last readout: 32.22"
[1] "2021-02-11 14:39:35 GMT"
[1] 5200
[1] "Percent remaining 74"
[1] "Time remaining 2400.3"
[1] "Since last readout: 30.81"
[1] "2021-02-11 14:40:06 GMT"
[1] 5400
[1] "Percent remaining 73"
[1] "Time remaining 2362.33"
[1] "Since last readout: 30.64"
[1] "2021-02-11 14:40:36 GMT"
[1] 5600
[1] "Percent remaining 72"
[1] "Time remaining 2325.76"
[1] "Since last readout: 30.98"
[1] "2021-02-11 14:41:07 GMT"
[1] 5800
[1] "Percent remaining 71"
[1] "Time remaining 2289.68"
[1] "Since last readout: 31.02"
[1] "2021-02-11 14:41:38 GMT"
[1] 6000
[1] "Percent remaining 70"
[1] "Time remaining 2253.93"
[1] "Since last readout: 31.02"
[1] "2021-02-11 14:42:09 GMT"
[1] 6200
[1] "Percent remaining 69"
[1] "Time remaining 2218.15"
[1] "Since last readout: 30.87"
[1] "2021-02-11 14:42:40 GMT"
[1] 6400
[1] "Percent remaining 68"
[1] "Time remaining 2182.62"
[1] "Since last readout: 30.84"
[1] "2021-02-11 14:43:11 GMT"
[1] 6600
[1] "Percent remaining 67"
[1] "Time remaining 2148.78"
[1] "Since last readout: 31.54"
[1] "2021-02-11 14:43:43 GMT"
[1] 6800
[1] "Percent remaining 66"
[1] "Time remaining 2113.84"
[1] "Since last readout: 30.9"
[1] "2021-02-11 14:44:13 GMT"
[1] 7000
[1] "Percent remaining 65"
[1] "Time remaining 2078.32"
[1] "Since last readout: 30.46"
[1] "2021-02-11 14:44:44 GMT"
[1] 7200
[1] "Percent remaining 64"
[1] "Time remaining 2044.35"
[1] "Since last readout: 31.17"
[1] "2021-02-11 14:45:15 GMT"
[1] 7400
[1] "Percent remaining 63"
[1] "Time remaining 2010"
[1] "Since last readout: 30.86"
[1] "2021-02-11 14:45:46 GMT"
[1] 7600
[1] "Percent remaining 62"
[1] "Time remaining 1978.62"
[1] "Since last readout: 32.58"
[1] "2021-02-11 14:46:19 GMT"
[1] 7800
[1] "Percent remaining 61"
[1] "Time remaining 1948"
[1] "Since last readout: 33.11"
[1] "2021-02-11 14:46:52 GMT"
[1] 8000
[1] "Percent remaining 60"
[1] "Time remaining 1917.44"
[1] "Since last readout: 33.24"
[1] "2021-02-11 14:47:25 GMT"
[1] 8200
[1] "Percent remaining 59"
[1] "Time remaining 1887.19"
[1] "Since last readout: 33.55"
[1] "2021-02-11 14:47:58 GMT"
[1] 8400
[1] "Percent remaining 58"
[1] "Time remaining 1858.49"
[1] "Since last readout: 34.79"
[1] "2021-02-11 14:48:33 GMT"
[1] 8600
[1] "Percent remaining 57"
[1] "Time remaining 1824.89"
[1] "Since last readout: 31.28"
[1] "2021-02-11 14:49:05 GMT"
[1] 8800
[1] "Percent remaining 56"
[1] "Time remaining 1790.82"
[1] "Since last readout: 30.82"
[1] "2021-02-11 14:49:35 GMT"
[1] 9000
[1] "Percent remaining 55"
[1] "Time remaining 1757.59"
[1] "Since last readout: 31.4"
[1] "2021-02-11 14:50:07 GMT"
[1] 9200
[1] "Percent remaining 54"
[1] "Time remaining 1724.2"
[1] "Since last readout: 31.19"
[1] "2021-02-11 14:50:38 GMT"
[1] 9400
[1] "Percent remaining 53"
[1] "Time remaining 1691.74"
[1] "Since last readout: 31.93"
[1] "2021-02-11 14:51:10 GMT"
[1] 9600
[1] "Percent remaining 52"
[1] "Time remaining 1660.21"
[1] "Since last readout: 32.79"
[1] "2021-02-11 14:51:43 GMT"
[1] 9800
[1] "Percent remaining 51"
[1] "Time remaining 1626.74"
[1] "Since last readout: 30.95"
[1] "2021-02-11 14:52:14 GMT"
[1] 10000
[1] "Percent remaining 50"
[1] "Time remaining 1593.36"
[1] "Since last readout: 30.95"
[1] "2021-02-11 14:52:45 GMT"
[1] 10200
[1] "Percent remaining 49"
[1] "Time remaining 1560.36"
[1] "Since last readout: 31.24"
[1] "2021-02-11 14:53:16 GMT"
[1] 10400
[1] "Percent remaining 48"
[1] "Time remaining 1527.71"
[1] "Since last readout: 31.56"
[1] "2021-02-11 14:53:47 GMT"
[1] 10600
[1] "Percent remaining 47"
[1] "Time remaining 1494.9"
[1] "Since last readout: 31.32"
[1] "2021-02-11 14:54:19 GMT"
[1] 10800
[1] "Percent remaining 46"
[1] "Time remaining 1461.86"
[1] "Since last readout: 30.99"
[1] "2021-02-11 14:54:50 GMT"
[1] 11000
[1] "Percent remaining 45"
[1] "Time remaining 1429.25"
[1] "Since last readout: 31.43"
[1] "2021-02-11 14:55:21 GMT"
[1] 11200
[1] "Percent remaining 44"
[1] "Time remaining 1396.3"
[1] "Since last readout: 30.93"
[1] "2021-02-11 14:55:52 GMT"
[1] 11400
[1] "Percent remaining 43"
[1] "Time remaining 1363.32"
[1] "Since last readout: 30.8"
[1] "2021-02-11 14:56:23 GMT"
[1] 11600
[1] "Percent remaining 42"
[1] "Time remaining 1330.27"
[1] "Since last readout: 30.58"
[1] "2021-02-11 14:56:53 GMT"
[1] 11800
[1] "Percent remaining 41"
[1] "Time remaining 1298.69"
[1] "Since last readout: 32.61"
[1] "2021-02-11 14:57:26 GMT"
[1] 12000
[1] "Percent remaining 40"
[1] "Time remaining 1266.72"
[1] "Since last readout: 32.08"
[1] "2021-02-11 14:57:58 GMT"
[1] 12200
[1] "Percent remaining 39"
[1] "Time remaining 1234.42"
[1] "Since last readout: 31.54"
[1] "2021-02-11 14:58:30 GMT"
[1] 12400
[1] "Percent remaining 38"
[1] "Time remaining 1202.13"
[1] "Since last readout: 31.54"
[1] "2021-02-11 14:59:01 GMT"
[1] 12600
[1] "Percent remaining 37"
[1] "Time remaining 1169.55"
[1] "Since last readout: 31"
[1] "2021-02-11 14:59:32 GMT"
[1] 12800
[1] "Percent remaining 36"
[1] "Time remaining 1137.24"
[1] "Since last readout: 31.39"
[1] "2021-02-11 15:00:04 GMT"
[1] 13000
[1] "Percent remaining 35"
[1] "Time remaining 1105.8"
[1] "Since last readout: 32.96"
[1] "2021-02-11 15:00:37 GMT"
[1] 13200
[1] "Percent remaining 34"
[1] "Time remaining 1075.26"
[1] "Since last readout: 34.84"
[1] "2021-02-11 15:01:11 GMT"
[1] 13400
[1] "Percent remaining 33"
[1] "Time remaining 1044.74"
[1] "Since last readout: 35.14"
[1] "2021-02-11 15:01:47 GMT"
[1] 13600
[1] "Percent remaining 32"
[1] "Time remaining 1014.81"
[1] "Since last readout: 36.69"
[1] "2021-02-11 15:02:23 GMT"
[1] 13800
[1] "Percent remaining 31"
[1] "Time remaining 985.35"
[1] "Since last readout: 38.22"
[1] "2021-02-11 15:03:01 GMT"
[1] 14000
[1] "Percent remaining 30"
[1] "Time remaining 954.6"
[1] "Since last readout: 35.73"
[1] "2021-02-11 15:03:37 GMT"
[1] 14200
[1] "Percent remaining 29"
[1] "Time remaining 923.11"
[1] "Since last readout: 34.25"
[1] "2021-02-11 15:04:11 GMT"
[1] 14400
[1] "Percent remaining 28"
[1] "Time remaining 891.07"
[1] "Since last readout: 33.01"
[1] "2021-02-11 15:04:44 GMT"
[1] 14600
[1] "Percent remaining 27"
[1] "Time remaining 858.28"
[1] "Since last readout: 31.02"
[1] "2021-02-11 15:05:15 GMT"
[1] 14800
[1] "Percent remaining 26"
[1] "Time remaining 825.29"
[1] "Since last readout: 30.33"
[1] "2021-02-11 15:05:46 GMT"
[1] 15000
[1] "Percent remaining 25"
[1] "Time remaining 792.52"
[1] "Since last readout: 30.77"
[1] "2021-02-11 15:06:17 GMT"
[1] 15200
[1] "Percent remaining 24"
[1] "Time remaining 759.81"
[1] "Since last readout: 30.78"
[1] "2021-02-11 15:06:47 GMT"
[1] 15400
[1] "Percent remaining 23"
[1] "Time remaining 727.08"
[1] "Since last readout: 30.55"
[1] "2021-02-11 15:07:18 GMT"
[1] 15600
[1] "Percent remaining 22"
[1] "Time remaining 694.56"
[1] "Since last readout: 31.11"
[1] "2021-02-11 15:07:49 GMT"
[1] 15800
[1] "Percent remaining 21"
[1] "Time remaining 662.3"
[1] "Since last readout: 31.95"
[1] "2021-02-11 15:08:21 GMT"
[1] 16000
[1] "Percent remaining 20"
[1] "Time remaining 630.03"
[1] "Since last readout: 31.92"
[1] "2021-02-11 15:08:53 GMT"
[1] 16200
[1] "Percent remaining 19"
[1] "Time remaining 597.59"
[1] "Since last readout: 31.12"
[1] "2021-02-11 15:09:24 GMT"
[1] 16400
[1] "Percent remaining 18"
[1] "Time remaining 565.19"
[1] "Since last readout: 31.15"
[1] "2021-02-11 15:09:55 GMT"
[1] 16600
[1] "Percent remaining 17"
[1] "Time remaining 532.91"
[1] "Since last readout: 31.6"
[1] "2021-02-11 15:10:27 GMT"
[1] 16800
[1] "Percent remaining 16"
[1] "Time remaining 500.81"
[1] "Since last readout: 32.52"
[1] "2021-02-11 15:10:59 GMT"
[1] 17000
[1] "Percent remaining 15"
[1] "Time remaining 468.65"
[1] "Since last readout: 32.2"
[1] "2021-02-11 15:11:31 GMT"
[1] 17200
[1] "Percent remaining 14"
[1] "Time remaining 436.55"
[1] "Since last readout: 32.52"
[1] "2021-02-11 15:12:04 GMT"
[1] 17400
[1] "Percent remaining 13"
[1] "Time remaining 404.27"
[1] "Since last readout: 31.47"
[1] "2021-02-11 15:12:35 GMT"
[1] 17600
[1] "Percent remaining 12"
[1] "Time remaining 371.9"
[1] "Since last readout: 30.56"
[1] "2021-02-11 15:13:06 GMT"
[1] 17800
[1] "Percent remaining 11"
[1] "Time remaining 339.58"
[1] "Since last readout: 30.64"
[1] "2021-02-11 15:13:37 GMT"
[1] 18000
[1] "Percent remaining 10"
[1] "Time remaining 307.26"
[1] "Since last readout: 30.33"
[1] "2021-02-11 15:14:07 GMT"
[1] 18200
[1] "Percent remaining 9"
[1] "Time remaining 275.07"
[1] "Since last readout: 31.2"
[1] "2021-02-11 15:14:38 GMT"
[1] 18400
[1] "Percent remaining 8"
[1] "Time remaining 242.99"
[1] "Since last readout: 32.28"
[1] "2021-02-11 15:15:10 GMT"
[1] 18600
[1] "Percent remaining 7"
[1] "Time remaining 210.79"
[1] "Since last readout: 30.7"
[1] "2021-02-11 15:15:41 GMT"
[1] 18800
[1] "Percent remaining 6"
[1] "Time remaining 178.74"
[1] "Since last readout: 32.61"
[1] "2021-02-11 15:16:14 GMT"
[1] 19000
[1] "Percent remaining 5"
[1] "Time remaining 146.76"
[1] "Since last readout: 34.39"
[1] "2021-02-11 15:16:48 GMT"
[1] 19200
[1] "Percent remaining 4"
[1] "Time remaining 114.8"
[1] "Since last readout: 36.35"
[1] "2021-02-11 15:17:25 GMT"
[1] 19400
[1] "Percent remaining 3"
[1] "Time remaining 82.93"
[1] "Since last readout: 42.78"
[1] "2021-02-11 15:18:07 GMT"
[1] 19600
[1] "Percent remaining 2"
[1] "Time remaining 50.87"
[1] "Since last readout: 45.21"
[1] "2021-02-11 15:18:53 GMT"
[1] 19800
[1] "Percent remaining 1"
[1] "Time remaining 18.48"
[1] "Since last readout: 34.77"
[1] "2021-02-11 15:19:27 GMT"
[1] "2021-02-11 15:19:54 GMT"
