[1] "2021-09-17 17:50:16 BST"
[1] "Setup for threshold POT2 at pc01 minimum spread."
Time difference of 0.0146544 secs
[1] "1 out of 10800"
[1] "Percent remaining 100"
[1] "Time remaining 408.96"
[1] "Since last readout: 0.04"
[1] "2021-09-17 17:50:18 BST"
[1] "2 out of 10800"
[1] "Percent remaining 100"
[1] "Time remaining 1736.72"
[1] "Since last readout: 0.28"
[1] "2021-09-17 17:50:19 BST"
[1] "3 out of 10800"
[1] "Percent remaining 100"
[1] "Time remaining 2139.12"
[1] "Since last readout: 0.27"
[1] "2021-09-17 17:50:19 BST"
[1] "4 out of 10800"
[1] "Percent remaining 100"
[1] "Time remaining 2360.74"
[1] "Since last readout: 0.28"
[1] "2021-09-17 17:50:19 BST"
[1] "5 out of 10800"
[1] "Percent remaining 100"
[1] "Time remaining 2561.72"
[1] "Since last readout: 0.31"
[1] "2021-09-17 17:50:19 BST"
[1] "6 out of 10800"
[1] "Percent remaining 100"
[1] "Time remaining 2627.52"
[1] "Since last readout: 0.27"
[1] "2021-09-17 17:50:20 BST"
[1] "7 out of 10800"
[1] "Percent remaining 100"
[1] "Time remaining 2679.1"
[1] "Since last readout: 0.28"
[1] "2021-09-17 17:50:20 BST"
[1] "8 out of 10800"
[1] "Percent remaining 100"
[1] "Time remaining 2729.88"
[1] "Since last readout: 0.29"
[1] "2021-09-17 17:50:20 BST"
[1] "9 out of 10800"
[1] "Percent remaining 100"
[1] "Time remaining 2728.62"
[1] "Since last readout: 0.25"
[1] "2021-09-17 17:50:21 BST"
[1] "200 out of 10800"
[1] "Percent remaining 98"
[1] "Time remaining 2661.59"
[1] "Since last readout: 47.94"
[1] "2021-09-17 17:51:08 BST"
[1] "400 out of 10800"
[1] "Percent remaining 96"
[1] "Time remaining 2601.64"
[1] "Since last readout: 49.84"
[1] "2021-09-17 17:51:58 BST"
[1] "600 out of 10800"
[1] "Percent remaining 94"
[1] "Time remaining 2548.03"
[1] "Since last readout: 49.82"
[1] "2021-09-17 17:52:48 BST"
[1] "800 out of 10800"
[1] "Percent remaining 93"
[1] "Time remaining 2503.84"
[1] "Since last readout: 50.42"
[1] "2021-09-17 17:53:39 BST"
[1] "1000 out of 10800"
[1] "Percent remaining 91"
[1] "Time remaining 2455.6"
[1] "Since last readout: 50.26"
[1] "2021-09-17 17:54:29 BST"
[1] "1200 out of 10800"
[1] "Percent remaining 89"
[1] "Time remaining 2404.4"
[1] "Since last readout: 49.98"
[1] "2021-09-17 17:55:19 BST"
[1] "1400 out of 10800"
[1] "Percent remaining 87"
[1] "Time remaining 2354.69"
[1] "Since last readout: 50.15"
[1] "2021-09-17 17:56:09 BST"
[1] "1600 out of 10800"
[1] "Percent remaining 85"
[1] "Time remaining 2302.87"
[1] "Since last readout: 49.8"
[1] "2021-09-17 17:56:59 BST"
[1] "1800 out of 10800"
[1] "Percent remaining 83"
[1] "Time remaining 2251.26"
[1] "Since last readout: 49.75"
[1] "2021-09-17 17:57:49 BST"
[1] "2000 out of 10800"
[1] "Percent remaining 81"
[1] "Time remaining 2199.83"
[1] "Since last readout: 49.71"
[1] "2021-09-17 17:58:38 BST"
[1] "2200 out of 10800"
[1] "Percent remaining 80"
[1] "Time remaining 2150.08"
[1] "Since last readout: 50.06"
[1] "2021-09-17 17:59:28 BST"
[1] "2400 out of 10800"
[1] "Percent remaining 78"
[1] "Time remaining 2099.25"
[1] "Since last readout: 49.77"
[1] "2021-09-17 18:00:18 BST"
[1] "2600 out of 10800"
[1] "Percent remaining 76"
[1] "Time remaining 2052.01"
[1] "Since last readout: 50.85"
[1] "2021-09-17 18:01:09 BST"
[1] "2800 out of 10800"
[1] "Percent remaining 74"
[1] "Time remaining 2003.18"
[1] "Since last readout: 50.48"
[1] "2021-09-17 18:01:59 BST"
[1] "3000 out of 10800"
[1] "Percent remaining 72"
[1] "Time remaining 1953.89"
[1] "Since last readout: 50.38"
[1] "2021-09-17 18:02:50 BST"
[1] "3200 out of 10800"
[1] "Percent remaining 70"
[1] "Time remaining 1903.44"
[1] "Since last readout: 49.95"
[1] "2021-09-17 18:03:40 BST"
[1] "3400 out of 10800"
[1] "Percent remaining 69"
[1] "Time remaining 1855.03"
[1] "Since last readout: 50.86"
[1] "2021-09-17 18:04:31 BST"
[1] "3600 out of 10800"
[1] "Percent remaining 67"
[1] "Time remaining 1804.19"
[1] "Since last readout: 49.78"
[1] "2021-09-17 18:05:20 BST"
[1] "3800 out of 10800"
[1] "Percent remaining 65"
[1] "Time remaining 1754.11"
[1] "Since last readout: 50.14"
[1] "2021-09-17 18:06:11 BST"
[1] "4000 out of 10800"
[1] "Percent remaining 63"
[1] "Time remaining 1703.72"
[1] "Since last readout: 49.95"
[1] "2021-09-17 18:07:00 BST"
[1] "4200 out of 10800"
[1] "Percent remaining 61"
[1] "Time remaining 1653.46"
[1] "Since last readout: 50.01"
[1] "2021-09-17 18:07:50 BST"
[1] "4400 out of 10800"
[1] "Percent remaining 59"
[1] "Time remaining 1602.93"
[1] "Since last readout: 49.81"
[1] "2021-09-17 18:08:40 BST"
[1] "4600 out of 10800"
[1] "Percent remaining 57"
[1] "Time remaining 1552.77"
[1] "Since last readout: 50.04"
[1] "2021-09-17 18:09:30 BST"
[1] "4800 out of 10800"
[1] "Percent remaining 56"
[1] "Time remaining 1502.54"
[1] "Since last readout: 49.98"
[1] "2021-09-17 18:10:20 BST"
[1] "5000 out of 10800"
[1] "Percent remaining 54"
[1] "Time remaining 1451.98"
[1] "Since last readout: 49.67"
[1] "2021-09-17 18:11:10 BST"
[1] "5200 out of 10800"
[1] "Percent remaining 52"
[1] "Time remaining 1401.7"
[1] "Since last readout: 49.87"
[1] "2021-09-17 18:12:00 BST"
[1] "5400 out of 10800"
[1] "Percent remaining 50"
[1] "Time remaining 1351.37"
[1] "Since last readout: 49.79"
[1] "2021-09-17 18:12:50 BST"
[1] "5600 out of 10800"
[1] "Percent remaining 48"
[1] "Time remaining 1301.21"
[1] "Since last readout: 49.93"
[1] "2021-09-17 18:13:40 BST"
[1] "5800 out of 10800"
[1] "Percent remaining 46"
[1] "Time remaining 1251"
[1] "Since last readout: 49.86"
[1] "2021-09-17 18:14:29 BST"
[1] "6000 out of 10800"
[1] "Percent remaining 44"
[1] "Time remaining 1200.78"
[1] "Since last readout: 49.82"
[1] "2021-09-17 18:15:19 BST"
[1] "6200 out of 10800"
[1] "Percent remaining 43"
[1] "Time remaining 1150.58"
[1] "Since last readout: 49.81"
[1] "2021-09-17 18:16:09 BST"
[1] "6400 out of 10800"
[1] "Percent remaining 41"
[1] "Time remaining 1100.46"
[1] "Since last readout: 49.88"
[1] "2021-09-17 18:16:59 BST"
[1] "6600 out of 10800"
[1] "Percent remaining 39"
[1] "Time remaining 1050.53"
[1] "Since last readout: 50.16"
[1] "2021-09-17 18:17:49 BST"
[1] "6800 out of 10800"
[1] "Percent remaining 37"
[1] "Time remaining 1000.39"
[1] "Since last readout: 49.84"
[1] "2021-09-17 18:18:39 BST"
[1] "7000 out of 10800"
[1] "Percent remaining 35"
[1] "Time remaining 950.24"
[1] "Since last readout: 49.78"
[1] "2021-09-17 18:19:29 BST"
[1] "7200 out of 10800"
[1] "Percent remaining 33"
[1] "Time remaining 900.14"
[1] "Since last readout: 49.84"
[1] "2021-09-17 18:20:19 BST"
[1] "7400 out of 10800"
[1] "Percent remaining 31"
[1] "Time remaining 849.95"
[1] "Since last readout: 49.6"
[1] "2021-09-17 18:21:08 BST"
[1] "7600 out of 10800"
[1] "Percent remaining 30"
[1] "Time remaining 799.76"
[1] "Since last readout: 49.54"
[1] "2021-09-17 18:21:58 BST"
[1] "7800 out of 10800"
[1] "Percent remaining 28"
[1] "Time remaining 749.57"
[1] "Since last readout: 49.47"
[1] "2021-09-17 18:22:47 BST"
[1] "8000 out of 10800"
[1] "Percent remaining 26"
[1] "Time remaining 699.62"
[1] "Since last readout: 50.02"
[1] "2021-09-17 18:23:37 BST"
[1] "8200 out of 10800"
[1] "Percent remaining 24"
[1] "Time remaining 649.66"
[1] "Since last readout: 50.02"
[1] "2021-09-17 18:24:27 BST"
[1] "8400 out of 10800"
[1] "Percent remaining 22"
[1] "Time remaining 599.64"
[1] "Since last readout: 49.82"
[1] "2021-09-17 18:25:17 BST"
[1] "8600 out of 10800"
[1] "Percent remaining 20"
[1] "Time remaining 550.02"
[1] "Since last readout: 51.32"
[1] "2021-09-17 18:26:08 BST"
[1] "8800 out of 10800"
[1] "Percent remaining 19"
[1] "Time remaining 500"
[1] "Since last readout: 49.91"
[1] "2021-09-17 18:26:58 BST"
[1] "9000 out of 10800"
[1] "Percent remaining 17"
[1] "Time remaining 449.9"
[1] "Since last readout: 49.53"
[1] "2021-09-17 18:27:48 BST"
[1] "9200 out of 10800"
[1] "Percent remaining 15"
[1] "Time remaining 399.78"
[1] "Since last readout: 49.22"
[1] "2021-09-17 18:28:37 BST"
[1] "9400 out of 10800"
[1] "Percent remaining 13"
[1] "Time remaining 349.68"
[1] "Since last readout: 49.11"
[1] "2021-09-17 18:29:26 BST"
[1] "9600 out of 10800"
[1] "Percent remaining 11"
[1] "Time remaining 299.71"
[1] "Since last readout: 49.81"
[1] "2021-09-17 18:30:16 BST"
[1] "9800 out of 10800"
[1] "Percent remaining 9"
[1] "Time remaining 249.73"
[1] "Since last readout: 49.7"
[1] "2021-09-17 18:31:06 BST"
[1] "10000 out of 10800"
[1] "Percent remaining 7"
[1] "Time remaining 199.76"
[1] "Since last readout: 49.7"
[1] "2021-09-17 18:31:55 BST"
[1] "10200 out of 10800"
[1] "Percent remaining 6"
[1] "Time remaining 149.82"
[1] "Since last readout: 49.94"
[1] "2021-09-17 18:32:45 BST"
[1] "10400 out of 10800"
[1] "Percent remaining 4"
[1] "Time remaining 99.87"
[1] "Since last readout: 49.7"
[1] "2021-09-17 18:33:35 BST"
[1] "10600 out of 10800"
[1] "Percent remaining 2"
[1] "Time remaining 49.93"
[1] "Since last readout: 49.78"
[1] "2021-09-17 18:34:25 BST"
[1] "10800 out of 10800"
[1] "Percent remaining 0"
[1] "Time remaining 0"
[1] "Since last readout: 49.62"
[1] "2021-09-17 18:35:14 BST"
[1] "saving outputs"
[1] "2021-09-17 18:35:15 BST"
[1] "104b Done"
