[1] "2021-02-11 14:26:43 GMT"
[1] "Running for threshold POT2 at  pc05 minimum spread."
[1] "2021-02-11 14:26:46 GMT"
File /prj/aquacat/run_hmfg2g/outputs/dmflow_RCM08_198012_201011_out.nc (NC_FORMAT_NETCDF4):

     1 variables (excluding dimension variables):
        float dmflow[Easting,Northing,Time]   (Chunking: [13,19,4])  (Compression: shuffle,level 5)
            units: m3 s-1
            standard_name: dmflow
            long_name: Daily mean river flow
            _FillValue: -999
            missing_value: -999

     3 dimensions:
        Northing  Size:1000
            standard_name: Northing
            axis: Y
            units: GB National Grid
        Easting  Size:700
            standard_name: Easting
            axis: X
            units: GB National Grid
        Time  Size:10800   *** is unlimited ***
            standard_name: Time
            axis: T
            units: days since 1961-1-1 0:0:0
            calendar: 360_day
Time difference of 0 secs
[1] "loop start"
[1] 1
[1] "Percent remaining 100"
[1] "Time remaining 1207.14"
[1] "Since last readout: 0.06"
[1] "2021-02-11 14:26:51 GMT"
[1] 2
[1] "Percent remaining 100"
[1] "Time remaining 208115"
[1] "Since last readout: 20.84"
[1] "2021-02-11 14:27:12 GMT"
[1] 3
[1] "Percent remaining 100"
[1] "Time remaining 140541.54"
[1] "Since last readout: 0.27"
[1] "2021-02-11 14:27:12 GMT"
[1] 4
[1] "Percent remaining 100"
[1] "Time remaining 106747.59"
[1] "Since last readout: 0.27"
[1] "2021-02-11 14:27:13 GMT"
[1] 5
[1] "Percent remaining 100"
[1] "Time remaining 86464.26"
[1] "Since last readout: 0.27"
[1] "2021-02-11 14:27:13 GMT"
[1] 6
[1] "Percent remaining 100"
[1] "Time remaining 72936.61"
[1] "Since last readout: 0.27"
[1] "2021-02-11 14:27:13 GMT"
[1] 7
[1] "Percent remaining 100"
[1] "Time remaining 63221.91"
[1] "Since last readout: 0.25"
[1] "2021-02-11 14:27:13 GMT"
[1] 8
[1] "Percent remaining 100"
[1] "Time remaining 55937.16"
[1] "Since last readout: 0.25"
[1] "2021-02-11 14:27:14 GMT"
[1] 9
[1] "Percent remaining 100"
[1] "Time remaining 50269.95"
[1] "Since last readout: 0.25"
[1] "2021-02-11 14:27:14 GMT"
[1] 200
[1] "Percent remaining 99"
[1] "Time remaining 6363.48"
[1] "Since last readout: 41.83"
[1] "2021-02-11 14:27:56 GMT"
[1] 400
[1] "Percent remaining 98"
[1] "Time remaining 4750.64"
[1] "Since last readout: 32.82"
[1] "2021-02-11 14:28:29 GMT"
[1] 600
[1] "Percent remaining 97"
[1] "Time remaining 4173.8"
[1] "Since last readout: 32.28"
[1] "2021-02-11 14:29:01 GMT"
[1] 800
[1] "Percent remaining 96"
[1] "Time remaining 3850.09"
[1] "Since last readout: 31.48"
[1] "2021-02-11 14:29:32 GMT"
[1] 1000
[1] "Percent remaining 95"
[1] "Time remaining 3656.22"
[1] "Since last readout: 32.16"
[1] "2021-02-11 14:30:04 GMT"
[1] 1200
[1] "Percent remaining 94"
[1] "Time remaining 3537.31"
[1] "Since last readout: 33.52"
[1] "2021-02-11 14:30:38 GMT"
[1] 1400
[1] "Percent remaining 93"
[1] "Time remaining 3419.35"
[1] "Since last readout: 31.74"
[1] "2021-02-11 14:31:10 GMT"
[1] 1600
[1] "Percent remaining 92"
[1] "Time remaining 3361.75"
[1] "Since last readout: 35.13"
[1] "2021-02-11 14:31:45 GMT"
[1] 1800
[1] "Percent remaining 91"
[1] "Time remaining 3315.42"
[1] "Since last readout: 35.76"
[1] "2021-02-11 14:32:21 GMT"
[1] 2000
[1] "Percent remaining 90"
[1] "Time remaining 3264.42"
[1] "Since last readout: 35"
[1] "2021-02-11 14:32:56 GMT"
[1] 2200
[1] "Percent remaining 89"
[1] "Time remaining 3191.33"
[1] "Since last readout: 31.89"
[1] "2021-02-11 14:33:28 GMT"
[1] 2400
[1] "Percent remaining 88"
[1] "Time remaining 3107.16"
[1] "Since last readout: 29.43"
[1] "2021-02-11 14:33:57 GMT"
[1] 2600
[1] "Percent remaining 87"
[1] "Time remaining 3047.21"
[1] "Since last readout: 31.81"
[1] "2021-02-11 14:34:29 GMT"
[1] 2800
[1] "Percent remaining 86"
[1] "Time remaining 2991.33"
[1] "Since last readout: 31.82"
[1] "2021-02-11 14:35:01 GMT"
[1] 3000
[1] "Percent remaining 85"
[1] "Time remaining 2929.75"
[1] "Since last readout: 30.24"
[1] "2021-02-11 14:35:31 GMT"
[1] 3200
[1] "Percent remaining 84"
[1] "Time remaining 2870.82"
[1] "Since last readout: 29.99"
[1] "2021-02-11 14:36:01 GMT"
[1] 3400
[1] "Percent remaining 83"
[1] "Time remaining 2817.54"
[1] "Since last readout: 30.45"
[1] "2021-02-11 14:36:31 GMT"
[1] 3600
[1] "Percent remaining 82"
[1] "Time remaining 2763.89"
[1] "Since last readout: 29.82"
[1] "2021-02-11 14:37:01 GMT"
[1] 3800
[1] "Percent remaining 81"
[1] "Time remaining 2715.35"
[1] "Since last readout: 30.43"
[1] "2021-02-11 14:37:31 GMT"
[1] 4000
[1] "Percent remaining 80"
[1] "Time remaining 2665.02"
[1] "Since last readout: 29.52"
[1] "2021-02-11 14:38:01 GMT"
[1] 4200
[1] "Percent remaining 79"
[1] "Time remaining 2622.16"
[1] "Since last readout: 30.99"
[1] "2021-02-11 14:38:32 GMT"
[1] 4400
[1] "Percent remaining 78"
[1] "Time remaining 2581.14"
[1] "Since last readout: 31.21"
[1] "2021-02-11 14:39:03 GMT"
[1] 4600
[1] "Percent remaining 77"
[1] "Time remaining 2538.1"
[1] "Since last readout: 30.34"
[1] "2021-02-11 14:39:34 GMT"
[1] 4800
[1] "Percent remaining 76"
[1] "Time remaining 2500.76"
[1] "Since last readout: 31.82"
[1] "2021-02-11 14:40:05 GMT"
[1] 5000
[1] "Percent remaining 75"
[1] "Time remaining 2463.74"
[1] "Since last readout: 31.78"
[1] "2021-02-11 14:40:37 GMT"
[1] 5200
[1] "Percent remaining 74"
[1] "Time remaining 2422.92"
[1] "Since last readout: 30.29"
[1] "2021-02-11 14:41:07 GMT"
[1] 5400
[1] "Percent remaining 73"
[1] "Time remaining 2382.32"
[1] "Since last readout: 30.08"
[1] "2021-02-11 14:41:38 GMT"
[1] 5600
[1] "Percent remaining 72"
[1] "Time remaining 2344.09"
[1] "Since last readout: 30.71"
[1] "2021-02-11 14:42:08 GMT"
[1] 5800
[1] "Percent remaining 71"
[1] "Time remaining 2306.47"
[1] "Since last readout: 30.75"
[1] "2021-02-11 14:42:39 GMT"
[1] 6000
[1] "Percent remaining 70"
[1] "Time remaining 2269.18"
[1] "Since last readout: 30.7"
[1] "2021-02-11 14:43:10 GMT"
[1] 6200
[1] "Percent remaining 69"
[1] "Time remaining 2231.72"
[1] "Since last readout: 30.43"
[1] "2021-02-11 14:43:40 GMT"
[1] 6400
[1] "Percent remaining 68"
[1] "Time remaining 2194.96"
[1] "Since last readout: 30.55"
[1] "2021-02-11 14:44:11 GMT"
[1] 6600
[1] "Percent remaining 67"
[1] "Time remaining 2160.07"
[1] "Since last readout: 31.29"
[1] "2021-02-11 14:44:42 GMT"
[1] 6800
[1] "Percent remaining 66"
[1] "Time remaining 2124.91"
[1] "Since last readout: 31.04"
[1] "2021-02-11 14:45:13 GMT"
[1] 7000
[1] "Percent remaining 65"
[1] "Time remaining 2089.77"
[1] "Since last readout: 30.93"
[1] "2021-02-11 14:45:44 GMT"
[1] 7200
[1] "Percent remaining 64"
[1] "Time remaining 2058.52"
[1] "Since last readout: 33"
[1] "2021-02-11 14:46:17 GMT"
[1] 7400
[1] "Percent remaining 63"
[1] "Time remaining 2026.87"
[1] "Since last readout: 32.81"
[1] "2021-02-11 14:46:50 GMT"
[1] 7600
[1] "Percent remaining 62"
[1] "Time remaining 2002.86"
[1] "Since last readout: 37.57"
[1] "2021-02-11 14:47:27 GMT"
[1] 7800
[1] "Percent remaining 61"
[1] "Time remaining 1973.75"
[1] "Since last readout: 34.73"
[1] "2021-02-11 14:48:02 GMT"
[1] 8000
[1] "Percent remaining 60"
[1] "Time remaining 1943.54"
[1] "Since last readout: 34.18"
[1] "2021-02-11 14:48:36 GMT"
[1] 8200
[1] "Percent remaining 59"
[1] "Time remaining 1911.16"
[1] "Since last readout: 32.8"
[1] "2021-02-11 14:49:09 GMT"
[1] 8400
[1] "Percent remaining 58"
[1] "Time remaining 1880.45"
[1] "Since last readout: 34.03"
[1] "2021-02-11 14:49:43 GMT"
[1] 8600
[1] "Percent remaining 57"
[1] "Time remaining 1845.21"
[1] "Since last readout: 30.71"
[1] "2021-02-11 14:50:14 GMT"
[1] 8800
[1] "Percent remaining 56"
[1] "Time remaining 1809.97"
[1] "Since last readout: 30.54"
[1] "2021-02-11 14:50:44 GMT"
[1] 9000
[1] "Percent remaining 55"
[1] "Time remaining 1778.41"
[1] "Since last readout: 33.41"
[1] "2021-02-11 14:51:18 GMT"
[1] 9200
[1] "Percent remaining 54"
[1] "Time remaining 1749.4"
[1] "Since last readout: 35.66"
[1] "2021-02-11 14:51:53 GMT"
[1] 9400
[1] "Percent remaining 53"
[1] "Time remaining 1715.21"
[1] "Since last readout: 31.28"
[1] "2021-02-11 14:52:25 GMT"
[1] 9600
[1] "Percent remaining 52"
[1] "Time remaining 1681.25"
[1] "Since last readout: 31.39"
[1] "2021-02-11 14:52:56 GMT"
[1] 9800
[1] "Percent remaining 51"
[1] "Time remaining 1646.94"
[1] "Since last readout: 30.94"
[1] "2021-02-11 14:53:27 GMT"
[1] 10000
[1] "Percent remaining 50"
[1] "Time remaining 1612.83"
[1] "Since last readout: 31.01"
[1] "2021-02-11 14:53:58 GMT"
[1] 10200
[1] "Percent remaining 49"
[1] "Time remaining 1579.11"
[1] "Since last readout: 31.29"
[1] "2021-02-11 14:54:29 GMT"
[1] 10400
[1] "Percent remaining 48"
[1] "Time remaining 1545.68"
[1] "Since last readout: 31.5"
[1] "2021-02-11 14:55:01 GMT"
[1] 10600
[1] "Percent remaining 47"
[1] "Time remaining 1511.87"
[1] "Since last readout: 30.99"
[1] "2021-02-11 14:55:32 GMT"
[1] 10800
[1] "Percent remaining 46"
[1] "Time remaining 1477.95"
[1] "Since last readout: 30.74"
[1] "2021-02-11 14:56:03 GMT"
[1] 11000
[1] "Percent remaining 45"
[1] "Time remaining 1444.59"
[1] "Since last readout: 31.28"
[1] "2021-02-11 14:56:34 GMT"
[1] 11200
[1] "Percent remaining 44"
[1] "Time remaining 1410.91"
[1] "Since last readout: 30.79"
[1] "2021-02-11 14:57:05 GMT"
[1] 11400
[1] "Percent remaining 43"
[1] "Time remaining 1377.15"
[1] "Since last readout: 30.53"
[1] "2021-02-11 14:57:35 GMT"
[1] 11600
[1] "Percent remaining 42"
[1] "Time remaining 1343.37"
[1] "Since last readout: 30.36"
[1] "2021-02-11 14:58:05 GMT"
[1] 11800
[1] "Percent remaining 41"
[1] "Time remaining 1311.1"
[1] "Since last readout: 32.37"
[1] "2021-02-11 14:58:38 GMT"
[1] 12000
[1] "Percent remaining 40"
[1] "Time remaining 1278.44"
[1] "Since last readout: 31.8"
[1] "2021-02-11 14:59:10 GMT"
[1] 12200
[1] "Percent remaining 39"
[1] "Time remaining 1245.35"
[1] "Since last readout: 31.08"
[1] "2021-02-11 14:59:41 GMT"
[1] 12400
[1] "Percent remaining 38"
[1] "Time remaining 1213.41"
[1] "Since last readout: 32.86"
[1] "2021-02-11 15:00:14 GMT"
[1] 12600
[1] "Percent remaining 37"
[1] "Time remaining 1181.05"
[1] "Since last readout: 32.18"
[1] "2021-02-11 15:00:46 GMT"
[1] 12800
[1] "Percent remaining 36"
[1] "Time remaining 1151.83"
[1] "Since last readout: 37.84"
[1] "2021-02-11 15:01:24 GMT"
[1] 13000
[1] "Percent remaining 35"
[1] "Time remaining 1120.47"
[1] "Since last readout: 34.29"
[1] "2021-02-11 15:01:58 GMT"
[1] 13200
[1] "Percent remaining 34"
[1] "Time remaining 1090.69"
[1] "Since last readout: 37.59"
[1] "2021-02-11 15:02:35 GMT"
[1] 13400
[1] "Percent remaining 33"
[1] "Time remaining 1060.56"
[1] "Since last readout: 37.34"
[1] "2021-02-11 15:03:13 GMT"
[1] 13600
[1] "Percent remaining 32"
[1] "Time remaining 1029.25"
[1] "Since last readout: 35.27"
[1] "2021-02-11 15:03:48 GMT"
[1] 13800
[1] "Percent remaining 31"
[1] "Time remaining 997.14"
[1] "Since last readout: 33.71"
[1] "2021-02-11 15:04:22 GMT"
[1] 14000
[1] "Percent remaining 30"
[1] "Time remaining 963.95"
[1] "Since last readout: 31.27"
[1] "2021-02-11 15:04:53 GMT"
[1] 14200
[1] "Percent remaining 29"
[1] "Time remaining 931.37"
[1] "Since last readout: 32.63"
[1] "2021-02-11 15:05:26 GMT"
[1] 14400
[1] "Percent remaining 28"
[1] "Time remaining 898.29"
[1] "Since last readout: 31.36"
[1] "2021-02-11 15:05:57 GMT"
[1] 14600
[1] "Percent remaining 27"
[1] "Time remaining 865.15"
[1] "Since last readout: 31.03"
[1] "2021-02-11 15:06:28 GMT"
[1] 14800
[1] "Percent remaining 26"
[1] "Time remaining 831.85"
[1] "Since last readout: 30.42"
[1] "2021-02-11 15:06:59 GMT"
[1] 15000
[1] "Percent remaining 25"
[1] "Time remaining 798.76"
[1] "Since last readout: 30.85"
[1] "2021-02-11 15:07:29 GMT"
[1] 15200
[1] "Percent remaining 24"
[1] "Time remaining 765.81"
[1] "Since last readout: 31.08"
[1] "2021-02-11 15:08:00 GMT"
[1] 15400
[1] "Percent remaining 23"
[1] "Time remaining 732.77"
[1] "Since last readout: 30.61"
[1] "2021-02-11 15:08:31 GMT"
[1] 15600
[1] "Percent remaining 22"
[1] "Time remaining 699.93"
[1] "Since last readout: 31.11"
[1] "2021-02-11 15:09:02 GMT"
[1] 15800
[1] "Percent remaining 21"
[1] "Time remaining 667.41"
[1] "Since last readout: 32.18"
[1] "2021-02-11 15:09:34 GMT"
[1] 16000
[1] "Percent remaining 20"
[1] "Time remaining 634.87"
[1] "Since last readout: 32.06"
[1] "2021-02-11 15:10:06 GMT"
[1] 16200
[1] "Percent remaining 19"
[1] "Time remaining 602.13"
[1] "Since last readout: 31.16"
[1] "2021-02-11 15:10:38 GMT"
[1] 16400
[1] "Percent remaining 18"
[1] "Time remaining 569.49"
[1] "Since last readout: 31.41"
[1] "2021-02-11 15:11:09 GMT"
[1] 16600
[1] "Percent remaining 17"
[1] "Time remaining 536.9"
[1] "Since last readout: 31.52"
[1] "2021-02-11 15:11:41 GMT"
[1] 16800
[1] "Percent remaining 16"
[1] "Time remaining 504.58"
[1] "Since last readout: 32.82"
[1] "2021-02-11 15:12:13 GMT"
[1] 17000
[1] "Percent remaining 15"
[1] "Time remaining 472.12"
[1] "Since last readout: 32.11"
[1] "2021-02-11 15:12:45 GMT"
[1] 17200
[1] "Percent remaining 14"
[1] "Time remaining 439.75"
[1] "Since last readout: 32.61"
[1] "2021-02-11 15:13:18 GMT"
[1] 17400
[1] "Percent remaining 13"
[1] "Time remaining 407.25"
[1] "Since last readout: 31.78"
[1] "2021-02-11 15:13:50 GMT"
[1] 17600
[1] "Percent remaining 12"
[1] "Time remaining 374.64"
[1] "Since last readout: 30.76"
[1] "2021-02-11 15:14:21 GMT"
[1] 17800
[1] "Percent remaining 11"
[1] "Time remaining 342.08"
[1] "Since last readout: 30.93"
[1] "2021-02-11 15:14:52 GMT"
[1] 18000
[1] "Percent remaining 10"
[1] "Time remaining 309.56"
[1] "Since last readout: 30.9"
[1] "2021-02-11 15:15:22 GMT"
[1] 18200
[1] "Percent remaining 9"
[1] "Time remaining 277.12"
[1] "Since last readout: 31.35"
[1] "2021-02-11 15:15:54 GMT"
[1] 18400
[1] "Percent remaining 8"
[1] "Time remaining 244.85"
[1] "Since last readout: 33.1"
[1] "2021-02-11 15:16:27 GMT"
[1] 18600
[1] "Percent remaining 7"
[1] "Time remaining 212.5"
[1] "Since last readout: 32.31"
[1] "2021-02-11 15:16:59 GMT"
[1] 18800
[1] "Percent remaining 6"
[1] "Time remaining 180.27"
[1] "Since last readout: 34.15"
[1] "2021-02-11 15:17:33 GMT"
[1] 19000
[1] "Percent remaining 5"
[1] "Time remaining 148.23"
[1] "Since last readout: 39.12"
[1] "2021-02-11 15:18:12 GMT"
[1] 19200
[1] "Percent remaining 4"
[1] "Time remaining 116.29"
[1] "Since last readout: 45.72"
[1] "2021-02-11 15:18:58 GMT"
[1] 19400
[1] "Percent remaining 3"
[1] "Time remaining 83.68"
[1] "Since last readout: 31.38"
[1] "2021-02-11 15:19:30 GMT"
[1] 19600
[1] "Percent remaining 2"
[1] "Time remaining 51.11"
[1] "Since last readout: 32.09"
[1] "2021-02-11 15:20:02 GMT"
[1] 19800
[1] "Percent remaining 1"
[1] "Time remaining 18.55"
[1] "Since last readout: 31.12"
[1] "2021-02-11 15:20:33 GMT"
[1] "2021-02-11 15:20:58 GMT"
