[1] "running 102"
[1] "2021-09-17 14:07:07 BST"
[1] "Setup for threshold POT2 at pc01 minimum spread."
Time difference of 0.06983566 secs
File /prj/aquacat/run_hmfg2g/outputs/dmflow_RCM08_198012_201011_out.nc (NC_FORMAT_NETCDF4):

     1 variables (excluding dimension variables):
        float dmflow[Easting,Northing,Time]   (Chunking: [13,19,4])  (Compression: shuffle,level 5)
            units: m3 s-1
            standard_name: dmflow
            long_name: Daily mean river flow
            _FillValue: -999
            missing_value: -999

     3 dimensions:
        Northing  Size:1000
            standard_name: Northing
            axis: Y
            units: GB National Grid
        Easting  Size:700
            standard_name: Easting
            axis: X
            units: GB National Grid
        Time  Size:10800   *** is unlimited ***
            standard_name: Time
            axis: T
            units: days since 1961-1-1 0:0:0
            calendar: 360_day
[1] "loop start"
[1] "2021-09-17 14:07:11 BST"
[1] "NH = 19914"
[1] 1
[1] "Percent remaining 100"
[1] "Time remaining 2549.46"
[1] "Since last readout: 0.13"
[1] "2021-09-17 14:07:12 BST"
[1] 2
[1] "Percent remaining 100"
[1] "Time remaining 172862.39"
[1] "Since last readout: 17.23"
[1] "2021-09-17 14:07:29 BST"
[1] 3
[1] "Percent remaining 100"
[1] "Time remaining 120306.81"
[1] "Since last readout: 0.76"
[1] "2021-09-17 14:07:30 BST"
[1] 4
[1] "Percent remaining 100"
[1] "Time remaining 93922.17"
[1] "Since last readout: 0.74"
[1] "2021-09-17 14:07:30 BST"
[1] 5
[1] "Percent remaining 100"
[1] "Time remaining 78866.96"
[1] "Since last readout: 0.94"
[1] "2021-09-17 14:07:31 BST"
[1] 6
[1] "Percent remaining 100"
[1] "Time remaining 68055.02"
[1] "Since last readout: 0.7"
[1] "2021-09-17 14:07:32 BST"
[1] 7
[1] "Percent remaining 100"
[1] "Time remaining 60332.88"
[1] "Since last readout: 0.7"
[1] "2021-09-17 14:07:33 BST"
[1] 8
[1] "Percent remaining 100"
[1] "Time remaining 54567.8"
[1] "Since last readout: 0.71"
[1] "2021-09-17 14:07:33 BST"
[1] 9
[1] "Percent remaining 100"
[1] "Time remaining 50026.8"
[1] "Since last readout: 0.69"
[1] "2021-09-17 14:07:34 BST"
[1] 200
[1] "Percent remaining 99"
[1] "Time remaining 16172.39"
[1] "Since last readout: 141.45"
[1] "2021-09-17 14:09:56 BST"
[1] 400
[1] "Percent remaining 98"
[1] "Time remaining 15583.2"
[1] "Since last readout: 155.36"
[1] "2021-09-17 14:12:31 BST"
[1] 600
[1] "Percent remaining 97"
[1] "Time remaining 15062.83"
[1] "Since last readout: 148.51"
[1] "2021-09-17 14:14:59 BST"
[1] 800
[1] "Percent remaining 96"
[1] "Time remaining 14838.03"
[1] "Since last readout: 153.1"
[1] "2021-09-17 14:17:33 BST"
[1] 1000
[1] "Percent remaining 95"
[1] "Time remaining 14446.18"
[1] "Since last readout: 142.75"
[1] "2021-09-17 14:19:55 BST"
[1] 1200
[1] "Percent remaining 94"
[1] "Time remaining 14194.85"
[1] "Since last readout: 146.43"
[1] "2021-09-17 14:22:22 BST"
[1] 1400
[1] "Percent remaining 93"
[1] "Time remaining 13876.24"
[1] "Since last readout: 139.08"
[1] "2021-09-17 14:24:41 BST"
[1] 1600
[1] "Percent remaining 92"
[1] "Time remaining 13671.06"
[1] "Since last readout: 145.07"
[1] "2021-09-17 14:27:06 BST"
[1] 1800
[1] "Percent remaining 91"
[1] "Time remaining 13444.64"
[1] "Since last readout: 141.63"
[1] "2021-09-17 14:29:28 BST"
[1] 2000
[1] "Percent remaining 90"
[1] "Time remaining 13220.91"
[1] "Since last readout: 140.04"
[1] "2021-09-17 14:31:48 BST"
[1] 2200
[1] "Percent remaining 89"
[1] "Time remaining 13023.6"
[1] "Since last readout: 141.43"
[1] "2021-09-17 14:34:09 BST"
[1] 2400
[1] "Percent remaining 88"
[1] "Time remaining 12866.28"
[1] "Since last readout: 145.63"
[1] "2021-09-17 14:36:35 BST"
[1] 2600
[1] "Percent remaining 87"
[1] "Time remaining 12716.37"
[1] "Since last readout: 146.48"
[1] "2021-09-17 14:39:01 BST"
[1] 2800
[1] "Percent remaining 86"
[1] "Time remaining 12555.49"
[1] "Since last readout: 144.6"
[1] "2021-09-17 14:41:26 BST"
[1] 3000
[1] "Percent remaining 85"
[1] "Time remaining 12342.6"
[1] "Since last readout: 134.99"
[1] "2021-09-17 14:43:41 BST"
[1] 3200
[1] "Percent remaining 84"
[1] "Time remaining 12149.67"
[1] "Since last readout: 136.95"
[1] "2021-09-17 14:45:58 BST"
[1] 3400
[1] "Percent remaining 83"
[1] "Time remaining 11981.5"
[1] "Since last readout: 140.69"
[1] "2021-09-17 14:48:18 BST"
[1] 3600
[1] "Percent remaining 82"
[1] "Time remaining 11812.55"
[1] "Since last readout: 139.85"
[1] "2021-09-17 14:50:38 BST"
[1] 3800
[1] "Percent remaining 81"
[1] "Time remaining 11642.21"
[1] "Since last readout: 138.79"
[1] "2021-09-17 14:52:57 BST"
[1] 4000
[1] "Percent remaining 80"
[1] "Time remaining 11470.92"
[1] "Since last readout: 137.76"
[1] "2021-09-17 14:55:15 BST"
[1] 4200
[1] "Percent remaining 79"
[1] "Time remaining 11301.41"
[1] "Since last readout: 137.39"
[1] "2021-09-17 14:57:32 BST"
[1] 4400
[1] "Percent remaining 78"
[1] "Time remaining 11134.45"
[1] "Since last readout: 137.28"
[1] "2021-09-17 14:59:49 BST"
[1] 4600
[1] "Percent remaining 77"
[1] "Time remaining 10971.55"
[1] "Since last readout: 137.73"
[1] "2021-09-17 15:02:07 BST"
[1] 4800
[1] "Percent remaining 76"
[1] "Time remaining 10823.29"
[1] "Since last readout: 141.71"
[1] "2021-09-17 15:04:29 BST"
[1] 5000
[1] "Percent remaining 75"
[1] "Time remaining 10687.41"
[1] "Since last readout: 145.68"
[1] "2021-09-17 15:06:55 BST"
[1] 5200
[1] "Percent remaining 74"
[1] "Time remaining 10559.55"
[1] "Since last readout: 148.78"
[1] "2021-09-17 15:09:23 BST"
[1] 5400
[1] "Percent remaining 73"
[1] "Time remaining 10425.12"
[1] "Since last readout: 146.92"
[1] "2021-09-17 15:11:50 BST"
[1] 5600
[1] "Percent remaining 72"
[1] "Time remaining 10296.85"
[1] "Since last readout: 149.68"
[1] "2021-09-17 15:14:20 BST"
[1] 5800
[1] "Percent remaining 71"
[1] "Time remaining 10154.64"
[1] "Since last readout: 144.55"
[1] "2021-09-17 15:16:44 BST"
[1] 6000
[1] "Percent remaining 70"
[1] "Time remaining 10006.02"
[1] "Since last readout: 141.86"
[1] "2021-09-17 15:19:06 BST"
[1] 6200
[1] "Percent remaining 69"
[1] "Time remaining 9850.12"
[1] "Since last readout: 138.37"
[1] "2021-09-17 15:21:25 BST"
[1] 6400
[1] "Percent remaining 68"
[1] "Time remaining 9696.64"
[1] "Since last readout: 139"
[1] "2021-09-17 15:23:44 BST"
[1] 6600
[1] "Percent remaining 67"
[1] "Time remaining 9551.67"
[1] "Since last readout: 142.78"
[1] "2021-09-17 15:26:06 BST"
[1] 6800
[1] "Percent remaining 66"
[1] "Time remaining 9412.95"
[1] "Since last readout: 145.95"
[1] "2021-09-17 15:28:32 BST"
[1] 7000
[1] "Percent remaining 65"
[1] "Time remaining 9269.28"
[1] "Since last readout: 143.49"
[1] "2021-09-17 15:30:56 BST"
[1] 7200
[1] "Percent remaining 64"
[1] "Time remaining 9121.41"
[1] "Since last readout: 141.11"
[1] "2021-09-17 15:33:17 BST"
[1] 7400
[1] "Percent remaining 63"
[1] "Time remaining 8982.78"
[1] "Since last readout: 146.36"
[1] "2021-09-17 15:35:43 BST"
[1] 7600
[1] "Percent remaining 62"
[1] "Time remaining 8838.24"
[1] "Since last readout: 142.96"
[1] "2021-09-17 15:38:06 BST"
[1] "min_ep = 0.716296296296296"
[1] "7725  Using UKFE2 and medianThresh"
[1] "min_ep = 0.712037037037037"
[1] "7726  Using UKFE2 and medianThresh"
[1] "min_ep = 0.709907407407407"
[1] "7727  Using UKFE2 and medianThresh"
[1] "min_ep = 0.725925925925926"
[1] "7728  Using UKFE2 and medianThresh"
[1] "min_ep = 0.72712962962963"
[1] "7729  Using UKFE2 and medianThresh"
[1] "min_ep = 0.734444444444444"
[1] "7730  Using UKFE2 and medianThresh"
[1] "min_ep = 0.736203703703704"
[1] "7731  Using UKFE2 and medianThresh"
[1] "min_ep = 0.7175"
[1] "7732  Using UKFE2 and medianThresh"
[1] "min_ep = 0.713240740740741"
[1] "7752  Using UKFE2 and medianThresh"
[1] "min_ep = 0.711203703703704"
[1] "7753  Using UKFE2 and medianThresh"
[1] "min_ep = 0.716851851851852"
[1] "7754  Using UKFE2 and medianThresh"
[1] "min_ep = 0.71712962962963"
[1] "7755  Using UKFE2 and medianThresh"
[1] "min_ep = 0.690462962962963"
[1] "7773  Using UKFE2 and medianThresh"
[1] "min_ep = 0.692222222222222"
[1] "7774  Using UKFE2 and medianThresh"
[1] "min_ep = 0.715555555555556"
[1] "7775  Using UKFE2 and medianThresh"
[1] "min_ep = 0.714444444444444"
[1] "7776  Using UKFE2 and medianThresh"
[1] "min_ep = 0.71287037037037"
[1] "7777  Using UKFE2 and medianThresh"
[1] "min_ep = 0.683611111111111"
[1] "7793  Using UKFE2 and medianThresh"
[1] "min_ep = 0.698611111111111"
[1] "7794  Using UKFE2 and medianThresh"
[1] 7800
[1] "Percent remaining 61"
[1] "Time remaining 8679.62"
[1] "Since last readout: 133.84"
[1] "2021-09-17 15:40:20 BST"
[1] "min_ep = 0.698055555555556"
[1] "7811  Using UKFE2 and medianThresh"
[1] "min_ep = 0.696666666666667"
[1] "7833  Using UKFE2 and medianThresh"
[1] "min_ep = 0.696666666666667"
[1] "7834  Using UKFE2 and medianThresh"
[1] "min_ep = 0.696388888888889"
[1] "7835  Using UKFE2 and medianThresh"
[1] "min_ep = 0.696203703703704"
[1] "7836  Using UKFE2 and medianThresh"
[1] "min_ep = 0.69537037037037"
[1] "7837  Using UKFE2 and medianThresh"
[1] "min_ep = 0.694814814814815"
[1] "7838  Using UKFE2 and medianThresh"
[1] "min_ep = 0.663055555555556"
[1] "7839  Using UKFE2 and medianThresh"
[1] "min_ep = 0.661203703703704"
[1] "7840  Using UKFE2 and medianThresh"
[1] "min_ep = 0.655648148148148"
[1] "7841  Using UKFE2 and medianThresh"
[1] "min_ep = 0.698888888888889"
[1] "7860  Using UKFE2 and medianThresh"
[1] "min_ep = 0.586018518518518"
[1] "7926  Using UKFE2 and medianThresh"
[1] "min_ep = 0.790925925925926"
[1] "7927  Using UKFE2 and medianThresh"
[1] "min_ep = 0.659351851851852"
[1] "7944  Using UKFE2 and medianThresh"
[1] "min_ep = 0.698796296296296"
[1] "7945  Using UKFE2 and medianThresh"
[1] "min_ep = 0.699351851851852"
[1] "7946  Using UKFE2 and medianThresh"
[1] "min_ep = 0.654537037037037"
[1] "7962  Using UKFE2 and medianThresh"
[1] "min_ep = 0.676759259259259"
[1] "7963  Using UKFE2 and medianThresh"
[1] "min_ep = 0.696481481481481"
[1] "7964  Using UKFE2 and medianThresh"
[1] "min_ep = 0.693148148148148"
[1] "7965  Using UKFE2 and medianThresh"
[1] "min_ep = 0.667592592592593"
[1] "7976  Using UKFE2 and medianThresh"
[1] "min_ep = 0.688425925925926"
[1] "7977  Using UKFE2 and medianThresh"
[1] "min_ep = 0.688703703703704"
[1] "7991  Using UKFE2 and medianThresh"
[1] "min_ep = 0.688425925925926"
[1] "7992  Using UKFE2 and medianThresh"
[1] 8000
[1] "Percent remaining 60"
[1] "Time remaining 8518.93"
[1] "Since last readout: 131.62"
[1] "2021-09-17 15:42:32 BST"
[1] "min_ep = 0.685833333333333"
[1] "8007  Using UKFE2 and medianThresh"
[1] "min_ep = 0.670462962962963"
[1] "8008  Using UKFE2 and medianThresh"
[1] "min_ep = 0.683703703703704"
[1] "8009  Using UKFE2 and medianThresh"
[1] "min_ep = 0.701203703703704"
[1] "8010  Using UKFE2 and medianThresh"
[1] "min_ep = 0.714444444444444"
[1] "8011  Using UKFE2 and medianThresh"
[1] "min_ep = 0.730185185185185"
[1] "8012  Using UKFE2 and medianThresh"
[1] "min_ep = 0.715833333333333"
[1] "8050  Using UKFE2 and medianThresh"
[1] "min_ep = 0.798055555555556"
[1] "8051  Using UKFE2 and medianThresh"
[1] 8200
[1] "Percent remaining 59"
[1] "Time remaining 8366.64"
[1] "Since last readout: 136.5"
[1] "2021-09-17 15:44:48 BST"
[1] 8400
[1] "Percent remaining 58"
[1] "Time remaining 8210.4"
[1] "Since last readout: 133.08"
[1] "2021-09-17 15:47:01 BST"
[1] 8600
[1] "Percent remaining 57"
[1] "Time remaining 8049.46"
[1] "Since last readout: 128.69"
[1] "2021-09-17 15:49:10 BST"
[1] "min_ep = 0.698518518518519"
[1] "8664  Using UKFE2 and medianThresh"
[1] 8800
[1] "Percent remaining 56"
[1] "Time remaining 7897.09"
[1] "Since last readout: 134.31"
[1] "2021-09-17 15:51:24 BST"
[1] 9000
[1] "Percent remaining 55"
[1] "Time remaining 7743.84"
[1] "Since last readout: 132.92"
[1] "2021-09-17 15:53:37 BST"
[1] "min_ep = 0.615833333333333"
[1] "9031  Using UKFE2 and medianThresh"
[1] "min_ep = 0.653518518518518"
[1] "9032  Using UKFE2 and medianThresh"
[1] "min_ep = 0.611018518518519"
[1] "9051  Using UKFE2 and medianThresh"
[1] "min_ep = 0.765833333333333"
[1] "9052  Using UKFE2 and medianThresh"
[1] "min_ep = 0.627592592592593"
[1] "9073  Using UKFE2 and medianThresh"
[1] "min_ep = 0.597685185185185"
[1] "9074  Using UKFE2 and medianThresh"
[1] "min_ep = 0.627407407407407"
[1] "9104  Using UKFE2 and medianThresh"
[1] "min_ep = 0.608148148148148"
[1] "9129  Using UKFE2 and medianThresh"
[1] "min_ep = 0.609351851851852"
[1] "9150  Using UKFE2 and medianThresh"
[1] "min_ep = 0.578055555555556"
[1] "9171  Using UKFE2 and medianThresh"
[1] 9200
[1] "Percent remaining 54"
[1] "Time remaining 7595.06"
[1] "Since last readout: 136.01"
[1] "2021-09-17 15:55:53 BST"
[1] 9400
[1] "Percent remaining 53"
[1] "Time remaining 7443.51"
[1] "Since last readout: 133.04"
[1] "2021-09-17 15:58:06 BST"
[1] 9600
[1] "Percent remaining 52"
[1] "Time remaining 7292.82"
[1] "Since last readout: 133.12"
[1] "2021-09-17 16:00:19 BST"
[1] 9800
[1] "Percent remaining 51"
[1] "Time remaining 7142.99"
[1] "Since last readout: 133.26"
[1] "2021-09-17 16:02:33 BST"
[1] 10000
[1] "Percent remaining 50"
[1] "Time remaining 6996.89"
[1] "Since last readout: 136.36"
[1] "2021-09-17 16:04:49 BST"
[1] 10200
[1] "Percent remaining 49"
[1] "Time remaining 6848.22"
[1] "Since last readout: 133.26"
[1] "2021-09-17 16:07:02 BST"
[1] 10400
[1] "Percent remaining 48"
[1] "Time remaining 6698.92"
[1] "Since last readout: 131.92"
[1] "2021-09-17 16:09:14 BST"
[1] "min_ep = 0.446759259259259"
[1] "10509  Using UKFE2 and medianThresh"
[1] "min_ep = 0.00740740740740741"
[1] "10567  Using UKFE2 and medianThresh"
[1] 10600
[1] "Percent remaining 47"
[1] "Time remaining 6549.72"
[1] "Since last readout: 131.29"
[1] "2021-09-17 16:11:26 BST"
[1] "min_ep = 0.0619444444444444"
[1] "10613  Using UKFE2 and medianThresh"
[1] "min_ep = 0.00740740740740741"
[1] "10650  Using UKFE2 and medianThresh"
[1] "min_ep = 0.00740740740740741"
[1] "10683  Using UKFE2 and medianThresh"
[1] "min_ep = 0.00740740740740741"
[1] "10715  Using UKFE2 and medianThresh"
[1] "min_ep = 0.0142592592592593"
[1] "10743  Using UKFE2 and medianThresh"
[1] "min_ep = 0.0142592592592593"
[1] "10778  Using UKFE2 and medianThresh"
[1] "min_ep = 0.0143518518518519"
[1] "10779  Using UKFE2 and medianThresh"
[1] 10800
[1] "Percent remaining 46"
[1] "Time remaining 6403.19"
[1] "Since last readout: 133.67"
[1] "2021-09-17 16:13:39 BST"
[1] 11000
[1] "Percent remaining 45"
[1] "Time remaining 6255.08"
[1] "Since last readout: 131.13"
[1] "2021-09-17 16:15:50 BST"
[1] 11200
[1] "Percent remaining 44"
[1] "Time remaining 6106.56"
[1] "Since last readout: 129.83"
[1] "2021-09-17 16:18:00 BST"
[1] 11400
[1] "Percent remaining 43"
[1] "Time remaining 5957.33"
[1] "Since last readout: 128.01"
[1] "2021-09-17 16:20:08 BST"
[1] 11600
[1] "Percent remaining 42"
[1] "Time remaining 5805.42"
[1] "Since last readout: 123.24"
[1] "2021-09-17 16:22:11 BST"
[1] 11800
[1] "Percent remaining 41"
[1] "Time remaining 5658.75"
[1] "Since last readout: 129.46"
[1] "2021-09-17 16:24:21 BST"
[1] 12000
[1] "Percent remaining 40"
[1] "Time remaining 5510.11"
[1] "Since last readout: 125.6"
[1] "2021-09-17 16:26:26 BST"
[1] 12200
[1] "Percent remaining 39"
[1] "Time remaining 5365.95"
[1] "Since last readout: 131.48"
[1] "2021-09-17 16:28:38 BST"
[1] 12400
[1] "Percent remaining 38"
[1] "Time remaining 5218.28"
[1] "Since last readout: 125.03"
[1] "2021-09-17 16:30:43 BST"
[1] 12600
[1] "Percent remaining 37"
[1] "Time remaining 5073.89"
[1] "Since last readout: 129.42"
[1] "2021-09-17 16:32:52 BST"
[1] 12800
[1] "Percent remaining 36"
[1] "Time remaining 4929.11"
[1] "Since last readout: 127.88"
[1] "2021-09-17 16:35:00 BST"
[1] 13000
[1] "Percent remaining 35"
[1] "Time remaining 4786.97"
[1] "Since last readout: 131.88"
[1] "2021-09-17 16:37:12 BST"
[1] 13200
[1] "Percent remaining 34"
[1] "Time remaining 4644.75"
[1] "Since last readout: 131.1"
[1] "2021-09-17 16:39:23 BST"
[1] 13400
[1] "Percent remaining 33"
[1] "Time remaining 4502.65"
[1] "Since last readout: 130.66"
[1] "2021-09-17 16:41:34 BST"
[1] 13600
[1] "Percent remaining 32"
[1] "Time remaining 4361.05"
[1] "Since last readout: 131.02"
[1] "2021-09-17 16:43:45 BST"
[1] 13800
[1] "Percent remaining 31"
[1] "Time remaining 4221.22"
[1] "Since last readout: 134.32"
[1] "2021-09-17 16:45:59 BST"
[1] 14000
[1] "Percent remaining 30"
[1] "Time remaining 4078.81"
[1] "Since last readout: 127.86"
[1] "2021-09-17 16:48:07 BST"
[1] 14200
[1] "Percent remaining 29"
[1] "Time remaining 3934.99"
[1] "Since last readout: 123.31"
[1] "2021-09-17 16:50:10 BST"
[1] 14400
[1] "Percent remaining 28"
[1] "Time remaining 3793.5"
[1] "Since last readout: 127.91"
[1] "2021-09-17 16:52:18 BST"
[1] 14600
[1] "Percent remaining 27"
[1] "Time remaining 3651.08"
[1] "Since last readout: 124.33"
[1] "2021-09-17 16:54:23 BST"
[1] 14800
[1] "Percent remaining 26"
[1] "Time remaining 3510.65"
[1] "Since last readout: 128.71"
[1] "2021-09-17 16:56:31 BST"
[1] 15000
[1] "Percent remaining 25"
[1] "Time remaining 3370.43"
[1] "Since last readout: 128.37"
[1] "2021-09-17 16:58:40 BST"
[1] 15200
[1] "Percent remaining 24"
[1] "Time remaining 3231.45"
[1] "Since last readout: 131.35"
[1] "2021-09-17 17:00:51 BST"
[1] 15400
[1] "Percent remaining 23"
[1] "Time remaining 3092.24"
[1] "Since last readout: 129.9"
[1] "2021-09-17 17:03:01 BST"
[1] 15600
[1] "Percent remaining 22"
[1] "Time remaining 2953.1"
[1] "Since last readout: 129.29"
[1] "2021-09-17 17:05:10 BST"
[1] 15800
[1] "Percent remaining 21"
[1] "Time remaining 2814.35"
[1] "Since last readout: 129.85"
[1] "2021-09-17 17:07:20 BST"
[1] 16000
[1] "Percent remaining 20"
[1] "Time remaining 2674.89"
[1] "Since last readout: 126.01"
[1] "2021-09-17 17:09:26 BST"
[1] 16200
[1] "Percent remaining 19"
[1] "Time remaining 2536.21"
[1] "Since last readout: 127.97"
[1] "2021-09-17 17:11:34 BST"
[1] 16400
[1] "Percent remaining 18"
[1] "Time remaining 2398.24"
[1] "Since last readout: 130.06"
[1] "2021-09-17 17:13:44 BST"
[1] "min_ep = 0.798611111111111"
[1] "16497  Using UKFE2 and medianThresh"
[1] 16600
[1] "Percent remaining 17"
[1] "Time remaining 2260.61"
[1] "Since last readout: 130.8"
[1] "2021-09-17 17:15:55 BST"
[1] 16800
[1] "Percent remaining 16"
[1] "Time remaining 2123.31"
[1] "Since last readout: 131.75"
[1] "2021-09-17 17:18:07 BST"
[1] "min_ep = 0.799907407407407"
[1] "16888  Using UKFE2 and medianThresh"
[1] "min_ep = 0.799907407407407"
[1] "16950  Using UKFE2 and medianThresh"
[1] 17000
[1] "Percent remaining 15"
[1] "Time remaining 1984.52"
[1] "Since last readout: 122.25"
[1] "2021-09-17 17:20:09 BST"
[1] "min_ep = 0.791759259259259"
[1] "17152  Using UKFE2 and medianThresh"
[1] "min_ep = 0.7975"
[1] "17185  Using UKFE2 and medianThresh"
[1] "min_ep = 0.797777777777778"
[1] "17186  Using UKFE2 and medianThresh"
[1] "min_ep = 0.798425925925926"
[1] "17187  Using UKFE2 and medianThresh"
[1] 17200
[1] "Percent remaining 14"
[1] "Time remaining 1845.92"
[1] "Since last readout: 121.06"
[1] "2021-09-17 17:22:10 BST"
[1] "min_ep = 0.723981481481481"
[1] "17216  Using UKFE2 and medianThresh"
[1] "min_ep = 0.790833333333333"
[1] "17217  Using UKFE2 and medianThresh"
[1] "min_ep = 0.793703703703704"
[1] "17218  Using UKFE2 and medianThresh"
[1] "min_ep = 0.769351851851852"
[1] "17253  Using UKFE2 and medianThresh"
[1] "min_ep = 0.770833333333333"
[1] "17254  Using UKFE2 and medianThresh"
[1] "min_ep = 0.795740740740741"
[1] "17255  Using UKFE2 and medianThresh"
[1] "min_ep = 0.796944444444444"
[1] "17257  Using UKFE2 and medianThresh"
[1] "min_ep = 0.789444444444444"
[1] "17260  Using UKFE2 and medianThresh"
[1] "min_ep = 0.7825"
[1] "17297  Using UKFE2 and medianThresh"
[1] 17400
[1] "Percent remaining 13"
[1] "Time remaining 1708.09"
[1] "Since last readout: 123.58"
[1] "2021-09-17 17:24:14 BST"
[1] 17600
[1] "Percent remaining 12"
[1] "Time remaining 1570.92"
[1] "Since last readout: 126.11"
[1] "2021-09-17 17:26:20 BST"
[1] 17800
[1] "Percent remaining 11"
[1] "Time remaining 1433.55"
[1] "Since last readout: 122.34"
[1] "2021-09-17 17:28:22 BST"
[1] "min_ep = 0.780277777777778"
[1] "17818  Using UKFE2 and medianThresh"
[1] "min_ep = 0.789722222222222"
[1] "17850  Using UKFE2 and medianThresh"
[1] "min_ep = 0.892962962962963"
[1] "17853  Using UKFE2 and medianThresh"
[1] "min_ep = 0.793148148148148"
[1] "17887  Using UKFE2 and medianThresh"
[1] "min_ep = 0.791481481481481"
[1] "17888  Using UKFE2 and medianThresh"
[1] "min_ep = 0.790555555555556"
[1] "17932  Using UKFE2 and medianThresh"
[1] "min_ep = 0.791851851851852"
[1] "17979  Using UKFE2 and medianThresh"
[1] "min_ep = 0.795740740740741"
[1] "17980  Using UKFE2 and medianThresh"
[1] 18000
[1] "Percent remaining 10"
[1] "Time remaining 1296.13"
[1] "Since last readout: 118.71"
[1] "2021-09-17 17:30:21 BST"
[1] "min_ep = 0.798055555555556"
[1] "18034  Using UKFE2 and medianThresh"
[1] "min_ep = 0.793518518518519"
[1] "18072  Using UKFE2 and medianThresh"
[1] "min_ep = 0.798611111111111"
[1] "18073  Using UKFE2 and medianThresh"
[1] "min_ep = 0.799537037037037"
[1] "18113  Using UKFE2 and medianThresh"
[1] 18200
[1] "Percent remaining 9"
[1] "Time remaining 1158.98"
[1] "Since last readout: 117.24"
[1] "2021-09-17 17:32:18 BST"
[1] 18400
[1] "Percent remaining 8"
[1] "Time remaining 1022.39"
[1] "Since last readout: 118.87"
[1] "2021-09-17 17:34:17 BST"
[1] 18600
[1] "Percent remaining 7"
[1] "Time remaining 886.54"
[1] "Since last readout: 123.83"
[1] "2021-09-17 17:36:21 BST"
[1] 18800
[1] "Percent remaining 6"
[1] "Time remaining 751.08"
[1] "Since last readout: 126.12"
[1] "2021-09-17 17:38:27 BST"
[1] 19000
[1] "Percent remaining 5"
[1] "Time remaining 615.79"
[1] "Since last readout: 125.61"
[1] "2021-09-17 17:40:32 BST"
[1] 19200
[1] "Percent remaining 4"
[1] "Time remaining 480.73"
[1] "Since last readout: 126.2"
[1] "2021-09-17 17:42:39 BST"
[1] 19400
[1] "Percent remaining 3"
[1] "Time remaining 345.88"
[1] "Since last readout: 127.61"
[1] "2021-09-17 17:44:46 BST"
[1] 19600
[1] "Percent remaining 2"
[1] "Time remaining 211.15"
[1] "Since last readout: 125.36"
[1] "2021-09-17 17:46:52 BST"
[1] 19800
[1] "Percent remaining 1"
[1] "Time remaining 76.63"
[1] "Since last readout: 129.73"
[1] "2021-09-17 17:49:01 BST"
[1] "saving outputs"
'data.frame':	19914 obs. of  7 variables:
 $ meanint   : num  0.75 0.75 0.75 0.75 0.75 0.75 0.75 0.75 0.75 0.75 ...
 $ threshold : num  20.7 20.5 71.3 20.5 20.3 ...
 $ loc       : num  20.7 20.5 71.3 20.5 20.3 ...
 $ sca       : num  10.99 10.8 31.39 9.83 9.05 ...
 $ shape     : num  0.0358 0.0313 0.0372 -0.0208 -0.0611 ...
 $ threshquan: num  0.993 0.993 0.993 0.994 0.994 ...
 $ pot2      : num  19.9 19.9 69.2 19.7 19.5 ...
'data.frame':	19914 obs. of  5 variables:
 $ X1: num  NA NA NA NA NA NA NA NA NA NA ...
 $ X2: num  19.9 19.9 69.2 19.7 19.5 ...
 $ X3: num  NA NA NA NA NA NA NA NA NA NA ...
 $ X4: num  NA NA NA NA NA NA NA NA NA NA ...
 $ X5: num  NA NA NA NA NA NA NA NA NA NA ...
[1] "2021-09-17 17:50:15 BST"
[1] "102 Complete"
