Loading required package: Lmoments
Loading required package: distillery

Attaching package: ‘extRemes’

The following objects are masked from ‘package:stats’:

    qqnorm, qqplot

Error in if (ipars1["scale"] <= 0) ipars1["scale"] <- 1e-08 : 
  missing value where TRUE/FALSE needed
In addition: There were 50 or more warnings (use warnings() to see the first 50)
Error in if (ipars1["scale"] <= 0) ipars1["scale"] <- 1e-08 : 
  missing value where TRUE/FALSE needed
Error in if (ipars1["scale"] <= 0) ipars1["scale"] <- 1e-08 : 
  missing value where TRUE/FALSE needed
Error in if (ipars1["scale"] <= 0) ipars1["scale"] <- 1e-08 : 
  missing value where TRUE/FALSE needed
Error in if (ipars1["scale"] <= 0) ipars1["scale"] <- 1e-08 : 
  missing value where TRUE/FALSE needed
In addition: Warning messages:
1: In log(z) : NaNs produced
2: In log(z) : NaNs produced
Error in if (fn == fp) smallest <- prev else smallest <- c(prev, now)[!c(prev,  : 
  missing value where TRUE/FALSE needed
In addition: Warning messages:
1: In log(z) : NaNs produced
2: In log(z) : NaNs produced
3: In max(obsPeaks[1:(i - 1)][obsPeaks[1:(i - 1)] %in% seq(1, length(keep))[keep ==  :
  no non-missing arguments to max; returning -Inf
Error in if (ipars1["scale"] <= 0) ipars1["scale"] <- 1e-08 : 
  missing value where TRUE/FALSE needed
Error in if (ipars1["scale"] <= 0) ipars1["scale"] <- 1e-08 : 
  missing value where TRUE/FALSE needed
Error in if (fn == fp) smallest <- prev else smallest <- c(prev, now)[!c(prev,  : 
  missing value where TRUE/FALSE needed
In addition: There were 50 or more warnings (use warnings() to see the first 50)
Error in if (fn == fp) smallest <- prev else smallest <- c(prev, now)[!c(prev,  : 
  missing value where TRUE/FALSE needed
In addition: There were 50 or more warnings (use warnings() to see the first 50)
There were 50 or more warnings (use warnings() to see the first 50)
