[1] "2021-01-06 15:08:03 GMT"
[1] "Proceeding to job."
Time difference of 0.1186306 secs
File /prj/aquacat/run_hmfg2g/outputs/dmflow_RCM09_198012_201011_out.nc (NC_FORMAT_NETCDF4):

     1 variables (excluding dimension variables):
        float dmflow[Easting,Northing,Time]   (Chunking: [13,19,4])  (Compression: shuffle,level 5)
            units: m3 s-1
            standard_name: dmflow
            long_name: Daily mean river flow
            _FillValue: -999
            missing_value: -999

     3 dimensions:
        Northing  Size:1000
            standard_name: Northing
            axis: Y
            units: GB National Grid
        Easting  Size:700
            standard_name: Easting
            axis: X
            units: GB National Grid
        Time  Size:10800   *** is unlimited ***
            standard_name: Time
            axis: T
            units: days since 1961-1-1 0:0:0
            calendar: 360_day
[1] "loop start"
[1] "2021-01-06 15:08:17 GMT"
[1] "NH = 19914"
[1] 1
[1] "Percent remaining 100"
[1] "Time remaining 4184.51"
[1] "Since last readout: 0.21"
[1] "2021-01-06 15:08:17 GMT"
[1] 2
[1] "Percent remaining 100"
[1] "Time remaining 501368.08"
[1] "Since last readout: 50.15"
[1] "2021-01-06 15:09:08 GMT"
[1] 3
[1] "Percent remaining 100"
[1] "Time remaining 339663.1"
[1] "Since last readout: 0.82"
[1] "2021-01-06 15:09:08 GMT"
[1] 4
[1] "Percent remaining 100"
[1] "Time remaining 258559.09"
[1] "Since last readout: 0.77"
[1] "2021-01-06 15:09:09 GMT"
[1] 5
[1] "Percent remaining 100"
[1] "Time remaining 210021.36"
[1] "Since last readout: 0.8"
[1] "2021-01-06 15:09:10 GMT"
[1] 6
[1] "Percent remaining 100"
[1] "Time remaining 177584.84"
[1] "Since last readout: 0.78"
[1] "2021-01-06 15:09:11 GMT"
[1] 7
[1] "Percent remaining 100"
[1] "Time remaining 154487.15"
[1] "Since last readout: 0.8"
[1] "2021-01-06 15:09:12 GMT"
[1] 8
[1] "Percent remaining 100"
[1] "Time remaining 137377.49"
[1] "Since last readout: 0.89"
[1] "2021-01-06 15:09:12 GMT"
[1] 9
[1] "Percent remaining 100"
[1] "Time remaining 123865.89"
[1] "Since last readout: 0.79"
[1] "2021-01-06 15:09:13 GMT"
[1] 200
[1] "Percent remaining 99"
[1] "Time remaining 24093.16"
[1] "Since last readout: 188.42"
[1] "2021-01-06 15:12:22 GMT"
[1] 400
[1] "Percent remaining 98"
[1] "Time remaining 21295.84"
[1] "Since last readout: 192.1"
[1] "2021-01-06 15:15:34 GMT"
[1] 600
[1] "Percent remaining 97"
[1] "Time remaining 20341.54"
[1] "Since last readout: 195.4"
[1] "2021-01-06 15:18:49 GMT"
[1] 800
[1] "Percent remaining 96"
[1] "Time remaining 19005.88"
[1] "Since last readout: 163.55"
[1] "2021-01-06 15:21:33 GMT"
[1] 1000
[1] "Percent remaining 95"
[1] "Time remaining 17997.99"
[1] "Since last readout: 156.09"
[1] "2021-01-06 15:24:09 GMT"
[1] 1200
[1] "Percent remaining 94"
[1] "Time remaining 17541.07"
[1] "Since last readout: 173.22"
[1] "2021-01-06 15:27:02 GMT"
[1] 1400
[1] "Percent remaining 93"
[1] "Time remaining 16909.9"
[1] "Since last readout: 153.91"
[1] "2021-01-06 15:29:36 GMT"
[1] 1600
[1] "Percent remaining 92"
[1] "Time remaining 16716.38"
[1] "Since last readout: 181.72"
[1] "2021-01-06 15:32:38 GMT"
[1] 1800
[1] "Percent remaining 91"
[1] "Time remaining 16364.08"
[1] "Since last readout: 165.68"
[1] "2021-01-06 15:35:23 GMT"
[1] 2000
[1] "Percent remaining 90"
[1] "Time remaining 15952.13"
[1] "Since last readout: 154.86"
[1] "2021-01-06 15:37:58 GMT"
[1] 2200
[1] "Percent remaining 89"
[1] "Time remaining 15567.31"
[1] "Since last readout: 152.42"
[1] "2021-01-06 15:40:31 GMT"
[1] 2400
[1] "Percent remaining 88"
[1] "Time remaining 15281.73"
[1] "Since last readout: 160.71"
[1] "2021-01-06 15:43:11 GMT"
[1] 2600
[1] "Percent remaining 87"
[1] "Time remaining 15027.76"
[1] "Since last readout: 162.58"
[1] "2021-01-06 15:45:54 GMT"
[1] 2800
[1] "Percent remaining 86"
[1] "Time remaining 15291.63"
[1] "Since last readout: 245.16"
[1] "2021-01-06 15:49:59 GMT"
[1] 3000
[1] "Percent remaining 85"
[1] "Time remaining 15007.11"
[1] "Since last readout: 159.93"
[1] "2021-01-06 15:52:39 GMT"
[1] 3200
[1] "Percent remaining 84"
[1] "Time remaining 14718.17"
[1] "Since last readout: 156.11"
[1] "2021-01-06 15:55:15 GMT"
[1] 3400
[1] "Percent remaining 83"
[1] "Time remaining 14437.74"
[1] "Since last readout: 154.64"
[1] "2021-01-06 15:57:50 GMT"
[1] 3600
[1] "Percent remaining 82"
[1] "Time remaining 14150.85"
[1] "Since last readout: 150.13"
[1] "2021-01-06 16:00:20 GMT"
[1] 3800
[1] "Percent remaining 81"
[1] "Time remaining 13912.79"
[1] "Since last readout: 158.25"
[1] "2021-01-06 16:02:58 GMT"
[1] 4000
[1] "Percent remaining 80"
[1] "Time remaining 14024.54"
[1] "Since last readout: 244.17"
[1] "2021-01-06 16:07:02 GMT"
[1] 4200
[1] "Percent remaining 79"
[1] "Time remaining 13855.82"
[1] "Since last readout: 178.27"
[1] "2021-01-06 16:10:01 GMT"
[1] 4400
[1] "Percent remaining 78"
[1] "Time remaining 13641.19"
[1] "Since last readout: 165.49"
[1] "2021-01-06 16:12:46 GMT"
[1] 4600
[1] "Percent remaining 77"
[1] "Time remaining 13387.5"
[1] "Since last readout: 152.48"
[1] "2021-01-06 16:15:19 GMT"
[1] 4800
[1] "Percent remaining 76"
[1] "Time remaining 13175.69"
[1] "Since last readout: 163.1"
[1] "2021-01-06 16:18:02 GMT"
[1] 5000
[1] "Percent remaining 75"
[1] "Time remaining 12947.15"
[1] "Since last readout: 156.18"
[1] "2021-01-06 16:20:38 GMT"
[1] 5200
[1] "Percent remaining 74"
[1] "Time remaining 12847.65"
[1] "Since last readout: 199.82"
[1] "2021-01-06 16:23:58 GMT"
[1] 5400
[1] "Percent remaining 73"
[1] "Time remaining 12675.97"
[1] "Since last readout: 175.73"
[1] "2021-01-06 16:26:53 GMT"
[1] 5600
[1] "Percent remaining 72"
[1] "Time remaining 12458.36"
[1] "Since last readout: 157.87"
[1] "2021-01-06 16:29:31 GMT"
[1] 5800
[1] "Percent remaining 71"
[1] "Time remaining 12341.33"
[1] "Since last readout: 197.51"
[1] "2021-01-06 16:32:49 GMT"
[1] 6000
[1] "Percent remaining 70"
[1] "Time remaining 12237.87"
[1] "Since last readout: 205.68"
[1] "2021-01-06 16:36:15 GMT"
[1] 6200
[1] "Percent remaining 69"
[1] "Time remaining 12007.91"
[1] "Since last readout: 151.47"
[1] "2021-01-06 16:38:46 GMT"
[1] 6400
[1] "Percent remaining 68"
[1] "Time remaining 11795.27"
[1] "Since last readout: 157.35"
[1] "2021-01-06 16:41:23 GMT"
[1] 6600
[1] "Percent remaining 67"
[1] "Time remaining 11630.76"
[1] "Since last readout: 179.55"
[1] "2021-01-06 16:44:23 GMT"
[1] 6800
[1] "Percent remaining 66"
[1] "Time remaining 11450.87"
[1] "Since last readout: 172.03"
[1] "2021-01-06 16:47:15 GMT"
[1] 7000
[1] "Percent remaining 65"
[1] "Time remaining 11408.27"
[1] "Since last readout: 246.2"
[1] "2021-01-06 16:51:21 GMT"
[1] 7200
[1] "Percent remaining 64"
[1] "Time remaining 11212.59"
[1] "Since last readout: 165.92"
[1] "2021-01-06 16:54:07 GMT"
[1] 7400
[1] "Percent remaining 63"
[1] "Time remaining 11007.05"
[1] "Since last readout: 159.14"
[1] "2021-01-06 16:56:46 GMT"
[1] 7600
[1] "Percent remaining 62"
[1] "Time remaining 10802.43"
[1] "Since last readout: 158.2"
[1] "2021-01-06 16:59:24 GMT"
[1] 7800
[1] "Percent remaining 61"
[1] "Time remaining 10593.48"
[1] "Since last readout: 153.88"
[1] "2021-01-06 17:01:58 GMT"
[1] 8000
[1] "Percent remaining 60"
[1] "Time remaining 10680.9"
[1] "Since last readout: 351.04"
[1] "2021-01-06 17:07:49 GMT"
[1] 8200
[1] "Percent remaining 59"
[1] "Time remaining 10477.28"
[1] "Since last readout: 162.27"
[1] "2021-01-06 17:10:32 GMT"
[1] 8400
[1] "Percent remaining 58"
[1] "Time remaining 10253.12"
[1] "Since last readout: 145.86"
[1] "2021-01-06 17:12:57 GMT"
[1] 8600
[1] "Percent remaining 57"
[1] "Time remaining 10043.44"
[1] "Since last readout: 154.09"
[1] "2021-01-06 17:15:32 GMT"
[1] 8800
[1] "Percent remaining 56"
[1] "Time remaining 9835.77"
[1] "Since last readout: 153.69"
[1] "2021-01-06 17:18:05 GMT"
[1] 9000
[1] "Percent remaining 55"
[1] "Time remaining 9627.32"
[1] "Since last readout: 151.06"
[1] "2021-01-06 17:20:36 GMT"
[1] 9200
[1] "Percent remaining 54"
[1] "Time remaining 9418.88"
[1] "Since last readout: 148.92"
[1] "2021-01-06 17:23:05 GMT"
[1] 9400
[1] "Percent remaining 53"
[1] "Time remaining 9285.05"
[1] "Since last readout: 213.37"
[1] "2021-01-06 17:26:39 GMT"
[1] 9600
[1] "Percent remaining 52"
[1] "Time remaining 9074.9"
[1] "Since last readout: 145.41"
[1] "2021-01-06 17:29:04 GMT"
[1] 9800
[1] "Percent remaining 51"
[1] "Time remaining 8885.98"
[1] "Since last readout: 163.42"
[1] "2021-01-06 17:31:47 GMT"
[1] 10000
[1] "Percent remaining 50"
[1] "Time remaining 8689.93"
[1] "Since last readout: 155.21"
[1] "2021-01-06 17:34:23 GMT"
[1] 10200
[1] "Percent remaining 49"
[1] "Time remaining 8488.21"
[1] "Since last readout: 147.57"
[1] "2021-01-06 17:36:50 GMT"
[1] 10400
[1] "Percent remaining 48"
[1] "Time remaining 8297.71"
[1] "Since last readout: 157.56"
[1] "2021-01-06 17:39:28 GMT"
[1] 10600
[1] "Percent remaining 47"
[1] "Time remaining 8119.31"
[1] "Since last readout: 169.91"
[1] "2021-01-06 17:42:18 GMT"
[1] 10800
[1] "Percent remaining 46"
[1] "Time remaining 7925.12"
[1] "Since last readout: 150.84"
[1] "2021-01-06 17:44:48 GMT"
[1] 11000
[1] "Percent remaining 45"
[1] "Time remaining 7758.65"
[1] "Since last readout: 183.09"
[1] "2021-01-06 17:47:52 GMT"
[1] 11200
[1] "Percent remaining 44"
[1] "Time remaining 7565.8"
[1] "Since last readout: 149.95"
[1] "2021-01-06 17:50:22 GMT"
[1] 11400
[1] "Percent remaining 43"
[1] "Time remaining 7362.2"
[1] "Since last readout: 133.55"
[1] "2021-01-06 17:52:35 GMT"
[1] 11600
[1] "Percent remaining 42"
[1] "Time remaining 7163.45"
[1] "Since last readout: 136.93"
[1] "2021-01-06 17:54:52 GMT"
[1] 11800
[1] "Percent remaining 41"
[1] "Time remaining 6965.4"
[1] "Since last readout: 134.91"
[1] "2021-01-06 17:57:07 GMT"
[1] 12000
[1] "Percent remaining 40"
[1] "Time remaining 6767.33"
[1] "Since last readout: 131.69"
[1] "2021-01-06 17:59:19 GMT"
[1] 12200
[1] "Percent remaining 39"
[1] "Time remaining 6578.07"
[1] "Since last readout: 142.18"
[1] "2021-01-06 18:01:41 GMT"
[1] 12400
[1] "Percent remaining 38"
[1] "Time remaining 6386.03"
[1] "Since last readout: 135.07"
[1] "2021-01-06 18:03:56 GMT"
[1] 12600
[1] "Percent remaining 37"
[1] "Time remaining 6234.66"
[1] "Since last readout: 202.03"
[1] "2021-01-06 18:07:18 GMT"
[1] 12800
[1] "Percent remaining 36"
[1] "Time remaining 6044.77"
[1] "Since last readout: 135.57"
[1] "2021-01-06 18:09:33 GMT"
[1] 13000
[1] "Percent remaining 35"
[1] "Time remaining 5858.37"
[1] "Since last readout: 139"
[1] "2021-01-06 18:11:52 GMT"
[1] 13200
[1] "Percent remaining 34"
[1] "Time remaining 5682.94"
[1] "Since last readout: 157.73"
[1] "2021-01-06 18:14:30 GMT"
[1] 13400
[1] "Percent remaining 33"
[1] "Time remaining 5500.39"
[1] "Since last readout: 142.01"
[1] "2021-01-06 18:16:52 GMT"
[1] 13600
[1] "Percent remaining 32"
[1] "Time remaining 5319.93"
[1] "Since last readout: 143.93"
[1] "2021-01-06 18:19:16 GMT"
[1] 13800
[1] "Percent remaining 31"
[1] "Time remaining 5139.54"
[1] "Since last readout: 141.69"
[1] "2021-01-06 18:21:38 GMT"
[1] 14000
[1] "Percent remaining 30"
[1] "Time remaining 5005.48"
[1] "Since last readout: 248.76"
[1] "2021-01-06 18:25:47 GMT"
[1] 14200
[1] "Percent remaining 29"
[1] "Time remaining 4821.21"
[1] "Since last readout: 132.02"
[1] "2021-01-06 18:27:59 GMT"
[1] 14400
[1] "Percent remaining 28"
[1] "Time remaining 4639.93"
[1] "Since last readout: 136.03"
[1] "2021-01-06 18:30:15 GMT"
[1] 14600
[1] "Percent remaining 27"
[1] "Time remaining 4460.83"
[1] "Since last readout: 138.62"
[1] "2021-01-06 18:32:33 GMT"
[1] 14800
[1] "Percent remaining 26"
[1] "Time remaining 4294.55"
[1] "Since last readout: 172.54"
[1] "2021-01-06 18:35:26 GMT"
[1] 15000
[1] "Percent remaining 25"
[1] "Time remaining 4116.82"
[1] "Since last readout: 138.12"
[1] "2021-01-06 18:37:44 GMT"
[1] 15200
[1] "Percent remaining 24"
[1] "Time remaining 3941.01"
[1] "Since last readout: 140.91"
[1] "2021-01-06 18:40:05 GMT"
[1] 15400
[1] "Percent remaining 23"
[1] "Time remaining 3783.4"
[1] "Since last readout: 199.95"
[1] "2021-01-06 18:43:25 GMT"
[1] 15600
[1] "Percent remaining 22"
[1] "Time remaining 3618.18"
[1] "Since last readout: 176.36"
[1] "2021-01-06 18:46:21 GMT"
[1] 15800
[1] "Percent remaining 21"
[1] "Time remaining 3443.45"
[1] "Since last readout: 140.89"
[1] "2021-01-06 18:48:42 GMT"
[1] 16000
[1] "Percent remaining 20"
[1] "Time remaining 3268.14"
[1] "Since last readout: 135.06"
[1] "2021-01-06 18:50:57 GMT"
[1] 16200
[1] "Percent remaining 19"
[1] "Time remaining 3095.24"
[1] "Since last readout: 141.26"
[1] "2021-01-06 18:53:18 GMT"
[1] 16400
[1] "Percent remaining 18"
[1] "Time remaining 2924.14"
[1] "Since last readout: 146.05"
[1] "2021-01-06 18:55:44 GMT"
[1] 16600
[1] "Percent remaining 17"
[1] "Time remaining 2752.47"
[1] "Since last readout: 140.14"
[1] "2021-01-06 18:58:05 GMT"
[1] 16800
[1] "Percent remaining 16"
[1] "Time remaining 2582.07"
[1] "Since last readout: 143.02"
[1] "2021-01-06 19:00:28 GMT"
[1] 17000
[1] "Percent remaining 15"
[1] "Time remaining 2415.69"
[1] "Since last readout: 162.67"
[1] "2021-01-06 19:03:10 GMT"
[1] 17200
[1] "Percent remaining 14"
[1] "Time remaining 2244.63"
[1] "Since last readout: 132.41"
[1] "2021-01-06 19:05:23 GMT"
[1] 17400
[1] "Percent remaining 13"
[1] "Time remaining 2075.49"
[1] "Since last readout: 139.62"
[1] "2021-01-06 19:07:42 GMT"
[1] 17600
[1] "Percent remaining 12"
[1] "Time remaining 1908.08"
[1] "Since last readout: 147.66"
[1] "2021-01-06 19:10:10 GMT"
[1] 17800
[1] "Percent remaining 11"
[1] "Time remaining 1739.39"
[1] "Since last readout: 133.15"
[1] "2021-01-06 19:12:23 GMT"
[1] 18000
[1] "Percent remaining 10"
[1] "Time remaining 1571.67"
[1] "Since last readout: 134.85"
[1] "2021-01-06 19:14:38 GMT"
[1] 18200
[1] "Percent remaining 9"
[1] "Time remaining 1404.38"
[1] "Since last readout: 131.66"
[1] "2021-01-06 19:16:50 GMT"
[1] 18400
[1] "Percent remaining 8"
[1] "Time remaining 1237.86"
[1] "Since last readout: 131.74"
[1] "2021-01-06 19:19:01 GMT"
[1] 18600
[1] "Percent remaining 7"
[1] "Time remaining 1075.37"
[1] "Since last readout: 178.08"
[1] "2021-01-06 19:21:59 GMT"
[1] 18800
[1] "Percent remaining 6"
[1] "Time remaining 910.53"
[1] "Since last readout: 144.09"
[1] "2021-01-06 19:24:23 GMT"
[1] 19000
[1] "Percent remaining 5"
[1] "Time remaining 745.82"
[1] "Since last readout: 137.8"
[1] "2021-01-06 19:26:41 GMT"
[1] 19200
[1] "Percent remaining 4"
[1] "Time remaining 582.26"
[1] "Since last readout: 153.51"
[1] "2021-01-06 19:29:15 GMT"
[1] 19400
[1] "Percent remaining 3"
[1] "Time remaining 418.63"
[1] "Since last readout: 142.97"
[1] "2021-01-06 19:31:38 GMT"
[1] 19600
[1] "Percent remaining 2"
[1] "Time remaining 255.37"
[1] "Since last readout: 139.62"
[1] "2021-01-06 19:33:57 GMT"
[1] 19800
[1] "Percent remaining 1"
[1] "Time remaining 92.62"
[1] "Since last readout: 146.7"
[1] "2021-01-06 19:36:24 GMT"
Warning messages:
1: In log(z) : NaNs produced
2: In log(z) : NaNs produced
3: In log(z) : NaNs produced
4: In log(z) : NaNs produced
5: In log(z) : NaNs produced
6: In log(z) : NaNs produced
7: In log(z) : NaNs produced
8: In log(z) : NaNs produced
9: In log(z) : NaNs produced
10: In log(z) : NaNs produced
11: In log(z) : NaNs produced
12: In log(z) : NaNs produced
13: In log(z) : NaNs produced
14: In log(z) : NaNs produced
15: In log(z) : NaNs produced
16: In log(z) : NaNs produced
17: In log(z) : NaNs produced
18: In log(z) : NaNs produced
19: In log(z) : NaNs produced
20: In log(z) : NaNs produced
21: In log(z) : NaNs produced
22: In log(z) : NaNs produced
23: In log(z) : NaNs produced
24: In log(z) : NaNs produced
25: In log(z) : NaNs produced
26: In log(z) : NaNs produced
27: In log(z) : NaNs produced
28: In log(z) : NaNs produced
29: In log(z) : NaNs produced
30: In log(z) : NaNs produced
31: In log(z) : NaNs produced
32: In log(z) : NaNs produced
33: In log(z) : NaNs produced
34: In log(z) : NaNs produced
35: In log(z) : NaNs produced
36: In log(z) : NaNs produced
37: In log(z) : NaNs produced
38: In log(z) : NaNs produced
39: In log(z) : NaNs produced
40: In log(z) : NaNs produced
41: In log(z) : NaNs produced
42: In log(z) : NaNs produced
43: In log(z) : NaNs produced
44: In log(z) : NaNs produced
45: In log(z) : NaNs produced
46: In log(z) : NaNs produced
47: In log(z) : NaNs produced
48: In log(z) : NaNs produced
49: In log(z) : NaNs produced
50: In log(z) : NaNs produced
[1] "102 Complete"
