[1] "2021-01-06 20:11:44 GMT"
[1] "Running for threshold POT2 at  pc05 minimum spread."
[1] "2021-01-06 20:11:47 GMT"
File /prj/aquacat/run_hmfg2g/outputs/dmflow_RCM09_198012_201011_out.nc (NC_FORMAT_NETCDF4):

     1 variables (excluding dimension variables):
        float dmflow[Easting,Northing,Time]   (Chunking: [13,19,4])  (Compression: shuffle,level 5)
            units: m3 s-1
            standard_name: dmflow
            long_name: Daily mean river flow
            _FillValue: -999
            missing_value: -999

     3 dimensions:
        Northing  Size:1000
            standard_name: Northing
            axis: Y
            units: GB National Grid
        Easting  Size:700
            standard_name: Easting
            axis: X
            units: GB National Grid
        Time  Size:10800   *** is unlimited ***
            standard_name: Time
            axis: T
            units: days since 1961-1-1 0:0:0
            calendar: 360_day
Time difference of 0 secs
[1] "loop start"
[1] 1
[1] "Percent remaining 100"
[1] "Time remaining 980.06"
[1] "Since last readout: 0.05"
[1] "2021-01-06 20:11:50 GMT"
[1] 2
[1] "Percent remaining 100"
[1] "Time remaining 95054.6"
[1] "Since last readout: 9.5"
[1] "2021-01-06 20:11:59 GMT"
[1] 3
[1] "Percent remaining 100"
[1] "Time remaining 65021.73"
[1] "Since last readout: 0.25"
[1] "2021-01-06 20:12:00 GMT"
[1] 4
[1] "Percent remaining 100"
[1] "Time remaining 49954.94"
[1] "Since last readout: 0.24"
[1] "2021-01-06 20:12:00 GMT"
[1] 5
[1] "Percent remaining 100"
[1] "Time remaining 40982.16"
[1] "Since last readout: 0.26"
[1] "2021-01-06 20:12:00 GMT"
[1] 6
[1] "Percent remaining 100"
[1] "Time remaining 35097.93"
[1] "Since last readout: 0.29"
[1] "2021-01-06 20:12:00 GMT"
[1] 7
[1] "Percent remaining 100"
[1] "Time remaining 30881.19"
[1] "Since last readout: 0.28"
[1] "2021-01-06 20:12:01 GMT"
[1] 8
[1] "Percent remaining 100"
[1] "Time remaining 27724.42"
[1] "Since last readout: 0.28"
[1] "2021-01-06 20:12:01 GMT"
[1] 9
[1] "Percent remaining 100"
[1] "Time remaining 25190.71"
[1] "Since last readout: 0.25"
[1] "2021-01-06 20:12:01 GMT"
[1] 200
[1] "Percent remaining 99"
[1] "Time remaining 4576.56"
[1] "Since last readout: 35.04"
[1] "2021-01-06 20:12:36 GMT"
[1] 400
[1] "Percent remaining 98"
[1] "Time remaining 3770.66"
[1] "Since last readout: 30.86"
[1] "2021-01-06 20:13:07 GMT"
[1] 600
[1] "Percent remaining 97"
[1] "Time remaining 3501.93"
[1] "Since last readout: 31.5"
[1] "2021-01-06 20:13:39 GMT"
[1] 800
[1] "Percent remaining 96"
[1] "Time remaining 3325.41"
[1] "Since last readout: 30.39"
[1] "2021-01-06 20:14:09 GMT"
[1] 1000
[1] "Percent remaining 95"
[1] "Time remaining 3250.11"
[1] "Since last readout: 32.65"
[1] "2021-01-06 20:14:42 GMT"
[1] 1200
[1] "Percent remaining 94"
[1] "Time remaining 3177.05"
[1] "Since last readout: 31.89"
[1] "2021-01-06 20:15:14 GMT"
[1] 1400
[1] "Percent remaining 93"
[1] "Time remaining 3074.18"
[1] "Since last readout: 28.74"
[1] "2021-01-06 20:15:42 GMT"
[1] 1600
[1] "Percent remaining 92"
[1] "Time remaining 3003.37"
[1] "Since last readout: 29.92"
[1] "2021-01-06 20:16:12 GMT"
[1] 1800
[1] "Percent remaining 91"
[1] "Time remaining 2935"
[1] "Since last readout: 29.26"
[1] "2021-01-06 20:16:41 GMT"
[1] 2000
[1] "Percent remaining 90"
[1] "Time remaining 2873.44"
[1] "Since last readout: 29.15"
[1] "2021-01-06 20:17:11 GMT"
[1] 2200
[1] "Percent remaining 89"
[1] "Time remaining 2809.71"
[1] "Since last readout: 28.15"
[1] "2021-01-06 20:17:39 GMT"
[1] 2400
[1] "Percent remaining 88"
[1] "Time remaining 2825.39"
[1] "Since last readout: 38.22"
[1] "2021-01-06 20:18:17 GMT"
[1] 2600
[1] "Percent remaining 87"
[1] "Time remaining 2772.73"
[1] "Since last readout: 29.2"
[1] "2021-01-06 20:18:46 GMT"
[1] 2800
[1] "Percent remaining 86"
[1] "Time remaining 2827.98"
[1] "Since last readout: 46.31"
[1] "2021-01-06 20:19:32 GMT"
[1] 3000
[1] "Percent remaining 85"
[1] "Time remaining 2781.21"
[1] "Since last readout: 30.61"
[1] "2021-01-06 20:20:03 GMT"
[1] 3200
[1] "Percent remaining 84"
[1] "Time remaining 2738.05"
[1] "Since last readout: 30.92"
[1] "2021-01-06 20:20:34 GMT"
[1] 3400
[1] "Percent remaining 83"
[1] "Time remaining 2702.32"
[1] "Since last readout: 32.15"
[1] "2021-01-06 20:21:06 GMT"
[1] 3600
[1] "Percent remaining 82"
[1] "Time remaining 2677.44"
[1] "Since last readout: 34.46"
[1] "2021-01-06 20:21:41 GMT"
[1] 3800
[1] "Percent remaining 81"
[1] "Time remaining 2640.33"
[1] "Since last readout: 31.81"
[1] "2021-01-06 20:22:12 GMT"
[1] 4000
[1] "Percent remaining 80"
[1] "Time remaining 2601.77"
[1] "Since last readout: 31.32"
[1] "2021-01-06 20:22:44 GMT"
[1] 4200
[1] "Percent remaining 79"
[1] "Time remaining 2565.79"
[1] "Since last readout: 31.82"
[1] "2021-01-06 20:23:16 GMT"
[1] 4400
[1] "Percent remaining 78"
[1] "Time remaining 2530.24"
[1] "Since last readout: 31.83"
[1] "2021-01-06 20:23:47 GMT"
[1] 4600
[1] "Percent remaining 77"
[1] "Time remaining 2486.13"
[1] "Since last readout: 29.17"
[1] "2021-01-06 20:24:17 GMT"
[1] 4800
[1] "Percent remaining 76"
[1] "Time remaining 2455.08"
[1] "Since last readout: 32.92"
[1] "2021-01-06 20:24:50 GMT"
[1] 5000
[1] "Percent remaining 75"
[1] "Time remaining 2415.03"
[1] "Since last readout: 29.95"
[1] "2021-01-06 20:25:19 GMT"
[1] 5200
[1] "Percent remaining 74"
[1] "Time remaining 2382.07"
[1] "Since last readout: 32.18"
[1] "2021-01-06 20:25:52 GMT"
[1] 5400
[1] "Percent remaining 73"
[1] "Time remaining 2348.02"
[1] "Since last readout: 31.76"
[1] "2021-01-06 20:26:23 GMT"
[1] 5600
[1] "Percent remaining 72"
[1] "Time remaining 2308.44"
[1] "Since last readout: 29.53"
[1] "2021-01-06 20:26:53 GMT"
[1] 5800
[1] "Percent remaining 71"
[1] "Time remaining 2270.22"
[1] "Since last readout: 29.8"
[1] "2021-01-06 20:27:23 GMT"
[1] 6000
[1] "Percent remaining 70"
[1] "Time remaining 2231.17"
[1] "Since last readout: 29.2"
[1] "2021-01-06 20:27:52 GMT"
[1] 6200
[1] "Percent remaining 69"
[1] "Time remaining 2190.9"
[1] "Since last readout: 28.36"
[1] "2021-01-06 20:28:20 GMT"
[1] 6400
[1] "Percent remaining 68"
[1] "Time remaining 2152.99"
[1] "Since last readout: 29.13"
[1] "2021-01-06 20:28:49 GMT"
[1] 6600
[1] "Percent remaining 67"
[1] "Time remaining 2116.68"
[1] "Since last readout: 29.66"
[1] "2021-01-06 20:29:19 GMT"
[1] 6800
[1] "Percent remaining 66"
[1] "Time remaining 2079.94"
[1] "Since last readout: 29.23"
[1] "2021-01-06 20:29:48 GMT"
[1] 7000
[1] "Percent remaining 65"
[1] "Time remaining 2044.46"
[1] "Since last readout: 29.68"
[1] "2021-01-06 20:30:18 GMT"
[1] 7200
[1] "Percent remaining 64"
[1] "Time remaining 2008.51"
[1] "Since last readout: 29.24"
[1] "2021-01-06 20:30:47 GMT"
[1] 7400
[1] "Percent remaining 63"
[1] "Time remaining 1971.64"
[1] "Since last readout: 28.48"
[1] "2021-01-06 20:31:16 GMT"
[1] 7600
[1] "Percent remaining 62"
[1] "Time remaining 1937.7"
[1] "Since last readout: 30.01"
[1] "2021-01-06 20:31:46 GMT"
[1] 7800
[1] "Percent remaining 61"
[1] "Time remaining 1902.76"
[1] "Since last readout: 29.24"
[1] "2021-01-06 20:32:15 GMT"
[1] 8000
[1] "Percent remaining 60"
[1] "Time remaining 1867.76"
[1] "Since last readout: 29.01"
[1] "2021-01-06 20:32:44 GMT"
[1] 8200
[1] "Percent remaining 59"
[1] "Time remaining 1832.17"
[1] "Since last readout: 28.38"
[1] "2021-01-06 20:33:12 GMT"
[1] 8400
[1] "Percent remaining 58"
[1] "Time remaining 1798.95"
[1] "Since last readout: 29.87"
[1] "2021-01-06 20:33:42 GMT"
[1] 8600
[1] "Percent remaining 57"
[1] "Time remaining 1764.77"
[1] "Since last readout: 29.02"
[1] "2021-01-06 20:34:11 GMT"
[1] 8800
[1] "Percent remaining 56"
[1] "Time remaining 1730.5"
[1] "Since last readout: 28.76"
[1] "2021-01-06 20:34:40 GMT"
[1] 9000
[1] "Percent remaining 55"
[1] "Time remaining 1696.96"
[1] "Since last readout: 29.16"
[1] "2021-01-06 20:35:09 GMT"
[1] 9200
[1] "Percent remaining 54"
[1] "Time remaining 1663.18"
[1] "Since last readout: 28.79"
[1] "2021-01-06 20:35:38 GMT"
[1] 9400
[1] "Percent remaining 53"
[1] "Time remaining 1630.69"
[1] "Since last readout: 29.75"
[1] "2021-01-06 20:36:08 GMT"
[1] 9600
[1] "Percent remaining 52"
[1] "Time remaining 1596.91"
[1] "Since last readout: 28.45"
[1] "2021-01-06 20:36:36 GMT"
[1] 9800
[1] "Percent remaining 51"
[1] "Time remaining 1565.91"
[1] "Since last readout: 30.93"
[1] "2021-01-06 20:37:07 GMT"
[1] 10000
[1] "Percent remaining 50"
[1] "Time remaining 1532.69"
[1] "Since last readout: 28.7"
[1] "2021-01-06 20:37:36 GMT"
[1] 10200
[1] "Percent remaining 49"
[1] "Time remaining 1500"
[1] "Since last readout: 29.06"
[1] "2021-01-06 20:38:05 GMT"
[1] 10400
[1] "Percent remaining 48"
[1] "Time remaining 1468.28"
[1] "Since last readout: 29.97"
[1] "2021-01-06 20:38:35 GMT"
[1] 10600
[1] "Percent remaining 47"
[1] "Time remaining 1436.64"
[1] "Since last readout: 29.98"
[1] "2021-01-06 20:39:05 GMT"
[1] 10800
[1] "Percent remaining 46"
[1] "Time remaining 1404.24"
[1] "Since last readout: 29.01"
[1] "2021-01-06 20:39:34 GMT"
[1] 11000
[1] "Percent remaining 45"
[1] "Time remaining 1374.25"
[1] "Since last readout: 31.83"
[1] "2021-01-06 20:40:06 GMT"
[1] 11200
[1] "Percent remaining 44"
[1] "Time remaining 1341.71"
[1] "Since last readout: 28.64"
[1] "2021-01-06 20:40:34 GMT"
[1] 11400
[1] "Percent remaining 43"
[1] "Time remaining 1309.28"
[1] "Since last readout: 28.61"
[1] "2021-01-06 20:41:03 GMT"
[1] 11600
[1] "Percent remaining 42"
[1] "Time remaining 1276.73"
[1] "Since last readout: 28.25"
[1] "2021-01-06 20:41:31 GMT"
[1] 11800
[1] "Percent remaining 41"
[1] "Time remaining 1245.56"
[1] "Since last readout: 30.04"
[1] "2021-01-06 20:42:01 GMT"
[1] 12000
[1] "Percent remaining 40"
[1] "Time remaining 1214.2"
[1] "Since last readout: 29.71"
[1] "2021-01-06 20:42:31 GMT"
[1] 12200
[1] "Percent remaining 39"
[1] "Time remaining 1182.45"
[1] "Since last readout: 29"
[1] "2021-01-06 20:43:00 GMT"
[1] 12400
[1] "Percent remaining 38"
[1] "Time remaining 1150.78"
[1] "Since last readout: 28.98"
[1] "2021-01-06 20:43:29 GMT"
[1] 12600
[1] "Percent remaining 37"
[1] "Time remaining 1119.49"
[1] "Since last readout: 29.49"
[1] "2021-01-06 20:43:58 GMT"
[1] 12800
[1] "Percent remaining 36"
[1] "Time remaining 1087.88"
[1] "Since last readout: 28.82"
[1] "2021-01-06 20:44:27 GMT"
[1] 13000
[1] "Percent remaining 35"
[1] "Time remaining 1056.38"
[1] "Since last readout: 28.87"
[1] "2021-01-06 20:44:56 GMT"
[1] 13200
[1] "Percent remaining 34"
[1] "Time remaining 1024.84"
[1] "Since last readout: 28.62"
[1] "2021-01-06 20:45:25 GMT"
[1] 13400
[1] "Percent remaining 33"
[1] "Time remaining 993.86"
[1] "Since last readout: 29.61"
[1] "2021-01-06 20:45:54 GMT"
[1] 13600
[1] "Percent remaining 32"
[1] "Time remaining 962.91"
[1] "Since last readout: 29.56"
[1] "2021-01-06 20:46:24 GMT"
[1] 13800
[1] "Percent remaining 31"
[1] "Time remaining 932.06"
[1] "Since last readout: 29.73"
[1] "2021-01-06 20:46:54 GMT"
[1] 14000
[1] "Percent remaining 30"
[1] "Time remaining 900.73"
[1] "Since last readout: 28.49"
[1] "2021-01-06 20:47:22 GMT"
[1] 14200
[1] "Percent remaining 29"
[1] "Time remaining 869.87"
[1] "Since last readout: 29.47"
[1] "2021-01-06 20:47:52 GMT"
[1] 14400
[1] "Percent remaining 28"
[1] "Time remaining 838.67"
[1] "Since last readout: 28.48"
[1] "2021-01-06 20:48:20 GMT"
[1] 14600
[1] "Percent remaining 27"
[1] "Time remaining 807.51"
[1] "Since last readout: 28.37"
[1] "2021-01-06 20:48:48 GMT"
[1] 14800
[1] "Percent remaining 26"
[1] "Time remaining 776.27"
[1] "Since last readout: 27.95"
[1] "2021-01-06 20:49:16 GMT"
[1] 15000
[1] "Percent remaining 25"
[1] "Time remaining 745.24"
[1] "Since last readout: 28.29"
[1] "2021-01-06 20:49:45 GMT"
[1] 15200
[1] "Percent remaining 24"
[1] "Time remaining 714.4"
[1] "Since last readout: 28.69"
[1] "2021-01-06 20:50:13 GMT"
[1] 15400
[1] "Percent remaining 23"
[1] "Time remaining 683.44"
[1] "Since last readout: 28.09"
[1] "2021-01-06 20:50:41 GMT"
[1] 15600
[1] "Percent remaining 22"
[1] "Time remaining 652.77"
[1] "Since last readout: 28.9"
[1] "2021-01-06 20:51:10 GMT"
[1] 15800
[1] "Percent remaining 21"
[1] "Time remaining 622.38"
[1] "Since last readout: 29.78"
[1] "2021-01-06 20:51:40 GMT"
[1] 16000
[1] "Percent remaining 20"
[1] "Time remaining 591.93"
[1] "Since last readout: 29.44"
[1] "2021-01-06 20:52:10 GMT"
[1] 16200
[1] "Percent remaining 19"
[1] "Time remaining 561.32"
[1] "Since last readout: 28.67"
[1] "2021-01-06 20:52:38 GMT"
[1] 16400
[1] "Percent remaining 18"
[1] "Time remaining 530.79"
[1] "Since last readout: 28.8"
[1] "2021-01-06 20:53:07 GMT"
[1] 16600
[1] "Percent remaining 17"
[1] "Time remaining 500.41"
[1] "Since last readout: 29.37"
[1] "2021-01-06 20:53:36 GMT"
[1] 16800
[1] "Percent remaining 16"
[1] "Time remaining 470.17"
[1] "Since last readout: 29.98"
[1] "2021-01-06 20:54:06 GMT"
[1] 17000
[1] "Percent remaining 15"
[1] "Time remaining 439.88"
[1] "Since last readout: 29.67"
[1] "2021-01-06 20:54:36 GMT"
[1] 17200
[1] "Percent remaining 14"
[1] "Time remaining 409.66"
[1] "Since last readout: 30"
[1] "2021-01-06 20:55:06 GMT"
[1] 17400
[1] "Percent remaining 13"
[1] "Time remaining 379.34"
[1] "Since last readout: 29.25"
[1] "2021-01-06 20:55:35 GMT"
[1] 17600
[1] "Percent remaining 12"
[1] "Time remaining 348.87"
[1] "Since last readout: 27.99"
[1] "2021-01-06 20:56:03 GMT"
[1] 17800
[1] "Percent remaining 11"
[1] "Time remaining 318.51"
[1] "Since last readout: 28.38"
[1] "2021-01-06 20:56:32 GMT"
[1] 18000
[1] "Percent remaining 10"
[1] "Time remaining 288.11"
[1] "Since last readout: 27.66"
[1] "2021-01-06 20:56:59 GMT"
[1] 18200
[1] "Percent remaining 9"
[1] "Time remaining 257.9"
[1] "Since last readout: 29.01"
[1] "2021-01-06 20:57:28 GMT"
[1] 18400
[1] "Percent remaining 8"
[1] "Time remaining 227.7"
[1] "Since last readout: 28.81"
[1] "2021-01-06 20:57:57 GMT"
[1] 18600
[1] "Percent remaining 7"
[1] "Time remaining 197.49"
[1] "Since last readout: 28.21"
[1] "2021-01-06 20:58:25 GMT"
[1] 18800
[1] "Percent remaining 6"
[1] "Time remaining 167.31"
[1] "Since last readout: 28"
[1] "2021-01-06 20:58:53 GMT"
[1] 19000
[1] "Percent remaining 5"
[1] "Time remaining 137.18"
[1] "Since last readout: 28.2"
[1] "2021-01-06 20:59:22 GMT"
[1] 19200
[1] "Percent remaining 4"
[1] "Time remaining 107.09"
[1] "Since last readout: 27.89"
[1] "2021-01-06 20:59:49 GMT"
[1] 19400
[1] "Percent remaining 3"
[1] "Time remaining 77.07"
[1] "Since last readout: 29.39"
[1] "2021-01-06 21:00:19 GMT"
[1] 19600
[1] "Percent remaining 2"
[1] "Time remaining 47.05"
[1] "Since last readout: 28.13"
[1] "2021-01-06 21:00:47 GMT"
[1] 19800
[1] "Percent remaining 1"
[1] "Time remaining 17.07"
[1] "Since last readout: 28.36"
[1] "2021-01-06 21:01:15 GMT"
[1] "2021-01-06 21:01:39 GMT"
