
Attaching package: ‘dplyr’

The following objects are masked from ‘package:raster’:

    intersect, select, union

The following objects are masked from ‘package:stats’:

    filter, lag

The following objects are masked from ‘package:base’:

    intersect, setdiff, setequal, union

Loading required package: Lmoments
Loading required package: distillery

Attaching package: ‘extRemes’

The following objects are masked from ‘package:stats’:

    qqnorm, qqplot

── Attaching packages ─────────────────────────────────────── tidyverse 1.3.0 ──
✔ ggplot2 3.2.1     ✔ purrr   0.3.3
✔ tibble  3.0.3     ✔ stringr 1.4.0
✔ tidyr   1.1.1     ✔ forcats 0.5.0
── Conflicts ────────────────────────────────────────── tidyverse_conflicts() ──
✖ tidyr::extract() masks raster::extract()
✖ dplyr::filter()  masks stats::filter()
✖ dplyr::lag()     masks stats::lag()
✖ purrr::map()     masks maps::map()
✖ dplyr::select()  masks raster::select()
Warning message:
In readOGR(dsn = paste0(data_wd, "hydrometricAreas"), layer = "hyd_areas",  :
  Z-dimension discarded
Parsed with column specification:
cols(
  .default = col_double()
)
See spec(...) for full column specifications.
Parsed with column specification:
cols(
  .default = col_double()
)
See spec(...) for full column specifications.
Parsed with column specification:
cols(
  .default = col_double()
)
See spec(...) for full column specifications.
Error in apply(obs_dpe_flow, 2, function(x) { : 
  object 'obs_dpe_flow' not found
Execution halted
